[0.127s] Invoking command in '/home/azp/ros2_ws/build/champ_gazebo': AMENT_PREFIX_PATH=/home/azp/ros2_ws/install/champ_msgs:/home/azp/ros2_ws/install/champ:${AMENT_PREFIX_PATH} CMAKE_PREFIX_PATH=/home/azp/ros2_ws/install/champ_msgs:/home/azp/ros2_ws/install/champ:/home/azp/ROS2/workspace/install/test:/home/azp/ROS2/workspace/install/service_test:/home/azp/ROS2/workspace/install/tutorial_interfaces:/home/azp/ROS2/workspace/install/static_tf2_maincpp:/home/azp/ROS2/workspace/install/static_frame:/home/azp/ROS2/workspace/install/my_package:/home/azp/ROS2/workspace/install/moving_robot:/home/azp/ROS2/workspace/install/launch_example_package:/home/azp/ROS2/workspace/install/dolly:/home/azp/ROS2/workspace/install/dolly_gazebo:/home/azp/ROS2/workspace/install/dolly_follow:/home/azp/ROS2/workspace/install/basic_mobile_robot:/opt/ros/humble LD_LIBRARY_PATH=/home/azp/ros2_ws/install/champ_msgs/lib:${LD_LIBRARY_PATH} PYTHONPATH=/home/azp/ros2_ws/install/champ_msgs/local/lib/python3.10/dist-packages:${PYTHONPATH} /usr/bin/cmake --build /home/azp/ros2_ws/build/champ_gazebo -- -j4 -l4
[0.213s] [35m[1mConsolidate compiler generated dependencies of target contact_sensor[0m
[0.324s] [100%] Built target contact_sensor
[0.345s] Invoked command in '/home/azp/ros2_ws/build/champ_gazebo' returned '0': AMENT_PREFIX_PATH=/home/azp/ros2_ws/install/champ_msgs:/home/azp/ros2_ws/install/champ:${AMENT_PREFIX_PATH} CMAKE_PREFIX_PATH=/home/azp/ros2_ws/install/champ_msgs:/home/azp/ros2_ws/install/champ:/home/azp/ROS2/workspace/install/test:/home/azp/ROS2/workspace/install/service_test:/home/azp/ROS2/workspace/install/tutorial_interfaces:/home/azp/ROS2/workspace/install/static_tf2_maincpp:/home/azp/ROS2/workspace/install/static_frame:/home/azp/ROS2/workspace/install/my_package:/home/azp/ROS2/workspace/install/moving_robot:/home/azp/ROS2/workspace/install/launch_example_package:/home/azp/ROS2/workspace/install/dolly:/home/azp/ROS2/workspace/install/dolly_gazebo:/home/azp/ROS2/workspace/install/dolly_follow:/home/azp/ROS2/workspace/install/basic_mobile_robot:/opt/ros/humble LD_LIBRARY_PATH=/home/azp/ros2_ws/install/champ_msgs/lib:${LD_LIBRARY_PATH} PYTHONPATH=/home/azp/ros2_ws/install/champ_msgs/local/lib/python3.10/dist-packages:${PYTHONPATH} /usr/bin/cmake --build /home/azp/ros2_ws/build/champ_gazebo -- -j4 -l4
[0.391s] Invoking command in '/home/azp/ros2_ws/build/champ_gazebo': AMENT_PREFIX_PATH=/home/azp/ros2_ws/install/champ_msgs:/home/azp/ros2_ws/install/champ:${AMENT_PREFIX_PATH} CMAKE_PREFIX_PATH=/home/azp/ros2_ws/install/champ_msgs:/home/azp/ros2_ws/install/champ:/home/azp/ROS2/workspace/install/test:/home/azp/ROS2/workspace/install/service_test:/home/azp/ROS2/workspace/install/tutorial_interfaces:/home/azp/ROS2/workspace/install/static_tf2_maincpp:/home/azp/ROS2/workspace/install/static_frame:/home/azp/ROS2/workspace/install/my_package:/home/azp/ROS2/workspace/install/moving_robot:/home/azp/ROS2/workspace/install/launch_example_package:/home/azp/ROS2/workspace/install/dolly:/home/azp/ROS2/workspace/install/dolly_gazebo:/home/azp/ROS2/workspace/install/dolly_follow:/home/azp/ROS2/workspace/install/basic_mobile_robot:/opt/ros/humble LD_LIBRARY_PATH=/home/azp/ros2_ws/install/champ_msgs/lib:${LD_LIBRARY_PATH} PYTHONPATH=/home/azp/ros2_ws/install/champ_msgs/local/lib/python3.10/dist-packages:${PYTHONPATH} /usr/bin/cmake --install /home/azp/ros2_ws/build/champ_gazebo
[0.401s] -- Install configuration: ""
[0.402s] -- Execute custom install script
[0.403s] -- Up-to-date symlink: /home/azp/ros2_ws/install/champ_gazebo/bin/imu_sensor.py
[0.403s] -- Up-to-date symlink: /home/azp/ros2_ws/install/champ_gazebo/bin/odometry_tf.py
[0.403s] -- Up-to-date symlink: /home/azp/ros2_ws/install/champ_gazebo/bin/odometry.py
[0.404s] -- Up-to-date symlink: /home/azp/ros2_ws/install/champ_gazebo/lib/champ_gazebo/contact_sensor
[0.405s] -- Up-to-date symlink: /home/azp/ros2_ws/install/champ_gazebo/share/champ_gazebo/launch/gazebo.launch
[0.405s] -- Up-to-date symlink: /home/azp/ros2_ws/install/champ_gazebo/share/champ_gazebo/launch/gazebo.launch.py
[0.406s] -- Up-to-date symlink: /home/azp/ros2_ws/install/champ_gazebo/share/champ_gazebo/launch/spawn_robot.launch
[0.406s] -- Up-to-date symlink: /home/azp/ros2_ws/install/champ_gazebo/share/champ_gazebo/launch/spawn_world.launch
[0.406s] -- Up-to-date symlink: /home/azp/ros2_ws/install/champ_gazebo/share/champ_gazebo/config/gazebo.yaml
[0.407s] -- Up-to-date symlink: /home/azp/ros2_ws/install/champ_gazebo/share/champ_gazebo/config/ros_control.yaml
[0.407s] -- Up-to-date symlink: /home/azp/ros2_ws/install/champ_gazebo/share/champ_gazebo/worlds/default.world
[0.408s] -- Up-to-date symlink: /home/azp/ros2_ws/install/champ_gazebo/share/champ_gazebo/worlds/outdoor.world
[0.408s] -- Up-to-date symlink: /home/azp/ros2_ws/install/champ_gazebo/share/champ_gazebo/worlds/playground.world
[0.408s] -- Up-to-date symlink: /home/azp/ros2_ws/install/champ_gazebo/share/ament_index/resource_index/package_run_dependencies/champ_gazebo
[0.409s] -- Up-to-date symlink: /home/azp/ros2_ws/install/champ_gazebo/share/ament_index/resource_index/parent_prefix_path/champ_gazebo
[0.409s] -- Up-to-date symlink: /home/azp/ros2_ws/install/champ_gazebo/share/champ_gazebo/environment/ament_prefix_path.sh
[0.410s] -- Up-to-date symlink: /home/azp/ros2_ws/install/champ_gazebo/share/champ_gazebo/environment/ament_prefix_path.dsv
[0.410s] -- Up-to-date symlink: /home/azp/ros2_ws/install/champ_gazebo/share/champ_gazebo/environment/path.sh
[0.411s] -- Up-to-date symlink: /home/azp/ros2_ws/install/champ_gazebo/share/champ_gazebo/environment/path.dsv
[0.411s] -- Up-to-date symlink: /home/azp/ros2_ws/install/champ_gazebo/share/champ_gazebo/local_setup.bash
[0.412s] -- Up-to-date symlink: /home/azp/ros2_ws/install/champ_gazebo/share/champ_gazebo/local_setup.sh
[0.412s] -- Up-to-date symlink: /home/azp/ros2_ws/install/champ_gazebo/share/champ_gazebo/local_setup.zsh
[0.413s] -- Up-to-date symlink: /home/azp/ros2_ws/install/champ_gazebo/share/champ_gazebo/local_setup.dsv
[0.413s] -- Symlinking: /home/azp/ros2_ws/install/champ_gazebo/share/champ_gazebo/package.dsv
[0.423s] -- Up-to-date symlink: /home/azp/ros2_ws/install/champ_gazebo/share/ament_index/resource_index/packages/champ_gazebo
[0.423s] -- Up-to-date symlink: /home/azp/ros2_ws/install/champ_gazebo/share/champ_gazebo/cmake/ament_cmake_export_include_directories-extras.cmake
[0.424s] -- Up-to-date symlink: /home/azp/ros2_ws/install/champ_gazebo/share/champ_gazebo/cmake/ament_cmake_export_dependencies-extras.cmake
[0.424s] -- Up-to-date symlink: /home/azp/ros2_ws/install/champ_gazebo/share/champ_gazebo/cmake/champ_gazeboConfig.cmake
[0.425s] -- Up-to-date symlink: /home/azp/ros2_ws/install/champ_gazebo/share/champ_gazebo/cmake/champ_gazeboConfig-version.cmake
[0.425s] -- Up-to-date symlink: /home/azp/ros2_ws/install/champ_gazebo/share/champ_gazebo/package.xml
[0.430s] Invoked command in '/home/azp/ros2_ws/build/champ_gazebo' returned '0': AMENT_PREFIX_PATH=/home/azp/ros2_ws/install/champ_msgs:/home/azp/ros2_ws/install/champ:${AMENT_PREFIX_PATH} CMAKE_PREFIX_PATH=/home/azp/ros2_ws/install/champ_msgs:/home/azp/ros2_ws/install/champ:/home/azp/ROS2/workspace/install/test:/home/azp/ROS2/workspace/install/service_test:/home/azp/ROS2/workspace/install/tutorial_interfaces:/home/azp/ROS2/workspace/install/static_tf2_maincpp:/home/azp/ROS2/workspace/install/static_frame:/home/azp/ROS2/workspace/install/my_package:/home/azp/ROS2/workspace/install/moving_robot:/home/azp/ROS2/workspace/install/launch_example_package:/home/azp/ROS2/workspace/install/dolly:/home/azp/ROS2/workspace/install/dolly_gazebo:/home/azp/ROS2/workspace/install/dolly_follow:/home/azp/ROS2/workspace/install/basic_mobile_robot:/opt/ros/humble LD_LIBRARY_PATH=/home/azp/ros2_ws/install/champ_msgs/lib:${LD_LIBRARY_PATH} PYTHONPATH=/home/azp/ros2_ws/install/champ_msgs/local/lib/python3.10/dist-packages:${PYTHONPATH} /usr/bin/cmake --install /home/azp/ros2_ws/build/champ_gazebo
