[2.217s] Invoking command in '/home/azp/ros2_ws/build/mini_pupper_control': PYTHONPATH=/home/azp/ros2_ws/build/mini_pupper_control/prefix_override:/home/azp/ros2_ws/install/mini_pupper_control/lib/python3.10/site-packages:${PYTHONPATH} /usr/bin/python3 setup.py develop --editable --build-directory /home/azp/ros2_ws/build/mini_pupper_control/build --no-deps install_data
[2.785s] running develop
[3.078s] /usr/lib/python3/dist-packages/setuptools/command/easy_install.py:158: EasyInstallDeprecationWarning: easy_install command is deprecated. Use build and pip and other standards-based tools.
[3.079s]   warnings.warn(
[3.101s] /usr/lib/python3/dist-packages/setuptools/command/install.py:34: SetuptoolsDeprecationWarning: setup.py install is deprecated. Use build and pip and other standards-based tools.
[3.101s]   warnings.warn(
[3.310s] /usr/lib/python3/dist-packages/pkg_resources/__init__.py:116: PkgResourcesDeprecationWarning: 1.16.0-unknown is an invalid version and will not be supported in a future release
[3.310s]   warnings.warn(
[3.311s] /usr/lib/python3/dist-packages/pkg_resources/__init__.py:116: PkgResourcesDeprecationWarning: 0.1.43ubuntu1 is an invalid version and will not be supported in a future release
[3.311s]   warnings.warn(
[3.312s] /usr/lib/python3/dist-packages/pkg_resources/__init__.py:116: PkgResourcesDeprecationWarning: 1.1build1 is an invalid version and will not be supported in a future release
[3.313s]   warnings.warn(
[3.568s] running egg_info
[3.568s] creating mini_pupper_control.egg-info
[3.569s] writing mini_pupper_control.egg-info/PKG-INFO
[3.570s] writing dependency_links to mini_pupper_control.egg-info/dependency_links.txt
[3.571s] writing entry points to mini_pupper_control.egg-info/entry_points.txt
[3.571s] writing requirements to mini_pupper_control.egg-info/requires.txt
[3.572s] writing top-level names to mini_pupper_control.egg-info/top_level.txt
[3.572s] writing manifest file 'mini_pupper_control.egg-info/SOURCES.txt'
[3.576s] reading manifest file 'mini_pupper_control.egg-info/SOURCES.txt'
[3.577s] writing manifest file 'mini_pupper_control.egg-info/SOURCES.txt'
[3.581s] running build_ext
[3.582s] Creating /home/azp/ros2_ws/install/mini_pupper_control/lib/python3.10/site-packages/mini-pupper-control.egg-link (link to .)
[3.584s] Installing display_interface script to /home/azp/ros2_ws/install/mini_pupper_control/lib/mini_pupper_control
[3.585s] Installing servo_interface script to /home/azp/ros2_ws/install/mini_pupper_control/lib/mini_pupper_control
[3.586s] 
[3.586s] Installed /home/azp/ros2_ws/build/mini_pupper_control
[3.587s] running install_data
[3.587s] creating /home/azp/ros2_ws/install/mini_pupper_control/share/ament_index
[3.588s] creating /home/azp/ros2_ws/install/mini_pupper_control/share/ament_index/resource_index
[3.588s] creating /home/azp/ros2_ws/install/mini_pupper_control/share/ament_index/resource_index/packages
[3.588s] copying resource/mini_pupper_control -> /home/azp/ros2_ws/install/mini_pupper_control/share/ament_index/resource_index/packages
[3.589s] copying package.xml -> /home/azp/ros2_ws/install/mini_pupper_control/share/mini_pupper_control
[3.589s] creating /home/azp/ros2_ws/install/mini_pupper_control/share/mini_pupper_control/launch
[3.590s] copying launch/display_interface.launch.py -> /home/azp/ros2_ws/install/mini_pupper_control/share/mini_pupper_control/launch
[3.590s] copying launch/servo_interface.launch.py -> /home/azp/ros2_ws/install/mini_pupper_control/share/mini_pupper_control/launch
[3.648s] Invoked command in '/home/azp/ros2_ws/build/mini_pupper_control' returned '0': PYTHONPATH=/home/azp/ros2_ws/build/mini_pupper_control/prefix_override:/home/azp/ros2_ws/install/mini_pupper_control/lib/python3.10/site-packages:${PYTHONPATH} /usr/bin/python3 setup.py develop --editable --build-directory /home/azp/ros2_ws/build/mini_pupper_control/build --no-deps install_data
