[0.068s] Invoking command in '/home/azp/ros2_ws/build/champ_navigation': CMAKE_PREFIX_PATH=${CMAKE_PREFIX_PATH}:/opt/ros/humble /usr/bin/cmake /home/azp/ros2_ws/src/champ/champ/champ_navigation -DCMAKE_INSTALL_PREFIX=/home/azp/ros2_ws/install/champ_navigation
[0.153s] -- Found ament_cmake: 1.3.3 (/opt/ros/humble/share/ament_cmake/cmake)
[0.430s] -- Override CMake install command with custom implementation using symlinks instead of copying resources
[0.616s] -- Configuring done
[0.624s] -- Generating done
[0.625s] -- Build files have been written to: /home/azp/ros2_ws/build/champ_navigation
[0.631s] Invoked command in '/home/azp/ros2_ws/build/champ_navigation' returned '0': CMAKE_PREFIX_PATH=${CMAKE_PREFIX_PATH}:/opt/ros/humble /usr/bin/cmake /home/azp/ros2_ws/src/champ/champ/champ_navigation -DCMAKE_INSTALL_PREFIX=/home/azp/ros2_ws/install/champ_navigation
[0.632s] Invoking command in '/home/azp/ros2_ws/build/champ_navigation': CMAKE_PREFIX_PATH=${CMAKE_PREFIX_PATH}:/opt/ros/humble /usr/bin/cmake --build /home/azp/ros2_ws/build/champ_navigation -- -j4 -l4
[0.710s] Invoked command in '/home/azp/ros2_ws/build/champ_navigation' returned '0': CMAKE_PREFIX_PATH=${CMAKE_PREFIX_PATH}:/opt/ros/humble /usr/bin/cmake --build /home/azp/ros2_ws/build/champ_navigation -- -j4 -l4
[0.755s] Invoking command in '/home/azp/ros2_ws/build/champ_navigation': CMAKE_PREFIX_PATH=${CMAKE_PREFIX_PATH}:/opt/ros/humble /usr/bin/cmake --install /home/azp/ros2_ws/build/champ_navigation
[0.772s] -- Install configuration: ""
[0.773s] -- Execute custom install script
[0.774s] -- Up-to-date symlink: /home/azp/ros2_ws/install/champ_navigation/share/champ_navigation/launch/navigate.launch.py
[0.775s] -- Up-to-date symlink: /home/azp/ros2_ws/install/champ_navigation/share/champ_navigation/launch/slam.launch.py
[0.776s] -- Up-to-date symlink: /home/azp/ros2_ws/install/champ_navigation/share/champ_navigation/rviz/navigation.rviz
[0.776s] -- Up-to-date symlink: /home/azp/ros2_ws/install/champ_navigation/share/champ_navigation/rviz/navigation_minimal.rviz
[0.778s] -- Up-to-date symlink: /home/azp/ros2_ws/install/champ_navigation/share/champ_navigation/rviz/slam.rviz
[0.779s] -- Up-to-date symlink: /home/azp/ros2_ws/install/champ_navigation/share/ament_index/resource_index/package_run_dependencies/champ_navigation
[0.780s] -- Up-to-date symlink: /home/azp/ros2_ws/install/champ_navigation/share/ament_index/resource_index/parent_prefix_path/champ_navigation
[0.781s] -- Up-to-date symlink: /home/azp/ros2_ws/install/champ_navigation/share/champ_navigation/environment/ament_prefix_path.sh
[0.782s] -- Up-to-date symlink: /home/azp/ros2_ws/install/champ_navigation/share/champ_navigation/environment/ament_prefix_path.dsv
[0.783s] -- Up-to-date symlink: /home/azp/ros2_ws/install/champ_navigation/share/champ_navigation/environment/path.sh
[0.784s] -- Up-to-date symlink: /home/azp/ros2_ws/install/champ_navigation/share/champ_navigation/environment/path.dsv
[0.785s] -- Up-to-date symlink: /home/azp/ros2_ws/install/champ_navigation/share/champ_navigation/local_setup.bash
[0.785s] -- Up-to-date symlink: /home/azp/ros2_ws/install/champ_navigation/share/champ_navigation/local_setup.sh
[0.786s] -- Up-to-date symlink: /home/azp/ros2_ws/install/champ_navigation/share/champ_navigation/local_setup.zsh
[0.786s] -- Up-to-date symlink: /home/azp/ros2_ws/install/champ_navigation/share/champ_navigation/local_setup.dsv
[0.786s] -- Symlinking: /home/azp/ros2_ws/install/champ_navigation/share/champ_navigation/package.dsv
[0.803s] -- Up-to-date symlink: /home/azp/ros2_ws/install/champ_navigation/share/ament_index/resource_index/packages/champ_navigation
[0.804s] -- Up-to-date symlink: /home/azp/ros2_ws/install/champ_navigation/share/champ_navigation/cmake/champ_navigationConfig.cmake
[0.804s] -- Up-to-date symlink: /home/azp/ros2_ws/install/champ_navigation/share/champ_navigation/cmake/champ_navigationConfig-version.cmake
[0.805s] -- Up-to-date symlink: /home/azp/ros2_ws/install/champ_navigation/share/champ_navigation/package.xml
[0.820s] Invoked command in '/home/azp/ros2_ws/build/champ_navigation' returned '0': CMAKE_PREFIX_PATH=${CMAKE_PREFIX_PATH}:/opt/ros/humble /usr/bin/cmake --install /home/azp/ros2_ws/build/champ_navigation
