[0.231s] Invoking command in '/home/azp/ros2_ws/build/champ': CMAKE_PREFIX_PATH=${CMAKE_PREFIX_PATH}:/opt/ros/humble /usr/bin/cmake /home/azp/ros2_ws/src/champ/champ/champ -DAMENT_CMAKE_SYMLINK_INSTALL=1 -DCMAKE_INSTALL_PREFIX=/home/azp/ros2_ws/install/champ
[1.777s] -- The C compiler identification is GNU 11.3.0
[2.870s] -- The CXX compiler identification is GNU 11.3.0
[3.000s] -- Detecting C compiler ABI info
[3.483s] -- Detecting C compiler ABI info - done
[3.502s] -- Check for working C compiler: /usr/bin/cc - skipped
[3.503s] -- Detecting C compile features
[3.519s] -- Detecting C compile features - done
[3.534s] -- Detecting CXX compiler ABI info
[3.829s] -- Detecting CXX compiler ABI info - done
[3.850s] -- Check for working CXX compiler: /usr/bin/c++ - skipped
[3.851s] -- Detecting CXX compile features
[3.852s] -- Detecting CXX compile features - done
[3.960s] -- Found ament_cmake: 1.3.3 (/opt/ros/humble/share/ament_cmake/cmake)
[4.592s] -- Found Python3: /usr/bin/python3.10 (found version "3.10.6") found components: Interpreter 
[4.827s] -- Override CMake install command with custom implementation using symlinks instead of copying resources
[5.348s] -- Found rclcpp: 16.0.2 (/opt/ros/humble/share/rclcpp/cmake)
[5.834s] -- Found rosidl_generator_c: 3.1.4 (/opt/ros/humble/share/rosidl_generator_c/cmake)
[5.853s] -- Found rosidl_adapter: 3.1.4 (/opt/ros/humble/share/rosidl_adapter/cmake)
[6.607s] -- Found rosidl_generator_cpp: 3.1.4 (/opt/ros/humble/share/rosidl_generator_cpp/cmake)
[6.868s] -- Using all available rosidl_typesupport_c: rosidl_typesupport_fastrtps_c;rosidl_typesupport_introspection_c
[6.911s] -- Using all available rosidl_typesupport_cpp: rosidl_typesupport_fastrtps_cpp;rosidl_typesupport_introspection_cpp
[7.547s] -- Found rmw_implementation_cmake: 6.1.1 (/opt/ros/humble/share/rmw_implementation_cmake/cmake)
[7.590s] -- Found rmw_fastrtps_cpp: 6.2.2 (/opt/ros/humble/share/rmw_fastrtps_cpp/cmake)
[8.130s] -- Found OpenSSL: /usr/lib/x86_64-linux-gnu/libcrypto.so (found version "3.0.2")  
[8.227s] -- Found FastRTPS: /opt/ros/humble/include  
[8.364s] -- Using RMW implementation 'rmw_fastrtps_cpp' as default
[8.533s] -- Looking for pthread.h
[9.296s] -- Looking for pthread.h - found
[9.297s] -- Performing Test CMAKE_HAVE_LIBC_PTHREAD
[9.500s] -- Performing Test CMAKE_HAVE_LIBC_PTHREAD - Success
[9.504s] -- Found Threads: TRUE  
[10.051s] -- Found ament_lint_auto: 0.12.4 (/opt/ros/humble/share/ament_lint_auto/cmake)
[10.211s] -- Configuring done
[10.220s] -- Generating done
[10.224s] -- Build files have been written to: /home/azp/ros2_ws/build/champ
[10.243s] Invoked command in '/home/azp/ros2_ws/build/champ' returned '0': CMAKE_PREFIX_PATH=${CMAKE_PREFIX_PATH}:/opt/ros/humble /usr/bin/cmake /home/azp/ros2_ws/src/champ/champ/champ -DAMENT_CMAKE_SYMLINK_INSTALL=1 -DCMAKE_INSTALL_PREFIX=/home/azp/ros2_ws/install/champ
[10.244s] Invoking command in '/home/azp/ros2_ws/build/champ': CMAKE_PREFIX_PATH=${CMAKE_PREFIX_PATH}:/opt/ros/humble /usr/bin/cmake --build /home/azp/ros2_ws/build/champ -- -j4 -l4
[10.301s] Invoked command in '/home/azp/ros2_ws/build/champ' returned '0': CMAKE_PREFIX_PATH=${CMAKE_PREFIX_PATH}:/opt/ros/humble /usr/bin/cmake --build /home/azp/ros2_ws/build/champ -- -j4 -l4
[10.335s] Invoking command in '/home/azp/ros2_ws/build/champ': CMAKE_PREFIX_PATH=${CMAKE_PREFIX_PATH}:/opt/ros/humble /usr/bin/cmake --install /home/azp/ros2_ws/build/champ
[10.346s] -- Install configuration: ""
[10.347s] -- Execute custom install script
[10.348s] -- Symlinking: /home/azp/ros2_ws/install/champ/include/champ/.git
[10.359s] -- Symlinking: /home/azp/ros2_ws/install/champ/include/champ/LICENSE
[10.370s] -- Symlinking: /home/azp/ros2_ws/install/champ/include/champ/README.md
[10.380s] -- Symlinking: /home/azp/ros2_ws/install/champ/include/champ/bla/basic_linear_algebra.h
[10.393s] -- Symlinking: /home/azp/ros2_ws/install/champ/include/champ/bla/memory_delegate.h
[10.406s] -- Symlinking: /home/azp/ros2_ws/install/champ/include/champ/body_controller/body_controller.h
[10.421s] -- Symlinking: /home/azp/ros2_ws/install/champ/include/champ/geometry/geometry.h
[10.435s] -- Symlinking: /home/azp/ros2_ws/install/champ/include/champ/kinematics/kinematics.h
[10.449s] -- Symlinking: /home/azp/ros2_ws/install/champ/include/champ/leg_controller/leg_controller.h
[10.459s] -- Symlinking: /home/azp/ros2_ws/install/champ/include/champ/leg_controller/phase_generator.h
[10.470s] -- Symlinking: /home/azp/ros2_ws/install/champ/include/champ/leg_controller/trajectory_planner.h
[10.480s] -- Symlinking: /home/azp/ros2_ws/install/champ/include/champ/macros/macros.h
[10.492s] -- Symlinking: /home/azp/ros2_ws/install/champ/include/champ/odometry/odometry.h
[10.503s] -- Symlinking: /home/azp/ros2_ws/install/champ/include/champ/quadruped_base/quadruped_base.h
[10.513s] -- Symlinking: /home/azp/ros2_ws/install/champ/include/champ/quadruped_base/quadruped_components.h
[10.524s] -- Symlinking: /home/azp/ros2_ws/install/champ/include/champ/quadruped_base/quadruped_joint.h
[10.536s] -- Symlinking: /home/azp/ros2_ws/install/champ/include/champ/quadruped_base/quadruped_leg.h
[10.550s] -- Symlinking: /home/azp/ros2_ws/install/champ/include/champ/utils/urdf_loader.h
[10.563s] -- Symlinking: /home/azp/ros2_ws/install/champ/include/champ/utils/xmlrpc_helpers.h
[10.579s] -- Symlinking: /home/azp/ros2_ws/install/champ/share/ament_index/resource_index/package_run_dependencies/champ
[10.594s] -- Symlinking: /home/azp/ros2_ws/install/champ/share/ament_index/resource_index/parent_prefix_path/champ
[10.606s] -- Symlinking: /home/azp/ros2_ws/install/champ/share/champ/environment/ament_prefix_path.sh
[10.618s] -- Symlinking: /home/azp/ros2_ws/install/champ/share/champ/environment/ament_prefix_path.dsv
[10.633s] -- Symlinking: /home/azp/ros2_ws/install/champ/share/champ/environment/path.sh
[10.648s] -- Symlinking: /home/azp/ros2_ws/install/champ/share/champ/environment/path.dsv
[10.663s] -- Symlinking: /home/azp/ros2_ws/install/champ/share/champ/local_setup.bash
[10.677s] -- Symlinking: /home/azp/ros2_ws/install/champ/share/champ/local_setup.sh
[10.688s] -- Symlinking: /home/azp/ros2_ws/install/champ/share/champ/local_setup.zsh
[10.700s] -- Symlinking: /home/azp/ros2_ws/install/champ/share/champ/local_setup.dsv
[10.711s] -- Symlinking: /home/azp/ros2_ws/install/champ/share/champ/package.dsv
[10.722s] -- Symlinking: /home/azp/ros2_ws/install/champ/share/ament_index/resource_index/packages/champ
[10.736s] -- Symlinking: /home/azp/ros2_ws/install/champ/share/champ/cmake/ament_cmake_export_include_directories-extras.cmake
[10.751s] -- Symlinking: /home/azp/ros2_ws/install/champ/share/champ/cmake/champConfig.cmake
[10.763s] -- Symlinking: /home/azp/ros2_ws/install/champ/share/champ/cmake/champConfig-version.cmake
[10.775s] -- Symlinking: /home/azp/ros2_ws/install/champ/share/champ/package.xml
[10.792s] Invoked command in '/home/azp/ros2_ws/build/champ' returned '0': CMAKE_PREFIX_PATH=${CMAKE_PREFIX_PATH}:/opt/ros/humble /usr/bin/cmake --install /home/azp/ros2_ws/build/champ
