[0.033s] Invoking command in '/home/azp/ROS2/workspace/build/basic_mobile_robot': CMAKE_PREFIX_PATH=${CMAKE_PREFIX_PATH}:/opt/ros/humble /usr/bin/cmake /home/azp/ROS2/workspace/src/basic_mobile_robot -DCMAKE_INSTALL_PREFIX=/home/azp/ROS2/workspace/install/basic_mobile_robot
[0.169s] -- The C compiler identification is GNU 11.3.0
[0.299s] -- The CXX compiler identification is GNU 11.3.0
[0.314s] -- Detecting C compiler ABI info
[0.463s] -- Detecting C compiler ABI info - done
[0.482s] -- Check for working C compiler: /usr/bin/cc - skipped
[0.483s] -- Detecting C compile features
[0.484s] -- Detecting C compile features - done
[0.493s] -- Detecting CXX compiler ABI info
[0.664s] -- Detecting CXX compiler ABI info - done
[0.685s] -- Check for working CXX compiler: /usr/bin/c++ - skipped
[0.686s] -- Detecting CXX compile features
[0.687s] -- Detecting CXX compile features - done
[0.694s] -- Found ament_cmake: 1.3.3 (/opt/ros/humble/share/ament_cmake/cmake)
[1.058s] -- Found Python3: /usr/bin/python3.10 (found version "3.10.6") found components: Interpreter 
[1.244s] -- Found ament_lint_auto: 0.12.4 (/opt/ros/humble/share/ament_lint_auto/cmake)
[1.405s] -- Added test 'flake8' to check Python code syntax and style conventions
[1.407s] -- Added test 'lint_cmake' to check CMake code style
[1.409s] -- Added test 'pep257' to check Python code against some of the docstring style conventions in PEP 257
[1.414s] -- Added test 'xmllint' to check XML markup files
[1.418s] -- Configuring done
[1.424s] -- Generating done
[1.427s] -- Build files have been written to: /home/azp/ROS2/workspace/build/basic_mobile_robot
[1.436s] Invoked command in '/home/azp/ROS2/workspace/build/basic_mobile_robot' returned '0': CMAKE_PREFIX_PATH=${CMAKE_PREFIX_PATH}:/opt/ros/humble /usr/bin/cmake /home/azp/ROS2/workspace/src/basic_mobile_robot -DCMAKE_INSTALL_PREFIX=/home/azp/ROS2/workspace/install/basic_mobile_robot
[1.437s] Invoking command in '/home/azp/ROS2/workspace/build/basic_mobile_robot': CMAKE_PREFIX_PATH=${CMAKE_PREFIX_PATH}:/opt/ros/humble /usr/bin/cmake --build /home/azp/ROS2/workspace/build/basic_mobile_robot -- -j4 -l4
[1.509s] Invoked command in '/home/azp/ROS2/workspace/build/basic_mobile_robot' returned '0': CMAKE_PREFIX_PATH=${CMAKE_PREFIX_PATH}:/opt/ros/humble /usr/bin/cmake --build /home/azp/ROS2/workspace/build/basic_mobile_robot -- -j4 -l4
[1.568s] Invoking command in '/home/azp/ROS2/workspace/build/basic_mobile_robot': CMAKE_PREFIX_PATH=${CMAKE_PREFIX_PATH}:/opt/ros/humble /usr/bin/cmake --install /home/azp/ROS2/workspace/build/basic_mobile_robot
[1.587s] -- Install configuration: ""
[1.587s] -- Installing: /home/azp/ROS2/workspace/install/basic_mobile_robot/share/basic_mobile_robot/config
[1.588s] -- Installing: /home/azp/ROS2/workspace/install/basic_mobile_robot/share/basic_mobile_robot/launch
[1.588s] -- Installing: /home/azp/ROS2/workspace/install/basic_mobile_robot/share/basic_mobile_robot/launch/basic_mobile_bot_v1.launch.py
[1.595s] -- Installing: /home/azp/ROS2/workspace/install/basic_mobile_robot/share/basic_mobile_robot/maps
[1.595s] -- Installing: /home/azp/ROS2/workspace/install/basic_mobile_robot/share/basic_mobile_robot/meshes
[1.595s] -- Installing: /home/azp/ROS2/workspace/install/basic_mobile_robot/share/basic_mobile_robot/meshes/wrist.stl
[1.642s] -- Installing: /home/azp/ROS2/workspace/install/basic_mobile_robot/share/basic_mobile_robot/meshes/elbow.stl
[1.651s] -- Installing: /home/azp/ROS2/workspace/install/basic_mobile_robot/share/basic_mobile_robot/meshes/robot_base.stl
[1.663s] -- Installing: /home/azp/ROS2/workspace/install/basic_mobile_robot/share/basic_mobile_robot/meshes/wheel.stl
[1.674s] -- Installing: /home/azp/ROS2/workspace/install/basic_mobile_robot/share/basic_mobile_robot/models
[1.674s] -- Installing: /home/azp/ROS2/workspace/install/basic_mobile_robot/share/basic_mobile_robot/models/basic_mobile_bot_description
[1.675s] -- Installing: /home/azp/ROS2/workspace/install/basic_mobile_robot/share/basic_mobile_robot/models/basic_mobile_bot_description/model.sdf
[1.694s] -- Installing: /home/azp/ROS2/workspace/install/basic_mobile_robot/share/basic_mobile_robot/models/basic_mobile_bot_description/model.config
[1.713s] -- Installing: /home/azp/ROS2/workspace/install/basic_mobile_robot/share/basic_mobile_robot/models/basic_mobile_bot_description/meshes
[1.716s] -- Installing: /home/azp/ROS2/workspace/install/basic_mobile_robot/share/basic_mobile_robot/models/basic_mobile_bot_description/meshes/wrist.stl
[1.728s] -- Installing: /home/azp/ROS2/workspace/install/basic_mobile_robot/share/basic_mobile_robot/models/basic_mobile_bot_description/meshes/elbow.stl
[1.774s] -- Installing: /home/azp/ROS2/workspace/install/basic_mobile_robot/share/basic_mobile_robot/models/basic_mobile_bot_description/meshes/robot_base.stl
[1.785s] -- Installing: /home/azp/ROS2/workspace/install/basic_mobile_robot/share/basic_mobile_robot/models/basic_mobile_bot_description/meshes/wheel.stl
[1.796s] -- Installing: /home/azp/ROS2/workspace/install/basic_mobile_robot/share/basic_mobile_robot/models/basic_mobile_bot_v1.urdf
[1.807s] -- Installing: /home/azp/ROS2/workspace/install/basic_mobile_robot/share/basic_mobile_robot/params
[1.808s] -- Installing: /home/azp/ROS2/workspace/install/basic_mobile_robot/share/basic_mobile_robot/rviz
[1.809s] -- Installing: /home/azp/ROS2/workspace/install/basic_mobile_robot/share/basic_mobile_robot/rviz/urdf_config.rviz
[1.814s] -- Installing: /home/azp/ROS2/workspace/install/basic_mobile_robot/share/basic_mobile_robot/src
[1.815s] -- Installing: /home/azp/ROS2/workspace/install/basic_mobile_robot/share/basic_mobile_robot/worlds
[1.815s] -- Installing: /home/azp/ROS2/workspace/install/basic_mobile_robot/share/ament_index/resource_index/package_run_dependencies/basic_mobile_robot
[1.816s] -- Installing: /home/azp/ROS2/workspace/install/basic_mobile_robot/share/ament_index/resource_index/parent_prefix_path/basic_mobile_robot
[1.817s] -- Installing: /home/azp/ROS2/workspace/install/basic_mobile_robot/share/basic_mobile_robot/environment/ament_prefix_path.sh
[1.818s] -- Installing: /home/azp/ROS2/workspace/install/basic_mobile_robot/share/basic_mobile_robot/environment/ament_prefix_path.dsv
[1.818s] -- Installing: /home/azp/ROS2/workspace/install/basic_mobile_robot/share/basic_mobile_robot/environment/path.sh
[1.819s] -- Installing: /home/azp/ROS2/workspace/install/basic_mobile_robot/share/basic_mobile_robot/environment/path.dsv
[1.820s] -- Installing: /home/azp/ROS2/workspace/install/basic_mobile_robot/share/basic_mobile_robot/local_setup.bash
[1.820s] -- Installing: /home/azp/ROS2/workspace/install/basic_mobile_robot/share/basic_mobile_robot/local_setup.sh
[1.821s] -- Installing: /home/azp/ROS2/workspace/install/basic_mobile_robot/share/basic_mobile_robot/local_setup.zsh
[1.822s] -- Installing: /home/azp/ROS2/workspace/install/basic_mobile_robot/share/basic_mobile_robot/local_setup.dsv
[1.822s] -- Installing: /home/azp/ROS2/workspace/install/basic_mobile_robot/share/basic_mobile_robot/package.dsv
[1.823s] -- Installing: /home/azp/ROS2/workspace/install/basic_mobile_robot/share/ament_index/resource_index/packages/basic_mobile_robot
[1.824s] -- Installing: /home/azp/ROS2/workspace/install/basic_mobile_robot/share/basic_mobile_robot/cmake/basic_mobile_robotConfig.cmake
[1.824s] -- Installing: /home/azp/ROS2/workspace/install/basic_mobile_robot/share/basic_mobile_robot/cmake/basic_mobile_robotConfig-version.cmake
[1.825s] -- Installing: /home/azp/ROS2/workspace/install/basic_mobile_robot/share/basic_mobile_robot/package.xml
[1.838s] Invoked command in '/home/azp/ROS2/workspace/build/basic_mobile_robot' returned '0': CMAKE_PREFIX_PATH=${CMAKE_PREFIX_PATH}:/opt/ros/humble /usr/bin/cmake --install /home/azp/ROS2/workspace/build/basic_mobile_robot
