[0.088s] Invoking command in '/home/azp/ros2_ws/build/champ_base': AMENT_PREFIX_PATH=/home/azp/ros2_ws/install/champ_msgs:/home/azp/ros2_ws/install/champ:${AMENT_PREFIX_PATH} CMAKE_PREFIX_PATH=/home/azp/ros2_ws/install/champ_msgs:/home/azp/ros2_ws/install/champ:/home/azp/ROS2/workspace/install/test:/home/azp/ROS2/workspace/install/service_test:/home/azp/ROS2/workspace/install/tutorial_interfaces:/home/azp/ROS2/workspace/install/static_tf2_maincpp:/home/azp/ROS2/workspace/install/static_frame:/home/azp/ROS2/workspace/install/my_package:/home/azp/ROS2/workspace/install/moving_robot:/home/azp/ROS2/workspace/install/launch_example_package:/home/azp/ROS2/workspace/install/dolly:/home/azp/ROS2/workspace/install/dolly_gazebo:/home/azp/ROS2/workspace/install/dolly_follow:/home/azp/ROS2/workspace/install/basic_mobile_robot:/opt/ros/humble LD_LIBRARY_PATH=/home/azp/ros2_ws/install/champ_msgs/lib:${LD_LIBRARY_PATH} PYTHONPATH=/home/azp/ros2_ws/install/champ_msgs/local/lib/python3.10/dist-packages:${PYTHONPATH} /usr/bin/cmake --build /home/azp/ros2_ws/build/champ_base -- -j4 -l4
[0.201s] [35m[1mConsolidate compiler generated dependencies of target state_estimation[0m
[0.202s] [35m[1mConsolidate compiler generated dependencies of target message_relay[0m
[0.202s] [35m[1mConsolidate compiler generated dependencies of target quadruped_controller[0m
[0.241s] [ 16%] Built target message_relay
[0.243s] [ 33%] Built target quadruped_controller
[0.251s] [ 50%] Built target state_estimation
[0.264s] [35m[1mConsolidate compiler generated dependencies of target message_relay_node[0m
[0.264s] [35m[1mConsolidate compiler generated dependencies of target quadruped_controller_node[0m
[0.276s] [35m[1mConsolidate compiler generated dependencies of target state_estimation_node[0m
[0.301s] [ 66%] Built target message_relay_node
[0.306s] [ 83%] Built target quadruped_controller_node
[0.313s] [100%] Built target state_estimation_node
[0.329s] Invoked command in '/home/azp/ros2_ws/build/champ_base' returned '0': AMENT_PREFIX_PATH=/home/azp/ros2_ws/install/champ_msgs:/home/azp/ros2_ws/install/champ:${AMENT_PREFIX_PATH} CMAKE_PREFIX_PATH=/home/azp/ros2_ws/install/champ_msgs:/home/azp/ros2_ws/install/champ:/home/azp/ROS2/workspace/install/test:/home/azp/ROS2/workspace/install/service_test:/home/azp/ROS2/workspace/install/tutorial_interfaces:/home/azp/ROS2/workspace/install/static_tf2_maincpp:/home/azp/ROS2/workspace/install/static_frame:/home/azp/ROS2/workspace/install/my_package:/home/azp/ROS2/workspace/install/moving_robot:/home/azp/ROS2/workspace/install/launch_example_package:/home/azp/ROS2/workspace/install/dolly:/home/azp/ROS2/workspace/install/dolly_gazebo:/home/azp/ROS2/workspace/install/dolly_follow:/home/azp/ROS2/workspace/install/basic_mobile_robot:/opt/ros/humble LD_LIBRARY_PATH=/home/azp/ros2_ws/install/champ_msgs/lib:${LD_LIBRARY_PATH} PYTHONPATH=/home/azp/ros2_ws/install/champ_msgs/local/lib/python3.10/dist-packages:${PYTHONPATH} /usr/bin/cmake --build /home/azp/ros2_ws/build/champ_base -- -j4 -l4
[0.403s] Invoking command in '/home/azp/ros2_ws/build/champ_base': AMENT_PREFIX_PATH=/home/azp/ros2_ws/install/champ_msgs:/home/azp/ros2_ws/install/champ:${AMENT_PREFIX_PATH} CMAKE_PREFIX_PATH=/home/azp/ros2_ws/install/champ_msgs:/home/azp/ros2_ws/install/champ:/home/azp/ROS2/workspace/install/test:/home/azp/ROS2/workspace/install/service_test:/home/azp/ROS2/workspace/install/tutorial_interfaces:/home/azp/ROS2/workspace/install/static_tf2_maincpp:/home/azp/ROS2/workspace/install/static_frame:/home/azp/ROS2/workspace/install/my_package:/home/azp/ROS2/workspace/install/moving_robot:/home/azp/ROS2/workspace/install/launch_example_package:/home/azp/ROS2/workspace/install/dolly:/home/azp/ROS2/workspace/install/dolly_gazebo:/home/azp/ROS2/workspace/install/dolly_follow:/home/azp/ROS2/workspace/install/basic_mobile_robot:/opt/ros/humble LD_LIBRARY_PATH=/home/azp/ros2_ws/install/champ_msgs/lib:${LD_LIBRARY_PATH} PYTHONPATH=/home/azp/ros2_ws/install/champ_msgs/local/lib/python3.10/dist-packages:${PYTHONPATH} /usr/bin/cmake --install /home/azp/ros2_ws/build/champ_base
[0.413s] -- Install configuration: ""
[0.413s] -- Execute custom install script
[0.414s] -- Up-to-date symlink: /home/azp/ros2_ws/install/champ_base/share/champ_base/config/ekf/base_to_footprint.yaml
[0.415s] -- Up-to-date symlink: /home/azp/ros2_ws/install/champ_base/share/champ_base/config/ekf/footprint_to_odom.yaml
[0.415s] -- Up-to-date symlink: /home/azp/ros2_ws/install/champ_base/share/champ_base/config/velocity_smoother/velocity_smoother.yaml
[0.415s] -- Up-to-date symlink: /home/azp/ros2_ws/install/champ_base/lib/libquadruped_controller.so
[0.416s] -- Up-to-date symlink: /home/azp/ros2_ws/install/champ_base/bin/quadruped_controller_node
[0.416s] -- Up-to-date symlink: /home/azp/ros2_ws/install/champ_base/lib/libmessage_relay.so
[0.416s] -- Up-to-date symlink: /home/azp/ros2_ws/install/champ_base/bin/message_relay_node
[0.417s] -- Up-to-date symlink: /home/azp/ros2_ws/install/champ_base/lib/libstate_estimation.so
[0.417s] -- Up-to-date symlink: /home/azp/ros2_ws/install/champ_base/bin/state_estimation_node
[0.418s] -- Up-to-date symlink: /home/azp/ros2_ws/install/champ_base/lib/champ_base/quadruped_controller_node
[0.418s] -- Up-to-date symlink: /home/azp/ros2_ws/install/champ_base/lib/champ_base/message_relay_node
[0.418s] -- Up-to-date symlink: /home/azp/ros2_ws/install/champ_base/lib/champ_base/state_estimation_node
[0.419s] -- Up-to-date symlink: /home/azp/ros2_ws/install/champ_base/share/ament_index/resource_index/package_run_dependencies/champ_base
[0.419s] -- Up-to-date symlink: /home/azp/ros2_ws/install/champ_base/share/ament_index/resource_index/parent_prefix_path/champ_base
[0.420s] -- Up-to-date symlink: /home/azp/ros2_ws/install/champ_base/share/champ_base/environment/ament_prefix_path.sh
[0.420s] -- Up-to-date symlink: /home/azp/ros2_ws/install/champ_base/share/champ_base/environment/ament_prefix_path.dsv
[0.421s] -- Up-to-date symlink: /home/azp/ros2_ws/install/champ_base/share/champ_base/environment/path.sh
[0.421s] -- Up-to-date symlink: /home/azp/ros2_ws/install/champ_base/share/champ_base/environment/path.dsv
[0.422s] -- Up-to-date symlink: /home/azp/ros2_ws/install/champ_base/share/champ_base/local_setup.bash
[0.422s] -- Up-to-date symlink: /home/azp/ros2_ws/install/champ_base/share/champ_base/local_setup.sh
[0.422s] -- Up-to-date symlink: /home/azp/ros2_ws/install/champ_base/share/champ_base/local_setup.zsh
[0.422s] -- Up-to-date symlink: /home/azp/ros2_ws/install/champ_base/share/champ_base/local_setup.dsv
[0.423s] -- Symlinking: /home/azp/ros2_ws/install/champ_base/share/champ_base/package.dsv
[0.433s] -- Up-to-date symlink: /home/azp/ros2_ws/install/champ_base/share/ament_index/resource_index/packages/champ_base
[0.433s] -- Up-to-date symlink: /home/azp/ros2_ws/install/champ_base/share/champ_base/cmake/ament_cmake_export_include_directories-extras.cmake
[0.434s] -- Up-to-date symlink: /home/azp/ros2_ws/install/champ_base/share/champ_base/cmake/ament_cmake_export_dependencies-extras.cmake
[0.434s] -- Up-to-date symlink: /home/azp/ros2_ws/install/champ_base/share/champ_base/cmake/champ_baseConfig.cmake
[0.434s] -- Up-to-date symlink: /home/azp/ros2_ws/install/champ_base/share/champ_base/cmake/champ_baseConfig-version.cmake
[0.434s] -- Up-to-date symlink: /home/azp/ros2_ws/install/champ_base/share/champ_base/package.xml
[0.462s] Invoked command in '/home/azp/ros2_ws/build/champ_base' returned '0': AMENT_PREFIX_PATH=/home/azp/ros2_ws/install/champ_msgs:/home/azp/ros2_ws/install/champ:${AMENT_PREFIX_PATH} CMAKE_PREFIX_PATH=/home/azp/ros2_ws/install/champ_msgs:/home/azp/ros2_ws/install/champ:/home/azp/ROS2/workspace/install/test:/home/azp/ROS2/workspace/install/service_test:/home/azp/ROS2/workspace/install/tutorial_interfaces:/home/azp/ROS2/workspace/install/static_tf2_maincpp:/home/azp/ROS2/workspace/install/static_frame:/home/azp/ROS2/workspace/install/my_package:/home/azp/ROS2/workspace/install/moving_robot:/home/azp/ROS2/workspace/install/launch_example_package:/home/azp/ROS2/workspace/install/dolly:/home/azp/ROS2/workspace/install/dolly_gazebo:/home/azp/ROS2/workspace/install/dolly_follow:/home/azp/ROS2/workspace/install/basic_mobile_robot:/opt/ros/humble LD_LIBRARY_PATH=/home/azp/ros2_ws/install/champ_msgs/lib:${LD_LIBRARY_PATH} PYTHONPATH=/home/azp/ros2_ws/install/champ_msgs/local/lib/python3.10/dist-packages:${PYTHONPATH} /usr/bin/cmake --install /home/azp/ros2_ws/build/champ_base
