[0.092s] Invoking command in '/home/azp/ros2_ws/build/mini_pupper_bringup': AMENT_PREFIX_PATH=/home/azp/ros2_ws/install/champ_base:/home/azp/ros2_ws/install/champ_msgs:/home/azp/ros2_ws/install/champ:${AMENT_PREFIX_PATH} CMAKE_PREFIX_PATH=/home/azp/ros2_ws/install/champ_base:/home/azp/ros2_ws/install/champ_msgs:/home/azp/ros2_ws/install/champ:/home/azp/ROS2/workspace/install/test:/home/azp/ROS2/workspace/install/service_test:/home/azp/ROS2/workspace/install/tutorial_interfaces:/home/azp/ROS2/workspace/install/static_tf2_maincpp:/home/azp/ROS2/workspace/install/static_frame:/home/azp/ROS2/workspace/install/my_package:/home/azp/ROS2/workspace/install/moving_robot:/home/azp/ROS2/workspace/install/launch_example_package:/home/azp/ROS2/workspace/install/dolly:/home/azp/ROS2/workspace/install/dolly_gazebo:/home/azp/ROS2/workspace/install/dolly_follow:/home/azp/ROS2/workspace/install/basic_mobile_robot:/opt/ros/humble LD_LIBRARY_PATH=/home/azp/ros2_ws/install/champ_base/lib:/home/azp/ros2_ws/install/champ_msgs/lib:${LD_LIBRARY_PATH} PATH=/home/azp/ros2_ws/install/champ_base/bin:${PATH} PYTHONPATH=/home/azp/ros2_ws/install/champ_msgs/local/lib/python3.10/dist-packages:${PYTHONPATH} /usr/bin/cmake /home/azp/ros2_ws/src/mini_pupper_ros/mini_pupper_bringup -DAMENT_CMAKE_SYMLINK_INSTALL=1 -DCMAKE_INSTALL_PREFIX=/home/azp/ros2_ws/install/mini_pupper_bringup
[0.345s] -- The C compiler identification is GNU 11.3.0
[0.474s] -- The CXX compiler identification is GNU 11.3.0
[0.532s] -- Detecting C compiler ABI info
[0.646s] -- Detecting C compiler ABI info - done
[0.667s] -- Check for working C compiler: /usr/bin/cc - skipped
[0.667s] -- Detecting C compile features
[0.668s] -- Detecting C compile features - done
[0.674s] -- Detecting CXX compiler ABI info
[0.838s] -- Detecting CXX compiler ABI info - done
[0.854s] -- Check for working CXX compiler: /usr/bin/c++ - skipped
[0.855s] -- Detecting CXX compile features
[0.856s] -- Detecting CXX compile features - done
[0.864s] -- Found ament_cmake: 1.3.3 (/opt/ros/humble/share/ament_cmake/cmake)
[1.281s] -- Found Python3: /usr/bin/python3.10 (found version "3.10.6") found components: Interpreter 
[1.489s] -- Override CMake install command with custom implementation using symlinks instead of copying resources
[1.870s] -- Configuring done
[1.876s] -- Generating done
[1.878s] -- Build files have been written to: /home/azp/ros2_ws/build/mini_pupper_bringup
[1.885s] Invoked command in '/home/azp/ros2_ws/build/mini_pupper_bringup' returned '0': AMENT_PREFIX_PATH=/home/azp/ros2_ws/install/champ_base:/home/azp/ros2_ws/install/champ_msgs:/home/azp/ros2_ws/install/champ:${AMENT_PREFIX_PATH} CMAKE_PREFIX_PATH=/home/azp/ros2_ws/install/champ_base:/home/azp/ros2_ws/install/champ_msgs:/home/azp/ros2_ws/install/champ:/home/azp/ROS2/workspace/install/test:/home/azp/ROS2/workspace/install/service_test:/home/azp/ROS2/workspace/install/tutorial_interfaces:/home/azp/ROS2/workspace/install/static_tf2_maincpp:/home/azp/ROS2/workspace/install/static_frame:/home/azp/ROS2/workspace/install/my_package:/home/azp/ROS2/workspace/install/moving_robot:/home/azp/ROS2/workspace/install/launch_example_package:/home/azp/ROS2/workspace/install/dolly:/home/azp/ROS2/workspace/install/dolly_gazebo:/home/azp/ROS2/workspace/install/dolly_follow:/home/azp/ROS2/workspace/install/basic_mobile_robot:/opt/ros/humble LD_LIBRARY_PATH=/home/azp/ros2_ws/install/champ_base/lib:/home/azp/ros2_ws/install/champ_msgs/lib:${LD_LIBRARY_PATH} PATH=/home/azp/ros2_ws/install/champ_base/bin:${PATH} PYTHONPATH=/home/azp/ros2_ws/install/champ_msgs/local/lib/python3.10/dist-packages:${PYTHONPATH} /usr/bin/cmake /home/azp/ros2_ws/src/mini_pupper_ros/mini_pupper_bringup -DAMENT_CMAKE_SYMLINK_INSTALL=1 -DCMAKE_INSTALL_PREFIX=/home/azp/ros2_ws/install/mini_pupper_bringup
[1.889s] Invoking command in '/home/azp/ros2_ws/build/mini_pupper_bringup': AMENT_PREFIX_PATH=/home/azp/ros2_ws/install/champ_base:/home/azp/ros2_ws/install/champ_msgs:/home/azp/ros2_ws/install/champ:${AMENT_PREFIX_PATH} CMAKE_PREFIX_PATH=/home/azp/ros2_ws/install/champ_base:/home/azp/ros2_ws/install/champ_msgs:/home/azp/ros2_ws/install/champ:/home/azp/ROS2/workspace/install/test:/home/azp/ROS2/workspace/install/service_test:/home/azp/ROS2/workspace/install/tutorial_interfaces:/home/azp/ROS2/workspace/install/static_tf2_maincpp:/home/azp/ROS2/workspace/install/static_frame:/home/azp/ROS2/workspace/install/my_package:/home/azp/ROS2/workspace/install/moving_robot:/home/azp/ROS2/workspace/install/launch_example_package:/home/azp/ROS2/workspace/install/dolly:/home/azp/ROS2/workspace/install/dolly_gazebo:/home/azp/ROS2/workspace/install/dolly_follow:/home/azp/ROS2/workspace/install/basic_mobile_robot:/opt/ros/humble LD_LIBRARY_PATH=/home/azp/ros2_ws/install/champ_base/lib:/home/azp/ros2_ws/install/champ_msgs/lib:${LD_LIBRARY_PATH} PATH=/home/azp/ros2_ws/install/champ_base/bin:${PATH} PYTHONPATH=/home/azp/ros2_ws/install/champ_msgs/local/lib/python3.10/dist-packages:${PYTHONPATH} /usr/bin/cmake --build /home/azp/ros2_ws/build/mini_pupper_bringup -- -j4 -l4
[1.938s] Invoked command in '/home/azp/ros2_ws/build/mini_pupper_bringup' returned '0': AMENT_PREFIX_PATH=/home/azp/ros2_ws/install/champ_base:/home/azp/ros2_ws/install/champ_msgs:/home/azp/ros2_ws/install/champ:${AMENT_PREFIX_PATH} CMAKE_PREFIX_PATH=/home/azp/ros2_ws/install/champ_base:/home/azp/ros2_ws/install/champ_msgs:/home/azp/ros2_ws/install/champ:/home/azp/ROS2/workspace/install/test:/home/azp/ROS2/workspace/install/service_test:/home/azp/ROS2/workspace/install/tutorial_interfaces:/home/azp/ROS2/workspace/install/static_tf2_maincpp:/home/azp/ROS2/workspace/install/static_frame:/home/azp/ROS2/workspace/install/my_package:/home/azp/ROS2/workspace/install/moving_robot:/home/azp/ROS2/workspace/install/launch_example_package:/home/azp/ROS2/workspace/install/dolly:/home/azp/ROS2/workspace/install/dolly_gazebo:/home/azp/ROS2/workspace/install/dolly_follow:/home/azp/ROS2/workspace/install/basic_mobile_robot:/opt/ros/humble LD_LIBRARY_PATH=/home/azp/ros2_ws/install/champ_base/lib:/home/azp/ros2_ws/install/champ_msgs/lib:${LD_LIBRARY_PATH} PATH=/home/azp/ros2_ws/install/champ_base/bin:${PATH} PYTHONPATH=/home/azp/ros2_ws/install/champ_msgs/local/lib/python3.10/dist-packages:${PYTHONPATH} /usr/bin/cmake --build /home/azp/ros2_ws/build/mini_pupper_bringup -- -j4 -l4
[1.969s] Invoking command in '/home/azp/ros2_ws/build/mini_pupper_bringup': AMENT_PREFIX_PATH=/home/azp/ros2_ws/install/champ_base:/home/azp/ros2_ws/install/champ_msgs:/home/azp/ros2_ws/install/champ:${AMENT_PREFIX_PATH} CMAKE_PREFIX_PATH=/home/azp/ros2_ws/install/champ_base:/home/azp/ros2_ws/install/champ_msgs:/home/azp/ros2_ws/install/champ:/home/azp/ROS2/workspace/install/test:/home/azp/ROS2/workspace/install/service_test:/home/azp/ROS2/workspace/install/tutorial_interfaces:/home/azp/ROS2/workspace/install/static_tf2_maincpp:/home/azp/ROS2/workspace/install/static_frame:/home/azp/ROS2/workspace/install/my_package:/home/azp/ROS2/workspace/install/moving_robot:/home/azp/ROS2/workspace/install/launch_example_package:/home/azp/ROS2/workspace/install/dolly:/home/azp/ROS2/workspace/install/dolly_gazebo:/home/azp/ROS2/workspace/install/dolly_follow:/home/azp/ROS2/workspace/install/basic_mobile_robot:/opt/ros/humble LD_LIBRARY_PATH=/home/azp/ros2_ws/install/champ_base/lib:/home/azp/ros2_ws/install/champ_msgs/lib:${LD_LIBRARY_PATH} PATH=/home/azp/ros2_ws/install/champ_base/bin:${PATH} PYTHONPATH=/home/azp/ros2_ws/install/champ_msgs/local/lib/python3.10/dist-packages:${PYTHONPATH} /usr/bin/cmake --install /home/azp/ros2_ws/build/mini_pupper_bringup
[1.978s] -- Install configuration: ""
[1.979s] -- Execute custom install script
[1.980s] -- Symlinking: /home/azp/ros2_ws/install/mini_pupper_bringup/share/mini_pupper_bringup/launch/bringup.launch.py
[1.992s] -- Symlinking: /home/azp/ros2_ws/install/mini_pupper_bringup/share/ament_index/resource_index/package_run_dependencies/mini_pupper_bringup
[2.003s] -- Symlinking: /home/azp/ros2_ws/install/mini_pupper_bringup/share/ament_index/resource_index/parent_prefix_path/mini_pupper_bringup
[2.016s] -- Symlinking: /home/azp/ros2_ws/install/mini_pupper_bringup/share/mini_pupper_bringup/environment/ament_prefix_path.sh
[2.028s] -- Symlinking: /home/azp/ros2_ws/install/mini_pupper_bringup/share/mini_pupper_bringup/environment/ament_prefix_path.dsv
[2.039s] -- Symlinking: /home/azp/ros2_ws/install/mini_pupper_bringup/share/mini_pupper_bringup/environment/path.sh
[2.050s] -- Symlinking: /home/azp/ros2_ws/install/mini_pupper_bringup/share/mini_pupper_bringup/environment/path.dsv
[2.061s] -- Symlinking: /home/azp/ros2_ws/install/mini_pupper_bringup/share/mini_pupper_bringup/local_setup.bash
[2.072s] -- Symlinking: /home/azp/ros2_ws/install/mini_pupper_bringup/share/mini_pupper_bringup/local_setup.sh
[2.083s] -- Symlinking: /home/azp/ros2_ws/install/mini_pupper_bringup/share/mini_pupper_bringup/local_setup.zsh
[2.094s] -- Symlinking: /home/azp/ros2_ws/install/mini_pupper_bringup/share/mini_pupper_bringup/local_setup.dsv
[2.106s] -- Symlinking: /home/azp/ros2_ws/install/mini_pupper_bringup/share/mini_pupper_bringup/package.dsv
[2.118s] -- Symlinking: /home/azp/ros2_ws/install/mini_pupper_bringup/share/ament_index/resource_index/packages/mini_pupper_bringup
[2.130s] -- Symlinking: /home/azp/ros2_ws/install/mini_pupper_bringup/share/mini_pupper_bringup/cmake/mini_pupper_bringupConfig.cmake
[2.140s] -- Symlinking: /home/azp/ros2_ws/install/mini_pupper_bringup/share/mini_pupper_bringup/cmake/mini_pupper_bringupConfig-version.cmake
[2.152s] -- Symlinking: /home/azp/ros2_ws/install/mini_pupper_bringup/share/mini_pupper_bringup/package.xml
[2.167s] Invoked command in '/home/azp/ros2_ws/build/mini_pupper_bringup' returned '0': AMENT_PREFIX_PATH=/home/azp/ros2_ws/install/champ_base:/home/azp/ros2_ws/install/champ_msgs:/home/azp/ros2_ws/install/champ:${AMENT_PREFIX_PATH} CMAKE_PREFIX_PATH=/home/azp/ros2_ws/install/champ_base:/home/azp/ros2_ws/install/champ_msgs:/home/azp/ros2_ws/install/champ:/home/azp/ROS2/workspace/install/test:/home/azp/ROS2/workspace/install/service_test:/home/azp/ROS2/workspace/install/tutorial_interfaces:/home/azp/ROS2/workspace/install/static_tf2_maincpp:/home/azp/ROS2/workspace/install/static_frame:/home/azp/ROS2/workspace/install/my_package:/home/azp/ROS2/workspace/install/moving_robot:/home/azp/ROS2/workspace/install/launch_example_package:/home/azp/ROS2/workspace/install/dolly:/home/azp/ROS2/workspace/install/dolly_gazebo:/home/azp/ROS2/workspace/install/dolly_follow:/home/azp/ROS2/workspace/install/basic_mobile_robot:/opt/ros/humble LD_LIBRARY_PATH=/home/azp/ros2_ws/install/champ_base/lib:/home/azp/ros2_ws/install/champ_msgs/lib:${LD_LIBRARY_PATH} PATH=/home/azp/ros2_ws/install/champ_base/bin:${PATH} PYTHONPATH=/home/azp/ros2_ws/install/champ_msgs/local/lib/python3.10/dist-packages:${PYTHONPATH} /usr/bin/cmake --install /home/azp/ros2_ws/build/mini_pupper_bringup
