[0.041s] Invoking command in '/home/azp/ROS2/workspace/build/basic_mobile_robot': CMAKE_PREFIX_PATH=${CMAKE_PREFIX_PATH}:/opt/ros/humble /usr/bin/cmake --build /home/azp/ROS2/workspace/build/basic_mobile_robot -- -j4 -l4
[0.134s] Invoked command in '/home/azp/ROS2/workspace/build/basic_mobile_robot' returned '0': CMAKE_PREFIX_PATH=${CMAKE_PREFIX_PATH}:/opt/ros/humble /usr/bin/cmake --build /home/azp/ROS2/workspace/build/basic_mobile_robot -- -j4 -l4
[0.226s] Invoking command in '/home/azp/ROS2/workspace/build/basic_mobile_robot': CMAKE_PREFIX_PATH=${CMAKE_PREFIX_PATH}:/opt/ros/humble /usr/bin/cmake --install /home/azp/ROS2/workspace/build/basic_mobile_robot
[0.251s] -- Install configuration: ""
[0.251s] -- Up-to-date: /home/azp/ROS2/workspace/install/basic_mobile_robot/share/basic_mobile_robot/config
[0.251s] -- Up-to-date: /home/azp/ROS2/workspace/install/basic_mobile_robot/share/basic_mobile_robot/launch
[0.252s] -- Up-to-date: /home/azp/ROS2/workspace/install/basic_mobile_robot/share/basic_mobile_robot/launch/basic_mobile_bot_v1.launch.py
[0.252s] -- Up-to-date: /home/azp/ROS2/workspace/install/basic_mobile_robot/share/basic_mobile_robot/maps
[0.252s] -- Up-to-date: /home/azp/ROS2/workspace/install/basic_mobile_robot/share/basic_mobile_robot/meshes
[0.252s] -- Up-to-date: /home/azp/ROS2/workspace/install/basic_mobile_robot/share/basic_mobile_robot/meshes/wrist.stl
[0.252s] -- Up-to-date: /home/azp/ROS2/workspace/install/basic_mobile_robot/share/basic_mobile_robot/meshes/elbow.stl
[0.252s] -- Up-to-date: /home/azp/ROS2/workspace/install/basic_mobile_robot/share/basic_mobile_robot/meshes/robot_base.stl
[0.253s] -- Up-to-date: /home/azp/ROS2/workspace/install/basic_mobile_robot/share/basic_mobile_robot/meshes/wheel.stl
[0.253s] -- Up-to-date: /home/azp/ROS2/workspace/install/basic_mobile_robot/share/basic_mobile_robot/models
[0.253s] -- Up-to-date: /home/azp/ROS2/workspace/install/basic_mobile_robot/share/basic_mobile_robot/models/basic_mobile_bot_description
[0.253s] -- Up-to-date: /home/azp/ROS2/workspace/install/basic_mobile_robot/share/basic_mobile_robot/models/basic_mobile_bot_description/model.sdf
[0.253s] -- Up-to-date: /home/azp/ROS2/workspace/install/basic_mobile_robot/share/basic_mobile_robot/models/basic_mobile_bot_description/model.config
[0.254s] -- Up-to-date: /home/azp/ROS2/workspace/install/basic_mobile_robot/share/basic_mobile_robot/models/basic_mobile_bot_description/meshes
[0.254s] -- Up-to-date: /home/azp/ROS2/workspace/install/basic_mobile_robot/share/basic_mobile_robot/models/basic_mobile_bot_description/meshes/wrist.stl
[0.254s] -- Up-to-date: /home/azp/ROS2/workspace/install/basic_mobile_robot/share/basic_mobile_robot/models/basic_mobile_bot_description/meshes/elbow.stl
[0.254s] -- Up-to-date: /home/azp/ROS2/workspace/install/basic_mobile_robot/share/basic_mobile_robot/models/basic_mobile_bot_description/meshes/robot_base.stl
[0.254s] -- Up-to-date: /home/azp/ROS2/workspace/install/basic_mobile_robot/share/basic_mobile_robot/models/basic_mobile_bot_description/meshes/wheel.stl
[0.255s] -- Up-to-date: /home/azp/ROS2/workspace/install/basic_mobile_robot/share/basic_mobile_robot/models/basic_mobile_bot_v1.urdf
[0.255s] -- Up-to-date: /home/azp/ROS2/workspace/install/basic_mobile_robot/share/basic_mobile_robot/params
[0.255s] -- Up-to-date: /home/azp/ROS2/workspace/install/basic_mobile_robot/share/basic_mobile_robot/rviz
[0.255s] -- Up-to-date: /home/azp/ROS2/workspace/install/basic_mobile_robot/share/basic_mobile_robot/rviz/urdf_config.rviz
[0.255s] -- Up-to-date: /home/azp/ROS2/workspace/install/basic_mobile_robot/share/basic_mobile_robot/src
[0.255s] -- Up-to-date: /home/azp/ROS2/workspace/install/basic_mobile_robot/share/basic_mobile_robot/worlds
[0.256s] -- Up-to-date: /home/azp/ROS2/workspace/install/basic_mobile_robot/share/ament_index/resource_index/package_run_dependencies/basic_mobile_robot
[0.256s] -- Up-to-date: /home/azp/ROS2/workspace/install/basic_mobile_robot/share/ament_index/resource_index/parent_prefix_path/basic_mobile_robot
[0.256s] -- Up-to-date: /home/azp/ROS2/workspace/install/basic_mobile_robot/share/basic_mobile_robot/environment/ament_prefix_path.sh
[0.256s] -- Up-to-date: /home/azp/ROS2/workspace/install/basic_mobile_robot/share/basic_mobile_robot/environment/ament_prefix_path.dsv
[0.257s] -- Up-to-date: /home/azp/ROS2/workspace/install/basic_mobile_robot/share/basic_mobile_robot/environment/path.sh
[0.257s] -- Up-to-date: /home/azp/ROS2/workspace/install/basic_mobile_robot/share/basic_mobile_robot/environment/path.dsv
[0.257s] -- Up-to-date: /home/azp/ROS2/workspace/install/basic_mobile_robot/share/basic_mobile_robot/local_setup.bash
[0.257s] -- Up-to-date: /home/azp/ROS2/workspace/install/basic_mobile_robot/share/basic_mobile_robot/local_setup.sh
[0.257s] -- Up-to-date: /home/azp/ROS2/workspace/install/basic_mobile_robot/share/basic_mobile_robot/local_setup.zsh
[0.257s] -- Up-to-date: /home/azp/ROS2/workspace/install/basic_mobile_robot/share/basic_mobile_robot/local_setup.dsv
[0.258s] -- Up-to-date: /home/azp/ROS2/workspace/install/basic_mobile_robot/share/basic_mobile_robot/package.dsv
[0.258s] -- Up-to-date: /home/azp/ROS2/workspace/install/basic_mobile_robot/share/ament_index/resource_index/packages/basic_mobile_robot
[0.258s] -- Up-to-date: /home/azp/ROS2/workspace/install/basic_mobile_robot/share/basic_mobile_robot/cmake/basic_mobile_robotConfig.cmake
[0.258s] -- Up-to-date: /home/azp/ROS2/workspace/install/basic_mobile_robot/share/basic_mobile_robot/cmake/basic_mobile_robotConfig-version.cmake
[0.258s] -- Up-to-date: /home/azp/ROS2/workspace/install/basic_mobile_robot/share/basic_mobile_robot/package.xml
[0.281s] Invoked command in '/home/azp/ROS2/workspace/build/basic_mobile_robot' returned '0': CMAKE_PREFIX_PATH=${CMAKE_PREFIX_PATH}:/opt/ros/humble /usr/bin/cmake --install /home/azp/ROS2/workspace/build/basic_mobile_robot
