[0.059s] Invoking command in '/home/azp/ros2_ws/build/champ_navigation': CMAKE_PREFIX_PATH=${CMAKE_PREFIX_PATH}:/opt/ros/humble /usr/bin/cmake /home/azp/ros2_ws/src/champ/champ/champ_navigation -DAMENT_CMAKE_SYMLINK_INSTALL=1 -DCMAKE_INSTALL_PREFIX=/home/azp/ros2_ws/install/champ_navigation
[0.182s] -- Found ament_cmake: 1.3.3 (/opt/ros/humble/share/ament_cmake/cmake)
[0.476s] -- Override CMake install command with custom implementation using symlinks instead of copying resources
[0.734s] -- Configuring done
[0.792s] -- Generating done
[0.795s] -- Build files have been written to: /home/azp/ros2_ws/build/champ_navigation
[0.797s] Invoked command in '/home/azp/ros2_ws/build/champ_navigation' returned '0': CMAKE_PREFIX_PATH=${CMAKE_PREFIX_PATH}:/opt/ros/humble /usr/bin/cmake /home/azp/ros2_ws/src/champ/champ/champ_navigation -DAMENT_CMAKE_SYMLINK_INSTALL=1 -DCMAKE_INSTALL_PREFIX=/home/azp/ros2_ws/install/champ_navigation
[0.800s] Invoking command in '/home/azp/ros2_ws/build/champ_navigation': CMAKE_PREFIX_PATH=${CMAKE_PREFIX_PATH}:/opt/ros/humble /usr/bin/cmake --build /home/azp/ros2_ws/build/champ_navigation -- -j4 -l4
[0.870s] Invoked command in '/home/azp/ros2_ws/build/champ_navigation' returned '0': CMAKE_PREFIX_PATH=${CMAKE_PREFIX_PATH}:/opt/ros/humble /usr/bin/cmake --build /home/azp/ros2_ws/build/champ_navigation -- -j4 -l4
[0.941s] Invoking command in '/home/azp/ros2_ws/build/champ_navigation': CMAKE_PREFIX_PATH=${CMAKE_PREFIX_PATH}:/opt/ros/humble /usr/bin/cmake --install /home/azp/ros2_ws/build/champ_navigation
[0.957s] -- Install configuration: ""
[0.958s] -- Execute custom install script
[0.972s] -- Up-to-date symlink: /home/azp/ros2_ws/install/champ_navigation/share/champ_navigation/launch/navigate.launch.py
[0.973s] -- Up-to-date symlink: /home/azp/ros2_ws/install/champ_navigation/share/champ_navigation/launch/slam.launch.py
[0.973s] -- Up-to-date symlink: /home/azp/ros2_ws/install/champ_navigation/share/champ_navigation/rviz/navigation.rviz
[0.973s] -- Up-to-date symlink: /home/azp/ros2_ws/install/champ_navigation/share/champ_navigation/rviz/navigation_minimal.rviz
[0.974s] -- Up-to-date symlink: /home/azp/ros2_ws/install/champ_navigation/share/champ_navigation/rviz/slam.rviz
[0.974s] -- Up-to-date symlink: /home/azp/ros2_ws/install/champ_navigation/share/ament_index/resource_index/package_run_dependencies/champ_navigation
[0.975s] -- Up-to-date symlink: /home/azp/ros2_ws/install/champ_navigation/share/ament_index/resource_index/parent_prefix_path/champ_navigation
[0.975s] -- Up-to-date symlink: /home/azp/ros2_ws/install/champ_navigation/share/champ_navigation/environment/ament_prefix_path.sh
[0.975s] -- Up-to-date symlink: /home/azp/ros2_ws/install/champ_navigation/share/champ_navigation/environment/ament_prefix_path.dsv
[0.976s] -- Up-to-date symlink: /home/azp/ros2_ws/install/champ_navigation/share/champ_navigation/environment/path.sh
[0.976s] -- Up-to-date symlink: /home/azp/ros2_ws/install/champ_navigation/share/champ_navigation/environment/path.dsv
[0.977s] -- Up-to-date symlink: /home/azp/ros2_ws/install/champ_navigation/share/champ_navigation/local_setup.bash
[0.977s] -- Up-to-date symlink: /home/azp/ros2_ws/install/champ_navigation/share/champ_navigation/local_setup.sh
[0.977s] -- Up-to-date symlink: /home/azp/ros2_ws/install/champ_navigation/share/champ_navigation/local_setup.zsh
[0.978s] -- Up-to-date symlink: /home/azp/ros2_ws/install/champ_navigation/share/champ_navigation/local_setup.dsv
[0.978s] -- Symlinking: /home/azp/ros2_ws/install/champ_navigation/share/champ_navigation/package.dsv
[0.995s] -- Up-to-date symlink: /home/azp/ros2_ws/install/champ_navigation/share/ament_index/resource_index/packages/champ_navigation
[0.998s] -- Up-to-date symlink: /home/azp/ros2_ws/install/champ_navigation/share/champ_navigation/cmake/champ_navigationConfig.cmake
[0.999s] -- Up-to-date symlink: /home/azp/ros2_ws/install/champ_navigation/share/champ_navigation/cmake/champ_navigationConfig-version.cmake
[1.002s] -- Up-to-date symlink: /home/azp/ros2_ws/install/champ_navigation/share/champ_navigation/package.xml
[1.025s] Invoked command in '/home/azp/ros2_ws/build/champ_navigation' returned '0': CMAKE_PREFIX_PATH=${CMAKE_PREFIX_PATH}:/opt/ros/humble /usr/bin/cmake --install /home/azp/ros2_ws/build/champ_navigation
