[0.099s] Invoking command in '/home/azp/ros2_ws/build/mini_pupper_gazebo': CMAKE_PREFIX_PATH=${CMAKE_PREFIX_PATH}:/opt/ros/humble /usr/bin/cmake --build /home/azp/ros2_ws/build/mini_pupper_gazebo -- -j4 -l4
[0.180s] Invoked command in '/home/azp/ros2_ws/build/mini_pupper_gazebo' returned '0': CMAKE_PREFIX_PATH=${CMAKE_PREFIX_PATH}:/opt/ros/humble /usr/bin/cmake --build /home/azp/ros2_ws/build/mini_pupper_gazebo -- -j4 -l4
[0.216s] Invoking command in '/home/azp/ros2_ws/build/mini_pupper_gazebo': CMAKE_PREFIX_PATH=${CMAKE_PREFIX_PATH}:/opt/ros/humble /usr/bin/cmake --install /home/azp/ros2_ws/build/mini_pupper_gazebo
[0.236s] -- Install configuration: ""
[0.238s] -- Execute custom install script
[0.239s] -- Up-to-date symlink: /home/azp/ros2_ws/install/mini_pupper_gazebo/share/mini_pupper_gazebo/launch/gazebo.launch.py
[0.240s] -- Up-to-date symlink: /home/azp/ros2_ws/install/mini_pupper_gazebo/share/mini_pupper_gazebo/worlds/default.world
[0.241s] -- Up-to-date symlink: /home/azp/ros2_ws/install/mini_pupper_gazebo/share/mini_pupper_gazebo/worlds/outdoor.world
[0.242s] -- Up-to-date symlink: /home/azp/ros2_ws/install/mini_pupper_gazebo/share/mini_pupper_gazebo/worlds/playground.world
[0.246s] -- Up-to-date symlink: /home/azp/ros2_ws/install/mini_pupper_gazebo/share/ament_index/resource_index/package_run_dependencies/mini_pupper_gazebo
[0.247s] -- Up-to-date symlink: /home/azp/ros2_ws/install/mini_pupper_gazebo/share/ament_index/resource_index/parent_prefix_path/mini_pupper_gazebo
[0.248s] -- Up-to-date symlink: /home/azp/ros2_ws/install/mini_pupper_gazebo/share/mini_pupper_gazebo/environment/ament_prefix_path.sh
[0.248s] -- Up-to-date symlink: /home/azp/ros2_ws/install/mini_pupper_gazebo/share/mini_pupper_gazebo/environment/ament_prefix_path.dsv
[0.249s] -- Up-to-date symlink: /home/azp/ros2_ws/install/mini_pupper_gazebo/share/mini_pupper_gazebo/environment/path.sh
[0.250s] -- Up-to-date symlink: /home/azp/ros2_ws/install/mini_pupper_gazebo/share/mini_pupper_gazebo/environment/path.dsv
[0.253s] -- Up-to-date symlink: /home/azp/ros2_ws/install/mini_pupper_gazebo/share/mini_pupper_gazebo/local_setup.bash
[0.254s] -- Up-to-date symlink: /home/azp/ros2_ws/install/mini_pupper_gazebo/share/mini_pupper_gazebo/local_setup.sh
[0.254s] -- Up-to-date symlink: /home/azp/ros2_ws/install/mini_pupper_gazebo/share/mini_pupper_gazebo/local_setup.zsh
[0.254s] -- Up-to-date symlink: /home/azp/ros2_ws/install/mini_pupper_gazebo/share/mini_pupper_gazebo/local_setup.dsv
[0.255s] -- Symlinking: /home/azp/ros2_ws/install/mini_pupper_gazebo/share/mini_pupper_gazebo/package.dsv
[0.268s] -- Up-to-date symlink: /home/azp/ros2_ws/install/mini_pupper_gazebo/share/ament_index/resource_index/packages/mini_pupper_gazebo
[0.269s] -- Up-to-date symlink: /home/azp/ros2_ws/install/mini_pupper_gazebo/share/mini_pupper_gazebo/cmake/mini_pupper_gazeboConfig.cmake
[0.269s] -- Up-to-date symlink: /home/azp/ros2_ws/install/mini_pupper_gazebo/share/mini_pupper_gazebo/cmake/mini_pupper_gazeboConfig-version.cmake
[0.269s] -- Up-to-date symlink: /home/azp/ros2_ws/install/mini_pupper_gazebo/share/mini_pupper_gazebo/package.xml
[0.277s] Invoked command in '/home/azp/ros2_ws/build/mini_pupper_gazebo' returned '0': CMAKE_PREFIX_PATH=${CMAKE_PREFIX_PATH}:/opt/ros/humble /usr/bin/cmake --install /home/azp/ros2_ws/build/mini_pupper_gazebo
