[0.034s] Invoking command in '/home/azp/ROS2/workspace/build/moving_robot': CMAKE_PREFIX_PATH=${CMAKE_PREFIX_PATH}:/opt/ros/humble /usr/bin/cmake /home/azp/ROS2/workspace/src/moving_robot -DCMAKE_INSTALL_PREFIX=/home/azp/ROS2/workspace/install/moving_robot
[0.180s] -- The C compiler identification is GNU 11.3.0
[0.303s] -- The CXX compiler identification is GNU 11.3.0
[0.320s] -- Detecting C compiler ABI info
[0.476s] -- Detecting C compiler ABI info - done
[0.500s] -- Check for working C compiler: /usr/bin/cc - skipped
[0.501s] -- Detecting C compile features
[0.502s] -- Detecting C compile features - done
[0.510s] -- Detecting CXX compiler ABI info
[0.684s] -- Detecting CXX compiler ABI info - done
[0.706s] -- Check for working CXX compiler: /usr/bin/c++ - skipped
[0.707s] -- Detecting CXX compile features
[0.709s] -- Detecting CXX compile features - done
[0.714s] -- Found ament_cmake: 1.3.3 (/opt/ros/humble/share/ament_cmake/cmake)
[1.095s] -- Found Python3: /usr/bin/python3.10 (found version "3.10.6") found components: Interpreter 
[1.307s] -- Found rclcpp: 16.0.2 (/opt/ros/humble/share/rclcpp/cmake)
[1.427s] -- Found rosidl_generator_c: 3.1.4 (/opt/ros/humble/share/rosidl_generator_c/cmake)
[1.440s] -- Found rosidl_adapter: 3.1.4 (/opt/ros/humble/share/rosidl_adapter/cmake)
[1.460s] -- Found rosidl_generator_cpp: 3.1.4 (/opt/ros/humble/share/rosidl_generator_cpp/cmake)
[1.499s] -- Using all available rosidl_typesupport_c: rosidl_typesupport_fastrtps_c;rosidl_typesupport_introspection_c
[1.558s] -- Using all available rosidl_typesupport_cpp: rosidl_typesupport_fastrtps_cpp;rosidl_typesupport_introspection_cpp
[1.732s] -- Found rmw_implementation_cmake: 6.1.1 (/opt/ros/humble/share/rmw_implementation_cmake/cmake)
[1.738s] -- Found rmw_fastrtps_cpp: 6.2.2 (/opt/ros/humble/share/rmw_fastrtps_cpp/cmake)
[2.147s] -- Found OpenSSL: /usr/lib/x86_64-linux-gnu/libcrypto.so (found version "3.0.2")  
[2.216s] -- Found FastRTPS: /opt/ros/humble/include  
[2.339s] -- Using RMW implementation 'rmw_fastrtps_cpp' as default
[2.374s] -- Looking for pthread.h
[2.523s] -- Looking for pthread.h - found
[2.525s] -- Performing Test CMAKE_HAVE_LIBC_PTHREAD
[2.676s] -- Performing Test CMAKE_HAVE_LIBC_PTHREAD - Success
[2.678s] -- Found Threads: TRUE  
[3.119s] -- Found geometry_msgs: 4.2.2 (/opt/ros/humble/share/geometry_msgs/cmake)
[3.238s] -- Found ament_lint_auto: 0.12.4 (/opt/ros/humble/share/ament_lint_auto/cmake)
[3.411s] -- Added test 'cppcheck' to perform static code analysis on C / C++ code
[3.411s] -- Configured cppcheck include dirs: 
[3.411s] -- Configured cppcheck exclude dirs and/or files: 
[3.413s] -- Added test 'flake8' to check Python code syntax and style conventions
[3.415s] -- Added test 'lint_cmake' to check CMake code style
[3.416s] -- Added test 'pep257' to check Python code against some of the docstring style conventions in PEP 257
[3.420s] -- Added test 'uncrustify' to check C / C++ code style
[3.421s] -- Configured uncrustify additional arguments: 
[3.423s] -- Added test 'xmllint' to check XML markup files
[3.426s] -- Configuring done
[3.446s] -- Generating done
[3.450s] -- Build files have been written to: /home/azp/ROS2/workspace/build/moving_robot
[3.470s] Invoked command in '/home/azp/ROS2/workspace/build/moving_robot' returned '0': CMAKE_PREFIX_PATH=${CMAKE_PREFIX_PATH}:/opt/ros/humble /usr/bin/cmake /home/azp/ROS2/workspace/src/moving_robot -DCMAKE_INSTALL_PREFIX=/home/azp/ROS2/workspace/install/moving_robot
[3.471s] Invoking command in '/home/azp/ROS2/workspace/build/moving_robot': CMAKE_PREFIX_PATH=${CMAKE_PREFIX_PATH}:/opt/ros/humble /usr/bin/cmake --build /home/azp/ROS2/workspace/build/moving_robot -- -j4 -l4
[3.574s] [ 50%] [32mBuilding CXX object CMakeFiles/moving_robot.dir/src/moving_robot.cpp.o[0m
[17.174s] [100%] [32m[1mLinking CXX executable moving_robot[0m
[17.986s] [100%] Built target moving_robot
[18.012s] Invoked command in '/home/azp/ROS2/workspace/build/moving_robot' returned '0': CMAKE_PREFIX_PATH=${CMAKE_PREFIX_PATH}:/opt/ros/humble /usr/bin/cmake --build /home/azp/ROS2/workspace/build/moving_robot -- -j4 -l4
[18.116s] Invoking command in '/home/azp/ROS2/workspace/build/moving_robot': CMAKE_PREFIX_PATH=${CMAKE_PREFIX_PATH}:/opt/ros/humble /usr/bin/cmake --install /home/azp/ROS2/workspace/build/moving_robot
[18.135s] -- Install configuration: ""
[18.137s] -- Installing: /home/azp/ROS2/workspace/install/moving_robot/lib/moving_robot/moving_robot
[18.142s] -- Set runtime path of "/home/azp/ROS2/workspace/install/moving_robot/lib/moving_robot/moving_robot" to ""
[18.142s] -- Installing: /home/azp/ROS2/workspace/install/moving_robot/share/moving_robot/launch
[18.143s] -- Installing: /home/azp/ROS2/workspace/install/moving_robot/share/moving_robot/launch/basic_mobile_bot_v1.launch.py
[18.154s] -- Installing: /home/azp/ROS2/workspace/install/moving_robot/share/moving_robot/launch/moving.launch.py
[18.175s] -- Installing: /home/azp/ROS2/workspace/install/moving_robot/share/moving_robot/models
[18.176s] -- Installing: /home/azp/ROS2/workspace/install/moving_robot/share/moving_robot/models/basic_mobile_bot_description
[18.176s] -- Installing: /home/azp/ROS2/workspace/install/moving_robot/share/moving_robot/models/basic_mobile_bot_description/model.sdf
[18.196s] -- Installing: /home/azp/ROS2/workspace/install/moving_robot/share/moving_robot/models/basic_mobile_bot_description/model.config
[18.207s] -- Installing: /home/azp/ROS2/workspace/install/moving_robot/share/moving_robot/models/basic_mobile_bot_description/meshes
[18.208s] -- Installing: /home/azp/ROS2/workspace/install/moving_robot/share/moving_robot/models/basic_mobile_bot_description/meshes/wrist.stl
[18.224s] -- Installing: /home/azp/ROS2/workspace/install/moving_robot/share/moving_robot/models/basic_mobile_bot_description/meshes/elbow.stl
[18.234s] -- Installing: /home/azp/ROS2/workspace/install/moving_robot/share/moving_robot/models/basic_mobile_bot_description/meshes/robot_base.stl
[18.235s] -- Installing: /home/azp/ROS2/workspace/install/moving_robot/share/moving_robot/models/basic_mobile_bot_description/meshes/wheel.stl
[18.237s] -- Installing: /home/azp/ROS2/workspace/install/moving_robot/share/moving_robot/models/basic_mobile_bot_v1.urdf
[18.238s] -- Installing: /home/azp/ROS2/workspace/install/moving_robot/share/moving_robot/meshes
[18.238s] -- Installing: /home/azp/ROS2/workspace/install/moving_robot/share/moving_robot/meshes/wrist.stl
[18.248s] -- Installing: /home/azp/ROS2/workspace/install/moving_robot/share/moving_robot/meshes/elbow.stl
[18.256s] -- Installing: /home/azp/ROS2/workspace/install/moving_robot/share/moving_robot/meshes/robot_base.stl
[18.257s] -- Installing: /home/azp/ROS2/workspace/install/moving_robot/share/moving_robot/meshes/wheel.stl
[18.258s] -- Installing: /home/azp/ROS2/workspace/install/moving_robot/share/ament_index/resource_index/package_run_dependencies/moving_robot
[18.259s] -- Installing: /home/azp/ROS2/workspace/install/moving_robot/share/ament_index/resource_index/parent_prefix_path/moving_robot
[18.260s] -- Installing: /home/azp/ROS2/workspace/install/moving_robot/share/moving_robot/environment/ament_prefix_path.sh
[18.261s] -- Installing: /home/azp/ROS2/workspace/install/moving_robot/share/moving_robot/environment/ament_prefix_path.dsv
[18.262s] -- Installing: /home/azp/ROS2/workspace/install/moving_robot/share/moving_robot/environment/path.sh
[18.262s] -- Installing: /home/azp/ROS2/workspace/install/moving_robot/share/moving_robot/environment/path.dsv
[18.263s] -- Installing: /home/azp/ROS2/workspace/install/moving_robot/share/moving_robot/local_setup.bash
[18.264s] -- Installing: /home/azp/ROS2/workspace/install/moving_robot/share/moving_robot/local_setup.sh
[18.265s] -- Installing: /home/azp/ROS2/workspace/install/moving_robot/share/moving_robot/local_setup.zsh
[18.265s] -- Installing: /home/azp/ROS2/workspace/install/moving_robot/share/moving_robot/local_setup.dsv
[18.266s] -- Installing: /home/azp/ROS2/workspace/install/moving_robot/share/moving_robot/package.dsv
[18.267s] -- Installing: /home/azp/ROS2/workspace/install/moving_robot/share/ament_index/resource_index/packages/moving_robot
[18.268s] -- Installing: /home/azp/ROS2/workspace/install/moving_robot/share/moving_robot/cmake/moving_robotConfig.cmake
[18.269s] -- Installing: /home/azp/ROS2/workspace/install/moving_robot/share/moving_robot/cmake/moving_robotConfig-version.cmake
[18.270s] -- Installing: /home/azp/ROS2/workspace/install/moving_robot/share/moving_robot/package.xml
[18.282s] Invoked command in '/home/azp/ROS2/workspace/build/moving_robot' returned '0': CMAKE_PREFIX_PATH=${CMAKE_PREFIX_PATH}:/opt/ros/humble /usr/bin/cmake --install /home/azp/ROS2/workspace/build/moving_robot
