[0.032s] Invoking command in '/home/azp/ROS2/workspace/build/launch_example_package': CMAKE_PREFIX_PATH=${CMAKE_PREFIX_PATH}:/opt/ros/humble /usr/bin/cmake /home/azp/ROS2/workspace/src/launch_example_package -DCMAKE_INSTALL_PREFIX=/home/azp/ROS2/workspace/install/launch_example_package
[0.171s] -- The C compiler identification is GNU 11.3.0
[0.297s] -- The CXX compiler identification is GNU 11.3.0
[0.316s] -- Detecting C compiler ABI info
[0.460s] -- Detecting C compiler ABI info - done
[0.484s] -- Check for working C compiler: /usr/bin/cc - skipped
[0.484s] -- Detecting C compile features
[0.485s] -- Detecting C compile features - done
[0.493s] -- Detecting CXX compiler ABI info
[0.664s] -- Detecting CXX compiler ABI info - done
[0.685s] -- Check for working CXX compiler: /usr/bin/c++ - skipped
[0.686s] -- Detecting CXX compile features
[0.687s] -- Detecting CXX compile features - done
[0.692s] -- Found ament_cmake: 1.3.3 (/opt/ros/humble/share/ament_cmake/cmake)
[1.068s] -- Found Python3: /usr/bin/python3.10 (found version "3.10.6") found components: Interpreter 
[1.262s] -- Found ament_lint_auto: 0.12.4 (/opt/ros/humble/share/ament_lint_auto/cmake)
[1.433s] -- Added test 'flake8' to check Python code syntax and style conventions
[1.435s] -- Added test 'lint_cmake' to check CMake code style
[1.436s] -- Added test 'pep257' to check Python code against some of the docstring style conventions in PEP 257
[1.440s] -- Added test 'xmllint' to check XML markup files
[1.443s] -- Configuring done
[1.450s] -- Generating done
[1.453s] -- Build files have been written to: /home/azp/ROS2/workspace/build/launch_example_package
[1.462s] Invoked command in '/home/azp/ROS2/workspace/build/launch_example_package' returned '0': CMAKE_PREFIX_PATH=${CMAKE_PREFIX_PATH}:/opt/ros/humble /usr/bin/cmake /home/azp/ROS2/workspace/src/launch_example_package -DCMAKE_INSTALL_PREFIX=/home/azp/ROS2/workspace/install/launch_example_package
[1.463s] Invoking command in '/home/azp/ROS2/workspace/build/launch_example_package': CMAKE_PREFIX_PATH=${CMAKE_PREFIX_PATH}:/opt/ros/humble /usr/bin/cmake --build /home/azp/ROS2/workspace/build/launch_example_package -- -j4 -l4
[1.539s] Invoked command in '/home/azp/ROS2/workspace/build/launch_example_package' returned '0': CMAKE_PREFIX_PATH=${CMAKE_PREFIX_PATH}:/opt/ros/humble /usr/bin/cmake --build /home/azp/ROS2/workspace/build/launch_example_package -- -j4 -l4
[1.582s] Invoking command in '/home/azp/ROS2/workspace/build/launch_example_package': CMAKE_PREFIX_PATH=${CMAKE_PREFIX_PATH}:/opt/ros/humble /usr/bin/cmake --install /home/azp/ROS2/workspace/build/launch_example_package
[1.599s] -- Install configuration: ""
[1.600s] -- Installing: /home/azp/ROS2/workspace/install/launch_example_package/share/launch_example_package/launch
[1.600s] -- Installing: /home/azp/ROS2/workspace/install/launch_example_package/share/launch_example_package/launch/my_first_launch_file.launch.py
[1.617s] -- Installing: /home/azp/ROS2/workspace/install/launch_example_package/share/ament_index/resource_index/package_run_dependencies/launch_example_package
[1.618s] -- Installing: /home/azp/ROS2/workspace/install/launch_example_package/share/ament_index/resource_index/parent_prefix_path/launch_example_package
[1.618s] -- Installing: /home/azp/ROS2/workspace/install/launch_example_package/share/launch_example_package/environment/ament_prefix_path.sh
[1.618s] -- Installing: /home/azp/ROS2/workspace/install/launch_example_package/share/launch_example_package/environment/ament_prefix_path.dsv
[1.618s] -- Installing: /home/azp/ROS2/workspace/install/launch_example_package/share/launch_example_package/environment/path.sh
[1.619s] -- Installing: /home/azp/ROS2/workspace/install/launch_example_package/share/launch_example_package/environment/path.dsv
[1.619s] -- Installing: /home/azp/ROS2/workspace/install/launch_example_package/share/launch_example_package/local_setup.bash
[1.619s] -- Installing: /home/azp/ROS2/workspace/install/launch_example_package/share/launch_example_package/local_setup.sh
[1.619s] -- Installing: /home/azp/ROS2/workspace/install/launch_example_package/share/launch_example_package/local_setup.zsh
[1.620s] -- Installing: /home/azp/ROS2/workspace/install/launch_example_package/share/launch_example_package/local_setup.dsv
[1.620s] -- Installing: /home/azp/ROS2/workspace/install/launch_example_package/share/launch_example_package/package.dsv
[1.623s] -- Installing: /home/azp/ROS2/workspace/install/launch_example_package/share/ament_index/resource_index/packages/launch_example_package
[1.623s] -- Installing: /home/azp/ROS2/workspace/install/launch_example_package/share/launch_example_package/cmake/launch_example_packageConfig.cmake
[1.624s] -- Installing: /home/azp/ROS2/workspace/install/launch_example_package/share/launch_example_package/cmake/launch_example_packageConfig-version.cmake
[1.624s] -- Installing: /home/azp/ROS2/workspace/install/launch_example_package/share/launch_example_package/package.xml
[1.627s] Invoked command in '/home/azp/ROS2/workspace/build/launch_example_package' returned '0': CMAKE_PREFIX_PATH=${CMAKE_PREFIX_PATH}:/opt/ros/humble /usr/bin/cmake --install /home/azp/ROS2/workspace/build/launch_example_package
