[0.042s] Invoking command in '/home/azp/ROS2/workspace/build/launch_example_package': CMAKE_PREFIX_PATH=${CMAKE_PREFIX_PATH}:/opt/ros/humble /usr/bin/cmake --build /home/azp/ROS2/workspace/build/launch_example_package -- -j4 -l4
[0.132s] Invoked command in '/home/azp/ROS2/workspace/build/launch_example_package' returned '0': CMAKE_PREFIX_PATH=${CMAKE_PREFIX_PATH}:/opt/ros/humble /usr/bin/cmake --build /home/azp/ROS2/workspace/build/launch_example_package -- -j4 -l4
[0.244s] Invoking command in '/home/azp/ROS2/workspace/build/launch_example_package': CMAKE_PREFIX_PATH=${CMAKE_PREFIX_PATH}:/opt/ros/humble /usr/bin/cmake --install /home/azp/ROS2/workspace/build/launch_example_package
[0.275s] -- Install configuration: ""
[0.275s] -- Up-to-date: /home/azp/ROS2/workspace/install/launch_example_package/share/launch_example_package/launch
[0.275s] -- Up-to-date: /home/azp/ROS2/workspace/install/launch_example_package/share/launch_example_package/launch/my_first_launch_file.launch.py
[0.275s] -- Up-to-date: /home/azp/ROS2/workspace/install/launch_example_package/share/ament_index/resource_index/package_run_dependencies/launch_example_package
[0.275s] -- Up-to-date: /home/azp/ROS2/workspace/install/launch_example_package/share/ament_index/resource_index/parent_prefix_path/launch_example_package
[0.276s] -- Up-to-date: /home/azp/ROS2/workspace/install/launch_example_package/share/launch_example_package/environment/ament_prefix_path.sh
[0.276s] -- Up-to-date: /home/azp/ROS2/workspace/install/launch_example_package/share/launch_example_package/environment/ament_prefix_path.dsv
[0.276s] -- Up-to-date: /home/azp/ROS2/workspace/install/launch_example_package/share/launch_example_package/environment/path.sh
[0.276s] -- Up-to-date: /home/azp/ROS2/workspace/install/launch_example_package/share/launch_example_package/environment/path.dsv
[0.277s] -- Up-to-date: /home/azp/ROS2/workspace/install/launch_example_package/share/launch_example_package/local_setup.bash
[0.277s] -- Up-to-date: /home/azp/ROS2/workspace/install/launch_example_package/share/launch_example_package/local_setup.sh
[0.277s] -- Up-to-date: /home/azp/ROS2/workspace/install/launch_example_package/share/launch_example_package/local_setup.zsh
[0.277s] -- Up-to-date: /home/azp/ROS2/workspace/install/launch_example_package/share/launch_example_package/local_setup.dsv
[0.277s] -- Up-to-date: /home/azp/ROS2/workspace/install/launch_example_package/share/launch_example_package/package.dsv
[0.277s] -- Up-to-date: /home/azp/ROS2/workspace/install/launch_example_package/share/ament_index/resource_index/packages/launch_example_package
[0.278s] -- Up-to-date: /home/azp/ROS2/workspace/install/launch_example_package/share/launch_example_package/cmake/launch_example_packageConfig.cmake
[0.278s] -- Up-to-date: /home/azp/ROS2/workspace/install/launch_example_package/share/launch_example_package/cmake/launch_example_packageConfig-version.cmake
[0.278s] -- Up-to-date: /home/azp/ROS2/workspace/install/launch_example_package/share/launch_example_package/package.xml
[0.317s] Invoked command in '/home/azp/ROS2/workspace/build/launch_example_package' returned '0': CMAKE_PREFIX_PATH=${CMAKE_PREFIX_PATH}:/opt/ros/humble /usr/bin/cmake --install /home/azp/ROS2/workspace/build/launch_example_package
