[0.131s] Invoking command in '/home/azp/ros2_ws/build/champ_gazebo': AMENT_PREFIX_PATH=/home/azp/ros2_ws/install/champ_msgs:/home/azp/ros2_ws/install/champ:${AMENT_PREFIX_PATH} CMAKE_PREFIX_PATH=/home/azp/ros2_ws/install/champ_msgs:/home/azp/ros2_ws/install/champ:/home/azp/ROS2/workspace/install/test:/home/azp/ROS2/workspace/install/service_test:/home/azp/ROS2/workspace/install/tutorial_interfaces:/home/azp/ROS2/workspace/install/static_tf2_maincpp:/home/azp/ROS2/workspace/install/static_frame:/home/azp/ROS2/workspace/install/my_package:/home/azp/ROS2/workspace/install/moving_robot:/home/azp/ROS2/workspace/install/launch_example_package:/home/azp/ROS2/workspace/install/basic_mobile_robot:/opt/ros/humble LD_LIBRARY_PATH=/home/azp/ros2_ws/install/champ_msgs/lib:/home/azp/ROS2/workspace/install/tutorial_interfaces/lib:/usr/lib/x86_64-linux-gnu/gazebo-11/plugins:/opt/ros/humble/opt/rviz_ogre_vendor/lib:/opt/ros/humble/lib/x86_64-linux-gnu:/opt/ros/humble/lib:/usr/share/gazebo/../../lib/x86_64-linux-gnu/gazebo-11/plugins:/usr/share/gazebo/../../lib/x86_64-linux-gnu/gazebo-11/plugins:/usr/share/gazebo/../../lib/x86_64-linux-gnu/gazebo-11/plugins PYTHONPATH=/home/azp/ros2_ws/install/champ_msgs/local/lib/python3.10/dist-packages:${PYTHONPATH} /usr/bin/cmake /home/azp/ros2_ws/src/champ/champ/champ_gazebo -DAMENT_CMAKE_SYMLINK_INSTALL=1 -DCMAKE_INSTALL_PREFIX=/home/azp/ros2_ws/install/champ_gazebo
[0.220s] -- Found ament_cmake: 1.3.3 (/opt/ros/humble/share/ament_cmake/cmake)
[0.675s] -- Override CMake install command with custom implementation using symlinks instead of copying resources
[0.692s] -- Found rclcpp: 16.0.2 (/opt/ros/humble/share/rclcpp/cmake)
[0.751s] -- Found rosidl_generator_c: 3.1.4 (/opt/ros/humble/share/rosidl_generator_c/cmake)
[0.756s] -- Found rosidl_adapter: 3.1.4 (/opt/ros/humble/share/rosidl_adapter/cmake)
[0.767s] -- Found rosidl_generator_cpp: 3.1.4 (/opt/ros/humble/share/rosidl_generator_cpp/cmake)
[0.859s] -- Using all available rosidl_typesupport_c: rosidl_typesupport_fastrtps_c;rosidl_typesupport_introspection_c
[0.902s] -- Using all available rosidl_typesupport_cpp: rosidl_typesupport_fastrtps_cpp;rosidl_typesupport_introspection_cpp
[1.056s] -- Found rmw_implementation_cmake: 6.1.1 (/opt/ros/humble/share/rmw_implementation_cmake/cmake)
[1.058s] -- Found rmw_fastrtps_cpp: 6.2.2 (/opt/ros/humble/share/rmw_fastrtps_cpp/cmake)
[1.455s] -- Using RMW implementation 'rmw_fastrtps_cpp' as default
[1.875s] -- Found urdf: 2.6.0 (/opt/ros/humble/share/urdf/cmake)
[2.337s] -- Found champ: 0.1.0 (/home/azp/ros2_ws/install/champ/share/champ/cmake)
[2.340s] -- Found champ_msgs: 0.1.0 (/home/azp/ros2_ws/install/champ_msgs/share/champ_msgs/cmake)
[3.044s] -- Found gazebo_ros2_control: 0.4.0 (/opt/ros/humble/share/gazebo_ros2_control/cmake)
[3.077s] -- Found gazebo_ros: 3.7.0 (/opt/ros/humble/share/gazebo_ros/cmake)
[3.903s] -- Found DART: /usr/include (Required is at least version "6.6") found components: dart 
[4.439s] -- Found Protobuf: /usr/lib/x86_64-linux-gnu/libprotobuf.so (found version "3.12.4") 
[4.589s] -- Looking for ignition-math6 -- found version 6.12.0
[5.053s] -- Searching for dependencies of ignition-math6
[5.178s] -- Looking for OGRE...
[5.211s] -- Found Ogre Ghadamon (1.9.0)
[5.234s] -- Found OGRE: optimized;/usr/lib/x86_64-linux-gnu/libOgreMain.so;debug;/usr/lib/x86_64-linux-gnu/libOgreMain.so
[5.249s] -- Looking for OGRE_Paging...
[5.249s] -- Found OGRE_Paging: optimized;/usr/lib/x86_64-linux-gnu/libOgrePaging.so;debug;/usr/lib/x86_64-linux-gnu/libOgrePaging.so
[5.249s] -- Looking for OGRE_Terrain...
[5.250s] -- Found OGRE_Terrain: optimized;/usr/lib/x86_64-linux-gnu/libOgreTerrain.so;debug;/usr/lib/x86_64-linux-gnu/libOgreTerrain.so
[5.250s] -- Looking for OGRE_Property...
[5.250s] -- Found OGRE_Property: optimized;/usr/lib/x86_64-linux-gnu/libOgreProperty.so;debug;/usr/lib/x86_64-linux-gnu/libOgreProperty.so
[5.250s] -- Looking for OGRE_RTShaderSystem...
[5.250s] -- Found OGRE_RTShaderSystem: optimized;/usr/lib/x86_64-linux-gnu/libOgreRTShaderSystem.so;debug;/usr/lib/x86_64-linux-gnu/libOgreRTShaderSystem.so
[5.251s] -- Looking for OGRE_Volume...
[5.251s] -- Found OGRE_Volume: optimized;/usr/lib/x86_64-linux-gnu/libOgreVolume.so;debug;/usr/lib/x86_64-linux-gnu/libOgreVolume.so
[5.251s] -- Looking for OGRE_Overlay...
[5.251s] -- Found OGRE_Overlay: optimized;/usr/lib/x86_64-linux-gnu/libOgreOverlay.so;debug;/usr/lib/x86_64-linux-gnu/libOgreOverlay.so
[5.583s] -- Looking for ignition-math6 -- found version 6.12.0
[5.608s] -- Looking for ignition-transport8 -- found version 8.2.1
[5.609s] -- Searching for dependencies of ignition-transport8
[5.663s] -- Found Protobuf: /usr/lib/x86_64-linux-gnu/libprotobuf.so (found suitable version "3.12.4", minimum required is "3") 
[5.691s] -- Config-file not installed for ZeroMQ -- checking for pkg-config
[5.701s] -- Checking for module 'libzmq >= 4'
[5.963s] --   Found libzmq , version 4.3.4
[6.043s] -- Checking for module 'uuid'
[6.083s] --   Found uuid, version 2.37.2
[6.159s] -- Looking for ignition-msgs5 -- found version 5.8.1
[6.160s] -- Searching for dependencies of ignition-msgs5
[6.202s] -- Looking for ignition-math6 -- found version 6.12.0
[6.250s] -- Looking for ignition-msgs5 -- found version 5.8.1
[6.326s] -- Looking for ignition-common3 -- found version 3.14.0
[6.327s] -- Searching for dependencies of ignition-common3
[6.327s] -- Looking for dlfcn.h - found
[6.327s] -- Looking for libdl - found
[6.421s] -- Searching for <ignition-common3> component [graphics]
[6.433s] -- Looking for ignition-common3-graphics -- found version 3.14.0
[6.434s] -- Searching for dependencies of ignition-common3-graphics
[6.435s] -- Looking for ignition-math6 -- found version 6.12.0
[6.447s] -- Looking for ignition-fuel_tools4 -- found version 4.4.0
[6.448s] -- Searching for dependencies of ignition-fuel_tools4
[6.608s] -- Checking for module 'jsoncpp'
[6.630s] --   Found jsoncpp, version 1.9.5
[6.692s] -- Checking for module 'libzip'
[6.736s] --   Found libzip, version 1.7.3
[6.792s] -- Looking for ignition-common3 -- found version 3.14.0
[6.793s] -- Looking for ignition-math6 -- found version 6.12.0
[6.794s] -- Looking for ignition-msgs5 -- found version 5.8.1
[6.820s] -- Gazebo version: 11.10
[7.072s] -- Configuring done
[7.299s] -- Generating done
[7.304s] -- Build files have been written to: /home/azp/ros2_ws/build/champ_gazebo
[7.361s] Invoked command in '/home/azp/ros2_ws/build/champ_gazebo' returned '0': AMENT_PREFIX_PATH=/home/azp/ros2_ws/install/champ_msgs:/home/azp/ros2_ws/install/champ:${AMENT_PREFIX_PATH} CMAKE_PREFIX_PATH=/home/azp/ros2_ws/install/champ_msgs:/home/azp/ros2_ws/install/champ:/home/azp/ROS2/workspace/install/test:/home/azp/ROS2/workspace/install/service_test:/home/azp/ROS2/workspace/install/tutorial_interfaces:/home/azp/ROS2/workspace/install/static_tf2_maincpp:/home/azp/ROS2/workspace/install/static_frame:/home/azp/ROS2/workspace/install/my_package:/home/azp/ROS2/workspace/install/moving_robot:/home/azp/ROS2/workspace/install/launch_example_package:/home/azp/ROS2/workspace/install/basic_mobile_robot:/opt/ros/humble LD_LIBRARY_PATH=/home/azp/ros2_ws/install/champ_msgs/lib:/home/azp/ROS2/workspace/install/tutorial_interfaces/lib:/usr/lib/x86_64-linux-gnu/gazebo-11/plugins:/opt/ros/humble/opt/rviz_ogre_vendor/lib:/opt/ros/humble/lib/x86_64-linux-gnu:/opt/ros/humble/lib:/usr/share/gazebo/../../lib/x86_64-linux-gnu/gazebo-11/plugins:/usr/share/gazebo/../../lib/x86_64-linux-gnu/gazebo-11/plugins:/usr/share/gazebo/../../lib/x86_64-linux-gnu/gazebo-11/plugins PYTHONPATH=/home/azp/ros2_ws/install/champ_msgs/local/lib/python3.10/dist-packages:${PYTHONPATH} /usr/bin/cmake /home/azp/ros2_ws/src/champ/champ/champ_gazebo -DAMENT_CMAKE_SYMLINK_INSTALL=1 -DCMAKE_INSTALL_PREFIX=/home/azp/ros2_ws/install/champ_gazebo
[7.362s] Invoking command in '/home/azp/ros2_ws/build/champ_gazebo': AMENT_PREFIX_PATH=/home/azp/ros2_ws/install/champ_msgs:/home/azp/ros2_ws/install/champ:${AMENT_PREFIX_PATH} CMAKE_PREFIX_PATH=/home/azp/ros2_ws/install/champ_msgs:/home/azp/ros2_ws/install/champ:/home/azp/ROS2/workspace/install/test:/home/azp/ROS2/workspace/install/service_test:/home/azp/ROS2/workspace/install/tutorial_interfaces:/home/azp/ROS2/workspace/install/static_tf2_maincpp:/home/azp/ROS2/workspace/install/static_frame:/home/azp/ROS2/workspace/install/my_package:/home/azp/ROS2/workspace/install/moving_robot:/home/azp/ROS2/workspace/install/launch_example_package:/home/azp/ROS2/workspace/install/basic_mobile_robot:/opt/ros/humble LD_LIBRARY_PATH=/home/azp/ros2_ws/install/champ_msgs/lib:/home/azp/ROS2/workspace/install/tutorial_interfaces/lib:/usr/lib/x86_64-linux-gnu/gazebo-11/plugins:/opt/ros/humble/opt/rviz_ogre_vendor/lib:/opt/ros/humble/lib/x86_64-linux-gnu:/opt/ros/humble/lib:/usr/share/gazebo/../../lib/x86_64-linux-gnu/gazebo-11/plugins:/usr/share/gazebo/../../lib/x86_64-linux-gnu/gazebo-11/plugins:/usr/share/gazebo/../../lib/x86_64-linux-gnu/gazebo-11/plugins PYTHONPATH=/home/azp/ros2_ws/install/champ_msgs/local/lib/python3.10/dist-packages:${PYTHONPATH} /usr/bin/cmake --build /home/azp/ros2_ws/build/champ_gazebo -- -j4 -l4
[7.649s] [35m[1mConsolidate compiler generated dependencies of target contact_sensor[0m
[7.811s] [ 50%] [32mBuilding CXX object CMakeFiles/contact_sensor.dir/src/contact_sensor.cpp.o[0m
[52.239s] [100%] [32m[1mLinking CXX executable contact_sensor[0m
[61.724s] [100%] Built target contact_sensor
[61.792s] Invoked command in '/home/azp/ros2_ws/build/champ_gazebo' returned '0': AMENT_PREFIX_PATH=/home/azp/ros2_ws/install/champ_msgs:/home/azp/ros2_ws/install/champ:${AMENT_PREFIX_PATH} CMAKE_PREFIX_PATH=/home/azp/ros2_ws/install/champ_msgs:/home/azp/ros2_ws/install/champ:/home/azp/ROS2/workspace/install/test:/home/azp/ROS2/workspace/install/service_test:/home/azp/ROS2/workspace/install/tutorial_interfaces:/home/azp/ROS2/workspace/install/static_tf2_maincpp:/home/azp/ROS2/workspace/install/static_frame:/home/azp/ROS2/workspace/install/my_package:/home/azp/ROS2/workspace/install/moving_robot:/home/azp/ROS2/workspace/install/launch_example_package:/home/azp/ROS2/workspace/install/basic_mobile_robot:/opt/ros/humble LD_LIBRARY_PATH=/home/azp/ros2_ws/install/champ_msgs/lib:/home/azp/ROS2/workspace/install/tutorial_interfaces/lib:/usr/lib/x86_64-linux-gnu/gazebo-11/plugins:/opt/ros/humble/opt/rviz_ogre_vendor/lib:/opt/ros/humble/lib/x86_64-linux-gnu:/opt/ros/humble/lib:/usr/share/gazebo/../../lib/x86_64-linux-gnu/gazebo-11/plugins:/usr/share/gazebo/../../lib/x86_64-linux-gnu/gazebo-11/plugins:/usr/share/gazebo/../../lib/x86_64-linux-gnu/gazebo-11/plugins PYTHONPATH=/home/azp/ros2_ws/install/champ_msgs/local/lib/python3.10/dist-packages:${PYTHONPATH} /usr/bin/cmake --build /home/azp/ros2_ws/build/champ_gazebo -- -j4 -l4
[61.859s] Invoking command in '/home/azp/ros2_ws/build/champ_gazebo': AMENT_PREFIX_PATH=/home/azp/ros2_ws/install/champ_msgs:/home/azp/ros2_ws/install/champ:${AMENT_PREFIX_PATH} CMAKE_PREFIX_PATH=/home/azp/ros2_ws/install/champ_msgs:/home/azp/ros2_ws/install/champ:/home/azp/ROS2/workspace/install/test:/home/azp/ROS2/workspace/install/service_test:/home/azp/ROS2/workspace/install/tutorial_interfaces:/home/azp/ROS2/workspace/install/static_tf2_maincpp:/home/azp/ROS2/workspace/install/static_frame:/home/azp/ROS2/workspace/install/my_package:/home/azp/ROS2/workspace/install/moving_robot:/home/azp/ROS2/workspace/install/launch_example_package:/home/azp/ROS2/workspace/install/basic_mobile_robot:/opt/ros/humble LD_LIBRARY_PATH=/home/azp/ros2_ws/install/champ_msgs/lib:/home/azp/ROS2/workspace/install/tutorial_interfaces/lib:/usr/lib/x86_64-linux-gnu/gazebo-11/plugins:/opt/ros/humble/opt/rviz_ogre_vendor/lib:/opt/ros/humble/lib/x86_64-linux-gnu:/opt/ros/humble/lib:/usr/share/gazebo/../../lib/x86_64-linux-gnu/gazebo-11/plugins:/usr/share/gazebo/../../lib/x86_64-linux-gnu/gazebo-11/plugins:/usr/share/gazebo/../../lib/x86_64-linux-gnu/gazebo-11/plugins PYTHONPATH=/home/azp/ros2_ws/install/champ_msgs/local/lib/python3.10/dist-packages:${PYTHONPATH} /usr/bin/cmake --install /home/azp/ros2_ws/build/champ_gazebo
[61.886s] -- Install configuration: ""
[61.913s] -- Execute custom install script
[61.940s] -- Up-to-date symlink: /home/azp/ros2_ws/install/champ_gazebo/bin/imu_sensor.py
[61.944s] -- Up-to-date symlink: /home/azp/ros2_ws/install/champ_gazebo/bin/odometry_tf.py
[61.944s] -- Up-to-date symlink: /home/azp/ros2_ws/install/champ_gazebo/bin/odometry.py
[61.963s] -- Up-to-date symlink: /home/azp/ros2_ws/install/champ_gazebo/lib/champ_gazebo/contact_sensor
[61.964s] -- Up-to-date symlink: /home/azp/ros2_ws/install/champ_gazebo/share/champ_gazebo/launch/gazebo.launch
[61.964s] -- Up-to-date symlink: /home/azp/ros2_ws/install/champ_gazebo/share/champ_gazebo/launch/gazebo.launch.py
[61.965s] -- Up-to-date symlink: /home/azp/ros2_ws/install/champ_gazebo/share/champ_gazebo/launch/spawn_robot.launch
[61.965s] -- Up-to-date symlink: /home/azp/ros2_ws/install/champ_gazebo/share/champ_gazebo/launch/spawn_world.launch
[61.966s] -- Up-to-date symlink: /home/azp/ros2_ws/install/champ_gazebo/share/champ_gazebo/config/gazebo.yaml
[61.966s] -- Up-to-date symlink: /home/azp/ros2_ws/install/champ_gazebo/share/champ_gazebo/config/ros_control.yaml
[61.967s] -- Up-to-date symlink: /home/azp/ros2_ws/install/champ_gazebo/share/champ_gazebo/worlds/default.world
[61.967s] -- Up-to-date symlink: /home/azp/ros2_ws/install/champ_gazebo/share/champ_gazebo/worlds/outdoor.world
[61.968s] -- Up-to-date symlink: /home/azp/ros2_ws/install/champ_gazebo/share/champ_gazebo/worlds/playground.world
[61.968s] -- Up-to-date symlink: /home/azp/ros2_ws/install/champ_gazebo/share/ament_index/resource_index/package_run_dependencies/champ_gazebo
[61.969s] -- Up-to-date symlink: /home/azp/ros2_ws/install/champ_gazebo/share/ament_index/resource_index/parent_prefix_path/champ_gazebo
[61.970s] -- Up-to-date symlink: /home/azp/ros2_ws/install/champ_gazebo/share/champ_gazebo/environment/ament_prefix_path.sh
[61.981s] -- Up-to-date symlink: /home/azp/ros2_ws/install/champ_gazebo/share/champ_gazebo/environment/ament_prefix_path.dsv
[61.981s] -- Up-to-date symlink: /home/azp/ros2_ws/install/champ_gazebo/share/champ_gazebo/environment/path.sh
[61.982s] -- Up-to-date symlink: /home/azp/ros2_ws/install/champ_gazebo/share/champ_gazebo/environment/path.dsv
[61.982s] -- Up-to-date symlink: /home/azp/ros2_ws/install/champ_gazebo/share/champ_gazebo/local_setup.bash
[61.983s] -- Up-to-date symlink: /home/azp/ros2_ws/install/champ_gazebo/share/champ_gazebo/local_setup.sh
[61.983s] -- Up-to-date symlink: /home/azp/ros2_ws/install/champ_gazebo/share/champ_gazebo/local_setup.zsh
[61.984s] -- Up-to-date symlink: /home/azp/ros2_ws/install/champ_gazebo/share/champ_gazebo/local_setup.dsv
[61.984s] -- Symlinking: /home/azp/ros2_ws/install/champ_gazebo/share/champ_gazebo/package.dsv
[62.013s] -- Up-to-date symlink: /home/azp/ros2_ws/install/champ_gazebo/share/ament_index/resource_index/packages/champ_gazebo
[62.014s] -- Up-to-date symlink: /home/azp/ros2_ws/install/champ_gazebo/share/champ_gazebo/cmake/ament_cmake_export_include_directories-extras.cmake
[62.014s] -- Up-to-date symlink: /home/azp/ros2_ws/install/champ_gazebo/share/champ_gazebo/cmake/ament_cmake_export_dependencies-extras.cmake
[62.015s] -- Up-to-date symlink: /home/azp/ros2_ws/install/champ_gazebo/share/champ_gazebo/cmake/champ_gazeboConfig.cmake
[62.015s] -- Up-to-date symlink: /home/azp/ros2_ws/install/champ_gazebo/share/champ_gazebo/cmake/champ_gazeboConfig-version.cmake
[62.015s] -- Up-to-date symlink: /home/azp/ros2_ws/install/champ_gazebo/share/champ_gazebo/package.xml
[62.023s] Invoked command in '/home/azp/ros2_ws/build/champ_gazebo' returned '0': AMENT_PREFIX_PATH=/home/azp/ros2_ws/install/champ_msgs:/home/azp/ros2_ws/install/champ:${AMENT_PREFIX_PATH} CMAKE_PREFIX_PATH=/home/azp/ros2_ws/install/champ_msgs:/home/azp/ros2_ws/install/champ:/home/azp/ROS2/workspace/install/test:/home/azp/ROS2/workspace/install/service_test:/home/azp/ROS2/workspace/install/tutorial_interfaces:/home/azp/ROS2/workspace/install/static_tf2_maincpp:/home/azp/ROS2/workspace/install/static_frame:/home/azp/ROS2/workspace/install/my_package:/home/azp/ROS2/workspace/install/moving_robot:/home/azp/ROS2/workspace/install/launch_example_package:/home/azp/ROS2/workspace/install/basic_mobile_robot:/opt/ros/humble LD_LIBRARY_PATH=/home/azp/ros2_ws/install/champ_msgs/lib:/home/azp/ROS2/workspace/install/tutorial_interfaces/lib:/usr/lib/x86_64-linux-gnu/gazebo-11/plugins:/opt/ros/humble/opt/rviz_ogre_vendor/lib:/opt/ros/humble/lib/x86_64-linux-gnu:/opt/ros/humble/lib:/usr/share/gazebo/../../lib/x86_64-linux-gnu/gazebo-11/plugins:/usr/share/gazebo/../../lib/x86_64-linux-gnu/gazebo-11/plugins:/usr/share/gazebo/../../lib/x86_64-linux-gnu/gazebo-11/plugins PYTHONPATH=/home/azp/ros2_ws/install/champ_msgs/local/lib/python3.10/dist-packages:${PYTHONPATH} /usr/bin/cmake --install /home/azp/ros2_ws/build/champ_gazebo
