[35m[1mConsolidate compiler generated dependencies of target static_tf2_main[0m
[35m[1mConsolidate compiler generated dependencies of target static_tf2[0m
[ 50%] Built target static_tf2_main
[100%] Built target static_tf2
-- Install configuration: ""
-- Up-to-date: /home/azp/ROS2/workspace/install/static_tf2_maincpp/lib/static_tf2_maincpp/static_tf2_main
-- Up-to-date: /home/azp/ROS2/workspace/install/static_tf2_maincpp/lib/static_tf2_maincpp/static_tf2
-- Up-to-date: /home/azp/ROS2/workspace/install/static_tf2_maincpp/share/static_tf2_maincpp/launch
-- Up-to-date: /home/azp/ROS2/workspace/install/static_tf2_maincpp/share/ament_index/resource_index/package_run_dependencies/static_tf2_maincpp
-- Up-to-date: /home/azp/ROS2/workspace/install/static_tf2_maincpp/share/ament_index/resource_index/parent_prefix_path/static_tf2_maincpp
-- Up-to-date: /home/azp/ROS2/workspace/install/static_tf2_maincpp/share/static_tf2_maincpp/environment/ament_prefix_path.sh
-- Up-to-date: /home/azp/ROS2/workspace/install/static_tf2_maincpp/share/static_tf2_maincpp/environment/ament_prefix_path.dsv
-- Up-to-date: /home/azp/ROS2/workspace/install/static_tf2_maincpp/share/static_tf2_maincpp/environment/path.sh
-- Up-to-date: /home/azp/ROS2/workspace/install/static_tf2_maincpp/share/static_tf2_maincpp/environment/path.dsv
-- Up-to-date: /home/azp/ROS2/workspace/install/static_tf2_maincpp/share/static_tf2_maincpp/local_setup.bash
-- Up-to-date: /home/azp/ROS2/workspace/install/static_tf2_maincpp/share/static_tf2_maincpp/local_setup.sh
-- Up-to-date: /home/azp/ROS2/workspace/install/static_tf2_maincpp/share/static_tf2_maincpp/local_setup.zsh
-- Up-to-date: /home/azp/ROS2/workspace/install/static_tf2_maincpp/share/static_tf2_maincpp/local_setup.dsv
-- Installing: /home/azp/ROS2/workspace/install/static_tf2_maincpp/share/static_tf2_maincpp/package.dsv
-- Up-to-date: /home/azp/ROS2/workspace/install/static_tf2_maincpp/share/ament_index/resource_index/packages/static_tf2_maincpp
-- Up-to-date: /home/azp/ROS2/workspace/install/static_tf2_maincpp/share/static_tf2_maincpp/cmake/static_tf2_maincppConfig.cmake
-- Up-to-date: /home/azp/ROS2/workspace/install/static_tf2_maincpp/share/static_tf2_maincpp/cmake/static_tf2_maincppConfig-version.cmake
-- Up-to-date: /home/azp/ROS2/workspace/install/static_tf2_maincpp/share/static_tf2_maincpp/package.xml
