running develop
/usr/lib/python3/dist-packages/setuptools/command/easy_install.py:158: EasyInstallDeprecationWarning: easy_install command is deprecated. Use build and pip and other standards-based tools.
  warnings.warn(
/usr/lib/python3/dist-packages/setuptools/command/install.py:34: SetuptoolsDeprecationWarning: setup.py install is deprecated. Use build and pip and other standards-based tools.
  warnings.warn(
/usr/lib/python3/dist-packages/pkg_resources/__init__.py:116: PkgResourcesDeprecationWarning: 1.16.0-unknown is an invalid version and will not be supported in a future release
  warnings.warn(
/usr/lib/python3/dist-packages/pkg_resources/__init__.py:116: PkgResourcesDeprecationWarning: 0.1.43ubuntu1 is an invalid version and will not be supported in a future release
  warnings.warn(
/usr/lib/python3/dist-packages/pkg_resources/__init__.py:116: PkgResourcesDeprecationWarning: 1.1build1 is an invalid version and will not be supported in a future release
  warnings.warn(
Removing /home/azp/ros2_ws/install/mini_pupper_control/lib/python3.10/site-packages/mini-pupper-control.egg-link (link to .)
running egg_info
writing ../../../build/mini_pupper_control/mini_pupper_control.egg-info/PKG-INFO
writing dependency_links to ../../../build/mini_pupper_control/mini_pupper_control.egg-info/dependency_links.txt
writing entry points to ../../../build/mini_pupper_control/mini_pupper_control.egg-info/entry_points.txt
writing requirements to ../../../build/mini_pupper_control/mini_pupper_control.egg-info/requires.txt
writing top-level names to ../../../build/mini_pupper_control/mini_pupper_control.egg-info/top_level.txt
reading manifest file '../../../build/mini_pupper_control/mini_pupper_control.egg-info/SOURCES.txt'
writing manifest file '../../../build/mini_pupper_control/mini_pupper_control.egg-info/SOURCES.txt'
running build
running build_py
creating /home/azp/ros2_ws/build/mini_pupper_control/build
creating /home/azp/ros2_ws/build/mini_pupper_control/build/lib
creating /home/azp/ros2_ws/build/mini_pupper_control/build/lib/mini_pupper_control
copying mini_pupper_control/display_interface.py -> /home/azp/ros2_ws/build/mini_pupper_control/build/lib/mini_pupper_control
copying mini_pupper_control/__init__.py -> /home/azp/ros2_ws/build/mini_pupper_control/build/lib/mini_pupper_control
copying mini_pupper_control/servo_interface.py -> /home/azp/ros2_ws/build/mini_pupper_control/build/lib/mini_pupper_control
running install
/usr/lib/python3/dist-packages/setuptools/command/install.py:34: SetuptoolsDeprecationWarning: setup.py install is deprecated. Use build and pip and other standards-based tools.
  warnings.warn(
running install_lib
creating /home/azp/ros2_ws/install/mini_pupper_control/lib/python3.10/site-packages/mini_pupper_control
copying /home/azp/ros2_ws/build/mini_pupper_control/build/lib/mini_pupper_control/display_interface.py -> /home/azp/ros2_ws/install/mini_pupper_control/lib/python3.10/site-packages/mini_pupper_control
copying /home/azp/ros2_ws/build/mini_pupper_control/build/lib/mini_pupper_control/__init__.py -> /home/azp/ros2_ws/install/mini_pupper_control/lib/python3.10/site-packages/mini_pupper_control
copying /home/azp/ros2_ws/build/mini_pupper_control/build/lib/mini_pupper_control/servo_interface.py -> /home/azp/ros2_ws/install/mini_pupper_control/lib/python3.10/site-packages/mini_pupper_control
byte-compiling /home/azp/ros2_ws/install/mini_pupper_control/lib/python3.10/site-packages/mini_pupper_control/display_interface.py to display_interface.cpython-310.pyc
byte-compiling /home/azp/ros2_ws/install/mini_pupper_control/lib/python3.10/site-packages/mini_pupper_control/__init__.py to __init__.cpython-310.pyc
byte-compiling /home/azp/ros2_ws/install/mini_pupper_control/lib/python3.10/site-packages/mini_pupper_control/servo_interface.py to servo_interface.cpython-310.pyc
running install_data
running install_egg_info
Copying ../../../build/mini_pupper_control/mini_pupper_control.egg-info to /home/azp/ros2_ws/install/mini_pupper_control/lib/python3.10/site-packages/mini_pupper_control-0.0.1-py3.10.egg-info
running install_scripts
Installing display_interface script to /home/azp/ros2_ws/install/mini_pupper_control/lib/mini_pupper_control
Installing servo_interface script to /home/azp/ros2_ws/install/mini_pupper_control/lib/mini_pupper_control
writing list of installed files to '/home/azp/ros2_ws/build/mini_pupper_control/install.log'
