[3.131s] Invoking command in '/home/azp/ros2_ws/build/mini_pupper_control': PYTHONPATH=/home/azp/ros2_ws/build/mini_pupper_control/prefix_override:/home/azp/ros2_ws/install/mini_pupper_control/lib/python3.10/site-packages:${PYTHONPATH} /usr/bin/python3 setup.py develop --uninstall --editable --build-directory /home/azp/ros2_ws/build/mini_pupper_control/build
[3.701s] running develop
[3.716s] /usr/lib/python3/dist-packages/setuptools/command/easy_install.py:158: EasyInstallDeprecationWarning: easy_install command is deprecated. Use build and pip and other standards-based tools.
[3.716s]   warnings.warn(
[3.729s] /usr/lib/python3/dist-packages/setuptools/command/install.py:34: SetuptoolsDeprecationWarning: setup.py install is deprecated. Use build and pip and other standards-based tools.
[3.730s]   warnings.warn(
[3.915s] /usr/lib/python3/dist-packages/pkg_resources/__init__.py:116: PkgResourcesDeprecationWarning: 1.16.0-unknown is an invalid version and will not be supported in a future release
[3.915s]   warnings.warn(
[3.916s] /usr/lib/python3/dist-packages/pkg_resources/__init__.py:116: PkgResourcesDeprecationWarning: 0.1.43ubuntu1 is an invalid version and will not be supported in a future release
[3.916s]   warnings.warn(
[3.917s] /usr/lib/python3/dist-packages/pkg_resources/__init__.py:116: PkgResourcesDeprecationWarning: 1.1build1 is an invalid version and will not be supported in a future release
[3.917s]   warnings.warn(
[4.090s] Removing /home/azp/ros2_ws/install/mini_pupper_control/lib/python3.10/site-packages/mini-pupper-control.egg-link (link to .)
[4.133s] Invoked command in '/home/azp/ros2_ws/build/mini_pupper_control' returned '0': PYTHONPATH=/home/azp/ros2_ws/build/mini_pupper_control/prefix_override:/home/azp/ros2_ws/install/mini_pupper_control/lib/python3.10/site-packages:${PYTHONPATH} /usr/bin/python3 setup.py develop --uninstall --editable --build-directory /home/azp/ros2_ws/build/mini_pupper_control/build
[4.135s] Invoking command in '/home/azp/ros2_ws/src/mini_pupper_ros/mini_pupper_control': PYTHONPATH=/home/azp/ros2_ws/build/mini_pupper_control/prefix_override:/home/azp/ros2_ws/install/mini_pupper_control/lib/python3.10/site-packages:${PYTHONPATH} /usr/bin/python3 setup.py egg_info --egg-base ../../../build/mini_pupper_control build --build-base /home/azp/ros2_ws/build/mini_pupper_control/build install --record /home/azp/ros2_ws/build/mini_pupper_control/install.log --single-version-externally-managed
[4.502s] running egg_info
[4.503s] writing ../../../build/mini_pupper_control/mini_pupper_control.egg-info/PKG-INFO
[4.504s] writing dependency_links to ../../../build/mini_pupper_control/mini_pupper_control.egg-info/dependency_links.txt
[4.504s] writing entry points to ../../../build/mini_pupper_control/mini_pupper_control.egg-info/entry_points.txt
[4.504s] writing requirements to ../../../build/mini_pupper_control/mini_pupper_control.egg-info/requires.txt
[4.504s] writing top-level names to ../../../build/mini_pupper_control/mini_pupper_control.egg-info/top_level.txt
[4.508s] reading manifest file '../../../build/mini_pupper_control/mini_pupper_control.egg-info/SOURCES.txt'
[4.513s] writing manifest file '../../../build/mini_pupper_control/mini_pupper_control.egg-info/SOURCES.txt'
[4.513s] running build
[4.513s] running build_py
[4.513s] creating /home/azp/ros2_ws/build/mini_pupper_control/build
[4.514s] creating /home/azp/ros2_ws/build/mini_pupper_control/build/lib
[4.514s] creating /home/azp/ros2_ws/build/mini_pupper_control/build/lib/mini_pupper_control
[4.514s] copying mini_pupper_control/display_interface.py -> /home/azp/ros2_ws/build/mini_pupper_control/build/lib/mini_pupper_control
[4.534s] copying mini_pupper_control/__init__.py -> /home/azp/ros2_ws/build/mini_pupper_control/build/lib/mini_pupper_control
[4.535s] copying mini_pupper_control/servo_interface.py -> /home/azp/ros2_ws/build/mini_pupper_control/build/lib/mini_pupper_control
[4.537s] running install
[4.538s] /usr/lib/python3/dist-packages/setuptools/command/install.py:34: SetuptoolsDeprecationWarning: setup.py install is deprecated. Use build and pip and other standards-based tools.
[4.539s]   warnings.warn(
[4.541s] running install_lib
[4.546s] creating /home/azp/ros2_ws/install/mini_pupper_control/lib/python3.10/site-packages/mini_pupper_control
[4.548s] copying /home/azp/ros2_ws/build/mini_pupper_control/build/lib/mini_pupper_control/display_interface.py -> /home/azp/ros2_ws/install/mini_pupper_control/lib/python3.10/site-packages/mini_pupper_control
[4.549s] copying /home/azp/ros2_ws/build/mini_pupper_control/build/lib/mini_pupper_control/__init__.py -> /home/azp/ros2_ws/install/mini_pupper_control/lib/python3.10/site-packages/mini_pupper_control
[4.550s] copying /home/azp/ros2_ws/build/mini_pupper_control/build/lib/mini_pupper_control/servo_interface.py -> /home/azp/ros2_ws/install/mini_pupper_control/lib/python3.10/site-packages/mini_pupper_control
[4.553s] byte-compiling /home/azp/ros2_ws/install/mini_pupper_control/lib/python3.10/site-packages/mini_pupper_control/display_interface.py to display_interface.cpython-310.pyc
[4.556s] byte-compiling /home/azp/ros2_ws/install/mini_pupper_control/lib/python3.10/site-packages/mini_pupper_control/__init__.py to __init__.cpython-310.pyc
[4.558s] byte-compiling /home/azp/ros2_ws/install/mini_pupper_control/lib/python3.10/site-packages/mini_pupper_control/servo_interface.py to servo_interface.cpython-310.pyc
[4.563s] running install_data
[4.599s] running install_egg_info
[4.615s] Copying ../../../build/mini_pupper_control/mini_pupper_control.egg-info to /home/azp/ros2_ws/install/mini_pupper_control/lib/python3.10/site-packages/mini_pupper_control-0.0.1-py3.10.egg-info
[4.646s] running install_scripts
[4.748s] Installing display_interface script to /home/azp/ros2_ws/install/mini_pupper_control/lib/mini_pupper_control
[4.748s] Installing servo_interface script to /home/azp/ros2_ws/install/mini_pupper_control/lib/mini_pupper_control
[4.749s] writing list of installed files to '/home/azp/ros2_ws/build/mini_pupper_control/install.log'
[4.788s] Invoked command in '/home/azp/ros2_ws/src/mini_pupper_ros/mini_pupper_control' returned '0': PYTHONPATH=/home/azp/ros2_ws/build/mini_pupper_control/prefix_override:/home/azp/ros2_ws/install/mini_pupper_control/lib/python3.10/site-packages:${PYTHONPATH} /usr/bin/python3 setup.py egg_info --egg-base ../../../build/mini_pupper_control build --build-base /home/azp/ros2_ws/build/mini_pupper_control/build install --record /home/azp/ros2_ws/build/mini_pupper_control/install.log --single-version-externally-managed
