[0.055s] Invoking command in '/home/azp/ros2_ws/build/champ_navigation': CMAKE_PREFIX_PATH=${CMAKE_PREFIX_PATH}:/opt/ros/humble /usr/bin/cmake /home/azp/ros2_ws/src/champ/champ/champ_navigation -DAMENT_CMAKE_SYMLINK_INSTALL=1 -DCMAKE_INSTALL_PREFIX=/home/azp/ros2_ws/install/champ_navigation
[0.297s] -- The C compiler identification is GNU 11.3.0
[0.492s] -- The CXX compiler identification is GNU 11.3.0
[0.503s] -- Detecting C compiler ABI info
[0.616s] -- Detecting C compiler ABI info - done
[0.626s] -- Check for working C compiler: /usr/bin/cc - skipped
[0.627s] -- Detecting C compile features
[0.628s] -- Detecting C compile features - done
[0.634s] -- Detecting CXX compiler ABI info
[0.783s] -- Detecting CXX compiler ABI info - done
[0.806s] -- Check for working CXX compiler: /usr/bin/c++ - skipped
[0.806s] -- Detecting CXX compile features
[0.807s] -- Detecting CXX compile features - done
[0.815s] -- Found ament_cmake: 1.3.3 (/opt/ros/humble/share/ament_cmake/cmake)
[1.189s] -- Found Python3: /usr/bin/python3.10 (found version "3.10.6") found components: Interpreter 
[1.328s] -- Override CMake install command with custom implementation using symlinks instead of copying resources
[1.517s] -- Configuring done
[1.522s] -- Generating done
[1.524s] -- Build files have been written to: /home/azp/ros2_ws/build/champ_navigation
[1.536s] Invoked command in '/home/azp/ros2_ws/build/champ_navigation' returned '0': CMAKE_PREFIX_PATH=${CMAKE_PREFIX_PATH}:/opt/ros/humble /usr/bin/cmake /home/azp/ros2_ws/src/champ/champ/champ_navigation -DAMENT_CMAKE_SYMLINK_INSTALL=1 -DCMAKE_INSTALL_PREFIX=/home/azp/ros2_ws/install/champ_navigation
[1.538s] Invoking command in '/home/azp/ros2_ws/build/champ_navigation': CMAKE_PREFIX_PATH=${CMAKE_PREFIX_PATH}:/opt/ros/humble /usr/bin/cmake --build /home/azp/ros2_ws/build/champ_navigation -- -j4 -l4
[1.613s] Invoked command in '/home/azp/ros2_ws/build/champ_navigation' returned '0': CMAKE_PREFIX_PATH=${CMAKE_PREFIX_PATH}:/opt/ros/humble /usr/bin/cmake --build /home/azp/ros2_ws/build/champ_navigation -- -j4 -l4
[1.653s] Invoking command in '/home/azp/ros2_ws/build/champ_navigation': CMAKE_PREFIX_PATH=${CMAKE_PREFIX_PATH}:/opt/ros/humble /usr/bin/cmake --install /home/azp/ros2_ws/build/champ_navigation
[1.660s] -- Install configuration: ""
[1.661s] -- Execute custom install script
[1.661s] -- Symlinking: /home/azp/ros2_ws/install/champ_navigation/share/champ_navigation/launch/navigate.launch.py
[1.674s] -- Symlinking: /home/azp/ros2_ws/install/champ_navigation/share/champ_navigation/launch/slam.launch.py
[1.687s] -- Symlinking: /home/azp/ros2_ws/install/champ_navigation/share/champ_navigation/rviz/navigation.rviz
[1.699s] -- Symlinking: /home/azp/ros2_ws/install/champ_navigation/share/champ_navigation/rviz/navigation_minimal.rviz
[1.713s] -- Symlinking: /home/azp/ros2_ws/install/champ_navigation/share/champ_navigation/rviz/slam.rviz
[1.724s] -- Symlinking: /home/azp/ros2_ws/install/champ_navigation/share/ament_index/resource_index/package_run_dependencies/champ_navigation
[1.737s] -- Symlinking: /home/azp/ros2_ws/install/champ_navigation/share/ament_index/resource_index/parent_prefix_path/champ_navigation
[1.750s] -- Symlinking: /home/azp/ros2_ws/install/champ_navigation/share/champ_navigation/environment/ament_prefix_path.sh
[1.761s] -- Symlinking: /home/azp/ros2_ws/install/champ_navigation/share/champ_navigation/environment/ament_prefix_path.dsv
[1.772s] -- Symlinking: /home/azp/ros2_ws/install/champ_navigation/share/champ_navigation/environment/path.sh
[1.783s] -- Symlinking: /home/azp/ros2_ws/install/champ_navigation/share/champ_navigation/environment/path.dsv
[1.794s] -- Symlinking: /home/azp/ros2_ws/install/champ_navigation/share/champ_navigation/local_setup.bash
[1.806s] -- Symlinking: /home/azp/ros2_ws/install/champ_navigation/share/champ_navigation/local_setup.sh
[1.816s] -- Symlinking: /home/azp/ros2_ws/install/champ_navigation/share/champ_navigation/local_setup.zsh
[1.827s] -- Symlinking: /home/azp/ros2_ws/install/champ_navigation/share/champ_navigation/local_setup.dsv
[1.838s] -- Symlinking: /home/azp/ros2_ws/install/champ_navigation/share/champ_navigation/package.dsv
[1.851s] -- Symlinking: /home/azp/ros2_ws/install/champ_navigation/share/ament_index/resource_index/packages/champ_navigation
[1.861s] -- Symlinking: /home/azp/ros2_ws/install/champ_navigation/share/champ_navigation/cmake/champ_navigationConfig.cmake
[1.872s] -- Symlinking: /home/azp/ros2_ws/install/champ_navigation/share/champ_navigation/cmake/champ_navigationConfig-version.cmake
[1.889s] -- Symlinking: /home/azp/ros2_ws/install/champ_navigation/share/champ_navigation/package.xml
[1.913s] Invoked command in '/home/azp/ros2_ws/build/champ_navigation' returned '0': CMAKE_PREFIX_PATH=${CMAKE_PREFIX_PATH}:/opt/ros/humble /usr/bin/cmake --install /home/azp/ros2_ws/build/champ_navigation
