-- The C compiler identification is GNU 11.3.0
-- The CXX compiler identification is GNU 11.3.0
-- Detecting C compiler ABI info
-- Detecting C compiler ABI info - done
-- Check for working C compiler: /usr/bin/cc - skipped
-- Detecting C compile features
-- Detecting C compile features - done
-- Detecting CXX compiler ABI info
-- Detecting CXX compiler ABI info - done
-- Check for working CXX compiler: /usr/bin/c++ - skipped
-- Detecting CXX compile features
-- Detecting CXX compile features - done
-- Found ament_cmake: 1.3.3 (/opt/ros/humble/share/ament_cmake/cmake)
-- Found Python3: /usr/bin/python3.10 (found version "3.10.6") found components: Interpreter 
-- Override CMake install command with custom implementation using symlinks instead of copying resources
-- Configuring done
-- Generating done
-- Build files have been written to: /home/azp/ros2_ws/build/mini_pupper_gazebo
-- Install configuration: ""
-- Execute custom install script
-- Symlinking: /home/azp/ros2_ws/install/mini_pupper_gazebo/share/mini_pupper_gazebo/launch/gazebo.launch.py
-- Symlinking: /home/azp/ros2_ws/install/mini_pupper_gazebo/share/mini_pupper_gazebo/worlds/default.world
-- Symlinking: /home/azp/ros2_ws/install/mini_pupper_gazebo/share/mini_pupper_gazebo/worlds/outdoor.world
-- Symlinking: /home/azp/ros2_ws/install/mini_pupper_gazebo/share/mini_pupper_gazebo/worlds/playground.world
-- Symlinking: /home/azp/ros2_ws/install/mini_pupper_gazebo/share/ament_index/resource_index/package_run_dependencies/mini_pupper_gazebo
-- Symlinking: /home/azp/ros2_ws/install/mini_pupper_gazebo/share/ament_index/resource_index/parent_prefix_path/mini_pupper_gazebo
-- Symlinking: /home/azp/ros2_ws/install/mini_pupper_gazebo/share/mini_pupper_gazebo/environment/ament_prefix_path.sh
-- Symlinking: /home/azp/ros2_ws/install/mini_pupper_gazebo/share/mini_pupper_gazebo/environment/ament_prefix_path.dsv
-- Symlinking: /home/azp/ros2_ws/install/mini_pupper_gazebo/share/mini_pupper_gazebo/environment/path.sh
-- Symlinking: /home/azp/ros2_ws/install/mini_pupper_gazebo/share/mini_pupper_gazebo/environment/path.dsv
-- Symlinking: /home/azp/ros2_ws/install/mini_pupper_gazebo/share/mini_pupper_gazebo/local_setup.bash
-- Symlinking: /home/azp/ros2_ws/install/mini_pupper_gazebo/share/mini_pupper_gazebo/local_setup.sh
-- Symlinking: /home/azp/ros2_ws/install/mini_pupper_gazebo/share/mini_pupper_gazebo/local_setup.zsh
-- Symlinking: /home/azp/ros2_ws/install/mini_pupper_gazebo/share/mini_pupper_gazebo/local_setup.dsv
-- Symlinking: /home/azp/ros2_ws/install/mini_pupper_gazebo/share/mini_pupper_gazebo/package.dsv
-- Symlinking: /home/azp/ros2_ws/install/mini_pupper_gazebo/share/ament_index/resource_index/packages/mini_pupper_gazebo
-- Symlinking: /home/azp/ros2_ws/install/mini_pupper_gazebo/share/mini_pupper_gazebo/cmake/mini_pupper_gazeboConfig.cmake
-- Symlinking: /home/azp/ros2_ws/install/mini_pupper_gazebo/share/mini_pupper_gazebo/cmake/mini_pupper_gazeboConfig-version.cmake
-- Symlinking: /home/azp/ros2_ws/install/mini_pupper_gazebo/share/mini_pupper_gazebo/package.xml
