[0.023s] Invoking command in '/home/azp/ros2_ws/build/ldlidar_stl_ros2': CMAKE_PREFIX_PATH=${CMAKE_PREFIX_PATH}:/opt/ros/humble /usr/bin/cmake /home/azp/ros2_ws/src/ldlidar_stl_ros -DAMENT_CMAKE_SYMLINK_INSTALL=1 -DCMAKE_INSTALL_PREFIX=/home/azp/ros2_ws/install/ldlidar_stl_ros2
[0.101s] -- The C compiler identification is GNU 11.3.0
[0.176s] -- The CXX compiler identification is GNU 11.3.0
[0.186s] -- Detecting C compiler ABI info
[0.310s] -- Detecting C compiler ABI info - done
[0.332s] -- Check for working C compiler: /usr/bin/cc - skipped
[0.333s] -- Detecting C compile features
[0.335s] -- Detecting C compile features - done
[0.343s] -- Detecting CXX compiler ABI info
[0.496s] -- Detecting CXX compiler ABI info - done
[0.509s] -- Check for working CXX compiler: /usr/bin/c++ - skipped
[0.509s] -- Detecting CXX compile features
[0.510s] -- Detecting CXX compile features - done
[0.518s] -- Found ament_cmake: 1.3.3 (/opt/ros/humble/share/ament_cmake/cmake)
[0.860s] -- Found Python3: /usr/bin/python3.10 (found version "3.10.6") found components: Interpreter 
[0.985s] -- Override CMake install command with custom implementation using symlinks instead of copying resources
[1.078s] -- Found rclcpp: 16.0.2 (/opt/ros/humble/share/rclcpp/cmake)
[1.220s] -- Found rosidl_generator_c: 3.1.4 (/opt/ros/humble/share/rosidl_generator_c/cmake)
[1.237s] -- Found rosidl_adapter: 3.1.4 (/opt/ros/humble/share/rosidl_adapter/cmake)
[1.262s] -- Found rosidl_generator_cpp: 3.1.4 (/opt/ros/humble/share/rosidl_generator_cpp/cmake)
[1.303s] -- Using all available rosidl_typesupport_c: rosidl_typesupport_fastrtps_c;rosidl_typesupport_introspection_c
[1.355s] -- Using all available rosidl_typesupport_cpp: rosidl_typesupport_fastrtps_cpp;rosidl_typesupport_introspection_cpp
[1.512s] -- Found rmw_implementation_cmake: 6.1.1 (/opt/ros/humble/share/rmw_implementation_cmake/cmake)
[1.520s] -- Found rmw_fastrtps_cpp: 6.2.2 (/opt/ros/humble/share/rmw_fastrtps_cpp/cmake)
[1.715s] -- Found OpenSSL: /usr/lib/x86_64-linux-gnu/libcrypto.so (found version "3.0.2")  
[1.781s] -- Found FastRTPS: /opt/ros/humble/include  
[1.864s] -- Using RMW implementation 'rmw_fastrtps_cpp' as default
[1.889s] -- Looking for pthread.h
[2.018s] -- Looking for pthread.h - found
[2.019s] -- Performing Test CMAKE_HAVE_LIBC_PTHREAD
[2.125s] -- Performing Test CMAKE_HAVE_LIBC_PTHREAD - Success
[2.127s] -- Found Threads: TRUE  
[2.568s] -- Found sensor_msgs: 4.2.2 (/opt/ros/humble/share/sensor_msgs/cmake)
[3.284s] -- Found ament_lint_auto: 0.12.4 (/opt/ros/humble/share/ament_lint_auto/cmake)
[3.693s] -- Added test 'copyright' to check source files copyright and LICENSE
[3.731s] -- Added test 'cppcheck' to perform static code analysis on C / C++ code
[3.733s] -- Configured cppcheck include dirs: /home/azp/ros2_ws/src/ldlidar_stl_ros/include;/home/azp/ros2_ws/src/ldlidar_stl_ros/ldlidar_driver/include/core;/home/azp/ros2_ws/src/ldlidar_stl_ros/ldlidar_driver/include/dataprocess;/home/azp/ros2_ws/src/ldlidar_stl_ros/ldlidar_driver/include/filter;/home/azp/ros2_ws/src/ldlidar_stl_ros/ldlidar_driver/include/logger;/home/azp/ros2_ws/src/ldlidar_stl_ros/ldlidar_driver/include/networkcom;/home/azp/ros2_ws/src/ldlidar_stl_ros/ldlidar_driver/include/serialcom
[3.733s] -- Configured cppcheck exclude dirs and/or files: 
[3.783s] -- Added test 'cpplint' to check C / C++ code against the Google style
[3.783s] -- Configured cpplint exclude dirs and/or files: 
[3.818s] -- Added test 'flake8' to check Python code syntax and style conventions
[3.823s] -- Added test 'lint_cmake' to check CMake code style
[3.838s] -- Added test 'pep257' to check Python code against some of the docstring style conventions in PEP 257
[3.859s] -- Added test 'uncrustify' to check C / C++ code style
[3.859s] -- Configured uncrustify additional arguments: 
[3.863s] -- Added test 'xmllint' to check XML markup files
[3.867s] -- Configuring done
[3.894s] -- Generating done
[3.898s] -- Build files have been written to: /home/azp/ros2_ws/build/ldlidar_stl_ros2
[3.928s] Invoked command in '/home/azp/ros2_ws/build/ldlidar_stl_ros2' returned '0': CMAKE_PREFIX_PATH=${CMAKE_PREFIX_PATH}:/opt/ros/humble /usr/bin/cmake /home/azp/ros2_ws/src/ldlidar_stl_ros -DAMENT_CMAKE_SYMLINK_INSTALL=1 -DCMAKE_INSTALL_PREFIX=/home/azp/ros2_ws/install/ldlidar_stl_ros2
[3.929s] Invoking command in '/home/azp/ros2_ws/build/ldlidar_stl_ros2': CMAKE_PREFIX_PATH=${CMAKE_PREFIX_PATH}:/opt/ros/humble /usr/bin/cmake --build /home/azp/ros2_ws/build/ldlidar_stl_ros2 -- -j4 -l4
[4.054s] [ 12%] [32mBuilding CXX object CMakeFiles/ldlidar_stl_ros2_node.dir/src/demo.cpp.o[0m
[4.060s] [ 25%] [32mBuilding CXX object CMakeFiles/ldlidar_stl_ros2_node.dir/ldlidar_driver/src/core/ldlidar_driver.cpp.o[0m
[4.079s] [ 37%] [32mBuilding CXX object CMakeFiles/ldlidar_stl_ros2_node.dir/ldlidar_driver/src/dataprocess/lipkg.cpp.o[0m
[4.092s] [ 50%] [32mBuilding CXX object CMakeFiles/ldlidar_stl_ros2_node.dir/ldlidar_driver/src/filter/tofbf.cpp.o[0m
[9.081s] [ 62%] [32mBuilding CXX object CMakeFiles/ldlidar_stl_ros2_node.dir/ldlidar_driver/src/logger/log_module.cpp.o[0m
[9.213s] [ 75%] [32mBuilding CXX object CMakeFiles/ldlidar_stl_ros2_node.dir/ldlidar_driver/src/networkcom/network_socket_interface_linux.cpp.o[0m
[9.392s] [ 87%] [32mBuilding CXX object CMakeFiles/ldlidar_stl_ros2_node.dir/ldlidar_driver/src/serialcom/serial_interface_linux.cpp.o[0m
[20.478s] [100%] [32m[1mLinking CXX executable ldlidar_stl_ros2_node[0m
[21.383s] [100%] Built target ldlidar_stl_ros2_node
[21.400s] Invoked command in '/home/azp/ros2_ws/build/ldlidar_stl_ros2' returned '0': CMAKE_PREFIX_PATH=${CMAKE_PREFIX_PATH}:/opt/ros/humble /usr/bin/cmake --build /home/azp/ros2_ws/build/ldlidar_stl_ros2 -- -j4 -l4
[21.452s] Invoking command in '/home/azp/ros2_ws/build/ldlidar_stl_ros2': CMAKE_PREFIX_PATH=${CMAKE_PREFIX_PATH}:/opt/ros/humble /usr/bin/cmake --install /home/azp/ros2_ws/build/ldlidar_stl_ros2
[21.461s] -- Install configuration: ""
[21.462s] -- Execute custom install script
[21.462s] -- Symlinking: /home/azp/ros2_ws/install/ldlidar_stl_ros2/lib/ldlidar_stl_ros2/ldlidar_stl_ros2_node
[21.473s] -- Symlinking: /home/azp/ros2_ws/install/ldlidar_stl_ros2/share/ldlidar_stl_ros2//launch/ld06.launch.py
[21.484s] -- Symlinking: /home/azp/ros2_ws/install/ldlidar_stl_ros2/share/ldlidar_stl_ros2//launch/ld19.launch.py
[21.495s] -- Symlinking: /home/azp/ros2_ws/install/ldlidar_stl_ros2/share/ldlidar_stl_ros2//launch/viewer_ld06.launch.py
[21.505s] -- Symlinking: /home/azp/ros2_ws/install/ldlidar_stl_ros2/share/ldlidar_stl_ros2//launch/viewer_ld19.launch.py
[21.516s] -- Symlinking: /home/azp/ros2_ws/install/ldlidar_stl_ros2/share/ldlidar_stl_ros2//rviz2/ldlidar.rviz
[21.526s] -- Symlinking: /home/azp/ros2_ws/install/ldlidar_stl_ros2/share/ament_index/resource_index/package_run_dependencies/ldlidar_stl_ros2
[21.537s] -- Symlinking: /home/azp/ros2_ws/install/ldlidar_stl_ros2/share/ament_index/resource_index/parent_prefix_path/ldlidar_stl_ros2
[21.547s] -- Symlinking: /home/azp/ros2_ws/install/ldlidar_stl_ros2/share/ldlidar_stl_ros2/environment/ament_prefix_path.sh
[21.558s] -- Symlinking: /home/azp/ros2_ws/install/ldlidar_stl_ros2/share/ldlidar_stl_ros2/environment/ament_prefix_path.dsv
[21.569s] -- Symlinking: /home/azp/ros2_ws/install/ldlidar_stl_ros2/share/ldlidar_stl_ros2/environment/path.sh
[21.579s] -- Symlinking: /home/azp/ros2_ws/install/ldlidar_stl_ros2/share/ldlidar_stl_ros2/environment/path.dsv
[21.591s] -- Symlinking: /home/azp/ros2_ws/install/ldlidar_stl_ros2/share/ldlidar_stl_ros2/local_setup.bash
[21.601s] -- Symlinking: /home/azp/ros2_ws/install/ldlidar_stl_ros2/share/ldlidar_stl_ros2/local_setup.sh
[21.612s] -- Symlinking: /home/azp/ros2_ws/install/ldlidar_stl_ros2/share/ldlidar_stl_ros2/local_setup.zsh
[21.623s] -- Symlinking: /home/azp/ros2_ws/install/ldlidar_stl_ros2/share/ldlidar_stl_ros2/local_setup.dsv
[21.633s] -- Symlinking: /home/azp/ros2_ws/install/ldlidar_stl_ros2/share/ldlidar_stl_ros2/package.dsv
[21.644s] -- Symlinking: /home/azp/ros2_ws/install/ldlidar_stl_ros2/share/ament_index/resource_index/packages/ldlidar_stl_ros2
[21.655s] -- Symlinking: /home/azp/ros2_ws/install/ldlidar_stl_ros2/share/ldlidar_stl_ros2/cmake/ldlidar_stl_ros2Config.cmake
[21.666s] -- Symlinking: /home/azp/ros2_ws/install/ldlidar_stl_ros2/share/ldlidar_stl_ros2/cmake/ldlidar_stl_ros2Config-version.cmake
[21.677s] -- Symlinking: /home/azp/ros2_ws/install/ldlidar_stl_ros2/share/ldlidar_stl_ros2/package.xml
[21.693s] Invoked command in '/home/azp/ros2_ws/build/ldlidar_stl_ros2' returned '0': CMAKE_PREFIX_PATH=${CMAKE_PREFIX_PATH}:/opt/ros/humble /usr/bin/cmake --install /home/azp/ros2_ws/build/ldlidar_stl_ros2
