[0.077s] Invoking command in '/home/azp/ros2_ws/build/champ_msgs': CMAKE_PREFIX_PATH=${CMAKE_PREFIX_PATH}:/opt/ros/humble /usr/bin/cmake /home/azp/ros2_ws/src/champ/champ/champ_msgs -DAMENT_CMAKE_SYMLINK_INSTALL=1 -DCMAKE_INSTALL_PREFIX=/home/azp/ros2_ws/install/champ_msgs
[1.590s] -- The C compiler identification is GNU 11.3.0
[2.678s] -- The CXX compiler identification is GNU 11.3.0
[2.815s] -- Detecting C compiler ABI info
[3.297s] -- Detecting C compiler ABI info - done
[3.316s] -- Check for working C compiler: /usr/bin/cc - skipped
[3.316s] -- Detecting C compile features
[3.332s] -- Detecting C compile features - done
[3.346s] -- Detecting CXX compiler ABI info
[3.650s] -- Detecting CXX compiler ABI info - done
[3.665s] -- Check for working CXX compiler: /usr/bin/c++ - skipped
[3.666s] -- Detecting CXX compile features
[3.667s] -- Detecting CXX compile features - done
[3.774s] -- Found ament_cmake: 1.3.3 (/opt/ros/humble/share/ament_cmake/cmake)
[4.399s] -- Found Python3: /usr/bin/python3.10 (found version "3.10.6") found components: Interpreter 
[4.649s] -- Override CMake install command with custom implementation using symlinks instead of copying resources
[5.153s] -- Found rosidl_default_generators: 1.2.0 (/opt/ros/humble/share/rosidl_default_generators/cmake)
[5.209s] -- Using all available rosidl_typesupport_c: rosidl_typesupport_fastrtps_c;rosidl_typesupport_introspection_c
[5.415s] -- Found rosidl_adapter: 3.1.4 (/opt/ros/humble/share/rosidl_adapter/cmake)
[6.481s] -- Using all available rosidl_typesupport_cpp: rosidl_typesupport_fastrtps_cpp;rosidl_typesupport_introspection_cpp
[7.124s] -- Found std_msgs: 4.2.2 (/opt/ros/humble/share/std_msgs/cmake)
[7.391s] -- Found geometry_msgs: 4.2.2 (/opt/ros/humble/share/geometry_msgs/cmake)
[8.508s] -- Found ament_cmake_ros: 0.10.0 (/opt/ros/humble/share/ament_cmake_ros/cmake)
[9.584s] -- Using all available rosidl_typesupport_c: rosidl_typesupport_fastrtps_c;rosidl_typesupport_introspection_c
[10.477s] -- Using all available rosidl_typesupport_cpp: rosidl_typesupport_fastrtps_cpp;rosidl_typesupport_introspection_cpp
[10.572s] -- Found PythonInterp: /usr/bin/python3 (found suitable version "3.10.6", minimum required is "3.6") 
[10.664s] -- Found python_cmake_module: 0.10.0 (/opt/ros/humble/share/python_cmake_module/cmake)
[10.835s] -- Found PythonLibs: /usr/lib/x86_64-linux-gnu/libpython3.10.so (found suitable version "3.10.6", minimum required is "3.5") 
[10.835s] -- Using PYTHON_EXECUTABLE: /usr/bin/python3
[10.836s] -- Using PYTHON_INCLUDE_DIRS: /usr/include/python3.10
[10.836s] -- Using PYTHON_LIBRARIES: /usr/lib/x86_64-linux-gnu/libpython3.10.so
[10.869s] -- Found PythonExtra: .so  
[11.097s] -- Found ament_lint_auto: 0.12.4 (/opt/ros/humble/share/ament_lint_auto/cmake)
[11.197s] -- Configuring done
[11.361s] -- Generating done
[11.366s] -- Build files have been written to: /home/azp/ros2_ws/build/champ_msgs
[11.380s] Invoked command in '/home/azp/ros2_ws/build/champ_msgs' returned '0': CMAKE_PREFIX_PATH=${CMAKE_PREFIX_PATH}:/opt/ros/humble /usr/bin/cmake /home/azp/ros2_ws/src/champ/champ/champ_msgs -DAMENT_CMAKE_SYMLINK_INSTALL=1 -DCMAKE_INSTALL_PREFIX=/home/azp/ros2_ws/install/champ_msgs
[11.381s] Invoking command in '/home/azp/ros2_ws/build/champ_msgs': CMAKE_PREFIX_PATH=${CMAKE_PREFIX_PATH}:/opt/ros/humble /usr/bin/cmake --build /home/azp/ros2_ws/build/champ_msgs -- -j4 -l4
[11.492s] [  1%] [34m[1mGenerating C code for ROS interfaces[0m
[11.514s] [  2%] [34m[1mGenerating C++ code for ROS interfaces[0m
[11.538s] [  2%] Built target ament_cmake_python_symlink_champ_msgs
[12.015s] running egg_info
[12.017s] creating champ_msgs.egg-info
[12.017s] writing champ_msgs.egg-info/PKG-INFO
[12.017s] writing dependency_links to champ_msgs.egg-info/dependency_links.txt
[12.018s] writing top-level names to champ_msgs.egg-info/top_level.txt
[12.018s] writing manifest file 'champ_msgs.egg-info/SOURCES.txt'
[12.023s] reading manifest file 'champ_msgs.egg-info/SOURCES.txt'
[12.024s] writing manifest file 'champ_msgs.egg-info/SOURCES.txt'
[12.083s] [  2%] Built target ament_cmake_python_build_champ_msgs_egg
[14.028s] [  2%] Built target champ_msgs__cpp
[14.055s] [  3%] [34m[1mGenerating C++ type support for eProsima Fast-RTPS[0m
[14.091s] [  4%] [34m[1mGenerating C++ type support dispatch for ROS interfaces[0m
[14.111s] [  5%] [34m[1mGenerating C++ introspection for ROS interfaces[0m
[15.848s] [  6%] [32mBuilding C object CMakeFiles/champ_msgs__rosidl_generator_c.dir/rosidl_generator_c/champ_msgs/msg/detail/velocities__functions.c.o[0m
[15.870s] [  7%] [32mBuilding CXX object CMakeFiles/champ_msgs__rosidl_typesupport_cpp.dir/rosidl_typesupport_cpp/champ_msgs/msg/velocities__type_support.cpp.o[0m
[16.340s] [  8%] [32mBuilding C object CMakeFiles/champ_msgs__rosidl_generator_c.dir/rosidl_generator_c/champ_msgs/msg/detail/pid__functions.c.o[0m
[16.474s] [  9%] [32mBuilding C object CMakeFiles/champ_msgs__rosidl_generator_c.dir/rosidl_generator_c/champ_msgs/msg/detail/imu__functions.c.o[0m
[16.849s] [ 10%] [32mBuilding C object CMakeFiles/champ_msgs__rosidl_generator_c.dir/rosidl_generator_c/champ_msgs/msg/detail/point__functions.c.o[0m
[17.025s] [ 11%] [32mBuilding C object CMakeFiles/champ_msgs__rosidl_generator_c.dir/rosidl_generator_c/champ_msgs/msg/detail/point_array__functions.c.o[0m
[17.079s] [ 12%] [32mBuilding CXX object CMakeFiles/champ_msgs__rosidl_typesupport_fastrtps_cpp.dir/rosidl_typesupport_fastrtps_cpp/champ_msgs/msg/detail/dds_fastrtps/velocities__type_support.cpp.o[0m
[17.227s] [ 13%] [32mBuilding C object CMakeFiles/champ_msgs__rosidl_generator_c.dir/rosidl_generator_c/champ_msgs/msg/detail/joints__functions.c.o[0m
[17.256s] [ 14%] [32mBuilding CXX object CMakeFiles/champ_msgs__rosidl_typesupport_introspection_cpp.dir/rosidl_typesupport_introspection_cpp/champ_msgs/msg/detail/velocities__type_support.cpp.o[0m
[17.298s] [ 15%] [32mBuilding CXX object CMakeFiles/champ_msgs__rosidl_typesupport_cpp.dir/rosidl_typesupport_cpp/champ_msgs/msg/pid__type_support.cpp.o[0m
[17.378s] [ 16%] [32mBuilding C object CMakeFiles/champ_msgs__rosidl_generator_c.dir/rosidl_generator_c/champ_msgs/msg/detail/contacts__functions.c.o[0m
[17.472s] [ 17%] [32mBuilding C object CMakeFiles/champ_msgs__rosidl_generator_c.dir/rosidl_generator_c/champ_msgs/msg/detail/contacts_stamped__functions.c.o[0m
[17.895s] [ 18%] [32mBuilding C object CMakeFiles/champ_msgs__rosidl_generator_c.dir/rosidl_generator_c/champ_msgs/msg/detail/pose__functions.c.o[0m
[18.159s] [ 20%] [32mBuilding CXX object CMakeFiles/champ_msgs__rosidl_typesupport_cpp.dir/rosidl_typesupport_cpp/champ_msgs/msg/imu__type_support.cpp.o[0m
[18.229s] [ 21%] [32m[1mLinking C shared library libchamp_msgs__rosidl_generator_c.so[0m
[18.560s] [ 21%] Built target champ_msgs__rosidl_generator_c
[18.611s] [ 22%] [32mBuilding CXX object CMakeFiles/champ_msgs__rosidl_typesupport_fastrtps_cpp.dir/rosidl_typesupport_fastrtps_cpp/champ_msgs/msg/detail/dds_fastrtps/pid__type_support.cpp.o[0m
[18.739s] [ 23%] [32mBuilding CXX object CMakeFiles/champ_msgs__rosidl_typesupport_introspection_cpp.dir/rosidl_typesupport_introspection_cpp/champ_msgs/msg/detail/pid__type_support.cpp.o[0m
[19.267s] [ 24%] [32mBuilding CXX object CMakeFiles/champ_msgs__rosidl_typesupport_fastrtps_cpp.dir/rosidl_typesupport_fastrtps_cpp/champ_msgs/msg/detail/dds_fastrtps/imu__type_support.cpp.o[0m
[19.355s] [ 25%] [32mBuilding CXX object CMakeFiles/champ_msgs__rosidl_typesupport_cpp.dir/rosidl_typesupport_cpp/champ_msgs/msg/point__type_support.cpp.o[0m
[20.243s] [ 26%] [32mBuilding CXX object CMakeFiles/champ_msgs__rosidl_typesupport_fastrtps_cpp.dir/rosidl_typesupport_fastrtps_cpp/champ_msgs/msg/detail/dds_fastrtps/point__type_support.cpp.o[0m
[20.264s] [ 27%] [32mBuilding CXX object CMakeFiles/champ_msgs__rosidl_typesupport_cpp.dir/rosidl_typesupport_cpp/champ_msgs/msg/point_array__type_support.cpp.o[0m
[20.374s] [ 28%] [32mBuilding CXX object CMakeFiles/champ_msgs__rosidl_typesupport_introspection_cpp.dir/rosidl_typesupport_introspection_cpp/champ_msgs/msg/detail/imu__type_support.cpp.o[0m
[20.563s] [ 29%] [32mBuilding CXX object CMakeFiles/champ_msgs__rosidl_typesupport_introspection_cpp.dir/rosidl_typesupport_introspection_cpp/champ_msgs/msg/detail/point__type_support.cpp.o[0m
[21.163s] [ 30%] [32mBuilding CXX object CMakeFiles/champ_msgs__rosidl_typesupport_cpp.dir/rosidl_typesupport_cpp/champ_msgs/msg/joints__type_support.cpp.o[0m
[21.345s] [ 31%] [32mBuilding CXX object CMakeFiles/champ_msgs__rosidl_typesupport_introspection_cpp.dir/rosidl_typesupport_introspection_cpp/champ_msgs/msg/detail/point_array__type_support.cpp.o[0m
[21.539s] [ 32%] [32mBuilding CXX object CMakeFiles/champ_msgs__rosidl_typesupport_introspection_cpp.dir/rosidl_typesupport_introspection_cpp/champ_msgs/msg/detail/joints__type_support.cpp.o[0m
[21.732s] [ 33%] [32mBuilding CXX object CMakeFiles/champ_msgs__rosidl_typesupport_fastrtps_cpp.dir/rosidl_typesupport_fastrtps_cpp/champ_msgs/msg/detail/dds_fastrtps/point_array__type_support.cpp.o[0m
[21.754s] [ 34%] [32mBuilding CXX object CMakeFiles/champ_msgs__rosidl_typesupport_cpp.dir/rosidl_typesupport_cpp/champ_msgs/msg/contacts__type_support.cpp.o[0m
[22.475s] [ 35%] [32mBuilding CXX object CMakeFiles/champ_msgs__rosidl_typesupport_cpp.dir/rosidl_typesupport_cpp/champ_msgs/msg/contacts_stamped__type_support.cpp.o[0m
[22.640s] [ 36%] [32mBuilding CXX object CMakeFiles/champ_msgs__rosidl_typesupport_fastrtps_cpp.dir/rosidl_typesupport_fastrtps_cpp/champ_msgs/msg/detail/dds_fastrtps/joints__type_support.cpp.o[0m
[22.681s] [ 37%] [32mBuilding CXX object CMakeFiles/champ_msgs__rosidl_typesupport_cpp.dir/rosidl_typesupport_cpp/champ_msgs/msg/pose__type_support.cpp.o[0m
[22.980s] [ 38%] [32mBuilding CXX object CMakeFiles/champ_msgs__rosidl_typesupport_introspection_cpp.dir/rosidl_typesupport_introspection_cpp/champ_msgs/msg/detail/contacts__type_support.cpp.o[0m
[23.315s] [ 40%] [32mBuilding CXX object CMakeFiles/champ_msgs__rosidl_typesupport_introspection_cpp.dir/rosidl_typesupport_introspection_cpp/champ_msgs/msg/detail/contacts_stamped__type_support.cpp.o[0m
[23.468s] [ 41%] [32m[1mLinking CXX shared library libchamp_msgs__rosidl_typesupport_cpp.so[0m
[23.556s] [ 42%] [32mBuilding CXX object CMakeFiles/champ_msgs__rosidl_typesupport_fastrtps_cpp.dir/rosidl_typesupport_fastrtps_cpp/champ_msgs/msg/detail/dds_fastrtps/contacts__type_support.cpp.o[0m
[23.703s] [ 42%] Built target champ_msgs__rosidl_typesupport_cpp
[23.746s] [ 43%] [32mBuilding CXX object CMakeFiles/champ_msgs__rosidl_typesupport_introspection_cpp.dir/rosidl_typesupport_introspection_cpp/champ_msgs/msg/detail/pose__type_support.cpp.o[0m
[24.187s] [ 44%] [34m[1mGenerating C type support for eProsima Fast-RTPS[0m
[24.427s] [ 45%] [34m[1mGenerating C introspection for ROS interfaces[0m
[24.603s] [ 46%] [32mBuilding CXX object CMakeFiles/champ_msgs__rosidl_typesupport_fastrtps_cpp.dir/rosidl_typesupport_fastrtps_cpp/champ_msgs/msg/detail/dds_fastrtps/contacts_stamped__type_support.cpp.o[0m
[24.859s] [ 47%] [32m[1mLinking CXX shared library libchamp_msgs__rosidl_typesupport_introspection_cpp.so[0m
[25.253s] [ 47%] Built target champ_msgs__rosidl_typesupport_introspection_cpp
[25.319s] [ 48%] [34m[1mGenerating C type support dispatch for ROS interfaces[0m
[25.629s] [ 49%] [32mBuilding CXX object CMakeFiles/champ_msgs__rosidl_typesupport_fastrtps_cpp.dir/rosidl_typesupport_fastrtps_cpp/champ_msgs/msg/detail/dds_fastrtps/pose__type_support.cpp.o[0m
[26.094s] [ 50%] [32mBuilding CXX object CMakeFiles/champ_msgs__rosidl_typesupport_fastrtps_c.dir/rosidl_typesupport_fastrtps_c/champ_msgs/msg/detail/velocities__type_support_c.cpp.o[0m
[26.134s] [ 51%] [32mBuilding C object CMakeFiles/champ_msgs__rosidl_typesupport_introspection_c.dir/rosidl_typesupport_introspection_c/champ_msgs/msg/detail/velocities__type_support.c.o[0m
[26.256s] [ 52%] [32mBuilding C object CMakeFiles/champ_msgs__rosidl_typesupport_introspection_c.dir/rosidl_typesupport_introspection_c/champ_msgs/msg/detail/pid__type_support.c.o[0m
[26.375s] [ 53%] [32mBuilding C object CMakeFiles/champ_msgs__rosidl_typesupport_introspection_c.dir/rosidl_typesupport_introspection_c/champ_msgs/msg/detail/imu__type_support.c.o[0m
[26.500s] [ 54%] [32m[1mLinking CXX shared library libchamp_msgs__rosidl_typesupport_fastrtps_cpp.so[0m
[26.559s] [ 55%] [32mBuilding C object CMakeFiles/champ_msgs__rosidl_typesupport_introspection_c.dir/rosidl_typesupport_introspection_c/champ_msgs/msg/detail/point__type_support.c.o[0m
[26.634s] [ 56%] [32mBuilding C object CMakeFiles/champ_msgs__rosidl_typesupport_introspection_c.dir/rosidl_typesupport_introspection_c/champ_msgs/msg/detail/point_array__type_support.c.o[0m
[26.639s] [ 57%] [32mBuilding CXX object CMakeFiles/champ_msgs__rosidl_typesupport_c.dir/rosidl_typesupport_c/champ_msgs/msg/velocities__type_support.cpp.o[0m
[26.706s] [ 58%] [32mBuilding C object CMakeFiles/champ_msgs__rosidl_typesupport_introspection_c.dir/rosidl_typesupport_introspection_c/champ_msgs/msg/detail/joints__type_support.c.o[0m
[26.754s] [ 60%] [32mBuilding CXX object CMakeFiles/champ_msgs__rosidl_typesupport_c.dir/rosidl_typesupport_c/champ_msgs/msg/pid__type_support.cpp.o[0m
[26.787s] [ 60%] Built target champ_msgs__rosidl_typesupport_fastrtps_cpp
[26.808s] [ 61%] [32mBuilding CXX object CMakeFiles/champ_msgs__rosidl_typesupport_c.dir/rosidl_typesupport_c/champ_msgs/msg/imu__type_support.cpp.o[0m
[26.816s] [ 62%] [32mBuilding C object CMakeFiles/champ_msgs__rosidl_typesupport_introspection_c.dir/rosidl_typesupport_introspection_c/champ_msgs/msg/detail/contacts__type_support.c.o[0m
[26.855s] [ 63%] [32mBuilding C object CMakeFiles/champ_msgs__rosidl_typesupport_introspection_c.dir/rosidl_typesupport_introspection_c/champ_msgs/msg/detail/contacts_stamped__type_support.c.o[0m
[26.896s] [ 64%] [32mBuilding CXX object CMakeFiles/champ_msgs__rosidl_typesupport_c.dir/rosidl_typesupport_c/champ_msgs/msg/point__type_support.cpp.o[0m
[26.917s] [ 65%] [32mBuilding CXX object CMakeFiles/champ_msgs__rosidl_typesupport_fastrtps_c.dir/rosidl_typesupport_fastrtps_c/champ_msgs/msg/detail/pid__type_support_c.cpp.o[0m
[26.956s] [ 66%] [32mBuilding CXX object CMakeFiles/champ_msgs__rosidl_typesupport_c.dir/rosidl_typesupport_c/champ_msgs/msg/point_array__type_support.cpp.o[0m
[27.000s] [ 67%] [32mBuilding C object CMakeFiles/champ_msgs__rosidl_typesupport_introspection_c.dir/rosidl_typesupport_introspection_c/champ_msgs/msg/detail/pose__type_support.c.o[0m
[27.025s] [ 68%] [32mBuilding CXX object CMakeFiles/champ_msgs__rosidl_typesupport_fastrtps_c.dir/rosidl_typesupport_fastrtps_c/champ_msgs/msg/detail/imu__type_support_c.cpp.o[0m
[27.056s] [ 69%] [32mBuilding CXX object CMakeFiles/champ_msgs__rosidl_typesupport_c.dir/rosidl_typesupport_c/champ_msgs/msg/joints__type_support.cpp.o[0m
[27.131s] [ 70%] [32m[1mLinking C shared library libchamp_msgs__rosidl_typesupport_introspection_c.so[0m
[27.135s] [ 71%] [32mBuilding CXX object CMakeFiles/champ_msgs__rosidl_typesupport_c.dir/rosidl_typesupport_c/champ_msgs/msg/contacts__type_support.cpp.o[0m
[27.212s] [ 72%] [32mBuilding CXX object CMakeFiles/champ_msgs__rosidl_typesupport_c.dir/rosidl_typesupport_c/champ_msgs/msg/contacts_stamped__type_support.cpp.o[0m
[27.280s] [ 73%] [32mBuilding CXX object CMakeFiles/champ_msgs__rosidl_typesupport_c.dir/rosidl_typesupport_c/champ_msgs/msg/pose__type_support.cpp.o[0m
[27.299s] [ 73%] Built target champ_msgs__rosidl_typesupport_introspection_c
[27.316s] [ 74%] [32mBuilding CXX object CMakeFiles/champ_msgs__rosidl_typesupport_fastrtps_c.dir/rosidl_typesupport_fastrtps_c/champ_msgs/msg/detail/point__type_support_c.cpp.o[0m
[27.439s] [ 75%] [32m[1mLinking CXX shared library libchamp_msgs__rosidl_typesupport_c.so[0m
[27.672s] [ 75%] Built target champ_msgs__rosidl_typesupport_c
[27.720s] [ 76%] [32mBuilding CXX object CMakeFiles/champ_msgs__rosidl_typesupport_fastrtps_c.dir/rosidl_typesupport_fastrtps_c/champ_msgs/msg/detail/point_array__type_support_c.cpp.o[0m
[27.817s] [ 77%] [32mBuilding CXX object CMakeFiles/champ_msgs__rosidl_typesupport_fastrtps_c.dir/rosidl_typesupport_fastrtps_c/champ_msgs/msg/detail/joints__type_support_c.cpp.o[0m
[27.925s] [ 78%] [32mBuilding CXX object CMakeFiles/champ_msgs__rosidl_typesupport_fastrtps_c.dir/rosidl_typesupport_fastrtps_c/champ_msgs/msg/detail/contacts__type_support_c.cpp.o[0m
[28.357s] [ 80%] [32mBuilding CXX object CMakeFiles/champ_msgs__rosidl_typesupport_fastrtps_c.dir/rosidl_typesupport_fastrtps_c/champ_msgs/msg/detail/contacts_stamped__type_support_c.cpp.o[0m
[28.567s] [ 81%] [32mBuilding CXX object CMakeFiles/champ_msgs__rosidl_typesupport_fastrtps_c.dir/rosidl_typesupport_fastrtps_c/champ_msgs/msg/detail/pose__type_support_c.cpp.o[0m
[29.224s] [ 82%] [32m[1mLinking CXX shared library libchamp_msgs__rosidl_typesupport_fastrtps_c.so[0m
[29.505s] [ 82%] Built target champ_msgs__rosidl_typesupport_fastrtps_c
[29.531s] [ 82%] Built target champ_msgs
[29.557s] [ 83%] [34m[1mGenerating Python code for ROS interfaces[0m
[31.073s] [ 83%] Built target champ_msgs__py
[31.102s] [ 85%] [32mBuilding C object CMakeFiles/champ_msgs__rosidl_generator_py.dir/rosidl_generator_py/champ_msgs/msg/_pid_s.c.o[0m
[31.103s] [ 87%] [32mBuilding C object CMakeFiles/champ_msgs__rosidl_generator_py.dir/rosidl_generator_py/champ_msgs/msg/_point_s.c.o[0m
[31.103s] [ 87%] [32mBuilding C object CMakeFiles/champ_msgs__rosidl_generator_py.dir/rosidl_generator_py/champ_msgs/msg/_velocities_s.c.o[0m
[31.103s] [ 87%] [32mBuilding C object CMakeFiles/champ_msgs__rosidl_generator_py.dir/rosidl_generator_py/champ_msgs/msg/_imu_s.c.o[0m
[31.881s] [ 88%] [32mBuilding C object CMakeFiles/champ_msgs__rosidl_generator_py.dir/rosidl_generator_py/champ_msgs/msg/_point_array_s.c.o[0m
[31.912s] [ 89%] [32mBuilding C object CMakeFiles/champ_msgs__rosidl_generator_py.dir/rosidl_generator_py/champ_msgs/msg/_joints_s.c.o[0m
[31.912s] [ 90%] [32mBuilding C object CMakeFiles/champ_msgs__rosidl_generator_py.dir/rosidl_generator_py/champ_msgs/msg/_contacts_s.c.o[0m
[31.919s] [ 91%] [32mBuilding C object CMakeFiles/champ_msgs__rosidl_generator_py.dir/rosidl_generator_py/champ_msgs/msg/_contacts_stamped_s.c.o[0m
[32.104s] [ 92%] [32mBuilding C object CMakeFiles/champ_msgs__rosidl_generator_py.dir/rosidl_generator_py/champ_msgs/msg/_pose_s.c.o[0m
[32.254s] [ 93%] [32m[1mLinking C shared library rosidl_generator_py/champ_msgs/libchamp_msgs__rosidl_generator_py.so[0m
[32.314s] [ 93%] Built target champ_msgs__rosidl_generator_py
[32.343s] [ 94%] [32mBuilding C object CMakeFiles/champ_msgs__rosidl_typesupport_introspection_c__pyext.dir/rosidl_generator_py/champ_msgs/_champ_msgs_s.ep.rosidl_typesupport_introspection_c.c.o[0m
[32.345s] [ 95%] [32mBuilding C object CMakeFiles/champ_msgs__rosidl_typesupport_fastrtps_c__pyext.dir/rosidl_generator_py/champ_msgs/_champ_msgs_s.ep.rosidl_typesupport_fastrtps_c.c.o[0m
[32.349s] [ 96%] [32mBuilding C object CMakeFiles/champ_msgs__rosidl_typesupport_c__pyext.dir/rosidl_generator_py/champ_msgs/_champ_msgs_s.ep.rosidl_typesupport_c.c.o[0m
[32.538s] [ 97%] [32m[1mLinking C shared library rosidl_generator_py/champ_msgs/champ_msgs_s__rosidl_typesupport_c.cpython-310-x86_64-linux-gnu.so[0m
[32.597s] [ 97%] Built target champ_msgs__rosidl_typesupport_c__pyext
[32.617s] [100%] [32m[1mLinking C shared library rosidl_generator_py/champ_msgs/champ_msgs_s__rosidl_typesupport_fastrtps_c.cpython-310-x86_64-linux-gnu.so[0m
[32.617s] [100%] [32m[1mLinking C shared library rosidl_generator_py/champ_msgs/champ_msgs_s__rosidl_typesupport_introspection_c.cpython-310-x86_64-linux-gnu.so[0m
[32.671s] [100%] Built target champ_msgs__rosidl_typesupport_introspection_c__pyext
[32.671s] [100%] Built target champ_msgs__rosidl_typesupport_fastrtps_c__pyext
[32.686s] Invoked command in '/home/azp/ros2_ws/build/champ_msgs' returned '0': CMAKE_PREFIX_PATH=${CMAKE_PREFIX_PATH}:/opt/ros/humble /usr/bin/cmake --build /home/azp/ros2_ws/build/champ_msgs -- -j4 -l4
[32.966s] Invoking command in '/home/azp/ros2_ws/build/champ_msgs': CMAKE_PREFIX_PATH=${CMAKE_PREFIX_PATH}:/opt/ros/humble /usr/bin/cmake --install /home/azp/ros2_ws/build/champ_msgs
[32.975s] -- Install configuration: ""
[32.976s] -- Execute custom install script
[32.976s] -- Symlinking: /home/azp/ros2_ws/install/champ_msgs/share/ament_index/resource_index/rosidl_interfaces/champ_msgs
[32.988s] -- Symlinking: /home/azp/ros2_ws/install/champ_msgs/include/champ_msgs/champ_msgs/msg/contacts.h
[32.999s] -- Symlinking: /home/azp/ros2_ws/install/champ_msgs/include/champ_msgs/champ_msgs/msg/contacts_stamped.h
[33.009s] -- Symlinking: /home/azp/ros2_ws/install/champ_msgs/include/champ_msgs/champ_msgs/msg/detail/contacts__functions.h
[33.019s] -- Symlinking: /home/azp/ros2_ws/install/champ_msgs/include/champ_msgs/champ_msgs/msg/detail/contacts__struct.h
[33.029s] -- Symlinking: /home/azp/ros2_ws/install/champ_msgs/include/champ_msgs/champ_msgs/msg/detail/contacts__type_support.h
[33.040s] -- Symlinking: /home/azp/ros2_ws/install/champ_msgs/include/champ_msgs/champ_msgs/msg/detail/contacts_stamped__functions.h
[33.050s] -- Symlinking: /home/azp/ros2_ws/install/champ_msgs/include/champ_msgs/champ_msgs/msg/detail/contacts_stamped__struct.h
[33.060s] -- Symlinking: /home/azp/ros2_ws/install/champ_msgs/include/champ_msgs/champ_msgs/msg/detail/contacts_stamped__type_support.h
[33.070s] -- Symlinking: /home/azp/ros2_ws/install/champ_msgs/include/champ_msgs/champ_msgs/msg/detail/imu__functions.h
[33.081s] -- Symlinking: /home/azp/ros2_ws/install/champ_msgs/include/champ_msgs/champ_msgs/msg/detail/imu__struct.h
[33.091s] -- Symlinking: /home/azp/ros2_ws/install/champ_msgs/include/champ_msgs/champ_msgs/msg/detail/imu__type_support.h
[33.101s] -- Symlinking: /home/azp/ros2_ws/install/champ_msgs/include/champ_msgs/champ_msgs/msg/detail/joints__functions.h
[33.112s] -- Symlinking: /home/azp/ros2_ws/install/champ_msgs/include/champ_msgs/champ_msgs/msg/detail/joints__struct.h
[33.122s] -- Symlinking: /home/azp/ros2_ws/install/champ_msgs/include/champ_msgs/champ_msgs/msg/detail/joints__type_support.h
[33.132s] -- Symlinking: /home/azp/ros2_ws/install/champ_msgs/include/champ_msgs/champ_msgs/msg/detail/pid__functions.h
[33.143s] -- Symlinking: /home/azp/ros2_ws/install/champ_msgs/include/champ_msgs/champ_msgs/msg/detail/pid__struct.h
[33.153s] -- Symlinking: /home/azp/ros2_ws/install/champ_msgs/include/champ_msgs/champ_msgs/msg/detail/pid__type_support.h
[33.164s] -- Symlinking: /home/azp/ros2_ws/install/champ_msgs/include/champ_msgs/champ_msgs/msg/detail/point__functions.h
[33.174s] -- Symlinking: /home/azp/ros2_ws/install/champ_msgs/include/champ_msgs/champ_msgs/msg/detail/point__struct.h
[33.184s] -- Symlinking: /home/azp/ros2_ws/install/champ_msgs/include/champ_msgs/champ_msgs/msg/detail/point__type_support.h
[33.194s] -- Symlinking: /home/azp/ros2_ws/install/champ_msgs/include/champ_msgs/champ_msgs/msg/detail/point_array__functions.h
[33.205s] -- Symlinking: /home/azp/ros2_ws/install/champ_msgs/include/champ_msgs/champ_msgs/msg/detail/point_array__struct.h
[33.215s] -- Symlinking: /home/azp/ros2_ws/install/champ_msgs/include/champ_msgs/champ_msgs/msg/detail/point_array__type_support.h
[33.226s] -- Symlinking: /home/azp/ros2_ws/install/champ_msgs/include/champ_msgs/champ_msgs/msg/detail/pose__functions.h
[33.236s] -- Symlinking: /home/azp/ros2_ws/install/champ_msgs/include/champ_msgs/champ_msgs/msg/detail/pose__struct.h
[33.246s] -- Symlinking: /home/azp/ros2_ws/install/champ_msgs/include/champ_msgs/champ_msgs/msg/detail/pose__type_support.h
[33.256s] -- Symlinking: /home/azp/ros2_ws/install/champ_msgs/include/champ_msgs/champ_msgs/msg/detail/velocities__functions.h
[33.267s] -- Symlinking: /home/azp/ros2_ws/install/champ_msgs/include/champ_msgs/champ_msgs/msg/detail/velocities__struct.h
[33.277s] -- Symlinking: /home/azp/ros2_ws/install/champ_msgs/include/champ_msgs/champ_msgs/msg/detail/velocities__type_support.h
[33.287s] -- Symlinking: /home/azp/ros2_ws/install/champ_msgs/include/champ_msgs/champ_msgs/msg/imu.h
[33.298s] -- Symlinking: /home/azp/ros2_ws/install/champ_msgs/include/champ_msgs/champ_msgs/msg/joints.h
[33.308s] -- Symlinking: /home/azp/ros2_ws/install/champ_msgs/include/champ_msgs/champ_msgs/msg/pid.h
[33.319s] -- Symlinking: /home/azp/ros2_ws/install/champ_msgs/include/champ_msgs/champ_msgs/msg/point.h
[33.329s] -- Symlinking: /home/azp/ros2_ws/install/champ_msgs/include/champ_msgs/champ_msgs/msg/point_array.h
[33.339s] -- Symlinking: /home/azp/ros2_ws/install/champ_msgs/include/champ_msgs/champ_msgs/msg/pose.h
[33.350s] -- Symlinking: /home/azp/ros2_ws/install/champ_msgs/include/champ_msgs/champ_msgs/msg/rosidl_generator_c__visibility_control.h
[33.360s] -- Symlinking: /home/azp/ros2_ws/install/champ_msgs/include/champ_msgs/champ_msgs/msg/velocities.h
[33.370s] -- Symlinking: /home/azp/ros2_ws/install/champ_msgs/share/champ_msgs/environment/library_path.sh
[33.381s] -- Symlinking: /home/azp/ros2_ws/install/champ_msgs/share/champ_msgs/environment/library_path.dsv
[33.392s] -- Symlinking: /home/azp/ros2_ws/install/champ_msgs/include/champ_msgs/champ_msgs/msg/detail/contacts__rosidl_typesupport_fastrtps_c.h
[33.402s] -- Symlinking: /home/azp/ros2_ws/install/champ_msgs/include/champ_msgs/champ_msgs/msg/detail/contacts_stamped__rosidl_typesupport_fastrtps_c.h
[33.413s] -- Symlinking: /home/azp/ros2_ws/install/champ_msgs/include/champ_msgs/champ_msgs/msg/detail/imu__rosidl_typesupport_fastrtps_c.h
[33.423s] -- Symlinking: /home/azp/ros2_ws/install/champ_msgs/include/champ_msgs/champ_msgs/msg/detail/joints__rosidl_typesupport_fastrtps_c.h
[33.433s] -- Symlinking: /home/azp/ros2_ws/install/champ_msgs/include/champ_msgs/champ_msgs/msg/detail/pid__rosidl_typesupport_fastrtps_c.h
[33.444s] -- Symlinking: /home/azp/ros2_ws/install/champ_msgs/include/champ_msgs/champ_msgs/msg/detail/point__rosidl_typesupport_fastrtps_c.h
[33.454s] -- Symlinking: /home/azp/ros2_ws/install/champ_msgs/include/champ_msgs/champ_msgs/msg/detail/point_array__rosidl_typesupport_fastrtps_c.h
[33.464s] -- Symlinking: /home/azp/ros2_ws/install/champ_msgs/include/champ_msgs/champ_msgs/msg/detail/pose__rosidl_typesupport_fastrtps_c.h
[33.475s] -- Symlinking: /home/azp/ros2_ws/install/champ_msgs/include/champ_msgs/champ_msgs/msg/detail/velocities__rosidl_typesupport_fastrtps_c.h
[33.485s] -- Symlinking: /home/azp/ros2_ws/install/champ_msgs/include/champ_msgs/champ_msgs/msg/rosidl_typesupport_fastrtps_c__visibility_control.h
[33.496s] -- Symlinking: /home/azp/ros2_ws/install/champ_msgs/include/champ_msgs/champ_msgs/msg/detail/contacts__rosidl_typesupport_introspection_c.h
[33.506s] -- Symlinking: /home/azp/ros2_ws/install/champ_msgs/include/champ_msgs/champ_msgs/msg/detail/contacts_stamped__rosidl_typesupport_introspection_c.h
[33.516s] -- Symlinking: /home/azp/ros2_ws/install/champ_msgs/include/champ_msgs/champ_msgs/msg/detail/imu__rosidl_typesupport_introspection_c.h
[33.527s] -- Symlinking: /home/azp/ros2_ws/install/champ_msgs/include/champ_msgs/champ_msgs/msg/detail/joints__rosidl_typesupport_introspection_c.h
[33.537s] -- Symlinking: /home/azp/ros2_ws/install/champ_msgs/include/champ_msgs/champ_msgs/msg/detail/pid__rosidl_typesupport_introspection_c.h
[33.547s] -- Symlinking: /home/azp/ros2_ws/install/champ_msgs/include/champ_msgs/champ_msgs/msg/detail/point__rosidl_typesupport_introspection_c.h
[33.557s] -- Symlinking: /home/azp/ros2_ws/install/champ_msgs/include/champ_msgs/champ_msgs/msg/detail/point_array__rosidl_typesupport_introspection_c.h
[33.568s] -- Symlinking: /home/azp/ros2_ws/install/champ_msgs/include/champ_msgs/champ_msgs/msg/detail/pose__rosidl_typesupport_introspection_c.h
[33.578s] -- Symlinking: /home/azp/ros2_ws/install/champ_msgs/include/champ_msgs/champ_msgs/msg/detail/velocities__rosidl_typesupport_introspection_c.h
[33.588s] -- Symlinking: /home/azp/ros2_ws/install/champ_msgs/include/champ_msgs/champ_msgs/msg/rosidl_typesupport_introspection_c__visibility_control.h
[33.600s] -- Symlinking: /home/azp/ros2_ws/install/champ_msgs/include/champ_msgs/champ_msgs/msg/contacts.hpp
[33.610s] -- Symlinking: /home/azp/ros2_ws/install/champ_msgs/include/champ_msgs/champ_msgs/msg/contacts_stamped.hpp
[33.621s] -- Symlinking: /home/azp/ros2_ws/install/champ_msgs/include/champ_msgs/champ_msgs/msg/detail/contacts__builder.hpp
[33.631s] -- Symlinking: /home/azp/ros2_ws/install/champ_msgs/include/champ_msgs/champ_msgs/msg/detail/contacts__struct.hpp
[33.641s] -- Symlinking: /home/azp/ros2_ws/install/champ_msgs/include/champ_msgs/champ_msgs/msg/detail/contacts__traits.hpp
[33.651s] -- Symlinking: /home/azp/ros2_ws/install/champ_msgs/include/champ_msgs/champ_msgs/msg/detail/contacts_stamped__builder.hpp
[33.661s] -- Symlinking: /home/azp/ros2_ws/install/champ_msgs/include/champ_msgs/champ_msgs/msg/detail/contacts_stamped__struct.hpp
[33.672s] -- Symlinking: /home/azp/ros2_ws/install/champ_msgs/include/champ_msgs/champ_msgs/msg/detail/contacts_stamped__traits.hpp
[33.682s] -- Symlinking: /home/azp/ros2_ws/install/champ_msgs/include/champ_msgs/champ_msgs/msg/detail/imu__builder.hpp
[33.692s] -- Symlinking: /home/azp/ros2_ws/install/champ_msgs/include/champ_msgs/champ_msgs/msg/detail/imu__struct.hpp
[33.702s] -- Symlinking: /home/azp/ros2_ws/install/champ_msgs/include/champ_msgs/champ_msgs/msg/detail/imu__traits.hpp
[33.712s] -- Symlinking: /home/azp/ros2_ws/install/champ_msgs/include/champ_msgs/champ_msgs/msg/detail/joints__builder.hpp
[33.723s] -- Symlinking: /home/azp/ros2_ws/install/champ_msgs/include/champ_msgs/champ_msgs/msg/detail/joints__struct.hpp
[33.733s] -- Symlinking: /home/azp/ros2_ws/install/champ_msgs/include/champ_msgs/champ_msgs/msg/detail/joints__traits.hpp
[33.743s] -- Symlinking: /home/azp/ros2_ws/install/champ_msgs/include/champ_msgs/champ_msgs/msg/detail/pid__builder.hpp
[33.753s] -- Symlinking: /home/azp/ros2_ws/install/champ_msgs/include/champ_msgs/champ_msgs/msg/detail/pid__struct.hpp
[33.763s] -- Symlinking: /home/azp/ros2_ws/install/champ_msgs/include/champ_msgs/champ_msgs/msg/detail/pid__traits.hpp
[33.773s] -- Symlinking: /home/azp/ros2_ws/install/champ_msgs/include/champ_msgs/champ_msgs/msg/detail/point__builder.hpp
[33.784s] -- Symlinking: /home/azp/ros2_ws/install/champ_msgs/include/champ_msgs/champ_msgs/msg/detail/point__struct.hpp
[33.794s] -- Symlinking: /home/azp/ros2_ws/install/champ_msgs/include/champ_msgs/champ_msgs/msg/detail/point__traits.hpp
[33.804s] -- Symlinking: /home/azp/ros2_ws/install/champ_msgs/include/champ_msgs/champ_msgs/msg/detail/point_array__builder.hpp
[33.814s] -- Symlinking: /home/azp/ros2_ws/install/champ_msgs/include/champ_msgs/champ_msgs/msg/detail/point_array__struct.hpp
[33.825s] -- Symlinking: /home/azp/ros2_ws/install/champ_msgs/include/champ_msgs/champ_msgs/msg/detail/point_array__traits.hpp
[33.835s] -- Symlinking: /home/azp/ros2_ws/install/champ_msgs/include/champ_msgs/champ_msgs/msg/detail/pose__builder.hpp
[33.845s] -- Symlinking: /home/azp/ros2_ws/install/champ_msgs/include/champ_msgs/champ_msgs/msg/detail/pose__struct.hpp
[33.855s] -- Symlinking: /home/azp/ros2_ws/install/champ_msgs/include/champ_msgs/champ_msgs/msg/detail/pose__traits.hpp
[33.865s] -- Symlinking: /home/azp/ros2_ws/install/champ_msgs/include/champ_msgs/champ_msgs/msg/detail/velocities__builder.hpp
[33.876s] -- Symlinking: /home/azp/ros2_ws/install/champ_msgs/include/champ_msgs/champ_msgs/msg/detail/velocities__struct.hpp
[33.886s] -- Symlinking: /home/azp/ros2_ws/install/champ_msgs/include/champ_msgs/champ_msgs/msg/detail/velocities__traits.hpp
[33.896s] -- Symlinking: /home/azp/ros2_ws/install/champ_msgs/include/champ_msgs/champ_msgs/msg/imu.hpp
[33.906s] -- Symlinking: /home/azp/ros2_ws/install/champ_msgs/include/champ_msgs/champ_msgs/msg/joints.hpp
[33.917s] -- Symlinking: /home/azp/ros2_ws/install/champ_msgs/include/champ_msgs/champ_msgs/msg/pid.hpp
[33.927s] -- Symlinking: /home/azp/ros2_ws/install/champ_msgs/include/champ_msgs/champ_msgs/msg/point.hpp
[33.937s] -- Symlinking: /home/azp/ros2_ws/install/champ_msgs/include/champ_msgs/champ_msgs/msg/point_array.hpp
[33.947s] -- Symlinking: /home/azp/ros2_ws/install/champ_msgs/include/champ_msgs/champ_msgs/msg/pose.hpp
[33.958s] -- Symlinking: /home/azp/ros2_ws/install/champ_msgs/include/champ_msgs/champ_msgs/msg/velocities.hpp
[33.969s] -- Symlinking: /home/azp/ros2_ws/install/champ_msgs/include/champ_msgs/champ_msgs/msg/detail/contacts__rosidl_typesupport_fastrtps_cpp.hpp
[33.979s] -- Symlinking: /home/azp/ros2_ws/install/champ_msgs/include/champ_msgs/champ_msgs/msg/detail/contacts_stamped__rosidl_typesupport_fastrtps_cpp.hpp
[33.989s] -- Symlinking: /home/azp/ros2_ws/install/champ_msgs/include/champ_msgs/champ_msgs/msg/detail/imu__rosidl_typesupport_fastrtps_cpp.hpp
[34.000s] -- Symlinking: /home/azp/ros2_ws/install/champ_msgs/include/champ_msgs/champ_msgs/msg/detail/joints__rosidl_typesupport_fastrtps_cpp.hpp
[34.010s] -- Symlinking: /home/azp/ros2_ws/install/champ_msgs/include/champ_msgs/champ_msgs/msg/detail/pid__rosidl_typesupport_fastrtps_cpp.hpp
[34.021s] -- Symlinking: /home/azp/ros2_ws/install/champ_msgs/include/champ_msgs/champ_msgs/msg/detail/point__rosidl_typesupport_fastrtps_cpp.hpp
[34.031s] -- Symlinking: /home/azp/ros2_ws/install/champ_msgs/include/champ_msgs/champ_msgs/msg/detail/point_array__rosidl_typesupport_fastrtps_cpp.hpp
[34.041s] -- Symlinking: /home/azp/ros2_ws/install/champ_msgs/include/champ_msgs/champ_msgs/msg/detail/pose__rosidl_typesupport_fastrtps_cpp.hpp
[34.053s] -- Symlinking: /home/azp/ros2_ws/install/champ_msgs/include/champ_msgs/champ_msgs/msg/detail/velocities__rosidl_typesupport_fastrtps_cpp.hpp
[34.064s] -- Symlinking: /home/azp/ros2_ws/install/champ_msgs/include/champ_msgs/champ_msgs/msg/rosidl_typesupport_fastrtps_cpp__visibility_control.h
[34.074s] -- Symlinking: /home/azp/ros2_ws/install/champ_msgs/include/champ_msgs/champ_msgs/msg/detail/contacts__rosidl_typesupport_introspection_cpp.hpp
[34.085s] -- Symlinking: /home/azp/ros2_ws/install/champ_msgs/include/champ_msgs/champ_msgs/msg/detail/contacts_stamped__rosidl_typesupport_introspection_cpp.hpp
[34.095s] -- Symlinking: /home/azp/ros2_ws/install/champ_msgs/include/champ_msgs/champ_msgs/msg/detail/imu__rosidl_typesupport_introspection_cpp.hpp
[34.106s] -- Symlinking: /home/azp/ros2_ws/install/champ_msgs/include/champ_msgs/champ_msgs/msg/detail/joints__rosidl_typesupport_introspection_cpp.hpp
[34.116s] -- Symlinking: /home/azp/ros2_ws/install/champ_msgs/include/champ_msgs/champ_msgs/msg/detail/pid__rosidl_typesupport_introspection_cpp.hpp
[34.127s] -- Symlinking: /home/azp/ros2_ws/install/champ_msgs/include/champ_msgs/champ_msgs/msg/detail/point__rosidl_typesupport_introspection_cpp.hpp
[34.137s] -- Symlinking: /home/azp/ros2_ws/install/champ_msgs/include/champ_msgs/champ_msgs/msg/detail/point_array__rosidl_typesupport_introspection_cpp.hpp
[34.147s] -- Symlinking: /home/azp/ros2_ws/install/champ_msgs/include/champ_msgs/champ_msgs/msg/detail/pose__rosidl_typesupport_introspection_cpp.hpp
[34.157s] -- Symlinking: /home/azp/ros2_ws/install/champ_msgs/include/champ_msgs/champ_msgs/msg/detail/velocities__rosidl_typesupport_introspection_cpp.hpp
[34.168s] -- Symlinking: /home/azp/ros2_ws/install/champ_msgs/share/champ_msgs/environment/pythonpath.sh
[34.178s] -- Symlinking: /home/azp/ros2_ws/install/champ_msgs/share/champ_msgs/environment/pythonpath.dsv
[34.189s] -- Symlinking: /home/azp/ros2_ws/install/champ_msgs/local/lib/python3.10/dist-packages/champ_msgs-0.1.0-py3.10.egg-info/PKG-INFO
[34.200s] -- Symlinking: /home/azp/ros2_ws/install/champ_msgs/local/lib/python3.10/dist-packages/champ_msgs-0.1.0-py3.10.egg-info/SOURCES.txt
[34.211s] -- Symlinking: /home/azp/ros2_ws/install/champ_msgs/local/lib/python3.10/dist-packages/champ_msgs-0.1.0-py3.10.egg-info/dependency_links.txt
[34.221s] -- Symlinking: /home/azp/ros2_ws/install/champ_msgs/local/lib/python3.10/dist-packages/champ_msgs-0.1.0-py3.10.egg-info/top_level.txt
[34.233s] -- Symlinking: /home/azp/ros2_ws/install/champ_msgs/local/lib/python3.10/dist-packages/champ_msgs/__init__.py
[34.243s] -- Symlinking: /home/azp/ros2_ws/install/champ_msgs/local/lib/python3.10/dist-packages/champ_msgs/_champ_msgs_s.ep.rosidl_typesupport_c.c
[34.254s] -- Symlinking: /home/azp/ros2_ws/install/champ_msgs/local/lib/python3.10/dist-packages/champ_msgs/_champ_msgs_s.ep.rosidl_typesupport_fastrtps_c.c
[34.264s] -- Symlinking: /home/azp/ros2_ws/install/champ_msgs/local/lib/python3.10/dist-packages/champ_msgs/_champ_msgs_s.ep.rosidl_typesupport_introspection_c.c
[34.275s] -- Symlinking: /home/azp/ros2_ws/install/champ_msgs/local/lib/python3.10/dist-packages/champ_msgs/champ_msgs_s__rosidl_typesupport_c.cpython-310-x86_64-linux-gnu.so
[34.285s] -- Symlinking: /home/azp/ros2_ws/install/champ_msgs/local/lib/python3.10/dist-packages/champ_msgs/champ_msgs_s__rosidl_typesupport_fastrtps_c.cpython-310-x86_64-linux-gnu.so
[34.295s] -- Symlinking: /home/azp/ros2_ws/install/champ_msgs/local/lib/python3.10/dist-packages/champ_msgs/champ_msgs_s__rosidl_typesupport_introspection_c.cpython-310-x86_64-linux-gnu.so
[34.306s] -- Symlinking: /home/azp/ros2_ws/install/champ_msgs/local/lib/python3.10/dist-packages/champ_msgs/libchamp_msgs__rosidl_generator_py.so
[34.317s] -- Symlinking: /home/azp/ros2_ws/install/champ_msgs/local/lib/python3.10/dist-packages/champ_msgs/msg/__init__.py
[34.327s] -- Symlinking: /home/azp/ros2_ws/install/champ_msgs/local/lib/python3.10/dist-packages/champ_msgs/msg/_contacts.py
[34.337s] -- Symlinking: /home/azp/ros2_ws/install/champ_msgs/local/lib/python3.10/dist-packages/champ_msgs/msg/_contacts_s.c
[34.348s] -- Symlinking: /home/azp/ros2_ws/install/champ_msgs/local/lib/python3.10/dist-packages/champ_msgs/msg/_contacts_stamped.py
[34.358s] -- Symlinking: /home/azp/ros2_ws/install/champ_msgs/local/lib/python3.10/dist-packages/champ_msgs/msg/_contacts_stamped_s.c
[34.369s] -- Symlinking: /home/azp/ros2_ws/install/champ_msgs/local/lib/python3.10/dist-packages/champ_msgs/msg/_imu.py
[34.379s] -- Symlinking: /home/azp/ros2_ws/install/champ_msgs/local/lib/python3.10/dist-packages/champ_msgs/msg/_imu_s.c
[34.389s] -- Symlinking: /home/azp/ros2_ws/install/champ_msgs/local/lib/python3.10/dist-packages/champ_msgs/msg/_joints.py
[34.400s] -- Symlinking: /home/azp/ros2_ws/install/champ_msgs/local/lib/python3.10/dist-packages/champ_msgs/msg/_joints_s.c
[34.411s] -- Symlinking: /home/azp/ros2_ws/install/champ_msgs/local/lib/python3.10/dist-packages/champ_msgs/msg/_pid.py
[34.421s] -- Symlinking: /home/azp/ros2_ws/install/champ_msgs/local/lib/python3.10/dist-packages/champ_msgs/msg/_pid_s.c
[34.432s] -- Symlinking: /home/azp/ros2_ws/install/champ_msgs/local/lib/python3.10/dist-packages/champ_msgs/msg/_point.py
[34.442s] -- Symlinking: /home/azp/ros2_ws/install/champ_msgs/local/lib/python3.10/dist-packages/champ_msgs/msg/_point_array.py
[34.453s] -- Symlinking: /home/azp/ros2_ws/install/champ_msgs/local/lib/python3.10/dist-packages/champ_msgs/msg/_point_array_s.c
[34.463s] -- Symlinking: /home/azp/ros2_ws/install/champ_msgs/local/lib/python3.10/dist-packages/champ_msgs/msg/_point_s.c
[34.473s] -- Symlinking: /home/azp/ros2_ws/install/champ_msgs/local/lib/python3.10/dist-packages/champ_msgs/msg/_pose.py
[34.484s] -- Symlinking: /home/azp/ros2_ws/install/champ_msgs/local/lib/python3.10/dist-packages/champ_msgs/msg/_pose_s.c
[34.494s] -- Symlinking: /home/azp/ros2_ws/install/champ_msgs/local/lib/python3.10/dist-packages/champ_msgs/msg/_velocities.py
[34.505s] -- Symlinking: /home/azp/ros2_ws/install/champ_msgs/local/lib/python3.10/dist-packages/champ_msgs/msg/_velocities_s.c
[34.515s] -- Up-to-date symlink: /home/azp/ros2_ws/install/champ_msgs/local/lib/python3.10/dist-packages/champ_msgs/champ_msgs_s__rosidl_typesupport_fastrtps_c.cpython-310-x86_64-linux-gnu.so
[34.515s] -- Up-to-date symlink: /home/azp/ros2_ws/install/champ_msgs/local/lib/python3.10/dist-packages/champ_msgs/champ_msgs_s__rosidl_typesupport_introspection_c.cpython-310-x86_64-linux-gnu.so
[34.516s] -- Up-to-date symlink: /home/azp/ros2_ws/install/champ_msgs/local/lib/python3.10/dist-packages/champ_msgs/champ_msgs_s__rosidl_typesupport_c.cpython-310-x86_64-linux-gnu.so
[34.516s] -- Symlinking: /home/azp/ros2_ws/install/champ_msgs/share/champ_msgs/msg/Velocities.idl
[34.527s] -- Symlinking: /home/azp/ros2_ws/install/champ_msgs/share/champ_msgs/msg/PID.idl
[34.537s] -- Symlinking: /home/azp/ros2_ws/install/champ_msgs/share/champ_msgs/msg/Imu.idl
[34.548s] -- Symlinking: /home/azp/ros2_ws/install/champ_msgs/share/champ_msgs/msg/Point.idl
[34.558s] -- Symlinking: /home/azp/ros2_ws/install/champ_msgs/share/champ_msgs/msg/PointArray.idl
[34.568s] -- Symlinking: /home/azp/ros2_ws/install/champ_msgs/share/champ_msgs/msg/Joints.idl
[34.579s] -- Symlinking: /home/azp/ros2_ws/install/champ_msgs/share/champ_msgs/msg/Contacts.idl
[34.589s] -- Symlinking: /home/azp/ros2_ws/install/champ_msgs/share/champ_msgs/msg/ContactsStamped.idl
[34.600s] -- Symlinking: /home/azp/ros2_ws/install/champ_msgs/share/champ_msgs/msg/Pose.idl
[34.610s] -- Symlinking: /home/azp/ros2_ws/install/champ_msgs/share/champ_msgs/msg/Velocities.msg
[34.620s] -- Symlinking: /home/azp/ros2_ws/install/champ_msgs/share/champ_msgs/msg/PID.msg
[34.631s] -- Symlinking: /home/azp/ros2_ws/install/champ_msgs/share/champ_msgs/msg/Imu.msg
[34.641s] -- Symlinking: /home/azp/ros2_ws/install/champ_msgs/share/champ_msgs/msg/Point.msg
[34.651s] -- Symlinking: /home/azp/ros2_ws/install/champ_msgs/share/champ_msgs/msg/PointArray.msg
[34.662s] -- Symlinking: /home/azp/ros2_ws/install/champ_msgs/share/champ_msgs/msg/Joints.msg
[34.672s] -- Symlinking: /home/azp/ros2_ws/install/champ_msgs/share/champ_msgs/msg/Contacts.msg
[34.682s] -- Symlinking: /home/azp/ros2_ws/install/champ_msgs/share/champ_msgs/msg/ContactsStamped.msg
[34.693s] -- Symlinking: /home/azp/ros2_ws/install/champ_msgs/share/champ_msgs/msg/Pose.msg
[34.704s] -- Symlinking: /home/azp/ros2_ws/install/champ_msgs/share/ament_index/resource_index/package_run_dependencies/champ_msgs
[34.714s] -- Symlinking: /home/azp/ros2_ws/install/champ_msgs/share/ament_index/resource_index/parent_prefix_path/champ_msgs
[34.724s] -- Symlinking: /home/azp/ros2_ws/install/champ_msgs/share/champ_msgs/environment/ament_prefix_path.sh
[34.735s] -- Symlinking: /home/azp/ros2_ws/install/champ_msgs/share/champ_msgs/environment/ament_prefix_path.dsv
[34.745s] -- Symlinking: /home/azp/ros2_ws/install/champ_msgs/share/champ_msgs/environment/path.sh
[34.755s] -- Symlinking: /home/azp/ros2_ws/install/champ_msgs/share/champ_msgs/environment/path.dsv
[34.766s] -- Symlinking: /home/azp/ros2_ws/install/champ_msgs/share/champ_msgs/local_setup.bash
[34.776s] -- Symlinking: /home/azp/ros2_ws/install/champ_msgs/share/champ_msgs/local_setup.sh
[34.786s] -- Symlinking: /home/azp/ros2_ws/install/champ_msgs/share/champ_msgs/local_setup.zsh
[34.796s] -- Symlinking: /home/azp/ros2_ws/install/champ_msgs/share/champ_msgs/local_setup.dsv
[34.807s] -- Symlinking: /home/azp/ros2_ws/install/champ_msgs/share/champ_msgs/package.dsv
[34.818s] -- Symlinking: /home/azp/ros2_ws/install/champ_msgs/share/ament_index/resource_index/packages/champ_msgs
[34.828s] -- Symlinking: /home/azp/ros2_ws/install/champ_msgs/share/champ_msgs/cmake/rosidl_cmake-extras.cmake
[34.838s] -- Symlinking: /home/azp/ros2_ws/install/champ_msgs/share/champ_msgs/cmake/ament_cmake_export_dependencies-extras.cmake
[34.849s] -- Symlinking: /home/azp/ros2_ws/install/champ_msgs/share/champ_msgs/cmake/ament_cmake_export_include_directories-extras.cmake
[34.859s] -- Symlinking: /home/azp/ros2_ws/install/champ_msgs/share/champ_msgs/cmake/ament_cmake_export_libraries-extras.cmake
[34.869s] -- Symlinking: /home/azp/ros2_ws/install/champ_msgs/share/champ_msgs/cmake/ament_cmake_export_targets-extras.cmake
[34.879s] -- Symlinking: /home/azp/ros2_ws/install/champ_msgs/share/champ_msgs/cmake/rosidl_cmake_export_typesupport_targets-extras.cmake
[34.890s] -- Symlinking: /home/azp/ros2_ws/install/champ_msgs/share/champ_msgs/cmake/rosidl_cmake_export_typesupport_libraries-extras.cmake
[34.900s] -- Symlinking: /home/azp/ros2_ws/install/champ_msgs/share/champ_msgs/cmake/champ_msgsConfig.cmake
[34.910s] -- Symlinking: /home/azp/ros2_ws/install/champ_msgs/share/champ_msgs/cmake/champ_msgsConfig-version.cmake
[34.921s] -- Symlinking: /home/azp/ros2_ws/install/champ_msgs/share/champ_msgs/package.xml
[34.931s] -- Installing: /home/azp/ros2_ws/install/champ_msgs/lib/libchamp_msgs__rosidl_generator_c.so
[34.932s] -- Set runtime path of "/home/azp/ros2_ws/install/champ_msgs/lib/libchamp_msgs__rosidl_generator_c.so" to ""
[34.932s] -- Installing: /home/azp/ros2_ws/install/champ_msgs/lib/libchamp_msgs__rosidl_typesupport_fastrtps_c.so
[34.933s] -- Set runtime path of "/home/azp/ros2_ws/install/champ_msgs/lib/libchamp_msgs__rosidl_typesupport_fastrtps_c.so" to ""
[34.933s] -- Installing: /home/azp/ros2_ws/install/champ_msgs/lib/libchamp_msgs__rosidl_typesupport_introspection_c.so
[34.933s] -- Set runtime path of "/home/azp/ros2_ws/install/champ_msgs/lib/libchamp_msgs__rosidl_typesupport_introspection_c.so" to ""
[34.934s] -- Installing: /home/azp/ros2_ws/install/champ_msgs/lib/libchamp_msgs__rosidl_typesupport_c.so
[34.934s] -- Set runtime path of "/home/azp/ros2_ws/install/champ_msgs/lib/libchamp_msgs__rosidl_typesupport_c.so" to ""
[34.934s] -- Installing: /home/azp/ros2_ws/install/champ_msgs/lib/libchamp_msgs__rosidl_typesupport_fastrtps_cpp.so
[34.935s] -- Set runtime path of "/home/azp/ros2_ws/install/champ_msgs/lib/libchamp_msgs__rosidl_typesupport_fastrtps_cpp.so" to ""
[34.935s] -- Installing: /home/azp/ros2_ws/install/champ_msgs/lib/libchamp_msgs__rosidl_typesupport_introspection_cpp.so
[34.936s] -- Set runtime path of "/home/azp/ros2_ws/install/champ_msgs/lib/libchamp_msgs__rosidl_typesupport_introspection_cpp.so" to ""
[34.936s] -- Installing: /home/azp/ros2_ws/install/champ_msgs/lib/libchamp_msgs__rosidl_typesupport_cpp.so
[34.937s] -- Set runtime path of "/home/azp/ros2_ws/install/champ_msgs/lib/libchamp_msgs__rosidl_typesupport_cpp.so" to ""
[35.047s] Listing '/home/azp/ros2_ws/install/champ_msgs/local/lib/python3.10/dist-packages/champ_msgs'...
[35.047s] Compiling '/home/azp/ros2_ws/install/champ_msgs/local/lib/python3.10/dist-packages/champ_msgs/__init__.py'...
[35.047s] Listing '/home/azp/ros2_ws/install/champ_msgs/local/lib/python3.10/dist-packages/champ_msgs/msg'...
[35.047s] Compiling '/home/azp/ros2_ws/install/champ_msgs/local/lib/python3.10/dist-packages/champ_msgs/msg/__init__.py'...
[35.047s] Compiling '/home/azp/ros2_ws/install/champ_msgs/local/lib/python3.10/dist-packages/champ_msgs/msg/_contacts.py'...
[35.048s] Compiling '/home/azp/ros2_ws/install/champ_msgs/local/lib/python3.10/dist-packages/champ_msgs/msg/_contacts_stamped.py'...
[35.048s] Compiling '/home/azp/ros2_ws/install/champ_msgs/local/lib/python3.10/dist-packages/champ_msgs/msg/_imu.py'...
[35.048s] Compiling '/home/azp/ros2_ws/install/champ_msgs/local/lib/python3.10/dist-packages/champ_msgs/msg/_joints.py'...
[35.048s] Compiling '/home/azp/ros2_ws/install/champ_msgs/local/lib/python3.10/dist-packages/champ_msgs/msg/_pid.py'...
[35.048s] Compiling '/home/azp/ros2_ws/install/champ_msgs/local/lib/python3.10/dist-packages/champ_msgs/msg/_point.py'...
[35.048s] Compiling '/home/azp/ros2_ws/install/champ_msgs/local/lib/python3.10/dist-packages/champ_msgs/msg/_point_array.py'...
[35.048s] Compiling '/home/azp/ros2_ws/install/champ_msgs/local/lib/python3.10/dist-packages/champ_msgs/msg/_pose.py'...
[35.048s] Compiling '/home/azp/ros2_ws/install/champ_msgs/local/lib/python3.10/dist-packages/champ_msgs/msg/_velocities.py'...
[35.053s] -- Installing: /home/azp/ros2_ws/install/champ_msgs/lib/libchamp_msgs__rosidl_generator_py.so
[35.054s] -- Set runtime path of "/home/azp/ros2_ws/install/champ_msgs/lib/libchamp_msgs__rosidl_generator_py.so" to ""
[35.054s] -- Installing: /home/azp/ros2_ws/install/champ_msgs/share/champ_msgs/cmake/export_champ_msgs__rosidl_generator_cExport.cmake
[35.055s] -- Installing: /home/azp/ros2_ws/install/champ_msgs/share/champ_msgs/cmake/export_champ_msgs__rosidl_generator_cExport-noconfig.cmake
[35.055s] -- Installing: /home/azp/ros2_ws/install/champ_msgs/share/champ_msgs/cmake/export_champ_msgs__rosidl_typesupport_fastrtps_cExport.cmake
[35.055s] -- Installing: /home/azp/ros2_ws/install/champ_msgs/share/champ_msgs/cmake/export_champ_msgs__rosidl_typesupport_fastrtps_cExport-noconfig.cmake
[35.055s] -- Installing: /home/azp/ros2_ws/install/champ_msgs/share/champ_msgs/cmake/champ_msgs__rosidl_typesupport_introspection_cExport.cmake
[35.055s] -- Installing: /home/azp/ros2_ws/install/champ_msgs/share/champ_msgs/cmake/champ_msgs__rosidl_typesupport_introspection_cExport-noconfig.cmake
[35.056s] -- Installing: /home/azp/ros2_ws/install/champ_msgs/share/champ_msgs/cmake/champ_msgs__rosidl_typesupport_cExport.cmake
[35.056s] -- Installing: /home/azp/ros2_ws/install/champ_msgs/share/champ_msgs/cmake/champ_msgs__rosidl_typesupport_cExport-noconfig.cmake
[35.056s] -- Installing: /home/azp/ros2_ws/install/champ_msgs/share/champ_msgs/cmake/export_champ_msgs__rosidl_generator_cppExport.cmake
[35.056s] -- Installing: /home/azp/ros2_ws/install/champ_msgs/share/champ_msgs/cmake/export_champ_msgs__rosidl_typesupport_fastrtps_cppExport.cmake
[35.056s] -- Installing: /home/azp/ros2_ws/install/champ_msgs/share/champ_msgs/cmake/export_champ_msgs__rosidl_typesupport_fastrtps_cppExport-noconfig.cmake
[35.057s] -- Installing: /home/azp/ros2_ws/install/champ_msgs/share/champ_msgs/cmake/champ_msgs__rosidl_typesupport_introspection_cppExport.cmake
[35.057s] -- Installing: /home/azp/ros2_ws/install/champ_msgs/share/champ_msgs/cmake/champ_msgs__rosidl_typesupport_introspection_cppExport-noconfig.cmake
[35.057s] -- Installing: /home/azp/ros2_ws/install/champ_msgs/share/champ_msgs/cmake/champ_msgs__rosidl_typesupport_cppExport.cmake
[35.057s] -- Installing: /home/azp/ros2_ws/install/champ_msgs/share/champ_msgs/cmake/champ_msgs__rosidl_typesupport_cppExport-noconfig.cmake
[35.058s] -- Installing: /home/azp/ros2_ws/install/champ_msgs/share/champ_msgs/cmake/export_champ_msgs__rosidl_generator_pyExport.cmake
[35.058s] -- Installing: /home/azp/ros2_ws/install/champ_msgs/share/champ_msgs/cmake/export_champ_msgs__rosidl_generator_pyExport-noconfig.cmake
[35.061s] Invoked command in '/home/azp/ros2_ws/build/champ_msgs' returned '0': CMAKE_PREFIX_PATH=${CMAKE_PREFIX_PATH}:/opt/ros/humble /usr/bin/cmake --install /home/azp/ros2_ws/build/champ_msgs
