[0.019s] Invoking command in '/home/azp/ROS2/workspace/build/my_package': CMAKE_PREFIX_PATH=${CMAKE_PREFIX_PATH}:/opt/ros/humble /usr/bin/cmake /home/azp/ROS2/workspace/src/my_package -DCMAKE_INSTALL_PREFIX=/home/azp/ROS2/workspace/install/my_package
[0.148s] -- The C compiler identification is GNU 11.3.0
[0.265s] -- The CXX compiler identification is GNU 11.3.0
[0.278s] -- Detecting C compiler ABI info
[0.412s] -- Detecting C compiler ABI info - done
[0.439s] -- Check for working C compiler: /usr/bin/cc - skipped
[0.440s] -- Detecting C compile features
[0.441s] -- Detecting C compile features - done
[0.449s] -- Detecting CXX compiler ABI info
[0.629s] -- Detecting CXX compiler ABI info - done
[0.644s] -- Check for working CXX compiler: /usr/bin/c++ - skipped
[0.644s] -- Detecting CXX compile features
[0.646s] -- Detecting CXX compile features - done
[0.652s] -- Found ament_cmake: 1.3.3 (/opt/ros/humble/share/ament_cmake/cmake)
[1.022s] -- Found Python3: /usr/bin/python3.10 (found version "3.10.6") found components: Interpreter 
[1.222s] -- Found rclcpp: 16.0.2 (/opt/ros/humble/share/rclcpp/cmake)
[1.341s] -- Found rosidl_generator_c: 3.1.4 (/opt/ros/humble/share/rosidl_generator_c/cmake)
[1.354s] -- Found rosidl_adapter: 3.1.4 (/opt/ros/humble/share/rosidl_adapter/cmake)
[1.379s] -- Found rosidl_generator_cpp: 3.1.4 (/opt/ros/humble/share/rosidl_generator_cpp/cmake)
[1.422s] -- Using all available rosidl_typesupport_c: rosidl_typesupport_fastrtps_c;rosidl_typesupport_introspection_c
[1.479s] -- Using all available rosidl_typesupport_cpp: rosidl_typesupport_fastrtps_cpp;rosidl_typesupport_introspection_cpp
[1.684s] -- Found rmw_implementation_cmake: 6.1.1 (/opt/ros/humble/share/rmw_implementation_cmake/cmake)
[1.691s] -- Found rmw_fastrtps_cpp: 6.2.2 (/opt/ros/humble/share/rmw_fastrtps_cpp/cmake)
[1.908s] -- Found OpenSSL: /usr/lib/x86_64-linux-gnu/libcrypto.so (found version "3.0.2")  
[1.968s] -- Found FastRTPS: /opt/ros/humble/include  
[2.093s] -- Using RMW implementation 'rmw_fastrtps_cpp' as default
[2.118s] -- Looking for pthread.h
[2.272s] -- Looking for pthread.h - found
[2.273s] -- Performing Test CMAKE_HAVE_LIBC_PTHREAD
[2.420s] -- Performing Test CMAKE_HAVE_LIBC_PTHREAD - Success
[2.421s] -- Found Threads: TRUE  
[2.934s] -- Found ament_lint_auto: 0.12.4 (/opt/ros/humble/share/ament_lint_auto/cmake)
[3.102s] -- Added test 'flake8' to check Python code syntax and style conventions
[3.104s] -- Added test 'lint_cmake' to check CMake code style
[3.106s] -- Added test 'pep257' to check Python code against some of the docstring style conventions in PEP 257
[3.109s] -- Added test 'xmllint' to check XML markup files
[3.112s] -- Configuring done
[3.124s] -- Generating done
[3.128s] -- Build files have been written to: /home/azp/ROS2/workspace/build/my_package
[3.154s] Invoked command in '/home/azp/ROS2/workspace/build/my_package' returned '0': CMAKE_PREFIX_PATH=${CMAKE_PREFIX_PATH}:/opt/ros/humble /usr/bin/cmake /home/azp/ROS2/workspace/src/my_package -DCMAKE_INSTALL_PREFIX=/home/azp/ROS2/workspace/install/my_package
[3.155s] Invoking command in '/home/azp/ROS2/workspace/build/my_package': CMAKE_PREFIX_PATH=${CMAKE_PREFIX_PATH}:/opt/ros/humble /usr/bin/cmake --build /home/azp/ROS2/workspace/build/my_package -- -j4 -l4
[3.247s] Invoked command in '/home/azp/ROS2/workspace/build/my_package' returned '0': CMAKE_PREFIX_PATH=${CMAKE_PREFIX_PATH}:/opt/ros/humble /usr/bin/cmake --build /home/azp/ROS2/workspace/build/my_package -- -j4 -l4
[3.293s] Invoking command in '/home/azp/ROS2/workspace/build/my_package': CMAKE_PREFIX_PATH=${CMAKE_PREFIX_PATH}:/opt/ros/humble /usr/bin/cmake --install /home/azp/ROS2/workspace/build/my_package
[3.310s] -- Install configuration: ""
[3.310s] -- Installing: /home/azp/ROS2/workspace/install/my_package/share/my_package//launch
[3.311s] -- Installing: /home/azp/ROS2/workspace/install/my_package/share/my_package//launch/dolly.launch.py
[3.322s] -- Installing: /home/azp/ROS2/workspace/install/my_package/share/ament_index/resource_index/package_run_dependencies/my_package
[3.323s] -- Installing: /home/azp/ROS2/workspace/install/my_package/share/ament_index/resource_index/parent_prefix_path/my_package
[3.324s] -- Installing: /home/azp/ROS2/workspace/install/my_package/share/my_package/environment/ament_prefix_path.sh
[3.325s] -- Installing: /home/azp/ROS2/workspace/install/my_package/share/my_package/environment/ament_prefix_path.dsv
[3.325s] -- Installing: /home/azp/ROS2/workspace/install/my_package/share/my_package/environment/path.sh
[3.326s] -- Installing: /home/azp/ROS2/workspace/install/my_package/share/my_package/environment/path.dsv
[3.327s] -- Installing: /home/azp/ROS2/workspace/install/my_package/share/my_package/local_setup.bash
[3.327s] -- Installing: /home/azp/ROS2/workspace/install/my_package/share/my_package/local_setup.sh
[3.328s] -- Installing: /home/azp/ROS2/workspace/install/my_package/share/my_package/local_setup.zsh
[3.329s] -- Installing: /home/azp/ROS2/workspace/install/my_package/share/my_package/local_setup.dsv
[3.330s] -- Installing: /home/azp/ROS2/workspace/install/my_package/share/my_package/package.dsv
[3.330s] -- Installing: /home/azp/ROS2/workspace/install/my_package/share/ament_index/resource_index/packages/my_package
[3.331s] -- Installing: /home/azp/ROS2/workspace/install/my_package/share/my_package/cmake/my_packageConfig.cmake
[3.332s] -- Installing: /home/azp/ROS2/workspace/install/my_package/share/my_package/cmake/my_packageConfig-version.cmake
[3.332s] -- Installing: /home/azp/ROS2/workspace/install/my_package/share/my_package/package.xml
[3.341s] Invoked command in '/home/azp/ROS2/workspace/build/my_package' returned '0': CMAKE_PREFIX_PATH=${CMAKE_PREFIX_PATH}:/opt/ros/humble /usr/bin/cmake --install /home/azp/ROS2/workspace/build/my_package
