[0.105s] Invoking command in '/home/azp/ros2_ws/build/champ_teleop': CMAKE_PREFIX_PATH=${CMAKE_PREFIX_PATH}:/opt/ros/humble /usr/bin/cmake --build /home/azp/ros2_ws/build/champ_teleop -- -j4 -l4
[0.183s] Invoked command in '/home/azp/ros2_ws/build/champ_teleop' returned '0': CMAKE_PREFIX_PATH=${CMAKE_PREFIX_PATH}:/opt/ros/humble /usr/bin/cmake --build /home/azp/ros2_ws/build/champ_teleop -- -j4 -l4
[0.223s] Invoking command in '/home/azp/ros2_ws/build/champ_teleop': CMAKE_PREFIX_PATH=${CMAKE_PREFIX_PATH}:/opt/ros/humble /usr/bin/cmake --install /home/azp/ros2_ws/build/champ_teleop
[0.237s] -- Install configuration: ""
[0.238s] -- Execute custom install script
[0.239s] -- Up-to-date symlink: /home/azp/ros2_ws/install/champ_teleop/share/champ_teleop/launch/teleop.launch.py
[0.239s] -- Up-to-date symlink: /home/azp/ros2_ws/install/champ_teleop/lib/champ_teleop/champ_teleop.py
[0.240s] -- Up-to-date symlink: /home/azp/ros2_ws/install/champ_teleop/share/ament_index/resource_index/package_run_dependencies/champ_teleop
[0.240s] -- Up-to-date symlink: /home/azp/ros2_ws/install/champ_teleop/share/ament_index/resource_index/parent_prefix_path/champ_teleop
[0.240s] -- Up-to-date symlink: /home/azp/ros2_ws/install/champ_teleop/share/champ_teleop/environment/ament_prefix_path.sh
[0.241s] -- Up-to-date symlink: /home/azp/ros2_ws/install/champ_teleop/share/champ_teleop/environment/ament_prefix_path.dsv
[0.241s] -- Up-to-date symlink: /home/azp/ros2_ws/install/champ_teleop/share/champ_teleop/environment/path.sh
[0.242s] -- Up-to-date symlink: /home/azp/ros2_ws/install/champ_teleop/share/champ_teleop/environment/path.dsv
[0.242s] -- Up-to-date symlink: /home/azp/ros2_ws/install/champ_teleop/share/champ_teleop/local_setup.bash
[0.243s] -- Up-to-date symlink: /home/azp/ros2_ws/install/champ_teleop/share/champ_teleop/local_setup.sh
[0.243s] -- Up-to-date symlink: /home/azp/ros2_ws/install/champ_teleop/share/champ_teleop/local_setup.zsh
[0.244s] -- Up-to-date symlink: /home/azp/ros2_ws/install/champ_teleop/share/champ_teleop/local_setup.dsv
[0.244s] -- Symlinking: /home/azp/ros2_ws/install/champ_teleop/share/champ_teleop/package.dsv
[0.258s] -- Up-to-date symlink: /home/azp/ros2_ws/install/champ_teleop/share/ament_index/resource_index/packages/champ_teleop
[0.259s] -- Up-to-date symlink: /home/azp/ros2_ws/install/champ_teleop/share/champ_teleop/cmake/champ_teleopConfig.cmake
[0.259s] -- Up-to-date symlink: /home/azp/ros2_ws/install/champ_teleop/share/champ_teleop/cmake/champ_teleopConfig-version.cmake
[0.260s] -- Up-to-date symlink: /home/azp/ros2_ws/install/champ_teleop/share/champ_teleop/package.xml
[0.266s] Invoked command in '/home/azp/ros2_ws/build/champ_teleop' returned '0': CMAKE_PREFIX_PATH=${CMAKE_PREFIX_PATH}:/opt/ros/humble /usr/bin/cmake --install /home/azp/ros2_ws/build/champ_teleop
