[0.030s] Invoking command in '/home/azp/ros2_ws/build/ldlidar_stl_ros2': CMAKE_PREFIX_PATH=${CMAKE_PREFIX_PATH}:/opt/ros/humble /usr/bin/cmake /home/azp/ros2_ws/src/ldlidar_stl_ros -DAMENT_CMAKE_SYMLINK_INSTALL=1 -DCMAKE_INSTALL_PREFIX=/home/azp/ros2_ws/install/ldlidar_stl_ros2
[0.124s] -- Found ament_cmake: 1.3.3 (/opt/ros/humble/share/ament_cmake/cmake)
[0.479s] -- Override CMake install command with custom implementation using symlinks instead of copying resources
[0.495s] -- Found rclcpp: 16.0.2 (/opt/ros/humble/share/rclcpp/cmake)
[0.576s] -- Found rosidl_generator_c: 3.1.4 (/opt/ros/humble/share/rosidl_generator_c/cmake)
[0.583s] -- Found rosidl_adapter: 3.1.4 (/opt/ros/humble/share/rosidl_adapter/cmake)
[0.598s] -- Found rosidl_generator_cpp: 3.1.4 (/opt/ros/humble/share/rosidl_generator_cpp/cmake)
[0.654s] -- Using all available rosidl_typesupport_c: rosidl_typesupport_fastrtps_c;rosidl_typesupport_introspection_c
[0.696s] -- Using all available rosidl_typesupport_cpp: rosidl_typesupport_fastrtps_cpp;rosidl_typesupport_introspection_cpp
[0.824s] -- Found rmw_implementation_cmake: 6.1.1 (/opt/ros/humble/share/rmw_implementation_cmake/cmake)
[0.828s] -- Found rmw_fastrtps_cpp: 6.2.2 (/opt/ros/humble/share/rmw_fastrtps_cpp/cmake)
[1.116s] -- Using RMW implementation 'rmw_fastrtps_cpp' as default
[1.569s] -- Found sensor_msgs: 4.2.2 (/opt/ros/humble/share/sensor_msgs/cmake)
[2.017s] -- Found ament_lint_auto: 0.12.4 (/opt/ros/humble/share/ament_lint_auto/cmake)
[3.315s] -- Added test 'copyright' to check source files copyright and LICENSE
[3.378s] -- Added test 'cppcheck' to perform static code analysis on C / C++ code
[3.379s] -- Configured cppcheck include dirs: /home/azp/ros2_ws/src/ldlidar_stl_ros/include;/home/azp/ros2_ws/src/ldlidar_stl_ros/ldlidar_driver/include/core;/home/azp/ros2_ws/src/ldlidar_stl_ros/ldlidar_driver/include/dataprocess;/home/azp/ros2_ws/src/ldlidar_stl_ros/ldlidar_driver/include/filter;/home/azp/ros2_ws/src/ldlidar_stl_ros/ldlidar_driver/include/logger;/home/azp/ros2_ws/src/ldlidar_stl_ros/ldlidar_driver/include/networkcom;/home/azp/ros2_ws/src/ldlidar_stl_ros/ldlidar_driver/include/serialcom
[3.380s] -- Configured cppcheck exclude dirs and/or files: 
[3.465s] -- Added test 'cpplint' to check C / C++ code against the Google style
[3.465s] -- Configured cpplint exclude dirs and/or files: 
[3.502s] -- Added test 'flake8' to check Python code syntax and style conventions
[3.541s] -- Added test 'lint_cmake' to check CMake code style
[3.603s] -- Added test 'pep257' to check Python code against some of the docstring style conventions in PEP 257
[3.642s] -- Added test 'uncrustify' to check C / C++ code style
[3.642s] -- Configured uncrustify additional arguments: 
[3.644s] -- Added test 'xmllint' to check XML markup files
[3.682s] -- Configuring done
[3.861s] -- Generating done
[3.865s] -- Build files have been written to: /home/azp/ros2_ws/build/ldlidar_stl_ros2
[3.878s] Invoked command in '/home/azp/ros2_ws/build/ldlidar_stl_ros2' returned '0': CMAKE_PREFIX_PATH=${CMAKE_PREFIX_PATH}:/opt/ros/humble /usr/bin/cmake /home/azp/ros2_ws/src/ldlidar_stl_ros -DAMENT_CMAKE_SYMLINK_INSTALL=1 -DCMAKE_INSTALL_PREFIX=/home/azp/ros2_ws/install/ldlidar_stl_ros2
[3.882s] Invoking command in '/home/azp/ros2_ws/build/ldlidar_stl_ros2': CMAKE_PREFIX_PATH=${CMAKE_PREFIX_PATH}:/opt/ros/humble /usr/bin/cmake --build /home/azp/ros2_ws/build/ldlidar_stl_ros2 -- -j4 -l4
[4.260s] [35m[1mConsolidate compiler generated dependencies of target ldlidar_stl_ros2_node[0m
[4.306s] [ 12%] [32mBuilding CXX object CMakeFiles/ldlidar_stl_ros2_node.dir/src/demo.cpp.o[0m
[4.307s] [ 25%] [32mBuilding CXX object CMakeFiles/ldlidar_stl_ros2_node.dir/ldlidar_driver/src/dataprocess/lipkg.cpp.o[0m
[4.307s] [ 37%] [32mBuilding CXX object CMakeFiles/ldlidar_stl_ros2_node.dir/ldlidar_driver/src/core/ldlidar_driver.cpp.o[0m
[4.310s] [ 50%] [32mBuilding CXX object CMakeFiles/ldlidar_stl_ros2_node.dir/ldlidar_driver/src/filter/tofbf.cpp.o[0m
[11.452s] [ 75%] [32mBuilding CXX object CMakeFiles/ldlidar_stl_ros2_node.dir/ldlidar_driver/src/serialcom/serial_interface_linux.cpp.o[0m
[11.453s] [ 87%] [32mBuilding CXX object CMakeFiles/ldlidar_stl_ros2_node.dir/ldlidar_driver/src/logger/log_module.cpp.o[0m
[11.453s] [ 75%] [32mBuilding CXX object CMakeFiles/ldlidar_stl_ros2_node.dir/ldlidar_driver/src/networkcom/network_socket_interface_linux.cpp.o[0m
[20.906s] [100%] [32m[1mLinking CXX executable ldlidar_stl_ros2_node[0m
[22.628s] [100%] Built target ldlidar_stl_ros2_node
[22.661s] Invoked command in '/home/azp/ros2_ws/build/ldlidar_stl_ros2' returned '0': CMAKE_PREFIX_PATH=${CMAKE_PREFIX_PATH}:/opt/ros/humble /usr/bin/cmake --build /home/azp/ros2_ws/build/ldlidar_stl_ros2 -- -j4 -l4
[22.874s] Invoking command in '/home/azp/ros2_ws/build/ldlidar_stl_ros2': CMAKE_PREFIX_PATH=${CMAKE_PREFIX_PATH}:/opt/ros/humble /usr/bin/cmake --install /home/azp/ros2_ws/build/ldlidar_stl_ros2
[22.901s] -- Install configuration: ""
[22.902s] -- Execute custom install script
[22.926s] -- Up-to-date symlink: /home/azp/ros2_ws/install/ldlidar_stl_ros2/lib/ldlidar_stl_ros2/ldlidar_stl_ros2_node
[22.927s] -- Up-to-date symlink: /home/azp/ros2_ws/install/ldlidar_stl_ros2/share/ldlidar_stl_ros2//launch/ld06.launch.py
[22.927s] -- Up-to-date symlink: /home/azp/ros2_ws/install/ldlidar_stl_ros2/share/ldlidar_stl_ros2//launch/ld19.launch.py
[22.928s] -- Up-to-date symlink: /home/azp/ros2_ws/install/ldlidar_stl_ros2/share/ldlidar_stl_ros2//launch/viewer_ld06.launch.py
[22.928s] -- Up-to-date symlink: /home/azp/ros2_ws/install/ldlidar_stl_ros2/share/ldlidar_stl_ros2//launch/viewer_ld19.launch.py
[22.929s] -- Up-to-date symlink: /home/azp/ros2_ws/install/ldlidar_stl_ros2/share/ldlidar_stl_ros2//rviz2/ldlidar.rviz
[22.929s] -- Up-to-date symlink: /home/azp/ros2_ws/install/ldlidar_stl_ros2/share/ament_index/resource_index/package_run_dependencies/ldlidar_stl_ros2
[22.930s] -- Up-to-date symlink: /home/azp/ros2_ws/install/ldlidar_stl_ros2/share/ament_index/resource_index/parent_prefix_path/ldlidar_stl_ros2
[22.931s] -- Up-to-date symlink: /home/azp/ros2_ws/install/ldlidar_stl_ros2/share/ldlidar_stl_ros2/environment/ament_prefix_path.sh
[22.931s] -- Up-to-date symlink: /home/azp/ros2_ws/install/ldlidar_stl_ros2/share/ldlidar_stl_ros2/environment/ament_prefix_path.dsv
[22.932s] -- Up-to-date symlink: /home/azp/ros2_ws/install/ldlidar_stl_ros2/share/ldlidar_stl_ros2/environment/path.sh
[22.932s] -- Up-to-date symlink: /home/azp/ros2_ws/install/ldlidar_stl_ros2/share/ldlidar_stl_ros2/environment/path.dsv
[22.933s] -- Up-to-date symlink: /home/azp/ros2_ws/install/ldlidar_stl_ros2/share/ldlidar_stl_ros2/local_setup.bash
[22.933s] -- Up-to-date symlink: /home/azp/ros2_ws/install/ldlidar_stl_ros2/share/ldlidar_stl_ros2/local_setup.sh
[22.934s] -- Up-to-date symlink: /home/azp/ros2_ws/install/ldlidar_stl_ros2/share/ldlidar_stl_ros2/local_setup.zsh
[22.934s] -- Up-to-date symlink: /home/azp/ros2_ws/install/ldlidar_stl_ros2/share/ldlidar_stl_ros2/local_setup.dsv
[22.935s] -- Symlinking: /home/azp/ros2_ws/install/ldlidar_stl_ros2/share/ldlidar_stl_ros2/package.dsv
[22.976s] -- Up-to-date symlink: /home/azp/ros2_ws/install/ldlidar_stl_ros2/share/ament_index/resource_index/packages/ldlidar_stl_ros2
[22.976s] -- Up-to-date symlink: /home/azp/ros2_ws/install/ldlidar_stl_ros2/share/ldlidar_stl_ros2/cmake/ldlidar_stl_ros2Config.cmake
[22.977s] -- Up-to-date symlink: /home/azp/ros2_ws/install/ldlidar_stl_ros2/share/ldlidar_stl_ros2/cmake/ldlidar_stl_ros2Config-version.cmake
[22.977s] -- Up-to-date symlink: /home/azp/ros2_ws/install/ldlidar_stl_ros2/share/ldlidar_stl_ros2/package.xml
[22.985s] Invoked command in '/home/azp/ros2_ws/build/ldlidar_stl_ros2' returned '0': CMAKE_PREFIX_PATH=${CMAKE_PREFIX_PATH}:/opt/ros/humble /usr/bin/cmake --install /home/azp/ros2_ws/build/ldlidar_stl_ros2
