[0.471s] DEBUG:colcon:Command line arguments: ['/usr/bin/colcon', 'build', '--packages-select', 'rom2109_description']
[0.471s] DEBUG:colcon:Parsed command line arguments: Namespace(log_base=None, log_level=None, verb_name='build', build_base='build', install_base='install', merge_install=False, symlink_install=False, test_result_base=None, continue_on_error=False, executor='parallel', parallel_workers=4, event_handlers=None, ignore_user_meta=False, metas=['./colcon.meta'], base_paths=['.'], packages_ignore=None, packages_ignore_regex=None, paths=None, packages_up_to=None, packages_up_to_regex=None, packages_above=None, packages_above_and_dependencies=None, packages_above_depth=None, packages_select_by_dep=None, packages_skip_by_dep=None, packages_skip_up_to=None, packages_select_build_failed=False, packages_skip_build_finished=False, packages_select_test_failures=False, packages_skip_test_passed=False, packages_select=['rom2109_description'], packages_skip=None, packages_select_regex=None, packages_skip_regex=None, packages_start=None, packages_end=None, allow_overriding=[], cmake_args=None, cmake_target=None, cmake_target_skip_unavailable=False, cmake_clean_cache=False, cmake_clean_first=False, cmake_force_configure=False, ament_cmake_args=None, catkin_cmake_args=None, catkin_skip_building_tests=False, verb_parser=<colcon_defaults.argument_parser.defaults.DefaultArgumentsDecorator object at 0x7f32797d1540>, verb_extension=<colcon_core.verb.build.BuildVerb object at 0x7f327a15f9a0>, main=<bound method BuildVerb.main of <colcon_core.verb.build.BuildVerb object at 0x7f327a15f9a0>>)
[0.514s] Level 1:colcon.colcon_core.package_discovery:discover_packages(colcon_meta) check parameters
[0.514s] Level 1:colcon.colcon_core.package_discovery:discover_packages(recursive) check parameters
[0.515s] Level 1:colcon.colcon_core.package_discovery:discover_packages(ignore) check parameters
[0.515s] Level 1:colcon.colcon_core.package_discovery:discover_packages(path) check parameters
[0.515s] Level 1:colcon.colcon_core.package_discovery:discover_packages(colcon_meta) discover
[0.515s] Level 1:colcon.colcon_core.package_discovery:discover_packages(recursive) discover
[0.515s] INFO:colcon.colcon_core.package_discovery:Crawling recursively for packages in '/home/azp/ros2_ws'
[0.515s] Level 1:colcon.colcon_core.package_identification:_identify(.) by extensions ['ignore', 'ignore_ament_install']
[0.515s] Level 1:colcon.colcon_core.package_identification:_identify(.) by extension 'ignore'
[0.515s] Level 1:colcon.colcon_core.package_identification:_identify(.) by extension 'ignore_ament_install'
[0.515s] Level 1:colcon.colcon_core.package_identification:_identify(.) by extensions ['colcon_pkg']
[0.515s] Level 1:colcon.colcon_core.package_identification:_identify(.) by extension 'colcon_pkg'
[0.515s] Level 1:colcon.colcon_core.package_identification:_identify(.) by extensions ['colcon_meta']
[0.515s] Level 1:colcon.colcon_core.package_identification:_identify(.) by extension 'colcon_meta'
[0.515s] Level 1:colcon.colcon_core.package_identification:_identify(.) by extensions ['ros']
[0.515s] Level 1:colcon.colcon_core.package_identification:_identify(.) by extension 'ros'
[0.531s] Level 1:colcon.colcon_core.package_identification:_identify(.) by extensions ['cmake', 'python']
[0.531s] Level 1:colcon.colcon_core.package_identification:_identify(.) by extension 'cmake'
[0.531s] Level 1:colcon.colcon_core.package_identification:_identify(.) by extension 'python'
[0.531s] Level 1:colcon.colcon_core.package_identification:_identify(.) by extensions ['python_setup_py']
[0.531s] Level 1:colcon.colcon_core.package_identification:_identify(.) by extension 'python_setup_py'
[0.531s] Level 1:colcon.colcon_core.package_identification:_identify(build) by extensions ['ignore', 'ignore_ament_install']
[0.531s] Level 1:colcon.colcon_core.package_identification:_identify(build) by extension 'ignore'
[0.531s] Level 1:colcon.colcon_core.package_identification:_identify(build) ignored
[0.532s] Level 1:colcon.colcon_core.package_identification:_identify(install) by extensions ['ignore', 'ignore_ament_install']
[0.532s] Level 1:colcon.colcon_core.package_identification:_identify(install) by extension 'ignore'
[0.532s] Level 1:colcon.colcon_core.package_identification:_identify(install) ignored
[0.532s] Level 1:colcon.colcon_core.package_identification:_identify(log) by extensions ['ignore', 'ignore_ament_install']
[0.532s] Level 1:colcon.colcon_core.package_identification:_identify(log) by extension 'ignore'
[0.532s] Level 1:colcon.colcon_core.package_identification:_identify(log) ignored
[0.532s] Level 1:colcon.colcon_core.package_identification:_identify(src) by extensions ['ignore', 'ignore_ament_install']
[0.532s] Level 1:colcon.colcon_core.package_identification:_identify(src) by extension 'ignore'
[0.532s] Level 1:colcon.colcon_core.package_identification:_identify(src) by extension 'ignore_ament_install'
[0.532s] Level 1:colcon.colcon_core.package_identification:_identify(src) by extensions ['colcon_pkg']
[0.532s] Level 1:colcon.colcon_core.package_identification:_identify(src) by extension 'colcon_pkg'
[0.533s] Level 1:colcon.colcon_core.package_identification:_identify(src) by extensions ['colcon_meta']
[0.533s] Level 1:colcon.colcon_core.package_identification:_identify(src) by extension 'colcon_meta'
[0.533s] Level 1:colcon.colcon_core.package_identification:_identify(src) by extensions ['ros']
[0.533s] Level 1:colcon.colcon_core.package_identification:_identify(src) by extension 'ros'
[0.533s] Level 1:colcon.colcon_core.package_identification:_identify(src) by extensions ['cmake', 'python']
[0.533s] Level 1:colcon.colcon_core.package_identification:_identify(src) by extension 'cmake'
[0.533s] Level 1:colcon.colcon_core.package_identification:_identify(src) by extension 'python'
[0.533s] Level 1:colcon.colcon_core.package_identification:_identify(src) by extensions ['python_setup_py']
[0.533s] Level 1:colcon.colcon_core.package_identification:_identify(src) by extension 'python_setup_py'
[0.533s] Level 1:colcon.colcon_core.package_identification:_identify(src/build) by extensions ['ignore', 'ignore_ament_install']
[0.533s] Level 1:colcon.colcon_core.package_identification:_identify(src/build) by extension 'ignore'
[0.533s] Level 1:colcon.colcon_core.package_identification:_identify(src/build) ignored
[0.533s] Level 1:colcon.colcon_core.package_identification:_identify(src/champ) by extensions ['ignore', 'ignore_ament_install']
[0.533s] Level 1:colcon.colcon_core.package_identification:_identify(src/champ) by extension 'ignore'
[0.534s] Level 1:colcon.colcon_core.package_identification:_identify(src/champ) by extension 'ignore_ament_install'
[0.534s] Level 1:colcon.colcon_core.package_identification:_identify(src/champ) by extensions ['colcon_pkg']
[0.534s] Level 1:colcon.colcon_core.package_identification:_identify(src/champ) by extension 'colcon_pkg'
[0.534s] Level 1:colcon.colcon_core.package_identification:_identify(src/champ) by extensions ['colcon_meta']
[0.534s] Level 1:colcon.colcon_core.package_identification:_identify(src/champ) by extension 'colcon_meta'
[0.534s] Level 1:colcon.colcon_core.package_identification:_identify(src/champ) by extensions ['ros']
[0.534s] Level 1:colcon.colcon_core.package_identification:_identify(src/champ) by extension 'ros'
[0.534s] Level 1:colcon.colcon_core.package_identification:_identify(src/champ) by extensions ['cmake', 'python']
[0.534s] Level 1:colcon.colcon_core.package_identification:_identify(src/champ) by extension 'cmake'
[0.534s] Level 1:colcon.colcon_core.package_identification:_identify(src/champ) by extension 'python'
[0.534s] Level 1:colcon.colcon_core.package_identification:_identify(src/champ) by extensions ['python_setup_py']
[0.534s] Level 1:colcon.colcon_core.package_identification:_identify(src/champ) by extension 'python_setup_py'
[0.534s] Level 1:colcon.colcon_core.package_identification:_identify(src/champ/champ) by extensions ['ignore', 'ignore_ament_install']
[0.534s] Level 1:colcon.colcon_core.package_identification:_identify(src/champ/champ) by extension 'ignore'
[0.534s] Level 1:colcon.colcon_core.package_identification:_identify(src/champ/champ) by extension 'ignore_ament_install'
[0.535s] Level 1:colcon.colcon_core.package_identification:_identify(src/champ/champ) by extensions ['colcon_pkg']
[0.535s] Level 1:colcon.colcon_core.package_identification:_identify(src/champ/champ) by extension 'colcon_pkg'
[0.535s] Level 1:colcon.colcon_core.package_identification:_identify(src/champ/champ) by extensions ['colcon_meta']
[0.535s] Level 1:colcon.colcon_core.package_identification:_identify(src/champ/champ) by extension 'colcon_meta'
[0.535s] Level 1:colcon.colcon_core.package_identification:_identify(src/champ/champ) by extensions ['ros']
[0.535s] Level 1:colcon.colcon_core.package_identification:_identify(src/champ/champ) by extension 'ros'
[0.535s] Level 1:colcon.colcon_core.package_identification:_identify(src/champ/champ) by extensions ['cmake', 'python']
[0.535s] Level 1:colcon.colcon_core.package_identification:_identify(src/champ/champ) by extension 'cmake'
[0.535s] Level 1:colcon.colcon_core.package_identification:_identify(src/champ/champ) by extension 'python'
[0.535s] Level 1:colcon.colcon_core.package_identification:_identify(src/champ/champ) by extensions ['python_setup_py']
[0.535s] Level 1:colcon.colcon_core.package_identification:_identify(src/champ/champ) by extension 'python_setup_py'
[0.535s] Level 1:colcon.colcon_core.package_identification:_identify(src/champ/champ/champ) by extensions ['ignore', 'ignore_ament_install']
[0.535s] Level 1:colcon.colcon_core.package_identification:_identify(src/champ/champ/champ) by extension 'ignore'
[0.535s] Level 1:colcon.colcon_core.package_identification:_identify(src/champ/champ/champ) by extension 'ignore_ament_install'
[0.535s] Level 1:colcon.colcon_core.package_identification:_identify(src/champ/champ/champ) by extensions ['colcon_pkg']
[0.536s] Level 1:colcon.colcon_core.package_identification:_identify(src/champ/champ/champ) by extension 'colcon_pkg'
[0.536s] Level 1:colcon.colcon_core.package_identification:_identify(src/champ/champ/champ) by extensions ['colcon_meta']
[0.536s] Level 1:colcon.colcon_core.package_identification:_identify(src/champ/champ/champ) by extension 'colcon_meta'
[0.536s] Level 1:colcon.colcon_core.package_identification:_identify(src/champ/champ/champ) by extensions ['ros']
[0.536s] Level 1:colcon.colcon_core.package_identification:_identify(src/champ/champ/champ) by extension 'ros'
[0.539s] DEBUG:colcon.colcon_core.package_identification:Package 'src/champ/champ/champ' with type 'ros.ament_cmake' and name 'champ'
[0.539s] Level 1:colcon.colcon_core.package_identification:_identify(src/champ/champ/champ_base) by extensions ['ignore', 'ignore_ament_install']
[0.539s] Level 1:colcon.colcon_core.package_identification:_identify(src/champ/champ/champ_base) by extension 'ignore'
[0.539s] Level 1:colcon.colcon_core.package_identification:_identify(src/champ/champ/champ_base) by extension 'ignore_ament_install'
[0.539s] Level 1:colcon.colcon_core.package_identification:_identify(src/champ/champ/champ_base) by extensions ['colcon_pkg']
[0.539s] Level 1:colcon.colcon_core.package_identification:_identify(src/champ/champ/champ_base) by extension 'colcon_pkg'
[0.539s] Level 1:colcon.colcon_core.package_identification:_identify(src/champ/champ/champ_base) by extensions ['colcon_meta']
[0.539s] Level 1:colcon.colcon_core.package_identification:_identify(src/champ/champ/champ_base) by extension 'colcon_meta'
[0.540s] Level 1:colcon.colcon_core.package_identification:_identify(src/champ/champ/champ_base) by extensions ['ros']
[0.540s] Level 1:colcon.colcon_core.package_identification:_identify(src/champ/champ/champ_base) by extension 'ros'
[0.542s] DEBUG:colcon.colcon_core.package_identification:Package 'src/champ/champ/champ_base' with type 'ros.ament_cmake' and name 'champ_base'
[0.542s] Level 1:colcon.colcon_core.package_identification:_identify(src/champ/champ/champ_bringup) by extensions ['ignore', 'ignore_ament_install']
[0.542s] Level 1:colcon.colcon_core.package_identification:_identify(src/champ/champ/champ_bringup) by extension 'ignore'
[0.543s] Level 1:colcon.colcon_core.package_identification:_identify(src/champ/champ/champ_bringup) by extension 'ignore_ament_install'
[0.543s] Level 1:colcon.colcon_core.package_identification:_identify(src/champ/champ/champ_bringup) by extensions ['colcon_pkg']
[0.543s] Level 1:colcon.colcon_core.package_identification:_identify(src/champ/champ/champ_bringup) by extension 'colcon_pkg'
[0.543s] Level 1:colcon.colcon_core.package_identification:_identify(src/champ/champ/champ_bringup) by extensions ['colcon_meta']
[0.543s] Level 1:colcon.colcon_core.package_identification:_identify(src/champ/champ/champ_bringup) by extension 'colcon_meta'
[0.543s] Level 1:colcon.colcon_core.package_identification:_identify(src/champ/champ/champ_bringup) by extensions ['ros']
[0.543s] Level 1:colcon.colcon_core.package_identification:_identify(src/champ/champ/champ_bringup) by extension 'ros'
[0.544s] DEBUG:colcon.colcon_core.package_identification:Package 'src/champ/champ/champ_bringup' with type 'ros.ament_cmake' and name 'champ_bringup'
[0.544s] Level 1:colcon.colcon_core.package_identification:_identify(src/champ/champ/champ_config) by extensions ['ignore', 'ignore_ament_install']
[0.544s] Level 1:colcon.colcon_core.package_identification:_identify(src/champ/champ/champ_config) by extension 'ignore'
[0.544s] Level 1:colcon.colcon_core.package_identification:_identify(src/champ/champ/champ_config) by extension 'ignore_ament_install'
[0.545s] Level 1:colcon.colcon_core.package_identification:_identify(src/champ/champ/champ_config) by extensions ['colcon_pkg']
[0.545s] Level 1:colcon.colcon_core.package_identification:_identify(src/champ/champ/champ_config) by extension 'colcon_pkg'
[0.545s] Level 1:colcon.colcon_core.package_identification:_identify(src/champ/champ/champ_config) by extensions ['colcon_meta']
[0.545s] Level 1:colcon.colcon_core.package_identification:_identify(src/champ/champ/champ_config) by extension 'colcon_meta'
[0.545s] Level 1:colcon.colcon_core.package_identification:_identify(src/champ/champ/champ_config) by extensions ['ros']
[0.545s] Level 1:colcon.colcon_core.package_identification:_identify(src/champ/champ/champ_config) by extension 'ros'
[0.545s] DEBUG:colcon.colcon_core.package_identification:Package 'src/champ/champ/champ_config' with type 'ros.ament_cmake' and name 'champ_config'
[0.546s] Level 1:colcon.colcon_core.package_identification:_identify(src/champ/champ/champ_description) by extensions ['ignore', 'ignore_ament_install']
[0.546s] Level 1:colcon.colcon_core.package_identification:_identify(src/champ/champ/champ_description) by extension 'ignore'
[0.546s] Level 1:colcon.colcon_core.package_identification:_identify(src/champ/champ/champ_description) by extension 'ignore_ament_install'
[0.546s] Level 1:colcon.colcon_core.package_identification:_identify(src/champ/champ/champ_description) by extensions ['colcon_pkg']
[0.546s] Level 1:colcon.colcon_core.package_identification:_identify(src/champ/champ/champ_description) by extension 'colcon_pkg'
[0.546s] Level 1:colcon.colcon_core.package_identification:_identify(src/champ/champ/champ_description) by extensions ['colcon_meta']
[0.546s] Level 1:colcon.colcon_core.package_identification:_identify(src/champ/champ/champ_description) by extension 'colcon_meta'
[0.546s] Level 1:colcon.colcon_core.package_identification:_identify(src/champ/champ/champ_description) by extensions ['ros']
[0.546s] Level 1:colcon.colcon_core.package_identification:_identify(src/champ/champ/champ_description) by extension 'ros'
[0.547s] DEBUG:colcon.colcon_core.package_identification:Package 'src/champ/champ/champ_description' with type 'ros.ament_cmake' and name 'champ_description'
[0.548s] Level 1:colcon.colcon_core.package_identification:_identify(src/champ/champ/champ_gazebo) by extensions ['ignore', 'ignore_ament_install']
[0.548s] Level 1:colcon.colcon_core.package_identification:_identify(src/champ/champ/champ_gazebo) by extension 'ignore'
[0.548s] Level 1:colcon.colcon_core.package_identification:_identify(src/champ/champ/champ_gazebo) by extension 'ignore_ament_install'
[0.548s] Level 1:colcon.colcon_core.package_identification:_identify(src/champ/champ/champ_gazebo) by extensions ['colcon_pkg']
[0.548s] Level 1:colcon.colcon_core.package_identification:_identify(src/champ/champ/champ_gazebo) by extension 'colcon_pkg'
[0.548s] Level 1:colcon.colcon_core.package_identification:_identify(src/champ/champ/champ_gazebo) by extensions ['colcon_meta']
[0.548s] Level 1:colcon.colcon_core.package_identification:_identify(src/champ/champ/champ_gazebo) by extension 'colcon_meta'
[0.549s] Level 1:colcon.colcon_core.package_identification:_identify(src/champ/champ/champ_gazebo) by extensions ['ros']
[0.549s] Level 1:colcon.colcon_core.package_identification:_identify(src/champ/champ/champ_gazebo) by extension 'ros'
[0.551s] DEBUG:colcon.colcon_core.package_identification:Package 'src/champ/champ/champ_gazebo' with type 'ros.ament_cmake' and name 'champ_gazebo'
[0.551s] Level 1:colcon.colcon_core.package_identification:_identify(src/champ/champ/champ_msgs) by extensions ['ignore', 'ignore_ament_install']
[0.551s] Level 1:colcon.colcon_core.package_identification:_identify(src/champ/champ/champ_msgs) by extension 'ignore'
[0.551s] Level 1:colcon.colcon_core.package_identification:_identify(src/champ/champ/champ_msgs) by extension 'ignore_ament_install'
[0.552s] Level 1:colcon.colcon_core.package_identification:_identify(src/champ/champ/champ_msgs) by extensions ['colcon_pkg']
[0.552s] Level 1:colcon.colcon_core.package_identification:_identify(src/champ/champ/champ_msgs) by extension 'colcon_pkg'
[0.552s] Level 1:colcon.colcon_core.package_identification:_identify(src/champ/champ/champ_msgs) by extensions ['colcon_meta']
[0.552s] Level 1:colcon.colcon_core.package_identification:_identify(src/champ/champ/champ_msgs) by extension 'colcon_meta'
[0.552s] Level 1:colcon.colcon_core.package_identification:_identify(src/champ/champ/champ_msgs) by extensions ['ros']
[0.552s] Level 1:colcon.colcon_core.package_identification:_identify(src/champ/champ/champ_msgs) by extension 'ros'
[0.553s] DEBUG:colcon.colcon_core.package_identification:Package 'src/champ/champ/champ_msgs' with type 'ros.ament_cmake' and name 'champ_msgs'
[0.553s] Level 1:colcon.colcon_core.package_identification:_identify(src/champ/champ/champ_navigation) by extensions ['ignore', 'ignore_ament_install']
[0.553s] Level 1:colcon.colcon_core.package_identification:_identify(src/champ/champ/champ_navigation) by extension 'ignore'
[0.553s] Level 1:colcon.colcon_core.package_identification:_identify(src/champ/champ/champ_navigation) by extension 'ignore_ament_install'
[0.553s] Level 1:colcon.colcon_core.package_identification:_identify(src/champ/champ/champ_navigation) by extensions ['colcon_pkg']
[0.554s] Level 1:colcon.colcon_core.package_identification:_identify(src/champ/champ/champ_navigation) by extension 'colcon_pkg'
[0.554s] Level 1:colcon.colcon_core.package_identification:_identify(src/champ/champ/champ_navigation) by extensions ['colcon_meta']
[0.554s] Level 1:colcon.colcon_core.package_identification:_identify(src/champ/champ/champ_navigation) by extension 'colcon_meta'
[0.554s] Level 1:colcon.colcon_core.package_identification:_identify(src/champ/champ/champ_navigation) by extensions ['ros']
[0.554s] Level 1:colcon.colcon_core.package_identification:_identify(src/champ/champ/champ_navigation) by extension 'ros'
[0.555s] DEBUG:colcon.colcon_core.package_identification:Package 'src/champ/champ/champ_navigation' with type 'ros.ament_cmake' and name 'champ_navigation'
[0.555s] Level 1:colcon.colcon_core.package_identification:_identify(src/champ/champ/docs) by extensions ['ignore', 'ignore_ament_install']
[0.555s] Level 1:colcon.colcon_core.package_identification:_identify(src/champ/champ/docs) by extension 'ignore'
[0.555s] Level 1:colcon.colcon_core.package_identification:_identify(src/champ/champ/docs) by extension 'ignore_ament_install'
[0.555s] Level 1:colcon.colcon_core.package_identification:_identify(src/champ/champ/docs) by extensions ['colcon_pkg']
[0.555s] Level 1:colcon.colcon_core.package_identification:_identify(src/champ/champ/docs) by extension 'colcon_pkg'
[0.555s] Level 1:colcon.colcon_core.package_identification:_identify(src/champ/champ/docs) by extensions ['colcon_meta']
[0.555s] Level 1:colcon.colcon_core.package_identification:_identify(src/champ/champ/docs) by extension 'colcon_meta'
[0.556s] Level 1:colcon.colcon_core.package_identification:_identify(src/champ/champ/docs) by extensions ['ros']
[0.556s] Level 1:colcon.colcon_core.package_identification:_identify(src/champ/champ/docs) by extension 'ros'
[0.556s] Level 1:colcon.colcon_core.package_identification:_identify(src/champ/champ/docs) by extensions ['cmake', 'python']
[0.556s] Level 1:colcon.colcon_core.package_identification:_identify(src/champ/champ/docs) by extension 'cmake'
[0.556s] Level 1:colcon.colcon_core.package_identification:_identify(src/champ/champ/docs) by extension 'python'
[0.556s] Level 1:colcon.colcon_core.package_identification:_identify(src/champ/champ/docs) by extensions ['python_setup_py']
[0.556s] Level 1:colcon.colcon_core.package_identification:_identify(src/champ/champ/docs) by extension 'python_setup_py'
[0.556s] Level 1:colcon.colcon_core.package_identification:_identify(src/champ/champ/docs/images) by extensions ['ignore', 'ignore_ament_install']
[0.557s] Level 1:colcon.colcon_core.package_identification:_identify(src/champ/champ/docs/images) by extension 'ignore'
[0.557s] Level 1:colcon.colcon_core.package_identification:_identify(src/champ/champ/docs/images) by extension 'ignore_ament_install'
[0.557s] Level 1:colcon.colcon_core.package_identification:_identify(src/champ/champ/docs/images) by extensions ['colcon_pkg']
[0.557s] Level 1:colcon.colcon_core.package_identification:_identify(src/champ/champ/docs/images) by extension 'colcon_pkg'
[0.557s] Level 1:colcon.colcon_core.package_identification:_identify(src/champ/champ/docs/images) by extensions ['colcon_meta']
[0.557s] Level 1:colcon.colcon_core.package_identification:_identify(src/champ/champ/docs/images) by extension 'colcon_meta'
[0.557s] Level 1:colcon.colcon_core.package_identification:_identify(src/champ/champ/docs/images) by extensions ['ros']
[0.557s] Level 1:colcon.colcon_core.package_identification:_identify(src/champ/champ/docs/images) by extension 'ros'
[0.557s] Level 1:colcon.colcon_core.package_identification:_identify(src/champ/champ/docs/images) by extensions ['cmake', 'python']
[0.557s] Level 1:colcon.colcon_core.package_identification:_identify(src/champ/champ/docs/images) by extension 'cmake'
[0.557s] Level 1:colcon.colcon_core.package_identification:_identify(src/champ/champ/docs/images) by extension 'python'
[0.558s] Level 1:colcon.colcon_core.package_identification:_identify(src/champ/champ/docs/images) by extensions ['python_setup_py']
[0.558s] Level 1:colcon.colcon_core.package_identification:_identify(src/champ/champ/docs/images) by extension 'python_setup_py'
[0.558s] Level 1:colcon.colcon_core.package_identification:_identify(src/champ/champ_teleop) by extensions ['ignore', 'ignore_ament_install']
[0.558s] Level 1:colcon.colcon_core.package_identification:_identify(src/champ/champ_teleop) by extension 'ignore'
[0.558s] Level 1:colcon.colcon_core.package_identification:_identify(src/champ/champ_teleop) by extension 'ignore_ament_install'
[0.558s] Level 1:colcon.colcon_core.package_identification:_identify(src/champ/champ_teleop) by extensions ['colcon_pkg']
[0.558s] Level 1:colcon.colcon_core.package_identification:_identify(src/champ/champ_teleop) by extension 'colcon_pkg'
[0.559s] Level 1:colcon.colcon_core.package_identification:_identify(src/champ/champ_teleop) by extensions ['colcon_meta']
[0.559s] Level 1:colcon.colcon_core.package_identification:_identify(src/champ/champ_teleop) by extension 'colcon_meta'
[0.559s] Level 1:colcon.colcon_core.package_identification:_identify(src/champ/champ_teleop) by extensions ['ros']
[0.559s] Level 1:colcon.colcon_core.package_identification:_identify(src/champ/champ_teleop) by extension 'ros'
[0.560s] DEBUG:colcon.colcon_core.package_identification:Package 'src/champ/champ_teleop' with type 'ros.ament_cmake' and name 'champ_teleop'
[0.560s] Level 1:colcon.colcon_core.package_identification:_identify(src/install) by extensions ['ignore', 'ignore_ament_install']
[0.561s] Level 1:colcon.colcon_core.package_identification:_identify(src/install) by extension 'ignore'
[0.561s] Level 1:colcon.colcon_core.package_identification:_identify(src/install) ignored
[0.561s] Level 1:colcon.colcon_core.package_identification:_identify(src/ldlidar_stl_ros) by extensions ['ignore', 'ignore_ament_install']
[0.561s] Level 1:colcon.colcon_core.package_identification:_identify(src/ldlidar_stl_ros) by extension 'ignore'
[0.561s] Level 1:colcon.colcon_core.package_identification:_identify(src/ldlidar_stl_ros) by extension 'ignore_ament_install'
[0.561s] Level 1:colcon.colcon_core.package_identification:_identify(src/ldlidar_stl_ros) by extensions ['colcon_pkg']
[0.561s] Level 1:colcon.colcon_core.package_identification:_identify(src/ldlidar_stl_ros) by extension 'colcon_pkg'
[0.561s] Level 1:colcon.colcon_core.package_identification:_identify(src/ldlidar_stl_ros) by extensions ['colcon_meta']
[0.561s] Level 1:colcon.colcon_core.package_identification:_identify(src/ldlidar_stl_ros) by extension 'colcon_meta'
[0.561s] Level 1:colcon.colcon_core.package_identification:_identify(src/ldlidar_stl_ros) by extensions ['ros']
[0.561s] Level 1:colcon.colcon_core.package_identification:_identify(src/ldlidar_stl_ros) by extension 'ros'
[0.562s] DEBUG:colcon.colcon_core.package_identification:Package 'src/ldlidar_stl_ros' with type 'ros.ament_cmake' and name 'ldlidar_stl_ros2'
[0.562s] Level 1:colcon.colcon_core.package_identification:_identify(src/log) by extensions ['ignore', 'ignore_ament_install']
[0.562s] Level 1:colcon.colcon_core.package_identification:_identify(src/log) by extension 'ignore'
[0.563s] Level 1:colcon.colcon_core.package_identification:_identify(src/log) ignored
[0.563s] Level 1:colcon.colcon_core.package_identification:_identify(src/mini_pupper_ros) by extensions ['ignore', 'ignore_ament_install']
[0.563s] Level 1:colcon.colcon_core.package_identification:_identify(src/mini_pupper_ros) by extension 'ignore'
[0.563s] Level 1:colcon.colcon_core.package_identification:_identify(src/mini_pupper_ros) by extension 'ignore_ament_install'
[0.563s] Level 1:colcon.colcon_core.package_identification:_identify(src/mini_pupper_ros) by extensions ['colcon_pkg']
[0.563s] Level 1:colcon.colcon_core.package_identification:_identify(src/mini_pupper_ros) by extension 'colcon_pkg'
[0.563s] Level 1:colcon.colcon_core.package_identification:_identify(src/mini_pupper_ros) by extensions ['colcon_meta']
[0.563s] Level 1:colcon.colcon_core.package_identification:_identify(src/mini_pupper_ros) by extension 'colcon_meta'
[0.563s] Level 1:colcon.colcon_core.package_identification:_identify(src/mini_pupper_ros) by extensions ['ros']
[0.563s] Level 1:colcon.colcon_core.package_identification:_identify(src/mini_pupper_ros) by extension 'ros'
[0.563s] Level 1:colcon.colcon_core.package_identification:_identify(src/mini_pupper_ros) by extensions ['cmake', 'python']
[0.564s] Level 1:colcon.colcon_core.package_identification:_identify(src/mini_pupper_ros) by extension 'cmake'
[0.564s] Level 1:colcon.colcon_core.package_identification:_identify(src/mini_pupper_ros) by extension 'python'
[0.564s] Level 1:colcon.colcon_core.package_identification:_identify(src/mini_pupper_ros) by extensions ['python_setup_py']
[0.564s] Level 1:colcon.colcon_core.package_identification:_identify(src/mini_pupper_ros) by extension 'python_setup_py'
[0.564s] Level 1:colcon.colcon_core.package_identification:_identify(src/mini_pupper_ros/mini_pupper_bringup) by extensions ['ignore', 'ignore_ament_install']
[0.564s] Level 1:colcon.colcon_core.package_identification:_identify(src/mini_pupper_ros/mini_pupper_bringup) by extension 'ignore'
[0.564s] Level 1:colcon.colcon_core.package_identification:_identify(src/mini_pupper_ros/mini_pupper_bringup) by extension 'ignore_ament_install'
[0.564s] Level 1:colcon.colcon_core.package_identification:_identify(src/mini_pupper_ros/mini_pupper_bringup) by extensions ['colcon_pkg']
[0.564s] Level 1:colcon.colcon_core.package_identification:_identify(src/mini_pupper_ros/mini_pupper_bringup) by extension 'colcon_pkg'
[0.564s] Level 1:colcon.colcon_core.package_identification:_identify(src/mini_pupper_ros/mini_pupper_bringup) by extensions ['colcon_meta']
[0.564s] Level 1:colcon.colcon_core.package_identification:_identify(src/mini_pupper_ros/mini_pupper_bringup) by extension 'colcon_meta'
[0.564s] Level 1:colcon.colcon_core.package_identification:_identify(src/mini_pupper_ros/mini_pupper_bringup) by extensions ['ros']
[0.564s] Level 1:colcon.colcon_core.package_identification:_identify(src/mini_pupper_ros/mini_pupper_bringup) by extension 'ros'
[0.565s] DEBUG:colcon.colcon_core.package_identification:Package 'src/mini_pupper_ros/mini_pupper_bringup' with type 'ros.ament_cmake' and name 'mini_pupper_bringup'
[0.565s] Level 1:colcon.colcon_core.package_identification:_identify(src/mini_pupper_ros/mini_pupper_control) by extensions ['ignore', 'ignore_ament_install']
[0.565s] Level 1:colcon.colcon_core.package_identification:_identify(src/mini_pupper_ros/mini_pupper_control) by extension 'ignore'
[0.565s] Level 1:colcon.colcon_core.package_identification:_identify(src/mini_pupper_ros/mini_pupper_control) by extension 'ignore_ament_install'
[0.565s] Level 1:colcon.colcon_core.package_identification:_identify(src/mini_pupper_ros/mini_pupper_control) by extensions ['colcon_pkg']
[0.566s] Level 1:colcon.colcon_core.package_identification:_identify(src/mini_pupper_ros/mini_pupper_control) by extension 'colcon_pkg'
[0.566s] Level 1:colcon.colcon_core.package_identification:_identify(src/mini_pupper_ros/mini_pupper_control) by extensions ['colcon_meta']
[0.566s] Level 1:colcon.colcon_core.package_identification:_identify(src/mini_pupper_ros/mini_pupper_control) by extension 'colcon_meta'
[0.566s] Level 1:colcon.colcon_core.package_identification:_identify(src/mini_pupper_ros/mini_pupper_control) by extensions ['ros']
[0.566s] Level 1:colcon.colcon_core.package_identification:_identify(src/mini_pupper_ros/mini_pupper_control) by extension 'ros'
[0.567s] DEBUG:colcon.colcon_core.package_identification:Package 'src/mini_pupper_ros/mini_pupper_control' with type 'ros.ament_python' and name 'mini_pupper_control'
[0.567s] Level 1:colcon.colcon_core.package_identification:_identify(src/mini_pupper_ros/mini_pupper_description) by extensions ['ignore', 'ignore_ament_install']
[0.567s] Level 1:colcon.colcon_core.package_identification:_identify(src/mini_pupper_ros/mini_pupper_description) by extension 'ignore'
[0.567s] Level 1:colcon.colcon_core.package_identification:_identify(src/mini_pupper_ros/mini_pupper_description) by extension 'ignore_ament_install'
[0.567s] Level 1:colcon.colcon_core.package_identification:_identify(src/mini_pupper_ros/mini_pupper_description) by extensions ['colcon_pkg']
[0.567s] Level 1:colcon.colcon_core.package_identification:_identify(src/mini_pupper_ros/mini_pupper_description) by extension 'colcon_pkg'
[0.567s] Level 1:colcon.colcon_core.package_identification:_identify(src/mini_pupper_ros/mini_pupper_description) by extensions ['colcon_meta']
[0.567s] Level 1:colcon.colcon_core.package_identification:_identify(src/mini_pupper_ros/mini_pupper_description) by extension 'colcon_meta'
[0.567s] Level 1:colcon.colcon_core.package_identification:_identify(src/mini_pupper_ros/mini_pupper_description) by extensions ['ros']
[0.568s] Level 1:colcon.colcon_core.package_identification:_identify(src/mini_pupper_ros/mini_pupper_description) by extension 'ros'
[0.568s] DEBUG:colcon.colcon_core.package_identification:Package 'src/mini_pupper_ros/mini_pupper_description' with type 'ros.ament_cmake' and name 'mini_pupper_description'
[0.568s] Level 1:colcon.colcon_core.package_identification:_identify(src/mini_pupper_ros/mini_pupper_gazebo) by extensions ['ignore', 'ignore_ament_install']
[0.569s] Level 1:colcon.colcon_core.package_identification:_identify(src/mini_pupper_ros/mini_pupper_gazebo) by extension 'ignore'
[0.569s] Level 1:colcon.colcon_core.package_identification:_identify(src/mini_pupper_ros/mini_pupper_gazebo) by extension 'ignore_ament_install'
[0.569s] Level 1:colcon.colcon_core.package_identification:_identify(src/mini_pupper_ros/mini_pupper_gazebo) by extensions ['colcon_pkg']
[0.569s] Level 1:colcon.colcon_core.package_identification:_identify(src/mini_pupper_ros/mini_pupper_gazebo) by extension 'colcon_pkg'
[0.569s] Level 1:colcon.colcon_core.package_identification:_identify(src/mini_pupper_ros/mini_pupper_gazebo) by extensions ['colcon_meta']
[0.569s] Level 1:colcon.colcon_core.package_identification:_identify(src/mini_pupper_ros/mini_pupper_gazebo) by extension 'colcon_meta'
[0.569s] Level 1:colcon.colcon_core.package_identification:_identify(src/mini_pupper_ros/mini_pupper_gazebo) by extensions ['ros']
[0.569s] Level 1:colcon.colcon_core.package_identification:_identify(src/mini_pupper_ros/mini_pupper_gazebo) by extension 'ros'
[0.570s] DEBUG:colcon.colcon_core.package_identification:Package 'src/mini_pupper_ros/mini_pupper_gazebo' with type 'ros.ament_cmake' and name 'mini_pupper_gazebo'
[0.570s] Level 1:colcon.colcon_core.package_identification:_identify(src/mini_pupper_ros/mini_pupper_navigation) by extensions ['ignore', 'ignore_ament_install']
[0.570s] Level 1:colcon.colcon_core.package_identification:_identify(src/mini_pupper_ros/mini_pupper_navigation) by extension 'ignore'
[0.570s] Level 1:colcon.colcon_core.package_identification:_identify(src/mini_pupper_ros/mini_pupper_navigation) by extension 'ignore_ament_install'
[0.571s] Level 1:colcon.colcon_core.package_identification:_identify(src/mini_pupper_ros/mini_pupper_navigation) by extensions ['colcon_pkg']
[0.571s] Level 1:colcon.colcon_core.package_identification:_identify(src/mini_pupper_ros/mini_pupper_navigation) by extension 'colcon_pkg'
[0.571s] Level 1:colcon.colcon_core.package_identification:_identify(src/mini_pupper_ros/mini_pupper_navigation) by extensions ['colcon_meta']
[0.571s] Level 1:colcon.colcon_core.package_identification:_identify(src/mini_pupper_ros/mini_pupper_navigation) by extension 'colcon_meta'
[0.571s] Level 1:colcon.colcon_core.package_identification:_identify(src/mini_pupper_ros/mini_pupper_navigation) by extensions ['ros']
[0.571s] Level 1:colcon.colcon_core.package_identification:_identify(src/mini_pupper_ros/mini_pupper_navigation) by extension 'ros'
[0.572s] DEBUG:colcon.colcon_core.package_identification:Package 'src/mini_pupper_ros/mini_pupper_navigation' with type 'ros.ament_cmake' and name 'mini_pupper_navigation'
[0.572s] Level 1:colcon.colcon_core.package_identification:_identify(src/mini_pupper_ros/rom2109_description) by extensions ['ignore', 'ignore_ament_install']
[0.572s] Level 1:colcon.colcon_core.package_identification:_identify(src/mini_pupper_ros/rom2109_description) by extension 'ignore'
[0.573s] Level 1:colcon.colcon_core.package_identification:_identify(src/mini_pupper_ros/rom2109_description) by extension 'ignore_ament_install'
[0.573s] Level 1:colcon.colcon_core.package_identification:_identify(src/mini_pupper_ros/rom2109_description) by extensions ['colcon_pkg']
[0.573s] Level 1:colcon.colcon_core.package_identification:_identify(src/mini_pupper_ros/rom2109_description) by extension 'colcon_pkg'
[0.573s] Level 1:colcon.colcon_core.package_identification:_identify(src/mini_pupper_ros/rom2109_description) by extensions ['colcon_meta']
[0.573s] Level 1:colcon.colcon_core.package_identification:_identify(src/mini_pupper_ros/rom2109_description) by extension 'colcon_meta'
[0.573s] Level 1:colcon.colcon_core.package_identification:_identify(src/mini_pupper_ros/rom2109_description) by extensions ['ros']
[0.573s] Level 1:colcon.colcon_core.package_identification:_identify(src/mini_pupper_ros/rom2109_description) by extension 'ros'
[0.574s] DEBUG:colcon.colcon_core.package_identification:Package 'src/mini_pupper_ros/rom2109_description' with type 'ros.ament_cmake' and name 'rom2109_description'
[0.574s] Level 1:colcon.colcon_core.package_discovery:discover_packages(recursive) using defaults
[0.574s] Level 1:colcon.colcon_core.package_discovery:discover_packages(ignore) discover
[0.575s] Level 1:colcon.colcon_core.package_discovery:discover_packages(ignore) using defaults
[0.575s] Level 1:colcon.colcon_core.package_discovery:discover_packages(path) discover
[0.575s] Level 1:colcon.colcon_core.package_discovery:discover_packages(path) using defaults
[0.612s] INFO:colcon.colcon_core.package_selection:Skipping not selected package 'champ' in 'src/champ/champ/champ'
[0.612s] INFO:colcon.colcon_core.package_selection:Skipping not selected package 'champ_config' in 'src/champ/champ/champ_config'
[0.612s] INFO:colcon.colcon_core.package_selection:Skipping not selected package 'champ_description' in 'src/champ/champ/champ_description'
[0.612s] INFO:colcon.colcon_core.package_selection:Skipping not selected package 'champ_msgs' in 'src/champ/champ/champ_msgs'
[0.612s] INFO:colcon.colcon_core.package_selection:Skipping not selected package 'champ_navigation' in 'src/champ/champ/champ_navigation'
[0.612s] INFO:colcon.colcon_core.package_selection:Skipping not selected package 'champ_teleop' in 'src/champ/champ_teleop'
[0.612s] INFO:colcon.colcon_core.package_selection:Skipping not selected package 'ldlidar_stl_ros2' in 'src/ldlidar_stl_ros'
[0.612s] INFO:colcon.colcon_core.package_selection:Skipping not selected package 'mini_pupper_control' in 'src/mini_pupper_ros/mini_pupper_control'
[0.612s] INFO:colcon.colcon_core.package_selection:Skipping not selected package 'mini_pupper_description' in 'src/mini_pupper_ros/mini_pupper_description'
[0.612s] INFO:colcon.colcon_core.package_selection:Skipping not selected package 'mini_pupper_gazebo' in 'src/mini_pupper_ros/mini_pupper_gazebo'
[0.612s] INFO:colcon.colcon_core.package_selection:Skipping not selected package 'mini_pupper_navigation' in 'src/mini_pupper_ros/mini_pupper_navigation'
[0.612s] INFO:colcon.colcon_core.package_selection:Skipping not selected package 'champ_base' in 'src/champ/champ/champ_base'
[0.612s] INFO:colcon.colcon_core.package_selection:Skipping not selected package 'champ_gazebo' in 'src/champ/champ/champ_gazebo'
[0.612s] INFO:colcon.colcon_core.package_selection:Skipping not selected package 'champ_bringup' in 'src/champ/champ/champ_bringup'
[0.613s] INFO:colcon.colcon_core.package_selection:Skipping not selected package 'mini_pupper_bringup' in 'src/mini_pupper_ros/mini_pupper_bringup'
[0.614s] Level 1:colcon.colcon_core.package_discovery:discover_packages(prefix_path) check parameters
[0.614s] Level 1:colcon.colcon_core.package_discovery:discover_packages(prefix_path) discover
[0.619s] DEBUG:colcon.colcon_installed_package_information.package_discovery:Found 16 installed packages in /home/azp/ros2_ws/install
[0.621s] DEBUG:colcon.colcon_installed_package_information.package_discovery:Found 9 installed packages in /home/azp/ROS2/workspace/install
[0.624s] DEBUG:colcon.colcon_installed_package_information.package_discovery:Found 367 installed packages in /opt/ros/humble
[0.629s] Level 1:colcon.colcon_core.package_discovery:discover_packages(prefix_path) using defaults
[0.736s] Level 5:colcon.colcon_core.verb:set package 'rom2109_description' build argument 'cmake_args' from command line to 'None'
[0.736s] Level 5:colcon.colcon_core.verb:set package 'rom2109_description' build argument 'cmake_target' from command line to 'None'
[0.736s] Level 5:colcon.colcon_core.verb:set package 'rom2109_description' build argument 'cmake_target_skip_unavailable' from command line to 'False'
[0.736s] Level 5:colcon.colcon_core.verb:set package 'rom2109_description' build argument 'cmake_clean_cache' from command line to 'False'
[0.736s] Level 5:colcon.colcon_core.verb:set package 'rom2109_description' build argument 'cmake_clean_first' from command line to 'False'
[0.736s] Level 5:colcon.colcon_core.verb:set package 'rom2109_description' build argument 'cmake_force_configure' from command line to 'False'
[0.736s] Level 5:colcon.colcon_core.verb:set package 'rom2109_description' build argument 'ament_cmake_args' from command line to 'None'
[0.736s] Level 5:colcon.colcon_core.verb:set package 'rom2109_description' build argument 'catkin_cmake_args' from command line to 'None'
[0.736s] Level 5:colcon.colcon_core.verb:set package 'rom2109_description' build argument 'catkin_skip_building_tests' from command line to 'False'
[0.736s] DEBUG:colcon.colcon_core.verb:Building package 'rom2109_description' with the following arguments: {'ament_cmake_args': None, 'build_base': '/home/azp/ros2_ws/build/rom2109_description', 'catkin_cmake_args': None, 'catkin_skip_building_tests': False, 'cmake_args': None, 'cmake_clean_cache': False, 'cmake_clean_first': False, 'cmake_force_configure': False, 'cmake_target': None, 'cmake_target_skip_unavailable': False, 'install_base': '/home/azp/ros2_ws/install/rom2109_description', 'merge_install': False, 'path': '/home/azp/ros2_ws/src/mini_pupper_ros/rom2109_description', 'symlink_install': False, 'test_result_base': None}
[0.737s] INFO:colcon.colcon_core.executor:Executing jobs using 'parallel' executor
[0.741s] DEBUG:colcon.colcon_parallel_executor.executor.parallel:run_until_complete
[0.742s] INFO:colcon.colcon_ros.task.ament_cmake.build:Building ROS package in '/home/azp/ros2_ws/src/mini_pupper_ros/rom2109_description' with build type 'ament_cmake'
[0.742s] INFO:colcon.colcon_cmake.task.cmake.build:Building CMake package in '/home/azp/ros2_ws/src/mini_pupper_ros/rom2109_description'
[0.750s] INFO:colcon.colcon_core.plugin_system:Skipping extension 'colcon_core.shell.bat': Not used on non-Windows systems
[0.751s] INFO:colcon.colcon_core.shell:Skip shell extension 'powershell' for command environment: Not usable outside of PowerShell
[0.751s] DEBUG:colcon.colcon_core.shell:Skip shell extension 'dsv' for command environment
[0.774s] DEBUG:colcon.colcon_core.event_handler.log_command:Invoking command in '/home/azp/ros2_ws/build/rom2109_description': CMAKE_PREFIX_PATH=${CMAKE_PREFIX_PATH}:/home/azp/ros2_ws/install/mini_pupper_control:/opt/ros/humble /usr/bin/cmake --build /home/azp/ros2_ws/build/rom2109_description -- -j4 -l4
[0.835s] DEBUG:colcon.colcon_core.event_handler.log_command:Invoked command in '/home/azp/ros2_ws/build/rom2109_description' returned '0': CMAKE_PREFIX_PATH=${CMAKE_PREFIX_PATH}:/home/azp/ros2_ws/install/mini_pupper_control:/opt/ros/humble /usr/bin/cmake --build /home/azp/ros2_ws/build/rom2109_description -- -j4 -l4
[0.888s] DEBUG:colcon.colcon_core.event_handler.log_command:Invoking command in '/home/azp/ros2_ws/build/rom2109_description': CMAKE_PREFIX_PATH=${CMAKE_PREFIX_PATH}:/home/azp/ros2_ws/install/mini_pupper_control:/opt/ros/humble /usr/bin/cmake --install /home/azp/ros2_ws/build/rom2109_description
[0.907s] Level 1:colcon.colcon_core.environment:create_environment_scripts_only(rom2109_description)
[0.915s] DEBUG:colcon.colcon_core.event_handler.log_command:Invoked command in '/home/azp/ros2_ws/build/rom2109_description' returned '0': CMAKE_PREFIX_PATH=${CMAKE_PREFIX_PATH}:/home/azp/ros2_ws/install/mini_pupper_control:/opt/ros/humble /usr/bin/cmake --install /home/azp/ros2_ws/build/rom2109_description
[0.918s] Level 1:colcon.colcon_core.environment:checking '/home/azp/ros2_ws/install/rom2109_description' for CMake module files
[0.919s] Level 1:colcon.colcon_core.environment:checking '/home/azp/ros2_ws/install/rom2109_description' for CMake config files
[0.920s] Level 1:colcon.colcon_core.shell:create_environment_hook('rom2109_description', 'cmake_prefix_path')
[0.921s] INFO:colcon.colcon_core.shell:Creating environment hook '/home/azp/ros2_ws/install/rom2109_description/share/rom2109_description/hook/cmake_prefix_path.ps1'
[0.922s] INFO:colcon.colcon_core.shell:Creating environment descriptor '/home/azp/ros2_ws/install/rom2109_description/share/rom2109_description/hook/cmake_prefix_path.dsv'
[0.923s] INFO:colcon.colcon_core.shell:Creating environment hook '/home/azp/ros2_ws/install/rom2109_description/share/rom2109_description/hook/cmake_prefix_path.sh'
[0.924s] Level 1:colcon.colcon_core.environment:checking '/home/azp/ros2_ws/install/rom2109_description/bin'
[0.924s] Level 1:colcon.colcon_core.environment:checking '/home/azp/ros2_ws/install/rom2109_description/lib/pkgconfig/rom2109_description.pc'
[0.924s] Level 1:colcon.colcon_core.environment:checking '/home/azp/ros2_ws/install/rom2109_description/lib/python3.10/site-packages'
[0.924s] Level 1:colcon.colcon_core.environment:checking '/home/azp/ros2_ws/install/rom2109_description/bin'
[0.927s] INFO:colcon.colcon_core.shell:Creating package script '/home/azp/ros2_ws/install/rom2109_description/share/rom2109_description/package.ps1'
[0.929s] INFO:colcon.colcon_core.shell:Creating package descriptor '/home/azp/ros2_ws/install/rom2109_description/share/rom2109_description/package.dsv'
[0.929s] INFO:colcon.colcon_core.shell:Creating package script '/home/azp/ros2_ws/install/rom2109_description/share/rom2109_description/package.sh'
[0.930s] INFO:colcon.colcon_core.shell:Creating package script '/home/azp/ros2_ws/install/rom2109_description/share/rom2109_description/package.bash'
[0.932s] INFO:colcon.colcon_core.shell:Creating package script '/home/azp/ros2_ws/install/rom2109_description/share/rom2109_description/package.zsh'
[0.932s] Level 1:colcon.colcon_core.environment:create_file_with_runtime_dependencies(/home/azp/ros2_ws/install/rom2109_description/share/colcon-core/packages/rom2109_description)
[0.969s] Level 1:colcon.colcon_core.environment:create_environment_scripts_only(rom2109_description)
[0.971s] Level 1:colcon.colcon_core.environment:checking '/home/azp/ros2_ws/install/rom2109_description' for CMake module files
[0.972s] Level 1:colcon.colcon_core.environment:checking '/home/azp/ros2_ws/install/rom2109_description' for CMake config files
[0.973s] Level 1:colcon.colcon_core.shell:create_environment_hook('rom2109_description', 'cmake_prefix_path')
[0.975s] INFO:colcon.colcon_core.shell:Creating environment hook '/home/azp/ros2_ws/install/rom2109_description/share/rom2109_description/hook/cmake_prefix_path.ps1'
[0.975s] INFO:colcon.colcon_core.shell:Creating environment descriptor '/home/azp/ros2_ws/install/rom2109_description/share/rom2109_description/hook/cmake_prefix_path.dsv'
[0.976s] INFO:colcon.colcon_core.shell:Creating environment hook '/home/azp/ros2_ws/install/rom2109_description/share/rom2109_description/hook/cmake_prefix_path.sh'
[0.977s] Level 1:colcon.colcon_core.environment:checking '/home/azp/ros2_ws/install/rom2109_description/bin'
[0.978s] Level 1:colcon.colcon_core.environment:checking '/home/azp/ros2_ws/install/rom2109_description/lib/pkgconfig/rom2109_description.pc'
[0.978s] Level 1:colcon.colcon_core.environment:checking '/home/azp/ros2_ws/install/rom2109_description/lib/python3.10/site-packages'
[0.979s] Level 1:colcon.colcon_core.environment:checking '/home/azp/ros2_ws/install/rom2109_description/bin'
[0.982s] INFO:colcon.colcon_core.shell:Creating package script '/home/azp/ros2_ws/install/rom2109_description/share/rom2109_description/package.ps1'
[0.983s] INFO:colcon.colcon_core.shell:Creating package descriptor '/home/azp/ros2_ws/install/rom2109_description/share/rom2109_description/package.dsv'
[0.984s] INFO:colcon.colcon_core.shell:Creating package script '/home/azp/ros2_ws/install/rom2109_description/share/rom2109_description/package.sh'
[0.984s] INFO:colcon.colcon_core.shell:Creating package script '/home/azp/ros2_ws/install/rom2109_description/share/rom2109_description/package.bash'
[0.985s] INFO:colcon.colcon_core.shell:Creating package script '/home/azp/ros2_ws/install/rom2109_description/share/rom2109_description/package.zsh'
[0.986s] Level 1:colcon.colcon_core.environment:create_file_with_runtime_dependencies(/home/azp/ros2_ws/install/rom2109_description/share/colcon-core/packages/rom2109_description)
[0.986s] DEBUG:colcon.colcon_parallel_executor.executor.parallel:closing loop
[0.987s] DEBUG:colcon.colcon_parallel_executor.executor.parallel:loop closed
[0.987s] DEBUG:colcon.colcon_parallel_executor.executor.parallel:run_until_complete finished with '0'
[0.987s] DEBUG:colcon.colcon_core.event_reactor:joining thread
[0.996s] INFO:colcon.colcon_core.plugin_system:Skipping extension 'colcon_notification.desktop_notification.terminal_notifier': Not used on non-Darwin systems
[0.996s] INFO:colcon.colcon_core.plugin_system:Skipping extension 'colcon_notification.desktop_notification.win32': Not used on non-Windows systems
[0.996s] INFO:colcon.colcon_notification.desktop_notification:Sending desktop notification using 'notify2'
[1.013s] DEBUG:colcon.colcon_core.event_reactor:joined thread
[1.016s] INFO:colcon.colcon_core.shell:Creating prefix script '/home/azp/ros2_ws/install/local_setup.ps1'
[1.017s] INFO:colcon.colcon_core.shell:Creating prefix util module '/home/azp/ros2_ws/install/_local_setup_util_ps1.py'
[1.020s] INFO:colcon.colcon_core.shell:Creating prefix chain script '/home/azp/ros2_ws/install/setup.ps1'
[1.023s] INFO:colcon.colcon_core.shell:Creating prefix script '/home/azp/ros2_ws/install/local_setup.sh'
[1.024s] INFO:colcon.colcon_core.shell:Creating prefix util module '/home/azp/ros2_ws/install/_local_setup_util_sh.py'
[1.026s] INFO:colcon.colcon_core.shell:Creating prefix chain script '/home/azp/ros2_ws/install/setup.sh'
[1.031s] INFO:colcon.colcon_core.shell:Creating prefix script '/home/azp/ros2_ws/install/local_setup.bash'
[1.032s] INFO:colcon.colcon_core.shell:Creating prefix chain script '/home/azp/ros2_ws/install/setup.bash'
[1.036s] INFO:colcon.colcon_core.shell:Creating prefix script '/home/azp/ros2_ws/install/local_setup.zsh'
[1.036s] INFO:colcon.colcon_core.shell:Creating prefix chain script '/home/azp/ros2_ws/install/setup.zsh'
