[0.090s] Invoking command in '/home/azp/ros2_ws/build/champ_gazebo': AMENT_PREFIX_PATH=/home/azp/ros2_ws/install/champ_msgs:/home/azp/ros2_ws/install/champ:${AMENT_PREFIX_PATH} CMAKE_PREFIX_PATH=/home/azp/ros2_ws/install/champ_msgs:/home/azp/ros2_ws/install/champ:/home/azp/ROS2/workspace/install/test:/home/azp/ROS2/workspace/install/service_test:/home/azp/ROS2/workspace/install/tutorial_interfaces:/home/azp/ROS2/workspace/install/static_tf2_maincpp:/home/azp/ROS2/workspace/install/static_frame:/home/azp/ROS2/workspace/install/my_package:/home/azp/ROS2/workspace/install/moving_robot:/home/azp/ROS2/workspace/install/launch_example_package:/home/azp/ROS2/workspace/install/dolly:/home/azp/ROS2/workspace/install/dolly_gazebo:/home/azp/ROS2/workspace/install/dolly_follow:/home/azp/ROS2/workspace/install/basic_mobile_robot:/opt/ros/humble LD_LIBRARY_PATH=/home/azp/ros2_ws/install/champ_msgs/lib:/home/azp/ROS2/workspace/install/tutorial_interfaces/lib:/usr/lib/x86_64-linux-gnu/gazebo-11/plugins:/opt/ros/humble/opt/rviz_ogre_vendor/lib:/opt/ros/humble/lib/x86_64-linux-gnu:/opt/ros/humble/lib:/usr/share/gazebo/../../lib/x86_64-linux-gnu/gazebo-11/plugins PYTHONPATH=/home/azp/ros2_ws/install/champ_msgs/local/lib/python3.10/dist-packages:${PYTHONPATH} /usr/bin/cmake /home/azp/ros2_ws/src/champ/champ/champ_gazebo -DCMAKE_INSTALL_PREFIX=/home/azp/ros2_ws/install/champ_gazebo
[0.163s] -- Found ament_cmake: 1.3.3 (/opt/ros/humble/share/ament_cmake/cmake)
[0.361s] -- Override CMake install command with custom implementation using symlinks instead of copying resources
[0.371s] -- Found rclcpp: 16.0.2 (/opt/ros/humble/share/rclcpp/cmake)
[0.416s] -- Found rosidl_generator_c: 3.1.4 (/opt/ros/humble/share/rosidl_generator_c/cmake)
[0.420s] -- Found rosidl_adapter: 3.1.4 (/opt/ros/humble/share/rosidl_adapter/cmake)
[0.428s] -- Found rosidl_generator_cpp: 3.1.4 (/opt/ros/humble/share/rosidl_generator_cpp/cmake)
[0.457s] -- Using all available rosidl_typesupport_c: rosidl_typesupport_fastrtps_c;rosidl_typesupport_introspection_c
[0.479s] -- Using all available rosidl_typesupport_cpp: rosidl_typesupport_fastrtps_cpp;rosidl_typesupport_introspection_cpp
[0.565s] -- Found rmw_implementation_cmake: 6.1.1 (/opt/ros/humble/share/rmw_implementation_cmake/cmake)
[0.567s] -- Found rmw_fastrtps_cpp: 6.2.2 (/opt/ros/humble/share/rmw_fastrtps_cpp/cmake)
[0.745s] -- Using RMW implementation 'rmw_fastrtps_cpp' as default
[0.970s] -- Found urdf: 2.6.0 (/opt/ros/humble/share/urdf/cmake)
[1.667s] -- Found champ: 0.1.0 (/home/azp/ros2_ws/install/champ/share/champ/cmake)
[1.669s] -- Found champ_msgs: 0.1.0 (/home/azp/ros2_ws/install/champ_msgs/share/champ_msgs/cmake)
[1.858s] -- Found gazebo_ros2_control: 0.4.0 (/opt/ros/humble/share/gazebo_ros2_control/cmake)
[1.901s] -- Found gazebo_ros: 3.7.0 (/opt/ros/humble/share/gazebo_ros/cmake)
[2.551s] -- Found DART: /usr/include (Required is at least version "6.6") found components: dart 
[2.871s] -- Found Protobuf: /usr/lib/x86_64-linux-gnu/libprotobuf.so (found version "3.12.4") 
[2.985s] -- Looking for ignition-math6 -- found version 6.12.0
[3.426s] -- Searching for dependencies of ignition-math6
[3.484s] -- Looking for OGRE...
[3.537s] -- Found Ogre Ghadamon (1.9.0)
[3.550s] -- Found OGRE: optimized;/usr/lib/x86_64-linux-gnu/libOgreMain.so;debug;/usr/lib/x86_64-linux-gnu/libOgreMain.so
[3.569s] -- Looking for OGRE_Paging...
[3.570s] -- Found OGRE_Paging: optimized;/usr/lib/x86_64-linux-gnu/libOgrePaging.so;debug;/usr/lib/x86_64-linux-gnu/libOgrePaging.so
[3.570s] -- Looking for OGRE_Terrain...
[3.570s] -- Found OGRE_Terrain: optimized;/usr/lib/x86_64-linux-gnu/libOgreTerrain.so;debug;/usr/lib/x86_64-linux-gnu/libOgreTerrain.so
[3.570s] -- Looking for OGRE_Property...
[3.570s] -- Found OGRE_Property: optimized;/usr/lib/x86_64-linux-gnu/libOgreProperty.so;debug;/usr/lib/x86_64-linux-gnu/libOgreProperty.so
[3.571s] -- Looking for OGRE_RTShaderSystem...
[3.571s] -- Found OGRE_RTShaderSystem: optimized;/usr/lib/x86_64-linux-gnu/libOgreRTShaderSystem.so;debug;/usr/lib/x86_64-linux-gnu/libOgreRTShaderSystem.so
[3.571s] -- Looking for OGRE_Volume...
[3.571s] -- Found OGRE_Volume: optimized;/usr/lib/x86_64-linux-gnu/libOgreVolume.so;debug;/usr/lib/x86_64-linux-gnu/libOgreVolume.so
[3.571s] -- Looking for OGRE_Overlay...
[3.571s] -- Found OGRE_Overlay: optimized;/usr/lib/x86_64-linux-gnu/libOgreOverlay.so;debug;/usr/lib/x86_64-linux-gnu/libOgreOverlay.so
[3.832s] -- Looking for ignition-math6 -- found version 6.12.0
[3.845s] -- Looking for ignition-transport8 -- found version 8.2.1
[3.846s] -- Searching for dependencies of ignition-transport8
[3.873s] -- Found Protobuf: /usr/lib/x86_64-linux-gnu/libprotobuf.so (found suitable version "3.12.4", minimum required is "3") 
[3.912s] -- Config-file not installed for ZeroMQ -- checking for pkg-config
[3.919s] -- Checking for module 'libzmq >= 4'
[3.937s] --   Found libzmq , version 4.3.4
[4.014s] -- Checking for module 'uuid'
[4.032s] --   Found uuid, version 2.37.2
[4.078s] -- Looking for ignition-msgs5 -- found version 5.8.1
[4.078s] -- Searching for dependencies of ignition-msgs5
[4.106s] -- Looking for ignition-math6 -- found version 6.12.0
[4.132s] -- Looking for ignition-msgs5 -- found version 5.8.1
[4.133s] -- Looking for ignition-common3 -- found version 3.14.0
[4.134s] -- Searching for dependencies of ignition-common3
[4.134s] -- Looking for dlfcn.h - found
[4.134s] -- Looking for libdl - found
[4.155s] -- Searching for <ignition-common3> component [graphics]
[4.155s] -- Looking for ignition-common3-graphics -- found version 3.14.0
[4.156s] -- Searching for dependencies of ignition-common3-graphics
[4.157s] -- Looking for ignition-math6 -- found version 6.12.0
[4.159s] -- Looking for ignition-fuel_tools4 -- found version 4.4.0
[4.159s] -- Searching for dependencies of ignition-fuel_tools4
[4.228s] -- Checking for module 'jsoncpp'
[4.249s] --   Found jsoncpp, version 1.9.5
[4.303s] -- Checking for module 'libzip'
[4.322s] --   Found libzip, version 1.7.3
[4.366s] -- Looking for ignition-common3 -- found version 3.14.0
[4.367s] -- Looking for ignition-math6 -- found version 6.12.0
[4.367s] -- Looking for ignition-msgs5 -- found version 5.8.1
[4.393s] -- Gazebo version: 11.10
[4.534s] -- Configuring done
[4.587s] -- Generating done
[4.590s] -- Build files have been written to: /home/azp/ros2_ws/build/champ_gazebo
[4.606s] Invoked command in '/home/azp/ros2_ws/build/champ_gazebo' returned '0': AMENT_PREFIX_PATH=/home/azp/ros2_ws/install/champ_msgs:/home/azp/ros2_ws/install/champ:${AMENT_PREFIX_PATH} CMAKE_PREFIX_PATH=/home/azp/ros2_ws/install/champ_msgs:/home/azp/ros2_ws/install/champ:/home/azp/ROS2/workspace/install/test:/home/azp/ROS2/workspace/install/service_test:/home/azp/ROS2/workspace/install/tutorial_interfaces:/home/azp/ROS2/workspace/install/static_tf2_maincpp:/home/azp/ROS2/workspace/install/static_frame:/home/azp/ROS2/workspace/install/my_package:/home/azp/ROS2/workspace/install/moving_robot:/home/azp/ROS2/workspace/install/launch_example_package:/home/azp/ROS2/workspace/install/dolly:/home/azp/ROS2/workspace/install/dolly_gazebo:/home/azp/ROS2/workspace/install/dolly_follow:/home/azp/ROS2/workspace/install/basic_mobile_robot:/opt/ros/humble LD_LIBRARY_PATH=/home/azp/ros2_ws/install/champ_msgs/lib:/home/azp/ROS2/workspace/install/tutorial_interfaces/lib:/usr/lib/x86_64-linux-gnu/gazebo-11/plugins:/opt/ros/humble/opt/rviz_ogre_vendor/lib:/opt/ros/humble/lib/x86_64-linux-gnu:/opt/ros/humble/lib:/usr/share/gazebo/../../lib/x86_64-linux-gnu/gazebo-11/plugins PYTHONPATH=/home/azp/ros2_ws/install/champ_msgs/local/lib/python3.10/dist-packages:${PYTHONPATH} /usr/bin/cmake /home/azp/ros2_ws/src/champ/champ/champ_gazebo -DCMAKE_INSTALL_PREFIX=/home/azp/ros2_ws/install/champ_gazebo
[4.608s] Invoking command in '/home/azp/ros2_ws/build/champ_gazebo': AMENT_PREFIX_PATH=/home/azp/ros2_ws/install/champ_msgs:/home/azp/ros2_ws/install/champ:${AMENT_PREFIX_PATH} CMAKE_PREFIX_PATH=/home/azp/ros2_ws/install/champ_msgs:/home/azp/ros2_ws/install/champ:/home/azp/ROS2/workspace/install/test:/home/azp/ROS2/workspace/install/service_test:/home/azp/ROS2/workspace/install/tutorial_interfaces:/home/azp/ROS2/workspace/install/static_tf2_maincpp:/home/azp/ROS2/workspace/install/static_frame:/home/azp/ROS2/workspace/install/my_package:/home/azp/ROS2/workspace/install/moving_robot:/home/azp/ROS2/workspace/install/launch_example_package:/home/azp/ROS2/workspace/install/dolly:/home/azp/ROS2/workspace/install/dolly_gazebo:/home/azp/ROS2/workspace/install/dolly_follow:/home/azp/ROS2/workspace/install/basic_mobile_robot:/opt/ros/humble LD_LIBRARY_PATH=/home/azp/ros2_ws/install/champ_msgs/lib:/home/azp/ROS2/workspace/install/tutorial_interfaces/lib:/usr/lib/x86_64-linux-gnu/gazebo-11/plugins:/opt/ros/humble/opt/rviz_ogre_vendor/lib:/opt/ros/humble/lib/x86_64-linux-gnu:/opt/ros/humble/lib:/usr/share/gazebo/../../lib/x86_64-linux-gnu/gazebo-11/plugins PYTHONPATH=/home/azp/ros2_ws/install/champ_msgs/local/lib/python3.10/dist-packages:${PYTHONPATH} /usr/bin/cmake --build /home/azp/ros2_ws/build/champ_gazebo -- -j4 -l4
[4.712s] [35m[1mConsolidate compiler generated dependencies of target contact_sensor[0m
[4.797s] [100%] Built target contact_sensor
[4.812s] Invoked command in '/home/azp/ros2_ws/build/champ_gazebo' returned '0': AMENT_PREFIX_PATH=/home/azp/ros2_ws/install/champ_msgs:/home/azp/ros2_ws/install/champ:${AMENT_PREFIX_PATH} CMAKE_PREFIX_PATH=/home/azp/ros2_ws/install/champ_msgs:/home/azp/ros2_ws/install/champ:/home/azp/ROS2/workspace/install/test:/home/azp/ROS2/workspace/install/service_test:/home/azp/ROS2/workspace/install/tutorial_interfaces:/home/azp/ROS2/workspace/install/static_tf2_maincpp:/home/azp/ROS2/workspace/install/static_frame:/home/azp/ROS2/workspace/install/my_package:/home/azp/ROS2/workspace/install/moving_robot:/home/azp/ROS2/workspace/install/launch_example_package:/home/azp/ROS2/workspace/install/dolly:/home/azp/ROS2/workspace/install/dolly_gazebo:/home/azp/ROS2/workspace/install/dolly_follow:/home/azp/ROS2/workspace/install/basic_mobile_robot:/opt/ros/humble LD_LIBRARY_PATH=/home/azp/ros2_ws/install/champ_msgs/lib:/home/azp/ROS2/workspace/install/tutorial_interfaces/lib:/usr/lib/x86_64-linux-gnu/gazebo-11/plugins:/opt/ros/humble/opt/rviz_ogre_vendor/lib:/opt/ros/humble/lib/x86_64-linux-gnu:/opt/ros/humble/lib:/usr/share/gazebo/../../lib/x86_64-linux-gnu/gazebo-11/plugins PYTHONPATH=/home/azp/ros2_ws/install/champ_msgs/local/lib/python3.10/dist-packages:${PYTHONPATH} /usr/bin/cmake --build /home/azp/ros2_ws/build/champ_gazebo -- -j4 -l4
[4.853s] Invoking command in '/home/azp/ros2_ws/build/champ_gazebo': AMENT_PREFIX_PATH=/home/azp/ros2_ws/install/champ_msgs:/home/azp/ros2_ws/install/champ:${AMENT_PREFIX_PATH} CMAKE_PREFIX_PATH=/home/azp/ros2_ws/install/champ_msgs:/home/azp/ros2_ws/install/champ:/home/azp/ROS2/workspace/install/test:/home/azp/ROS2/workspace/install/service_test:/home/azp/ROS2/workspace/install/tutorial_interfaces:/home/azp/ROS2/workspace/install/static_tf2_maincpp:/home/azp/ROS2/workspace/install/static_frame:/home/azp/ROS2/workspace/install/my_package:/home/azp/ROS2/workspace/install/moving_robot:/home/azp/ROS2/workspace/install/launch_example_package:/home/azp/ROS2/workspace/install/dolly:/home/azp/ROS2/workspace/install/dolly_gazebo:/home/azp/ROS2/workspace/install/dolly_follow:/home/azp/ROS2/workspace/install/basic_mobile_robot:/opt/ros/humble LD_LIBRARY_PATH=/home/azp/ros2_ws/install/champ_msgs/lib:/home/azp/ROS2/workspace/install/tutorial_interfaces/lib:/usr/lib/x86_64-linux-gnu/gazebo-11/plugins:/opt/ros/humble/opt/rviz_ogre_vendor/lib:/opt/ros/humble/lib/x86_64-linux-gnu:/opt/ros/humble/lib:/usr/share/gazebo/../../lib/x86_64-linux-gnu/gazebo-11/plugins PYTHONPATH=/home/azp/ros2_ws/install/champ_msgs/local/lib/python3.10/dist-packages:${PYTHONPATH} /usr/bin/cmake --install /home/azp/ros2_ws/build/champ_gazebo
[4.862s] -- Install configuration: ""
[4.863s] -- Execute custom install script
[4.863s] -- Up-to-date symlink: /home/azp/ros2_ws/install/champ_gazebo/bin/imu_sensor.py
[4.864s] -- Up-to-date symlink: /home/azp/ros2_ws/install/champ_gazebo/bin/odometry_tf.py
[4.864s] -- Up-to-date symlink: /home/azp/ros2_ws/install/champ_gazebo/bin/odometry.py
[4.865s] -- Up-to-date symlink: /home/azp/ros2_ws/install/champ_gazebo/lib/champ_gazebo/contact_sensor
[4.866s] -- Up-to-date symlink: /home/azp/ros2_ws/install/champ_gazebo/share/champ_gazebo/launch/gazebo.launch
[4.866s] -- Up-to-date symlink: /home/azp/ros2_ws/install/champ_gazebo/share/champ_gazebo/launch/gazebo.launch.py
[4.866s] -- Up-to-date symlink: /home/azp/ros2_ws/install/champ_gazebo/share/champ_gazebo/launch/spawn_robot.launch
[4.867s] -- Up-to-date symlink: /home/azp/ros2_ws/install/champ_gazebo/share/champ_gazebo/launch/spawn_world.launch
[4.868s] -- Up-to-date symlink: /home/azp/ros2_ws/install/champ_gazebo/share/champ_gazebo/config/gazebo.yaml
[4.868s] -- Up-to-date symlink: /home/azp/ros2_ws/install/champ_gazebo/share/champ_gazebo/config/ros_control.yaml
[4.869s] -- Up-to-date symlink: /home/azp/ros2_ws/install/champ_gazebo/share/champ_gazebo/worlds/default.world
[4.869s] -- Up-to-date symlink: /home/azp/ros2_ws/install/champ_gazebo/share/champ_gazebo/worlds/outdoor.world
[4.870s] -- Up-to-date symlink: /home/azp/ros2_ws/install/champ_gazebo/share/champ_gazebo/worlds/playground.world
[4.870s] -- Up-to-date symlink: /home/azp/ros2_ws/install/champ_gazebo/share/ament_index/resource_index/package_run_dependencies/champ_gazebo
[4.871s] -- Up-to-date symlink: /home/azp/ros2_ws/install/champ_gazebo/share/ament_index/resource_index/parent_prefix_path/champ_gazebo
[4.871s] -- Up-to-date symlink: /home/azp/ros2_ws/install/champ_gazebo/share/champ_gazebo/environment/ament_prefix_path.sh
[4.872s] -- Up-to-date symlink: /home/azp/ros2_ws/install/champ_gazebo/share/champ_gazebo/environment/ament_prefix_path.dsv
[4.872s] -- Up-to-date symlink: /home/azp/ros2_ws/install/champ_gazebo/share/champ_gazebo/environment/path.sh
[4.873s] -- Up-to-date symlink: /home/azp/ros2_ws/install/champ_gazebo/share/champ_gazebo/environment/path.dsv
[4.873s] -- Up-to-date symlink: /home/azp/ros2_ws/install/champ_gazebo/share/champ_gazebo/local_setup.bash
[4.874s] -- Up-to-date symlink: /home/azp/ros2_ws/install/champ_gazebo/share/champ_gazebo/local_setup.sh
[4.874s] -- Up-to-date symlink: /home/azp/ros2_ws/install/champ_gazebo/share/champ_gazebo/local_setup.zsh
[4.875s] -- Up-to-date symlink: /home/azp/ros2_ws/install/champ_gazebo/share/champ_gazebo/local_setup.dsv
[4.875s] -- Symlinking: /home/azp/ros2_ws/install/champ_gazebo/share/champ_gazebo/package.dsv
[4.887s] -- Up-to-date symlink: /home/azp/ros2_ws/install/champ_gazebo/share/ament_index/resource_index/packages/champ_gazebo
[4.887s] -- Up-to-date symlink: /home/azp/ros2_ws/install/champ_gazebo/share/champ_gazebo/cmake/ament_cmake_export_include_directories-extras.cmake
[4.888s] -- Up-to-date symlink: /home/azp/ros2_ws/install/champ_gazebo/share/champ_gazebo/cmake/ament_cmake_export_dependencies-extras.cmake
[4.888s] -- Up-to-date symlink: /home/azp/ros2_ws/install/champ_gazebo/share/champ_gazebo/cmake/champ_gazeboConfig.cmake
[4.889s] -- Up-to-date symlink: /home/azp/ros2_ws/install/champ_gazebo/share/champ_gazebo/cmake/champ_gazeboConfig-version.cmake
[4.889s] -- Up-to-date symlink: /home/azp/ros2_ws/install/champ_gazebo/share/champ_gazebo/package.xml
[4.894s] Invoked command in '/home/azp/ros2_ws/build/champ_gazebo' returned '0': AMENT_PREFIX_PATH=/home/azp/ros2_ws/install/champ_msgs:/home/azp/ros2_ws/install/champ:${AMENT_PREFIX_PATH} CMAKE_PREFIX_PATH=/home/azp/ros2_ws/install/champ_msgs:/home/azp/ros2_ws/install/champ:/home/azp/ROS2/workspace/install/test:/home/azp/ROS2/workspace/install/service_test:/home/azp/ROS2/workspace/install/tutorial_interfaces:/home/azp/ROS2/workspace/install/static_tf2_maincpp:/home/azp/ROS2/workspace/install/static_frame:/home/azp/ROS2/workspace/install/my_package:/home/azp/ROS2/workspace/install/moving_robot:/home/azp/ROS2/workspace/install/launch_example_package:/home/azp/ROS2/workspace/install/dolly:/home/azp/ROS2/workspace/install/dolly_gazebo:/home/azp/ROS2/workspace/install/dolly_follow:/home/azp/ROS2/workspace/install/basic_mobile_robot:/opt/ros/humble LD_LIBRARY_PATH=/home/azp/ros2_ws/install/champ_msgs/lib:/home/azp/ROS2/workspace/install/tutorial_interfaces/lib:/usr/lib/x86_64-linux-gnu/gazebo-11/plugins:/opt/ros/humble/opt/rviz_ogre_vendor/lib:/opt/ros/humble/lib/x86_64-linux-gnu:/opt/ros/humble/lib:/usr/share/gazebo/../../lib/x86_64-linux-gnu/gazebo-11/plugins PYTHONPATH=/home/azp/ros2_ws/install/champ_msgs/local/lib/python3.10/dist-packages:${PYTHONPATH} /usr/bin/cmake --install /home/azp/ros2_ws/build/champ_gazebo
