[0.027s] Invoking command in '/home/azp/ros2_ws/build/rom2109_description': CMAKE_PREFIX_PATH=${CMAKE_PREFIX_PATH}:/home/azp/ros2_ws/install/mini_pupper_control:/opt/ros/humble /usr/bin/cmake --build /home/azp/ros2_ws/build/rom2109_description -- -j4 -l4
[0.087s] Invoked command in '/home/azp/ros2_ws/build/rom2109_description' returned '0': CMAKE_PREFIX_PATH=${CMAKE_PREFIX_PATH}:/home/azp/ros2_ws/install/mini_pupper_control:/opt/ros/humble /usr/bin/cmake --build /home/azp/ros2_ws/build/rom2109_description -- -j4 -l4
[0.137s] Invoking command in '/home/azp/ros2_ws/build/rom2109_description': CMAKE_PREFIX_PATH=${CMAKE_PREFIX_PATH}:/home/azp/ros2_ws/install/mini_pupper_control:/opt/ros/humble /usr/bin/cmake --install /home/azp/ros2_ws/build/rom2109_description
[0.149s] -- Install configuration: ""
[0.150s] -- Up-to-date: /home/azp/ros2_ws/install/rom2109_description/share/rom2109_description/launch
[0.150s] -- Up-to-date: /home/azp/ros2_ws/install/rom2109_description/share/rom2109_description/launch/description.launch.py
[0.150s] -- Up-to-date: /home/azp/ros2_ws/install/rom2109_description/share/rom2109_description/urdf
[0.151s] -- Up-to-date: /home/azp/ros2_ws/install/rom2109_description/share/rom2109_description/urdf/rom2109_bot_gazebo.urdf
[0.152s] -- Up-to-date: /home/azp/ros2_ws/install/rom2109_description/share/rom2109_description/urdf/rom2109_tall.config
[0.152s] -- Up-to-date: /home/azp/ros2_ws/install/rom2109_description/share/rom2109_description/urdf/rom2109_tall_gazebo.urdf
[0.152s] -- Up-to-date: /home/azp/ros2_ws/install/rom2109_description/share/rom2109_description/urdf/rom2109_short_gazebo.urdf
[0.152s] -- Up-to-date: /home/azp/ros2_ws/install/rom2109_description/share/rom2109_description/urdf/rom2109_bot_gazebo11.urdf
[0.152s] -- Up-to-date: /home/azp/ros2_ws/install/rom2109_description/share/rom2109_description/urdf/rom2109_short.urdf
[0.152s] -- Up-to-date: /home/azp/ros2_ws/install/rom2109_description/share/rom2109_description/urdf/rom2109_tall.urdf
[0.152s] -- Up-to-date: /home/azp/ros2_ws/install/rom2109_description/share/rom2109_description/urdf/rom2109_bot.urdf
[0.153s] -- Up-to-date: /home/azp/ros2_ws/install/rom2109_description/share/rom2109_description/urdf/rom2109_tall.sdf
[0.153s] -- Up-to-date: /home/azp/ros2_ws/install/rom2109_description/share/rom2109_description/meshes
[0.153s] -- Up-to-date: /home/azp/ros2_ws/install/rom2109_description/share/rom2109_description/meshes/base_link.STL
[0.153s] -- Up-to-date: /home/azp/ros2_ws/install/rom2109_description/share/rom2109_description/meshes/right_wheel.STL
[0.153s] -- Installing: /home/azp/ros2_ws/install/rom2109_description/share/rom2109_description/meshes/wifi.STL
[0.153s] -- Up-to-date: /home/azp/ros2_ws/install/rom2109_description/share/rom2109_description/meshes/left_wheel.STL
[0.154s] -- Installing: /home/azp/ros2_ws/install/rom2109_description/share/rom2109_description/meshes/frame_link.STL
[0.155s] -- Installing: /home/azp/ros2_ws/install/rom2109_description/share/rom2109_description/meshes/rp_lidar.STL
[0.155s] -- Up-to-date: /home/azp/ros2_ws/install/rom2109_description/share/ament_index/resource_index/package_run_dependencies/rom2109_description
[0.156s] -- Up-to-date: /home/azp/ros2_ws/install/rom2109_description/share/ament_index/resource_index/parent_prefix_path/rom2109_description
[0.158s] -- Up-to-date: /home/azp/ros2_ws/install/rom2109_description/share/rom2109_description/environment/ament_prefix_path.sh
[0.159s] -- Up-to-date: /home/azp/ros2_ws/install/rom2109_description/share/rom2109_description/environment/ament_prefix_path.dsv
[0.159s] -- Up-to-date: /home/azp/ros2_ws/install/rom2109_description/share/rom2109_description/environment/path.sh
[0.160s] -- Up-to-date: /home/azp/ros2_ws/install/rom2109_description/share/rom2109_description/environment/path.dsv
[0.160s] -- Up-to-date: /home/azp/ros2_ws/install/rom2109_description/share/rom2109_description/local_setup.bash
[0.160s] -- Up-to-date: /home/azp/ros2_ws/install/rom2109_description/share/rom2109_description/local_setup.sh
[0.161s] -- Up-to-date: /home/azp/ros2_ws/install/rom2109_description/share/rom2109_description/local_setup.zsh
[0.161s] -- Up-to-date: /home/azp/ros2_ws/install/rom2109_description/share/rom2109_description/local_setup.dsv
[0.161s] -- Installing: /home/azp/ros2_ws/install/rom2109_description/share/rom2109_description/package.dsv
[0.161s] -- Up-to-date: /home/azp/ros2_ws/install/rom2109_description/share/ament_index/resource_index/packages/rom2109_description
[0.161s] -- Up-to-date: /home/azp/ros2_ws/install/rom2109_description/share/rom2109_description/cmake/rom2109_descriptionConfig.cmake
[0.161s] -- Up-to-date: /home/azp/ros2_ws/install/rom2109_description/share/rom2109_description/cmake/rom2109_descriptionConfig-version.cmake
[0.161s] -- Up-to-date: /home/azp/ros2_ws/install/rom2109_description/share/rom2109_description/package.xml
[0.161s] Invoked command in '/home/azp/ros2_ws/build/rom2109_description' returned '0': CMAKE_PREFIX_PATH=${CMAKE_PREFIX_PATH}:/home/azp/ros2_ws/install/mini_pupper_control:/opt/ros/humble /usr/bin/cmake --install /home/azp/ros2_ws/build/rom2109_description
