[0.423s] Invoking command in '/home/azp/ros2_ws/build/champ_bringup': AMENT_PREFIX_PATH=/home/azp/ros2_ws/install/champ_base:/home/azp/ros2_ws/install/champ_msgs:/home/azp/ros2_ws/install/champ_description:/home/azp/ros2_ws/install/champ:${AMENT_PREFIX_PATH} CMAKE_PREFIX_PATH=/home/azp/ros2_ws/install/champ_base:/home/azp/ros2_ws/install/champ_msgs:/home/azp/ros2_ws/install/champ_description:/home/azp/ros2_ws/install/champ:/home/azp/ROS2/workspace/install/test:/home/azp/ROS2/workspace/install/service_test:/home/azp/ROS2/workspace/install/tutorial_interfaces:/home/azp/ROS2/workspace/install/static_tf2_maincpp:/home/azp/ROS2/workspace/install/static_frame:/home/azp/ROS2/workspace/install/my_package:/home/azp/ROS2/workspace/install/moving_robot:/home/azp/ROS2/workspace/install/launch_example_package:/home/azp/ROS2/workspace/install/basic_mobile_robot:/opt/ros/humble LD_LIBRARY_PATH=/home/azp/ros2_ws/install/champ_base/lib:/home/azp/ros2_ws/install/champ_msgs/lib:/home/azp/ROS2/workspace/install/tutorial_interfaces/lib:/usr/lib/x86_64-linux-gnu/gazebo-11/plugins:/opt/ros/humble/opt/rviz_ogre_vendor/lib:/opt/ros/humble/lib/x86_64-linux-gnu:/opt/ros/humble/lib:/usr/share/gazebo/../../lib/x86_64-linux-gnu/gazebo-11/plugins:/usr/share/gazebo/../../lib/x86_64-linux-gnu/gazebo-11/plugins:/usr/share/gazebo/../../lib/x86_64-linux-gnu/gazebo-11/plugins PATH=/home/azp/ros2_ws/install/champ_base/bin:${PATH} PYTHONPATH=/home/azp/ros2_ws/install/champ_msgs/local/lib/python3.10/dist-packages:${PYTHONPATH} /usr/bin/cmake /home/azp/ros2_ws/src/champ/champ/champ_bringup -DAMENT_CMAKE_SYMLINK_INSTALL=1 -DCMAKE_INSTALL_PREFIX=/home/azp/ros2_ws/install/champ_bringup
[0.585s] -- Found ament_cmake: 1.3.3 (/opt/ros/humble/share/ament_cmake/cmake)
[2.114s] -- Override CMake install command with custom implementation using symlinks instead of copying resources
[3.194s] -- Configuring done
[3.202s] -- Generating done
[3.204s] -- Build files have been written to: /home/azp/ros2_ws/build/champ_bringup
[3.207s] Invoked command in '/home/azp/ros2_ws/build/champ_bringup' returned '0': AMENT_PREFIX_PATH=/home/azp/ros2_ws/install/champ_base:/home/azp/ros2_ws/install/champ_msgs:/home/azp/ros2_ws/install/champ_description:/home/azp/ros2_ws/install/champ:${AMENT_PREFIX_PATH} CMAKE_PREFIX_PATH=/home/azp/ros2_ws/install/champ_base:/home/azp/ros2_ws/install/champ_msgs:/home/azp/ros2_ws/install/champ_description:/home/azp/ros2_ws/install/champ:/home/azp/ROS2/workspace/install/test:/home/azp/ROS2/workspace/install/service_test:/home/azp/ROS2/workspace/install/tutorial_interfaces:/home/azp/ROS2/workspace/install/static_tf2_maincpp:/home/azp/ROS2/workspace/install/static_frame:/home/azp/ROS2/workspace/install/my_package:/home/azp/ROS2/workspace/install/moving_robot:/home/azp/ROS2/workspace/install/launch_example_package:/home/azp/ROS2/workspace/install/basic_mobile_robot:/opt/ros/humble LD_LIBRARY_PATH=/home/azp/ros2_ws/install/champ_base/lib:/home/azp/ros2_ws/install/champ_msgs/lib:/home/azp/ROS2/workspace/install/tutorial_interfaces/lib:/usr/lib/x86_64-linux-gnu/gazebo-11/plugins:/opt/ros/humble/opt/rviz_ogre_vendor/lib:/opt/ros/humble/lib/x86_64-linux-gnu:/opt/ros/humble/lib:/usr/share/gazebo/../../lib/x86_64-linux-gnu/gazebo-11/plugins:/usr/share/gazebo/../../lib/x86_64-linux-gnu/gazebo-11/plugins:/usr/share/gazebo/../../lib/x86_64-linux-gnu/gazebo-11/plugins PATH=/home/azp/ros2_ws/install/champ_base/bin:${PATH} PYTHONPATH=/home/azp/ros2_ws/install/champ_msgs/local/lib/python3.10/dist-packages:${PYTHONPATH} /usr/bin/cmake /home/azp/ros2_ws/src/champ/champ/champ_bringup -DAMENT_CMAKE_SYMLINK_INSTALL=1 -DCMAKE_INSTALL_PREFIX=/home/azp/ros2_ws/install/champ_bringup
[3.210s] Invoking command in '/home/azp/ros2_ws/build/champ_bringup': AMENT_PREFIX_PATH=/home/azp/ros2_ws/install/champ_base:/home/azp/ros2_ws/install/champ_msgs:/home/azp/ros2_ws/install/champ_description:/home/azp/ros2_ws/install/champ:${AMENT_PREFIX_PATH} CMAKE_PREFIX_PATH=/home/azp/ros2_ws/install/champ_base:/home/azp/ros2_ws/install/champ_msgs:/home/azp/ros2_ws/install/champ_description:/home/azp/ros2_ws/install/champ:/home/azp/ROS2/workspace/install/test:/home/azp/ROS2/workspace/install/service_test:/home/azp/ROS2/workspace/install/tutorial_interfaces:/home/azp/ROS2/workspace/install/static_tf2_maincpp:/home/azp/ROS2/workspace/install/static_frame:/home/azp/ROS2/workspace/install/my_package:/home/azp/ROS2/workspace/install/moving_robot:/home/azp/ROS2/workspace/install/launch_example_package:/home/azp/ROS2/workspace/install/basic_mobile_robot:/opt/ros/humble LD_LIBRARY_PATH=/home/azp/ros2_ws/install/champ_base/lib:/home/azp/ros2_ws/install/champ_msgs/lib:/home/azp/ROS2/workspace/install/tutorial_interfaces/lib:/usr/lib/x86_64-linux-gnu/gazebo-11/plugins:/opt/ros/humble/opt/rviz_ogre_vendor/lib:/opt/ros/humble/lib/x86_64-linux-gnu:/opt/ros/humble/lib:/usr/share/gazebo/../../lib/x86_64-linux-gnu/gazebo-11/plugins:/usr/share/gazebo/../../lib/x86_64-linux-gnu/gazebo-11/plugins:/usr/share/gazebo/../../lib/x86_64-linux-gnu/gazebo-11/plugins PATH=/home/azp/ros2_ws/install/champ_base/bin:${PATH} PYTHONPATH=/home/azp/ros2_ws/install/champ_msgs/local/lib/python3.10/dist-packages:${PYTHONPATH} /usr/bin/cmake --build /home/azp/ros2_ws/build/champ_bringup -- -j4 -l4
[3.301s] Built target ament_cmake_python_symlink_champ_bringup
[13.702s] running egg_info
[13.706s] writing champ_bringup.egg-info/PKG-INFO
[13.708s] writing dependency_links to champ_bringup.egg-info/dependency_links.txt
[13.709s] writing top-level names to champ_bringup.egg-info/top_level.txt
[13.756s] reading manifest file 'champ_bringup.egg-info/SOURCES.txt'
[13.771s] writing manifest file 'champ_bringup.egg-info/SOURCES.txt'
[13.825s] Built target ament_cmake_python_build_champ_bringup_egg
[13.840s] Invoked command in '/home/azp/ros2_ws/build/champ_bringup' returned '0': AMENT_PREFIX_PATH=/home/azp/ros2_ws/install/champ_base:/home/azp/ros2_ws/install/champ_msgs:/home/azp/ros2_ws/install/champ_description:/home/azp/ros2_ws/install/champ:${AMENT_PREFIX_PATH} CMAKE_PREFIX_PATH=/home/azp/ros2_ws/install/champ_base:/home/azp/ros2_ws/install/champ_msgs:/home/azp/ros2_ws/install/champ_description:/home/azp/ros2_ws/install/champ:/home/azp/ROS2/workspace/install/test:/home/azp/ROS2/workspace/install/service_test:/home/azp/ROS2/workspace/install/tutorial_interfaces:/home/azp/ROS2/workspace/install/static_tf2_maincpp:/home/azp/ROS2/workspace/install/static_frame:/home/azp/ROS2/workspace/install/my_package:/home/azp/ROS2/workspace/install/moving_robot:/home/azp/ROS2/workspace/install/launch_example_package:/home/azp/ROS2/workspace/install/basic_mobile_robot:/opt/ros/humble LD_LIBRARY_PATH=/home/azp/ros2_ws/install/champ_base/lib:/home/azp/ros2_ws/install/champ_msgs/lib:/home/azp/ROS2/workspace/install/tutorial_interfaces/lib:/usr/lib/x86_64-linux-gnu/gazebo-11/plugins:/opt/ros/humble/opt/rviz_ogre_vendor/lib:/opt/ros/humble/lib/x86_64-linux-gnu:/opt/ros/humble/lib:/usr/share/gazebo/../../lib/x86_64-linux-gnu/gazebo-11/plugins:/usr/share/gazebo/../../lib/x86_64-linux-gnu/gazebo-11/plugins:/usr/share/gazebo/../../lib/x86_64-linux-gnu/gazebo-11/plugins PATH=/home/azp/ros2_ws/install/champ_base/bin:${PATH} PYTHONPATH=/home/azp/ros2_ws/install/champ_msgs/local/lib/python3.10/dist-packages:${PYTHONPATH} /usr/bin/cmake --build /home/azp/ros2_ws/build/champ_bringup -- -j4 -l4
[13.876s] Invoking command in '/home/azp/ros2_ws/build/champ_bringup': AMENT_PREFIX_PATH=/home/azp/ros2_ws/install/champ_base:/home/azp/ros2_ws/install/champ_msgs:/home/azp/ros2_ws/install/champ_description:/home/azp/ros2_ws/install/champ:${AMENT_PREFIX_PATH} CMAKE_PREFIX_PATH=/home/azp/ros2_ws/install/champ_base:/home/azp/ros2_ws/install/champ_msgs:/home/azp/ros2_ws/install/champ_description:/home/azp/ros2_ws/install/champ:/home/azp/ROS2/workspace/install/test:/home/azp/ROS2/workspace/install/service_test:/home/azp/ROS2/workspace/install/tutorial_interfaces:/home/azp/ROS2/workspace/install/static_tf2_maincpp:/home/azp/ROS2/workspace/install/static_frame:/home/azp/ROS2/workspace/install/my_package:/home/azp/ROS2/workspace/install/moving_robot:/home/azp/ROS2/workspace/install/launch_example_package:/home/azp/ROS2/workspace/install/basic_mobile_robot:/opt/ros/humble LD_LIBRARY_PATH=/home/azp/ros2_ws/install/champ_base/lib:/home/azp/ros2_ws/install/champ_msgs/lib:/home/azp/ROS2/workspace/install/tutorial_interfaces/lib:/usr/lib/x86_64-linux-gnu/gazebo-11/plugins:/opt/ros/humble/opt/rviz_ogre_vendor/lib:/opt/ros/humble/lib/x86_64-linux-gnu:/opt/ros/humble/lib:/usr/share/gazebo/../../lib/x86_64-linux-gnu/gazebo-11/plugins:/usr/share/gazebo/../../lib/x86_64-linux-gnu/gazebo-11/plugins:/usr/share/gazebo/../../lib/x86_64-linux-gnu/gazebo-11/plugins PATH=/home/azp/ros2_ws/install/champ_base/bin:${PATH} PYTHONPATH=/home/azp/ros2_ws/install/champ_msgs/local/lib/python3.10/dist-packages:${PYTHONPATH} /usr/bin/cmake --install /home/azp/ros2_ws/build/champ_bringup
[13.886s] -- Install configuration: ""
[13.887s] -- Execute custom install script
[13.915s] -- Up-to-date symlink: /home/azp/ros2_ws/install/champ_bringup/share/champ_bringup/launch/bringup.launch
[13.916s] -- Up-to-date symlink: /home/azp/ros2_ws/install/champ_bringup/share/champ_bringup/launch/bringup.launch.py
[13.916s] -- Up-to-date symlink: /home/azp/ros2_ws/install/champ_bringup/share/champ_bringup/launch/include/laser/d435.launch
[13.917s] -- Up-to-date symlink: /home/azp/ros2_ws/install/champ_bringup/share/champ_bringup/launch/include/laser/hokuyo.launch
[13.917s] -- Up-to-date symlink: /home/azp/ros2_ws/install/champ_bringup/share/champ_bringup/launch/include/laser/kinect.launch
[13.917s] -- Up-to-date symlink: /home/azp/ros2_ws/install/champ_bringup/share/champ_bringup/launch/include/laser/lms1xx.launch
[13.918s] -- Up-to-date symlink: /home/azp/ros2_ws/install/champ_bringup/share/champ_bringup/launch/include/laser/realsense.launch
[13.918s] -- Up-to-date symlink: /home/azp/ros2_ws/install/champ_bringup/share/champ_bringup/launch/include/laser/rplidar.launch
[13.919s] -- Up-to-date symlink: /home/azp/ros2_ws/install/champ_bringup/share/champ_bringup/launch/include/laser/sim.launch
[13.919s] -- Up-to-date symlink: /home/azp/ros2_ws/install/champ_bringup/share/champ_bringup/launch/include/laser/sweep.launch
[13.919s] -- Up-to-date symlink: /home/azp/ros2_ws/install/champ_bringup/share/champ_bringup/launch/include/laser/xv11.launch
[13.920s] -- Up-to-date symlink: /home/azp/ros2_ws/install/champ_bringup/share/champ_bringup/launch/include/laser/ydlidar.launch
[13.920s] -- Up-to-date symlink: /home/azp/ros2_ws/install/champ_bringup/share/champ_bringup/launch/include/velocity_smoother.launch
[13.920s] -- Up-to-date symlink: /home/azp/ros2_ws/install/champ_bringup/share/champ_bringup/launch/joints_gui.launch
[13.920s] -- Up-to-date symlink: /home/azp/ros2_ws/install/champ_bringup/share/champ_bringup/launch/joints_gui.launch.py
[13.921s] -- Up-to-date symlink: /home/azp/ros2_ws/install/champ_bringup/share/champ_bringup/environment/pythonpath.sh
[13.921s] -- Up-to-date symlink: /home/azp/ros2_ws/install/champ_bringup/share/champ_bringup/environment/pythonpath.dsv
[13.932s] -- Up-to-date symlink: /home/azp/ros2_ws/install/champ_bringup/local/lib/python3.10/dist-packages/champ_bringup-0.1.0-py3.10.egg-info/PKG-INFO
[13.933s] -- Up-to-date symlink: /home/azp/ros2_ws/install/champ_bringup/local/lib/python3.10/dist-packages/champ_bringup-0.1.0-py3.10.egg-info/SOURCES.txt
[13.933s] -- Up-to-date symlink: /home/azp/ros2_ws/install/champ_bringup/local/lib/python3.10/dist-packages/champ_bringup-0.1.0-py3.10.egg-info/dependency_links.txt
[13.933s] -- Up-to-date symlink: /home/azp/ros2_ws/install/champ_bringup/local/lib/python3.10/dist-packages/champ_bringup-0.1.0-py3.10.egg-info/top_level.txt
[13.934s] -- Up-to-date symlink: /home/azp/ros2_ws/install/champ_bringup/local/lib/python3.10/dist-packages/champ_bringup/__init__.py
[13.934s] -- Up-to-date symlink: /home/azp/ros2_ws/install/champ_bringup/local/lib/python3.10/dist-packages/champ_bringup/joint_calibrator_relay.py
[13.935s] -- Up-to-date symlink: /home/azp/ros2_ws/install/champ_bringup/lib/champ_bringup/joint_calibrator_relay.py
[13.936s] -- Up-to-date symlink: /home/azp/ros2_ws/install/champ_bringup/share/ament_index/resource_index/package_run_dependencies/champ_bringup
[13.936s] -- Up-to-date symlink: /home/azp/ros2_ws/install/champ_bringup/share/ament_index/resource_index/parent_prefix_path/champ_bringup
[13.937s] -- Up-to-date symlink: /home/azp/ros2_ws/install/champ_bringup/share/champ_bringup/environment/ament_prefix_path.sh
[13.937s] -- Up-to-date symlink: /home/azp/ros2_ws/install/champ_bringup/share/champ_bringup/environment/ament_prefix_path.dsv
[13.937s] -- Up-to-date symlink: /home/azp/ros2_ws/install/champ_bringup/share/champ_bringup/environment/path.sh
[13.938s] -- Up-to-date symlink: /home/azp/ros2_ws/install/champ_bringup/share/champ_bringup/environment/path.dsv
[13.938s] -- Up-to-date symlink: /home/azp/ros2_ws/install/champ_bringup/share/champ_bringup/local_setup.bash
[13.939s] -- Up-to-date symlink: /home/azp/ros2_ws/install/champ_bringup/share/champ_bringup/local_setup.sh
[13.939s] -- Up-to-date symlink: /home/azp/ros2_ws/install/champ_bringup/share/champ_bringup/local_setup.zsh
[13.940s] -- Up-to-date symlink: /home/azp/ros2_ws/install/champ_bringup/share/champ_bringup/local_setup.dsv
[13.940s] -- Symlinking: /home/azp/ros2_ws/install/champ_bringup/share/champ_bringup/package.dsv
[13.953s] -- Up-to-date symlink: /home/azp/ros2_ws/install/champ_bringup/share/ament_index/resource_index/packages/champ_bringup
[13.954s] -- Up-to-date symlink: /home/azp/ros2_ws/install/champ_bringup/share/champ_bringup/cmake/champ_bringupConfig.cmake
[13.955s] -- Up-to-date symlink: /home/azp/ros2_ws/install/champ_bringup/share/champ_bringup/cmake/champ_bringupConfig-version.cmake
[13.955s] -- Up-to-date symlink: /home/azp/ros2_ws/install/champ_bringup/share/champ_bringup/package.xml
[14.070s] Listing '/home/azp/ros2_ws/install/champ_bringup/local/lib/python3.10/dist-packages/champ_bringup'...
[14.070s] Compiling '/home/azp/ros2_ws/install/champ_bringup/local/lib/python3.10/dist-packages/champ_bringup/__init__.py'...
[14.070s] Compiling '/home/azp/ros2_ws/install/champ_bringup/local/lib/python3.10/dist-packages/champ_bringup/joint_calibrator_relay.py'...
[14.086s] Invoked command in '/home/azp/ros2_ws/build/champ_bringup' returned '0': AMENT_PREFIX_PATH=/home/azp/ros2_ws/install/champ_base:/home/azp/ros2_ws/install/champ_msgs:/home/azp/ros2_ws/install/champ_description:/home/azp/ros2_ws/install/champ:${AMENT_PREFIX_PATH} CMAKE_PREFIX_PATH=/home/azp/ros2_ws/install/champ_base:/home/azp/ros2_ws/install/champ_msgs:/home/azp/ros2_ws/install/champ_description:/home/azp/ros2_ws/install/champ:/home/azp/ROS2/workspace/install/test:/home/azp/ROS2/workspace/install/service_test:/home/azp/ROS2/workspace/install/tutorial_interfaces:/home/azp/ROS2/workspace/install/static_tf2_maincpp:/home/azp/ROS2/workspace/install/static_frame:/home/azp/ROS2/workspace/install/my_package:/home/azp/ROS2/workspace/install/moving_robot:/home/azp/ROS2/workspace/install/launch_example_package:/home/azp/ROS2/workspace/install/basic_mobile_robot:/opt/ros/humble LD_LIBRARY_PATH=/home/azp/ros2_ws/install/champ_base/lib:/home/azp/ros2_ws/install/champ_msgs/lib:/home/azp/ROS2/workspace/install/tutorial_interfaces/lib:/usr/lib/x86_64-linux-gnu/gazebo-11/plugins:/opt/ros/humble/opt/rviz_ogre_vendor/lib:/opt/ros/humble/lib/x86_64-linux-gnu:/opt/ros/humble/lib:/usr/share/gazebo/../../lib/x86_64-linux-gnu/gazebo-11/plugins:/usr/share/gazebo/../../lib/x86_64-linux-gnu/gazebo-11/plugins:/usr/share/gazebo/../../lib/x86_64-linux-gnu/gazebo-11/plugins PATH=/home/azp/ros2_ws/install/champ_base/bin:${PATH} PYTHONPATH=/home/azp/ros2_ws/install/champ_msgs/local/lib/python3.10/dist-packages:${PYTHONPATH} /usr/bin/cmake --install /home/azp/ros2_ws/build/champ_bringup
