[0.039s] Invoking command in '/home/azp/ros2_ws/build/champ_msgs': CMAKE_PREFIX_PATH=${CMAKE_PREFIX_PATH}:/opt/ros/humble /usr/bin/cmake /home/azp/ros2_ws/src/champ/champ/champ_msgs -DAMENT_CMAKE_SYMLINK_INSTALL=1 -DCMAKE_INSTALL_PREFIX=/home/azp/ros2_ws/install/champ_msgs
[0.265s] -- Found ament_cmake: 1.3.3 (/opt/ros/humble/share/ament_cmake/cmake)
[0.838s] -- Override CMake install command with custom implementation using symlinks instead of copying resources
[1.119s] -- Found rosidl_default_generators: 1.2.0 (/opt/ros/humble/share/rosidl_default_generators/cmake)
[1.226s] -- Using all available rosidl_typesupport_c: rosidl_typesupport_fastrtps_c;rosidl_typesupport_introspection_c
[1.423s] -- Found rosidl_adapter: 3.1.4 (/opt/ros/humble/share/rosidl_adapter/cmake)
[2.437s] -- Using all available rosidl_typesupport_cpp: rosidl_typesupport_fastrtps_cpp;rosidl_typesupport_introspection_cpp
[2.717s] -- Found std_msgs: 4.2.2 (/opt/ros/humble/share/std_msgs/cmake)
[2.976s] -- Found geometry_msgs: 4.2.2 (/opt/ros/humble/share/geometry_msgs/cmake)
[4.083s] -- Found ament_cmake_ros: 0.10.0 (/opt/ros/humble/share/ament_cmake_ros/cmake)
[4.648s] -- Using all available rosidl_typesupport_c: rosidl_typesupport_fastrtps_c;rosidl_typesupport_introspection_c
[5.414s] -- Using all available rosidl_typesupport_cpp: rosidl_typesupport_fastrtps_cpp;rosidl_typesupport_introspection_cpp
[5.524s] -- Found python_cmake_module: 0.10.0 (/opt/ros/humble/share/python_cmake_module/cmake)
[5.820s] -- Using PYTHON_EXECUTABLE: /usr/bin/python3
[5.821s] -- Using PYTHON_INCLUDE_DIRS: /usr/include/python3.10
[5.822s] -- Using PYTHON_LIBRARIES: /usr/lib/x86_64-linux-gnu/libpython3.10.so
[6.162s] -- Found ament_lint_auto: 0.12.4 (/opt/ros/humble/share/ament_lint_auto/cmake)
[6.593s] -- Configuring done
[7.873s] -- Generating done
[7.880s] -- Build files have been written to: /home/azp/ros2_ws/build/champ_msgs
[7.899s] Invoked command in '/home/azp/ros2_ws/build/champ_msgs' returned '0': CMAKE_PREFIX_PATH=${CMAKE_PREFIX_PATH}:/opt/ros/humble /usr/bin/cmake /home/azp/ros2_ws/src/champ/champ/champ_msgs -DAMENT_CMAKE_SYMLINK_INSTALL=1 -DCMAKE_INSTALL_PREFIX=/home/azp/ros2_ws/install/champ_msgs
[7.901s] Invoking command in '/home/azp/ros2_ws/build/champ_msgs': CMAKE_PREFIX_PATH=${CMAKE_PREFIX_PATH}:/opt/ros/humble /usr/bin/cmake --build /home/azp/ros2_ws/build/champ_msgs -- -j4 -l4
[8.028s] [  1%] Built target champ_msgs__cpp
[8.053s] [  1%] Built target ament_cmake_python_symlink_champ_msgs
[8.111s] [35m[1mConsolidate compiler generated dependencies of target champ_msgs__rosidl_generator_c[0m
[8.137s] [ 12%] Built target champ_msgs__rosidl_generator_c
[8.151s] [35m[1mConsolidate compiler generated dependencies of target champ_msgs__rosidl_typesupport_cpp[0m
[8.154s] [35m[1mConsolidate compiler generated dependencies of target champ_msgs__rosidl_typesupport_fastrtps_cpp[0m
[8.154s] [35m[1mConsolidate compiler generated dependencies of target champ_msgs__rosidl_typesupport_introspection_cpp[0m
[8.202s] [ 24%] Built target champ_msgs__rosidl_typesupport_cpp
[8.229s] [ 35%] Built target champ_msgs__rosidl_typesupport_fastrtps_cpp
[8.258s] [ 47%] Built target champ_msgs__rosidl_typesupport_introspection_cpp
[8.589s] [35m[1mConsolidate compiler generated dependencies of target champ_msgs__rosidl_typesupport_c[0m
[8.610s] [ 58%] Built target champ_msgs__rosidl_typesupport_c
[8.659s] running egg_info
[8.660s] writing champ_msgs.egg-info/PKG-INFO
[8.661s] writing dependency_links to champ_msgs.egg-info/dependency_links.txt
[8.661s] writing top-level names to champ_msgs.egg-info/top_level.txt
[8.663s] [35m[1mConsolidate compiler generated dependencies of target champ_msgs__rosidl_typesupport_fastrtps_c[0m
[8.666s] [35m[1mConsolidate compiler generated dependencies of target champ_msgs__rosidl_typesupport_introspection_c[0m
[8.666s] reading manifest file 'champ_msgs.egg-info/SOURCES.txt'
[8.694s] [ 70%] Built target champ_msgs__rosidl_typesupport_introspection_c
[8.700s] [ 82%] Built target champ_msgs__rosidl_typesupport_fastrtps_c
[8.718s] writing manifest file 'champ_msgs.egg-info/SOURCES.txt'
[8.765s] [ 82%] Built target ament_cmake_python_build_champ_msgs_egg
[8.848s] [ 82%] Built target champ_msgs
[8.961s] [ 83%] Built target champ_msgs__py
[9.631s] [35m[1mConsolidate compiler generated dependencies of target champ_msgs__rosidl_generator_py[0m
[9.674s] [ 93%] Built target champ_msgs__rosidl_generator_py
[9.760s] [35m[1mConsolidate compiler generated dependencies of target champ_msgs__rosidl_typesupport_c__pyext[0m
[9.762s] [35m[1mConsolidate compiler generated dependencies of target champ_msgs__rosidl_typesupport_fastrtps_c__pyext[0m
[9.762s] [35m[1mConsolidate compiler generated dependencies of target champ_msgs__rosidl_typesupport_introspection_c__pyext[0m
[9.839s] [ 95%] Built target champ_msgs__rosidl_typesupport_c__pyext
[9.841s] [ 97%] Built target champ_msgs__rosidl_typesupport_fastrtps_c__pyext
[9.841s] [100%] Built target champ_msgs__rosidl_typesupport_introspection_c__pyext
[9.862s] Invoked command in '/home/azp/ros2_ws/build/champ_msgs' returned '0': CMAKE_PREFIX_PATH=${CMAKE_PREFIX_PATH}:/opt/ros/humble /usr/bin/cmake --build /home/azp/ros2_ws/build/champ_msgs -- -j4 -l4
[10.197s] Invoking command in '/home/azp/ros2_ws/build/champ_msgs': CMAKE_PREFIX_PATH=${CMAKE_PREFIX_PATH}:/opt/ros/humble /usr/bin/cmake --install /home/azp/ros2_ws/build/champ_msgs
[10.211s] -- Install configuration: ""
[10.212s] -- Execute custom install script
[10.213s] -- Up-to-date symlink: /home/azp/ros2_ws/install/champ_msgs/share/ament_index/resource_index/rosidl_interfaces/champ_msgs
[10.214s] -- Up-to-date symlink: /home/azp/ros2_ws/install/champ_msgs/include/champ_msgs/champ_msgs/msg/contacts.h
[10.214s] -- Up-to-date symlink: /home/azp/ros2_ws/install/champ_msgs/include/champ_msgs/champ_msgs/msg/contacts_stamped.h
[10.214s] -- Up-to-date symlink: /home/azp/ros2_ws/install/champ_msgs/include/champ_msgs/champ_msgs/msg/detail/contacts__functions.h
[10.215s] -- Up-to-date symlink: /home/azp/ros2_ws/install/champ_msgs/include/champ_msgs/champ_msgs/msg/detail/contacts__struct.h
[10.215s] -- Up-to-date symlink: /home/azp/ros2_ws/install/champ_msgs/include/champ_msgs/champ_msgs/msg/detail/contacts__type_support.h
[10.215s] -- Up-to-date symlink: /home/azp/ros2_ws/install/champ_msgs/include/champ_msgs/champ_msgs/msg/detail/contacts_stamped__functions.h
[10.216s] -- Up-to-date symlink: /home/azp/ros2_ws/install/champ_msgs/include/champ_msgs/champ_msgs/msg/detail/contacts_stamped__struct.h
[10.216s] -- Up-to-date symlink: /home/azp/ros2_ws/install/champ_msgs/include/champ_msgs/champ_msgs/msg/detail/contacts_stamped__type_support.h
[10.217s] -- Up-to-date symlink: /home/azp/ros2_ws/install/champ_msgs/include/champ_msgs/champ_msgs/msg/detail/imu__functions.h
[10.217s] -- Up-to-date symlink: /home/azp/ros2_ws/install/champ_msgs/include/champ_msgs/champ_msgs/msg/detail/imu__struct.h
[10.217s] -- Up-to-date symlink: /home/azp/ros2_ws/install/champ_msgs/include/champ_msgs/champ_msgs/msg/detail/imu__type_support.h
[10.217s] -- Up-to-date symlink: /home/azp/ros2_ws/install/champ_msgs/include/champ_msgs/champ_msgs/msg/detail/joints__functions.h
[10.218s] -- Up-to-date symlink: /home/azp/ros2_ws/install/champ_msgs/include/champ_msgs/champ_msgs/msg/detail/joints__struct.h
[10.218s] -- Up-to-date symlink: /home/azp/ros2_ws/install/champ_msgs/include/champ_msgs/champ_msgs/msg/detail/joints__type_support.h
[10.218s] -- Up-to-date symlink: /home/azp/ros2_ws/install/champ_msgs/include/champ_msgs/champ_msgs/msg/detail/pid__functions.h
[10.218s] -- Up-to-date symlink: /home/azp/ros2_ws/install/champ_msgs/include/champ_msgs/champ_msgs/msg/detail/pid__struct.h
[10.219s] -- Up-to-date symlink: /home/azp/ros2_ws/install/champ_msgs/include/champ_msgs/champ_msgs/msg/detail/pid__type_support.h
[10.219s] -- Up-to-date symlink: /home/azp/ros2_ws/install/champ_msgs/include/champ_msgs/champ_msgs/msg/detail/point__functions.h
[10.219s] -- Up-to-date symlink: /home/azp/ros2_ws/install/champ_msgs/include/champ_msgs/champ_msgs/msg/detail/point__struct.h
[10.219s] -- Up-to-date symlink: /home/azp/ros2_ws/install/champ_msgs/include/champ_msgs/champ_msgs/msg/detail/point__type_support.h
[10.220s] -- Up-to-date symlink: /home/azp/ros2_ws/install/champ_msgs/include/champ_msgs/champ_msgs/msg/detail/point_array__functions.h
[10.220s] -- Up-to-date symlink: /home/azp/ros2_ws/install/champ_msgs/include/champ_msgs/champ_msgs/msg/detail/point_array__struct.h
[10.220s] -- Up-to-date symlink: /home/azp/ros2_ws/install/champ_msgs/include/champ_msgs/champ_msgs/msg/detail/point_array__type_support.h
[10.220s] -- Up-to-date symlink: /home/azp/ros2_ws/install/champ_msgs/include/champ_msgs/champ_msgs/msg/detail/pose__functions.h
[10.220s] -- Up-to-date symlink: /home/azp/ros2_ws/install/champ_msgs/include/champ_msgs/champ_msgs/msg/detail/pose__struct.h
[10.221s] -- Up-to-date symlink: /home/azp/ros2_ws/install/champ_msgs/include/champ_msgs/champ_msgs/msg/detail/pose__type_support.h
[10.221s] -- Up-to-date symlink: /home/azp/ros2_ws/install/champ_msgs/include/champ_msgs/champ_msgs/msg/detail/velocities__functions.h
[10.221s] -- Up-to-date symlink: /home/azp/ros2_ws/install/champ_msgs/include/champ_msgs/champ_msgs/msg/detail/velocities__struct.h
[10.222s] -- Up-to-date symlink: /home/azp/ros2_ws/install/champ_msgs/include/champ_msgs/champ_msgs/msg/detail/velocities__type_support.h
[10.222s] -- Up-to-date symlink: /home/azp/ros2_ws/install/champ_msgs/include/champ_msgs/champ_msgs/msg/imu.h
[10.222s] -- Up-to-date symlink: /home/azp/ros2_ws/install/champ_msgs/include/champ_msgs/champ_msgs/msg/joints.h
[10.223s] -- Up-to-date symlink: /home/azp/ros2_ws/install/champ_msgs/include/champ_msgs/champ_msgs/msg/pid.h
[10.223s] -- Up-to-date symlink: /home/azp/ros2_ws/install/champ_msgs/include/champ_msgs/champ_msgs/msg/point.h
[10.223s] -- Up-to-date symlink: /home/azp/ros2_ws/install/champ_msgs/include/champ_msgs/champ_msgs/msg/point_array.h
[10.223s] -- Up-to-date symlink: /home/azp/ros2_ws/install/champ_msgs/include/champ_msgs/champ_msgs/msg/pose.h
[10.224s] -- Up-to-date symlink: /home/azp/ros2_ws/install/champ_msgs/include/champ_msgs/champ_msgs/msg/rosidl_generator_c__visibility_control.h
[10.224s] -- Up-to-date symlink: /home/azp/ros2_ws/install/champ_msgs/include/champ_msgs/champ_msgs/msg/velocities.h
[10.224s] -- Up-to-date symlink: /home/azp/ros2_ws/install/champ_msgs/share/champ_msgs/environment/library_path.sh
[10.225s] -- Up-to-date symlink: /home/azp/ros2_ws/install/champ_msgs/share/champ_msgs/environment/library_path.dsv
[10.228s] -- Up-to-date symlink: /home/azp/ros2_ws/install/champ_msgs/include/champ_msgs/champ_msgs/msg/detail/contacts__rosidl_typesupport_fastrtps_c.h
[10.229s] -- Up-to-date symlink: /home/azp/ros2_ws/install/champ_msgs/include/champ_msgs/champ_msgs/msg/detail/contacts_stamped__rosidl_typesupport_fastrtps_c.h
[10.229s] -- Up-to-date symlink: /home/azp/ros2_ws/install/champ_msgs/include/champ_msgs/champ_msgs/msg/detail/imu__rosidl_typesupport_fastrtps_c.h
[10.229s] -- Up-to-date symlink: /home/azp/ros2_ws/install/champ_msgs/include/champ_msgs/champ_msgs/msg/detail/joints__rosidl_typesupport_fastrtps_c.h
[10.229s] -- Up-to-date symlink: /home/azp/ros2_ws/install/champ_msgs/include/champ_msgs/champ_msgs/msg/detail/pid__rosidl_typesupport_fastrtps_c.h
[10.229s] -- Up-to-date symlink: /home/azp/ros2_ws/install/champ_msgs/include/champ_msgs/champ_msgs/msg/detail/point__rosidl_typesupport_fastrtps_c.h
[10.229s] -- Up-to-date symlink: /home/azp/ros2_ws/install/champ_msgs/include/champ_msgs/champ_msgs/msg/detail/point_array__rosidl_typesupport_fastrtps_c.h
[10.230s] -- Up-to-date symlink: /home/azp/ros2_ws/install/champ_msgs/include/champ_msgs/champ_msgs/msg/detail/pose__rosidl_typesupport_fastrtps_c.h
[10.230s] -- Up-to-date symlink: /home/azp/ros2_ws/install/champ_msgs/include/champ_msgs/champ_msgs/msg/detail/velocities__rosidl_typesupport_fastrtps_c.h
[10.230s] -- Up-to-date symlink: /home/azp/ros2_ws/install/champ_msgs/include/champ_msgs/champ_msgs/msg/rosidl_typesupport_fastrtps_c__visibility_control.h
[10.230s] -- Up-to-date symlink: /home/azp/ros2_ws/install/champ_msgs/include/champ_msgs/champ_msgs/msg/detail/contacts__rosidl_typesupport_introspection_c.h
[10.231s] -- Up-to-date symlink: /home/azp/ros2_ws/install/champ_msgs/include/champ_msgs/champ_msgs/msg/detail/contacts_stamped__rosidl_typesupport_introspection_c.h
[10.231s] -- Up-to-date symlink: /home/azp/ros2_ws/install/champ_msgs/include/champ_msgs/champ_msgs/msg/detail/imu__rosidl_typesupport_introspection_c.h
[10.231s] -- Up-to-date symlink: /home/azp/ros2_ws/install/champ_msgs/include/champ_msgs/champ_msgs/msg/detail/joints__rosidl_typesupport_introspection_c.h
[10.231s] -- Up-to-date symlink: /home/azp/ros2_ws/install/champ_msgs/include/champ_msgs/champ_msgs/msg/detail/pid__rosidl_typesupport_introspection_c.h
[10.232s] -- Up-to-date symlink: /home/azp/ros2_ws/install/champ_msgs/include/champ_msgs/champ_msgs/msg/detail/point__rosidl_typesupport_introspection_c.h
[10.232s] -- Up-to-date symlink: /home/azp/ros2_ws/install/champ_msgs/include/champ_msgs/champ_msgs/msg/detail/point_array__rosidl_typesupport_introspection_c.h
[10.232s] -- Up-to-date symlink: /home/azp/ros2_ws/install/champ_msgs/include/champ_msgs/champ_msgs/msg/detail/pose__rosidl_typesupport_introspection_c.h
[10.232s] -- Up-to-date symlink: /home/azp/ros2_ws/install/champ_msgs/include/champ_msgs/champ_msgs/msg/detail/velocities__rosidl_typesupport_introspection_c.h
[10.233s] -- Up-to-date symlink: /home/azp/ros2_ws/install/champ_msgs/include/champ_msgs/champ_msgs/msg/rosidl_typesupport_introspection_c__visibility_control.h
[10.234s] -- Up-to-date symlink: /home/azp/ros2_ws/install/champ_msgs/include/champ_msgs/champ_msgs/msg/contacts.hpp
[10.234s] -- Up-to-date symlink: /home/azp/ros2_ws/install/champ_msgs/include/champ_msgs/champ_msgs/msg/contacts_stamped.hpp
[10.235s] -- Up-to-date symlink: /home/azp/ros2_ws/install/champ_msgs/include/champ_msgs/champ_msgs/msg/detail/contacts__builder.hpp
[10.235s] -- Up-to-date symlink: /home/azp/ros2_ws/install/champ_msgs/include/champ_msgs/champ_msgs/msg/detail/contacts__struct.hpp
[10.235s] -- Up-to-date symlink: /home/azp/ros2_ws/install/champ_msgs/include/champ_msgs/champ_msgs/msg/detail/contacts__traits.hpp
[10.235s] -- Up-to-date symlink: /home/azp/ros2_ws/install/champ_msgs/include/champ_msgs/champ_msgs/msg/detail/contacts_stamped__builder.hpp
[10.236s] -- Up-to-date symlink: /home/azp/ros2_ws/install/champ_msgs/include/champ_msgs/champ_msgs/msg/detail/contacts_stamped__struct.hpp
[10.236s] -- Up-to-date symlink: /home/azp/ros2_ws/install/champ_msgs/include/champ_msgs/champ_msgs/msg/detail/contacts_stamped__traits.hpp
[10.237s] -- Up-to-date symlink: /home/azp/ros2_ws/install/champ_msgs/include/champ_msgs/champ_msgs/msg/detail/imu__builder.hpp
[10.237s] -- Up-to-date symlink: /home/azp/ros2_ws/install/champ_msgs/include/champ_msgs/champ_msgs/msg/detail/imu__struct.hpp
[10.237s] -- Up-to-date symlink: /home/azp/ros2_ws/install/champ_msgs/include/champ_msgs/champ_msgs/msg/detail/imu__traits.hpp
[10.237s] -- Up-to-date symlink: /home/azp/ros2_ws/install/champ_msgs/include/champ_msgs/champ_msgs/msg/detail/joints__builder.hpp
[10.238s] -- Up-to-date symlink: /home/azp/ros2_ws/install/champ_msgs/include/champ_msgs/champ_msgs/msg/detail/joints__struct.hpp
[10.238s] -- Up-to-date symlink: /home/azp/ros2_ws/install/champ_msgs/include/champ_msgs/champ_msgs/msg/detail/joints__traits.hpp
[10.238s] -- Up-to-date symlink: /home/azp/ros2_ws/install/champ_msgs/include/champ_msgs/champ_msgs/msg/detail/pid__builder.hpp
[10.238s] -- Up-to-date symlink: /home/azp/ros2_ws/install/champ_msgs/include/champ_msgs/champ_msgs/msg/detail/pid__struct.hpp
[10.239s] -- Up-to-date symlink: /home/azp/ros2_ws/install/champ_msgs/include/champ_msgs/champ_msgs/msg/detail/pid__traits.hpp
[10.239s] -- Up-to-date symlink: /home/azp/ros2_ws/install/champ_msgs/include/champ_msgs/champ_msgs/msg/detail/point__builder.hpp
[10.239s] -- Up-to-date symlink: /home/azp/ros2_ws/install/champ_msgs/include/champ_msgs/champ_msgs/msg/detail/point__struct.hpp
[10.239s] -- Up-to-date symlink: /home/azp/ros2_ws/install/champ_msgs/include/champ_msgs/champ_msgs/msg/detail/point__traits.hpp
[10.240s] -- Up-to-date symlink: /home/azp/ros2_ws/install/champ_msgs/include/champ_msgs/champ_msgs/msg/detail/point_array__builder.hpp
[10.240s] -- Up-to-date symlink: /home/azp/ros2_ws/install/champ_msgs/include/champ_msgs/champ_msgs/msg/detail/point_array__struct.hpp
[10.240s] -- Up-to-date symlink: /home/azp/ros2_ws/install/champ_msgs/include/champ_msgs/champ_msgs/msg/detail/point_array__traits.hpp
[10.240s] -- Up-to-date symlink: /home/azp/ros2_ws/install/champ_msgs/include/champ_msgs/champ_msgs/msg/detail/pose__builder.hpp
[10.241s] -- Up-to-date symlink: /home/azp/ros2_ws/install/champ_msgs/include/champ_msgs/champ_msgs/msg/detail/pose__struct.hpp
[10.241s] -- Up-to-date symlink: /home/azp/ros2_ws/install/champ_msgs/include/champ_msgs/champ_msgs/msg/detail/pose__traits.hpp
[10.241s] -- Up-to-date symlink: /home/azp/ros2_ws/install/champ_msgs/include/champ_msgs/champ_msgs/msg/detail/velocities__builder.hpp
[10.241s] -- Up-to-date symlink: /home/azp/ros2_ws/install/champ_msgs/include/champ_msgs/champ_msgs/msg/detail/velocities__struct.hpp
[10.242s] -- Up-to-date symlink: /home/azp/ros2_ws/install/champ_msgs/include/champ_msgs/champ_msgs/msg/detail/velocities__traits.hpp
[10.242s] -- Up-to-date symlink: /home/azp/ros2_ws/install/champ_msgs/include/champ_msgs/champ_msgs/msg/imu.hpp
[10.242s] -- Up-to-date symlink: /home/azp/ros2_ws/install/champ_msgs/include/champ_msgs/champ_msgs/msg/joints.hpp
[10.243s] -- Up-to-date symlink: /home/azp/ros2_ws/install/champ_msgs/include/champ_msgs/champ_msgs/msg/pid.hpp
[10.243s] -- Up-to-date symlink: /home/azp/ros2_ws/install/champ_msgs/include/champ_msgs/champ_msgs/msg/point.hpp
[10.244s] -- Up-to-date symlink: /home/azp/ros2_ws/install/champ_msgs/include/champ_msgs/champ_msgs/msg/point_array.hpp
[10.244s] -- Up-to-date symlink: /home/azp/ros2_ws/install/champ_msgs/include/champ_msgs/champ_msgs/msg/pose.hpp
[10.244s] -- Up-to-date symlink: /home/azp/ros2_ws/install/champ_msgs/include/champ_msgs/champ_msgs/msg/velocities.hpp
[10.245s] -- Up-to-date symlink: /home/azp/ros2_ws/install/champ_msgs/include/champ_msgs/champ_msgs/msg/detail/contacts__rosidl_typesupport_fastrtps_cpp.hpp
[10.246s] -- Up-to-date symlink: /home/azp/ros2_ws/install/champ_msgs/include/champ_msgs/champ_msgs/msg/detail/contacts_stamped__rosidl_typesupport_fastrtps_cpp.hpp
[10.246s] -- Up-to-date symlink: /home/azp/ros2_ws/install/champ_msgs/include/champ_msgs/champ_msgs/msg/detail/imu__rosidl_typesupport_fastrtps_cpp.hpp
[10.246s] -- Up-to-date symlink: /home/azp/ros2_ws/install/champ_msgs/include/champ_msgs/champ_msgs/msg/detail/joints__rosidl_typesupport_fastrtps_cpp.hpp
[10.246s] -- Up-to-date symlink: /home/azp/ros2_ws/install/champ_msgs/include/champ_msgs/champ_msgs/msg/detail/pid__rosidl_typesupport_fastrtps_cpp.hpp
[10.247s] -- Up-to-date symlink: /home/azp/ros2_ws/install/champ_msgs/include/champ_msgs/champ_msgs/msg/detail/point__rosidl_typesupport_fastrtps_cpp.hpp
[10.247s] -- Up-to-date symlink: /home/azp/ros2_ws/install/champ_msgs/include/champ_msgs/champ_msgs/msg/detail/point_array__rosidl_typesupport_fastrtps_cpp.hpp
[10.247s] -- Up-to-date symlink: /home/azp/ros2_ws/install/champ_msgs/include/champ_msgs/champ_msgs/msg/detail/pose__rosidl_typesupport_fastrtps_cpp.hpp
[10.247s] -- Up-to-date symlink: /home/azp/ros2_ws/install/champ_msgs/include/champ_msgs/champ_msgs/msg/detail/velocities__rosidl_typesupport_fastrtps_cpp.hpp
[10.248s] -- Up-to-date symlink: /home/azp/ros2_ws/install/champ_msgs/include/champ_msgs/champ_msgs/msg/rosidl_typesupport_fastrtps_cpp__visibility_control.h
[10.249s] -- Up-to-date symlink: /home/azp/ros2_ws/install/champ_msgs/include/champ_msgs/champ_msgs/msg/detail/contacts__rosidl_typesupport_introspection_cpp.hpp
[10.249s] -- Up-to-date symlink: /home/azp/ros2_ws/install/champ_msgs/include/champ_msgs/champ_msgs/msg/detail/contacts_stamped__rosidl_typesupport_introspection_cpp.hpp
[10.249s] -- Up-to-date symlink: /home/azp/ros2_ws/install/champ_msgs/include/champ_msgs/champ_msgs/msg/detail/imu__rosidl_typesupport_introspection_cpp.hpp
[10.250s] -- Up-to-date symlink: /home/azp/ros2_ws/install/champ_msgs/include/champ_msgs/champ_msgs/msg/detail/joints__rosidl_typesupport_introspection_cpp.hpp
[10.250s] -- Up-to-date symlink: /home/azp/ros2_ws/install/champ_msgs/include/champ_msgs/champ_msgs/msg/detail/pid__rosidl_typesupport_introspection_cpp.hpp
[10.250s] -- Up-to-date symlink: /home/azp/ros2_ws/install/champ_msgs/include/champ_msgs/champ_msgs/msg/detail/point__rosidl_typesupport_introspection_cpp.hpp
[10.251s] -- Up-to-date symlink: /home/azp/ros2_ws/install/champ_msgs/include/champ_msgs/champ_msgs/msg/detail/point_array__rosidl_typesupport_introspection_cpp.hpp
[10.251s] -- Up-to-date symlink: /home/azp/ros2_ws/install/champ_msgs/include/champ_msgs/champ_msgs/msg/detail/pose__rosidl_typesupport_introspection_cpp.hpp
[10.251s] -- Up-to-date symlink: /home/azp/ros2_ws/install/champ_msgs/include/champ_msgs/champ_msgs/msg/detail/velocities__rosidl_typesupport_introspection_cpp.hpp
[10.255s] -- Up-to-date symlink: /home/azp/ros2_ws/install/champ_msgs/share/champ_msgs/environment/pythonpath.sh
[10.255s] -- Up-to-date symlink: /home/azp/ros2_ws/install/champ_msgs/share/champ_msgs/environment/pythonpath.dsv
[10.256s] -- Up-to-date symlink: /home/azp/ros2_ws/install/champ_msgs/local/lib/python3.10/dist-packages/champ_msgs-0.1.0-py3.10.egg-info/PKG-INFO
[10.257s] -- Up-to-date symlink: /home/azp/ros2_ws/install/champ_msgs/local/lib/python3.10/dist-packages/champ_msgs-0.1.0-py3.10.egg-info/SOURCES.txt
[10.257s] -- Up-to-date symlink: /home/azp/ros2_ws/install/champ_msgs/local/lib/python3.10/dist-packages/champ_msgs-0.1.0-py3.10.egg-info/dependency_links.txt
[10.257s] -- Up-to-date symlink: /home/azp/ros2_ws/install/champ_msgs/local/lib/python3.10/dist-packages/champ_msgs-0.1.0-py3.10.egg-info/top_level.txt
[10.259s] -- Up-to-date symlink: /home/azp/ros2_ws/install/champ_msgs/local/lib/python3.10/dist-packages/champ_msgs/__init__.py
[10.260s] -- Up-to-date symlink: /home/azp/ros2_ws/install/champ_msgs/local/lib/python3.10/dist-packages/champ_msgs/_champ_msgs_s.ep.rosidl_typesupport_c.c
[10.260s] -- Up-to-date symlink: /home/azp/ros2_ws/install/champ_msgs/local/lib/python3.10/dist-packages/champ_msgs/_champ_msgs_s.ep.rosidl_typesupport_fastrtps_c.c
[10.260s] -- Up-to-date symlink: /home/azp/ros2_ws/install/champ_msgs/local/lib/python3.10/dist-packages/champ_msgs/_champ_msgs_s.ep.rosidl_typesupport_introspection_c.c
[10.261s] -- Up-to-date symlink: /home/azp/ros2_ws/install/champ_msgs/local/lib/python3.10/dist-packages/champ_msgs/champ_msgs_s__rosidl_typesupport_c.cpython-310-x86_64-linux-gnu.so
[10.261s] -- Up-to-date symlink: /home/azp/ros2_ws/install/champ_msgs/local/lib/python3.10/dist-packages/champ_msgs/champ_msgs_s__rosidl_typesupport_fastrtps_c.cpython-310-x86_64-linux-gnu.so
[10.261s] -- Up-to-date symlink: /home/azp/ros2_ws/install/champ_msgs/local/lib/python3.10/dist-packages/champ_msgs/champ_msgs_s__rosidl_typesupport_introspection_c.cpython-310-x86_64-linux-gnu.so
[10.262s] -- Up-to-date symlink: /home/azp/ros2_ws/install/champ_msgs/local/lib/python3.10/dist-packages/champ_msgs/libchamp_msgs__rosidl_generator_py.so
[10.264s] -- Up-to-date symlink: /home/azp/ros2_ws/install/champ_msgs/local/lib/python3.10/dist-packages/champ_msgs/msg/__init__.py
[10.264s] -- Up-to-date symlink: /home/azp/ros2_ws/install/champ_msgs/local/lib/python3.10/dist-packages/champ_msgs/msg/_contacts.py
[10.264s] -- Up-to-date symlink: /home/azp/ros2_ws/install/champ_msgs/local/lib/python3.10/dist-packages/champ_msgs/msg/_contacts_s.c
[10.265s] -- Up-to-date symlink: /home/azp/ros2_ws/install/champ_msgs/local/lib/python3.10/dist-packages/champ_msgs/msg/_contacts_stamped.py
[10.265s] -- Up-to-date symlink: /home/azp/ros2_ws/install/champ_msgs/local/lib/python3.10/dist-packages/champ_msgs/msg/_contacts_stamped_s.c
[10.265s] -- Up-to-date symlink: /home/azp/ros2_ws/install/champ_msgs/local/lib/python3.10/dist-packages/champ_msgs/msg/_imu.py
[10.266s] -- Up-to-date symlink: /home/azp/ros2_ws/install/champ_msgs/local/lib/python3.10/dist-packages/champ_msgs/msg/_imu_s.c
[10.266s] -- Up-to-date symlink: /home/azp/ros2_ws/install/champ_msgs/local/lib/python3.10/dist-packages/champ_msgs/msg/_joints.py
[10.267s] -- Up-to-date symlink: /home/azp/ros2_ws/install/champ_msgs/local/lib/python3.10/dist-packages/champ_msgs/msg/_joints_s.c
[10.267s] -- Up-to-date symlink: /home/azp/ros2_ws/install/champ_msgs/local/lib/python3.10/dist-packages/champ_msgs/msg/_pid.py
[10.267s] -- Up-to-date symlink: /home/azp/ros2_ws/install/champ_msgs/local/lib/python3.10/dist-packages/champ_msgs/msg/_pid_s.c
[10.268s] -- Up-to-date symlink: /home/azp/ros2_ws/install/champ_msgs/local/lib/python3.10/dist-packages/champ_msgs/msg/_point.py
[10.268s] -- Up-to-date symlink: /home/azp/ros2_ws/install/champ_msgs/local/lib/python3.10/dist-packages/champ_msgs/msg/_point_array.py
[10.269s] -- Up-to-date symlink: /home/azp/ros2_ws/install/champ_msgs/local/lib/python3.10/dist-packages/champ_msgs/msg/_point_array_s.c
[10.269s] -- Up-to-date symlink: /home/azp/ros2_ws/install/champ_msgs/local/lib/python3.10/dist-packages/champ_msgs/msg/_point_s.c
[10.269s] -- Up-to-date symlink: /home/azp/ros2_ws/install/champ_msgs/local/lib/python3.10/dist-packages/champ_msgs/msg/_pose.py
[10.270s] -- Up-to-date symlink: /home/azp/ros2_ws/install/champ_msgs/local/lib/python3.10/dist-packages/champ_msgs/msg/_pose_s.c
[10.270s] -- Up-to-date symlink: /home/azp/ros2_ws/install/champ_msgs/local/lib/python3.10/dist-packages/champ_msgs/msg/_velocities.py
[10.271s] -- Up-to-date symlink: /home/azp/ros2_ws/install/champ_msgs/local/lib/python3.10/dist-packages/champ_msgs/msg/_velocities_s.c
[10.271s] -- Up-to-date symlink: /home/azp/ros2_ws/install/champ_msgs/local/lib/python3.10/dist-packages/champ_msgs/champ_msgs_s__rosidl_typesupport_fastrtps_c.cpython-310-x86_64-linux-gnu.so
[10.272s] -- Up-to-date symlink: /home/azp/ros2_ws/install/champ_msgs/local/lib/python3.10/dist-packages/champ_msgs/champ_msgs_s__rosidl_typesupport_introspection_c.cpython-310-x86_64-linux-gnu.so
[10.272s] -- Up-to-date symlink: /home/azp/ros2_ws/install/champ_msgs/local/lib/python3.10/dist-packages/champ_msgs/champ_msgs_s__rosidl_typesupport_c.cpython-310-x86_64-linux-gnu.so
[10.273s] -- Up-to-date symlink: /home/azp/ros2_ws/install/champ_msgs/share/champ_msgs/msg/Velocities.idl
[10.273s] -- Up-to-date symlink: /home/azp/ros2_ws/install/champ_msgs/share/champ_msgs/msg/PID.idl
[10.274s] -- Up-to-date symlink: /home/azp/ros2_ws/install/champ_msgs/share/champ_msgs/msg/Imu.idl
[10.275s] -- Up-to-date symlink: /home/azp/ros2_ws/install/champ_msgs/share/champ_msgs/msg/Point.idl
[10.275s] -- Up-to-date symlink: /home/azp/ros2_ws/install/champ_msgs/share/champ_msgs/msg/PointArray.idl
[10.276s] -- Up-to-date symlink: /home/azp/ros2_ws/install/champ_msgs/share/champ_msgs/msg/Joints.idl
[10.276s] -- Up-to-date symlink: /home/azp/ros2_ws/install/champ_msgs/share/champ_msgs/msg/Contacts.idl
[10.277s] -- Up-to-date symlink: /home/azp/ros2_ws/install/champ_msgs/share/champ_msgs/msg/ContactsStamped.idl
[10.278s] -- Up-to-date symlink: /home/azp/ros2_ws/install/champ_msgs/share/champ_msgs/msg/Pose.idl
[10.278s] -- Up-to-date symlink: /home/azp/ros2_ws/install/champ_msgs/share/champ_msgs/msg/Velocities.msg
[10.278s] -- Up-to-date symlink: /home/azp/ros2_ws/install/champ_msgs/share/champ_msgs/msg/PID.msg
[10.279s] -- Up-to-date symlink: /home/azp/ros2_ws/install/champ_msgs/share/champ_msgs/msg/Imu.msg
[10.279s] -- Up-to-date symlink: /home/azp/ros2_ws/install/champ_msgs/share/champ_msgs/msg/Point.msg
[10.281s] -- Up-to-date symlink: /home/azp/ros2_ws/install/champ_msgs/share/champ_msgs/msg/PointArray.msg
[10.281s] -- Up-to-date symlink: /home/azp/ros2_ws/install/champ_msgs/share/champ_msgs/msg/Joints.msg
[10.282s] -- Up-to-date symlink: /home/azp/ros2_ws/install/champ_msgs/share/champ_msgs/msg/Contacts.msg
[10.282s] -- Up-to-date symlink: /home/azp/ros2_ws/install/champ_msgs/share/champ_msgs/msg/ContactsStamped.msg
[10.283s] -- Up-to-date symlink: /home/azp/ros2_ws/install/champ_msgs/share/champ_msgs/msg/Pose.msg
[10.284s] -- Up-to-date symlink: /home/azp/ros2_ws/install/champ_msgs/share/ament_index/resource_index/package_run_dependencies/champ_msgs
[10.285s] -- Up-to-date symlink: /home/azp/ros2_ws/install/champ_msgs/share/ament_index/resource_index/parent_prefix_path/champ_msgs
[10.285s] -- Up-to-date symlink: /home/azp/ros2_ws/install/champ_msgs/share/champ_msgs/environment/ament_prefix_path.sh
[10.285s] -- Up-to-date symlink: /home/azp/ros2_ws/install/champ_msgs/share/champ_msgs/environment/ament_prefix_path.dsv
[10.286s] -- Up-to-date symlink: /home/azp/ros2_ws/install/champ_msgs/share/champ_msgs/environment/path.sh
[10.286s] -- Up-to-date symlink: /home/azp/ros2_ws/install/champ_msgs/share/champ_msgs/environment/path.dsv
[10.287s] -- Up-to-date symlink: /home/azp/ros2_ws/install/champ_msgs/share/champ_msgs/local_setup.bash
[10.287s] -- Up-to-date symlink: /home/azp/ros2_ws/install/champ_msgs/share/champ_msgs/local_setup.sh
[10.288s] -- Up-to-date symlink: /home/azp/ros2_ws/install/champ_msgs/share/champ_msgs/local_setup.zsh
[10.288s] -- Up-to-date symlink: /home/azp/ros2_ws/install/champ_msgs/share/champ_msgs/local_setup.dsv
[10.288s] -- Symlinking: /home/azp/ros2_ws/install/champ_msgs/share/champ_msgs/package.dsv
[10.305s] -- Up-to-date symlink: /home/azp/ros2_ws/install/champ_msgs/share/ament_index/resource_index/packages/champ_msgs
[10.305s] -- Up-to-date symlink: /home/azp/ros2_ws/install/champ_msgs/share/champ_msgs/cmake/rosidl_cmake-extras.cmake
[10.306s] -- Up-to-date symlink: /home/azp/ros2_ws/install/champ_msgs/share/champ_msgs/cmake/ament_cmake_export_dependencies-extras.cmake
[10.306s] -- Up-to-date symlink: /home/azp/ros2_ws/install/champ_msgs/share/champ_msgs/cmake/ament_cmake_export_include_directories-extras.cmake
[10.307s] -- Up-to-date symlink: /home/azp/ros2_ws/install/champ_msgs/share/champ_msgs/cmake/ament_cmake_export_libraries-extras.cmake
[10.308s] -- Up-to-date symlink: /home/azp/ros2_ws/install/champ_msgs/share/champ_msgs/cmake/ament_cmake_export_targets-extras.cmake
[10.308s] -- Up-to-date symlink: /home/azp/ros2_ws/install/champ_msgs/share/champ_msgs/cmake/rosidl_cmake_export_typesupport_targets-extras.cmake
[10.309s] -- Up-to-date symlink: /home/azp/ros2_ws/install/champ_msgs/share/champ_msgs/cmake/rosidl_cmake_export_typesupport_libraries-extras.cmake
[10.309s] -- Up-to-date symlink: /home/azp/ros2_ws/install/champ_msgs/share/champ_msgs/cmake/champ_msgsConfig.cmake
[10.310s] -- Up-to-date symlink: /home/azp/ros2_ws/install/champ_msgs/share/champ_msgs/cmake/champ_msgsConfig-version.cmake
[10.310s] -- Up-to-date symlink: /home/azp/ros2_ws/install/champ_msgs/share/champ_msgs/package.xml
[10.393s] -- Up-to-date: /home/azp/ros2_ws/install/champ_msgs/lib/libchamp_msgs__rosidl_generator_c.so
[10.462s] -- Up-to-date: /home/azp/ros2_ws/install/champ_msgs/lib/libchamp_msgs__rosidl_typesupport_fastrtps_c.so
[10.463s] -- Up-to-date: /home/azp/ros2_ws/install/champ_msgs/lib/libchamp_msgs__rosidl_typesupport_introspection_c.so
[10.465s] -- Up-to-date: /home/azp/ros2_ws/install/champ_msgs/lib/libchamp_msgs__rosidl_typesupport_c.so
[10.535s] -- Up-to-date: /home/azp/ros2_ws/install/champ_msgs/lib/libchamp_msgs__rosidl_typesupport_fastrtps_cpp.so
[10.600s] -- Up-to-date: /home/azp/ros2_ws/install/champ_msgs/lib/libchamp_msgs__rosidl_typesupport_introspection_cpp.so
[10.601s] -- Up-to-date: /home/azp/ros2_ws/install/champ_msgs/lib/libchamp_msgs__rosidl_typesupport_cpp.so
[11.459s] Listing '/home/azp/ros2_ws/install/champ_msgs/local/lib/python3.10/dist-packages/champ_msgs'...
[11.460s] Compiling '/home/azp/ros2_ws/install/champ_msgs/local/lib/python3.10/dist-packages/champ_msgs/__init__.py'...
[11.461s] Listing '/home/azp/ros2_ws/install/champ_msgs/local/lib/python3.10/dist-packages/champ_msgs/msg'...
[11.677s] -- Up-to-date: /home/azp/ros2_ws/install/champ_msgs/lib/libchamp_msgs__rosidl_generator_py.so
[11.701s] -- Up-to-date: /home/azp/ros2_ws/install/champ_msgs/share/champ_msgs/cmake/export_champ_msgs__rosidl_generator_cExport.cmake
[11.701s] -- Up-to-date: /home/azp/ros2_ws/install/champ_msgs/share/champ_msgs/cmake/export_champ_msgs__rosidl_generator_cExport-noconfig.cmake
[11.735s] -- Up-to-date: /home/azp/ros2_ws/install/champ_msgs/share/champ_msgs/cmake/export_champ_msgs__rosidl_typesupport_fastrtps_cExport.cmake
[11.735s] -- Up-to-date: /home/azp/ros2_ws/install/champ_msgs/share/champ_msgs/cmake/export_champ_msgs__rosidl_typesupport_fastrtps_cExport-noconfig.cmake
[11.823s] -- Up-to-date: /home/azp/ros2_ws/install/champ_msgs/share/champ_msgs/cmake/champ_msgs__rosidl_typesupport_introspection_cExport.cmake
[11.824s] -- Up-to-date: /home/azp/ros2_ws/install/champ_msgs/share/champ_msgs/cmake/champ_msgs__rosidl_typesupport_introspection_cExport-noconfig.cmake
[11.824s] -- Up-to-date: /home/azp/ros2_ws/install/champ_msgs/share/champ_msgs/cmake/champ_msgs__rosidl_typesupport_cExport.cmake
[11.824s] -- Up-to-date: /home/azp/ros2_ws/install/champ_msgs/share/champ_msgs/cmake/champ_msgs__rosidl_typesupport_cExport-noconfig.cmake
[11.825s] -- Up-to-date: /home/azp/ros2_ws/install/champ_msgs/share/champ_msgs/cmake/export_champ_msgs__rosidl_generator_cppExport.cmake
[11.826s] -- Up-to-date: /home/azp/ros2_ws/install/champ_msgs/share/champ_msgs/cmake/export_champ_msgs__rosidl_typesupport_fastrtps_cppExport.cmake
[11.826s] -- Up-to-date: /home/azp/ros2_ws/install/champ_msgs/share/champ_msgs/cmake/export_champ_msgs__rosidl_typesupport_fastrtps_cppExport-noconfig.cmake
[11.827s] -- Up-to-date: /home/azp/ros2_ws/install/champ_msgs/share/champ_msgs/cmake/champ_msgs__rosidl_typesupport_introspection_cppExport.cmake
[11.827s] -- Up-to-date: /home/azp/ros2_ws/install/champ_msgs/share/champ_msgs/cmake/champ_msgs__rosidl_typesupport_introspection_cppExport-noconfig.cmake
[11.827s] -- Up-to-date: /home/azp/ros2_ws/install/champ_msgs/share/champ_msgs/cmake/champ_msgs__rosidl_typesupport_cppExport.cmake
[11.827s] -- Up-to-date: /home/azp/ros2_ws/install/champ_msgs/share/champ_msgs/cmake/champ_msgs__rosidl_typesupport_cppExport-noconfig.cmake
[11.828s] -- Up-to-date: /home/azp/ros2_ws/install/champ_msgs/share/champ_msgs/cmake/export_champ_msgs__rosidl_generator_pyExport.cmake
[11.828s] -- Up-to-date: /home/azp/ros2_ws/install/champ_msgs/share/champ_msgs/cmake/export_champ_msgs__rosidl_generator_pyExport-noconfig.cmake
[11.835s] Invoked command in '/home/azp/ros2_ws/build/champ_msgs' returned '0': CMAKE_PREFIX_PATH=${CMAKE_PREFIX_PATH}:/opt/ros/humble /usr/bin/cmake --install /home/azp/ros2_ws/build/champ_msgs
