[0.016s] Invoking command in '/home/azp/ros2_ws/build/rom2109_description': CMAKE_PREFIX_PATH=${CMAKE_PREFIX_PATH}:/home/azp/ros2_ws/install/mini_pupper_control:/opt/ros/humble /usr/bin/cmake --build /home/azp/ros2_ws/build/rom2109_description -- -j4 -l4
[0.083s] Invoked command in '/home/azp/ros2_ws/build/rom2109_description' returned '0': CMAKE_PREFIX_PATH=${CMAKE_PREFIX_PATH}:/home/azp/ros2_ws/install/mini_pupper_control:/opt/ros/humble /usr/bin/cmake --build /home/azp/ros2_ws/build/rom2109_description -- -j4 -l4
[0.135s] Invoking command in '/home/azp/ros2_ws/build/rom2109_description': CMAKE_PREFIX_PATH=${CMAKE_PREFIX_PATH}:/home/azp/ros2_ws/install/mini_pupper_control:/opt/ros/humble /usr/bin/cmake --install /home/azp/ros2_ws/build/rom2109_description
[0.153s] -- Install configuration: ""
[0.153s] -- Up-to-date: /home/azp/ros2_ws/install/rom2109_description/share/rom2109_description/launch
[0.153s] -- Installing: /home/azp/ros2_ws/install/rom2109_description/share/rom2109_description/launch/description.launch.py
[0.153s] -- Up-to-date: /home/azp/ros2_ws/install/rom2109_description/share/rom2109_description/urdf
[0.153s] -- Up-to-date: /home/azp/ros2_ws/install/rom2109_description/share/rom2109_description/urdf/rom2109_bot_gazebo.urdf
[0.153s] -- Up-to-date: /home/azp/ros2_ws/install/rom2109_description/share/rom2109_description/urdf/rom2109_tall.config
[0.153s] -- Up-to-date: /home/azp/ros2_ws/install/rom2109_description/share/rom2109_description/urdf/rom2109_tall_gazebo.urdf
[0.159s] -- Up-to-date: /home/azp/ros2_ws/install/rom2109_description/share/rom2109_description/urdf/rom2109_short_gazebo.urdf
[0.160s] -- Up-to-date: /home/azp/ros2_ws/install/rom2109_description/share/rom2109_description/urdf/rom2109_bot_gazebo11.urdf
[0.161s] -- Up-to-date: /home/azp/ros2_ws/install/rom2109_description/share/rom2109_description/urdf/rom2109_short.urdf
[0.161s] -- Up-to-date: /home/azp/ros2_ws/install/rom2109_description/share/rom2109_description/urdf/rom2109_tall.urdf
[0.162s] -- Up-to-date: /home/azp/ros2_ws/install/rom2109_description/share/rom2109_description/urdf/rom2109_bot.urdf
[0.162s] -- Up-to-date: /home/azp/ros2_ws/install/rom2109_description/share/rom2109_description/urdf/rom2109_tall.sdf
[0.162s] -- Up-to-date: /home/azp/ros2_ws/install/rom2109_description/share/rom2109_description/meshes
[0.163s] -- Up-to-date: /home/azp/ros2_ws/install/rom2109_description/share/rom2109_description/meshes/bot
[0.163s] -- Up-to-date: /home/azp/ros2_ws/install/rom2109_description/share/rom2109_description/meshes/bot/base_link.STL
[0.163s] -- Up-to-date: /home/azp/ros2_ws/install/rom2109_description/share/rom2109_description/meshes/bot/right_wheel.STL
[0.164s] -- Up-to-date: /home/azp/ros2_ws/install/rom2109_description/share/rom2109_description/meshes/bot/wifi.STL
[0.165s] -- Up-to-date: /home/azp/ros2_ws/install/rom2109_description/share/rom2109_description/meshes/bot/left_wheel.STL
[0.166s] -- Up-to-date: /home/azp/ros2_ws/install/rom2109_description/share/rom2109_description/meshes/bot/frame_link.STL
[0.166s] -- Up-to-date: /home/azp/ros2_ws/install/rom2109_description/share/rom2109_description/meshes/bot/rp_lidar.STL
[0.166s] -- Up-to-date: /home/azp/ros2_ws/install/rom2109_description/share/rom2109_description/meshes/base_link.STL
[0.166s] -- Up-to-date: /home/azp/ros2_ws/install/rom2109_description/share/rom2109_description/meshes/right_wheel.STL
[0.167s] -- Up-to-date: /home/azp/ros2_ws/install/rom2109_description/share/rom2109_description/meshes/lidar.STL
[0.167s] -- Up-to-date: /home/azp/ros2_ws/install/rom2109_description/share/rom2109_description/meshes/short
[0.167s] -- Up-to-date: /home/azp/ros2_ws/install/rom2109_description/share/rom2109_description/meshes/short/base_link.STL
[0.167s] -- Up-to-date: /home/azp/ros2_ws/install/rom2109_description/share/rom2109_description/meshes/short/right_wheel.STL
[0.168s] -- Up-to-date: /home/azp/ros2_ws/install/rom2109_description/share/rom2109_description/meshes/short/lidar.STL
[0.168s] -- Up-to-date: /home/azp/ros2_ws/install/rom2109_description/share/rom2109_description/meshes/short/camera.STL
[0.169s] -- Up-to-date: /home/azp/ros2_ws/install/rom2109_description/share/rom2109_description/meshes/short/left_wheel.STL
[0.170s] -- Up-to-date: /home/azp/ros2_ws/install/rom2109_description/share/rom2109_description/meshes/short/plate1.STL
[0.170s] -- Up-to-date: /home/azp/ros2_ws/install/rom2109_description/share/rom2109_description/meshes/camera.STL
[0.170s] -- Up-to-date: /home/azp/ros2_ws/install/rom2109_description/share/rom2109_description/meshes/plate3.STL
[0.170s] -- Up-to-date: /home/azp/ros2_ws/install/rom2109_description/share/rom2109_description/meshes/left_wheel.STL
[0.171s] -- Up-to-date: /home/azp/ros2_ws/install/rom2109_description/share/rom2109_description/meshes/tall
[0.171s] -- Up-to-date: /home/azp/ros2_ws/install/rom2109_description/share/rom2109_description/meshes/tall/base_link.STL
[0.171s] -- Up-to-date: /home/azp/ros2_ws/install/rom2109_description/share/rom2109_description/meshes/tall/right_wheel.STL
[0.171s] -- Up-to-date: /home/azp/ros2_ws/install/rom2109_description/share/rom2109_description/meshes/tall/lidar.STL
[0.171s] -- Up-to-date: /home/azp/ros2_ws/install/rom2109_description/share/rom2109_description/meshes/tall/camera.STL
[0.171s] -- Up-to-date: /home/azp/ros2_ws/install/rom2109_description/share/rom2109_description/meshes/tall/plate3.STL
[0.172s] -- Up-to-date: /home/azp/ros2_ws/install/rom2109_description/share/rom2109_description/meshes/tall/left_wheel.STL
[0.172s] -- Up-to-date: /home/azp/ros2_ws/install/rom2109_description/share/rom2109_description/meshes/tall/plate1.STL
[0.172s] -- Up-to-date: /home/azp/ros2_ws/install/rom2109_description/share/rom2109_description/meshes/tall/plate2.STL
[0.172s] -- Up-to-date: /home/azp/ros2_ws/install/rom2109_description/share/rom2109_description/meshes/plate1.STL
[0.172s] -- Up-to-date: /home/azp/ros2_ws/install/rom2109_description/share/rom2109_description/meshes/plate2.STL
[0.172s] -- Up-to-date: /home/azp/ros2_ws/install/rom2109_description/share/ament_index/resource_index/package_run_dependencies/rom2109_description
[0.172s] -- Up-to-date: /home/azp/ros2_ws/install/rom2109_description/share/ament_index/resource_index/parent_prefix_path/rom2109_description
[0.172s] -- Up-to-date: /home/azp/ros2_ws/install/rom2109_description/share/rom2109_description/environment/ament_prefix_path.sh
[0.173s] -- Up-to-date: /home/azp/ros2_ws/install/rom2109_description/share/rom2109_description/environment/ament_prefix_path.dsv
[0.173s] -- Up-to-date: /home/azp/ros2_ws/install/rom2109_description/share/rom2109_description/environment/path.sh
[0.173s] -- Up-to-date: /home/azp/ros2_ws/install/rom2109_description/share/rom2109_description/environment/path.dsv
[0.173s] -- Up-to-date: /home/azp/ros2_ws/install/rom2109_description/share/rom2109_description/local_setup.bash
[0.173s] -- Up-to-date: /home/azp/ros2_ws/install/rom2109_description/share/rom2109_description/local_setup.sh
[0.173s] -- Up-to-date: /home/azp/ros2_ws/install/rom2109_description/share/rom2109_description/local_setup.zsh
[0.173s] -- Up-to-date: /home/azp/ros2_ws/install/rom2109_description/share/rom2109_description/local_setup.dsv
[0.173s] -- Installing: /home/azp/ros2_ws/install/rom2109_description/share/rom2109_description/package.dsv
[0.174s] -- Up-to-date: /home/azp/ros2_ws/install/rom2109_description/share/ament_index/resource_index/packages/rom2109_description
[0.174s] -- Up-to-date: /home/azp/ros2_ws/install/rom2109_description/share/rom2109_description/cmake/rom2109_descriptionConfig.cmake
[0.174s] -- Up-to-date: /home/azp/ros2_ws/install/rom2109_description/share/rom2109_description/cmake/rom2109_descriptionConfig-version.cmake
[0.174s] -- Up-to-date: /home/azp/ros2_ws/install/rom2109_description/share/rom2109_description/package.xml
[0.174s] Invoked command in '/home/azp/ros2_ws/build/rom2109_description' returned '0': CMAKE_PREFIX_PATH=${CMAKE_PREFIX_PATH}:/home/azp/ros2_ws/install/mini_pupper_control:/opt/ros/humble /usr/bin/cmake --install /home/azp/ros2_ws/build/rom2109_description
