[0.040s] Invoking command in '/home/azp/ROS2/workspace/build/tutorial_interfaces': CMAKE_PREFIX_PATH=${CMAKE_PREFIX_PATH}:/opt/ros/humble /usr/bin/cmake /home/azp/ROS2/workspace/src/tutorial_interfaces -DCMAKE_INSTALL_PREFIX=/home/azp/ROS2/workspace/install/tutorial_interfaces
[0.157s] -- The C compiler identification is GNU 11.3.0
[0.281s] -- The CXX compiler identification is GNU 11.3.0
[0.297s] -- Detecting C compiler ABI info
[0.443s] -- Detecting C compiler ABI info - done
[0.463s] -- Check for working C compiler: /usr/bin/cc - skipped
[0.464s] -- Detecting C compile features
[0.465s] -- Detecting C compile features - done
[0.472s] -- Detecting CXX compiler ABI info
[0.648s] -- Detecting CXX compiler ABI info - done
[0.668s] -- Check for working CXX compiler: /usr/bin/c++ - skipped
[0.669s] -- Detecting CXX compile features
[0.671s] -- Detecting CXX compile features - done
[0.676s] -- Found ament_cmake: 1.3.3 (/opt/ros/humble/share/ament_cmake/cmake)
[1.052s] -- Found Python3: /usr/bin/python3.10 (found version "3.10.6") found components: Interpreter 
[1.246s] -- Found geometry_msgs: 4.2.2 (/opt/ros/humble/share/geometry_msgs/cmake)
[1.334s] -- Found rosidl_generator_c: 3.1.4 (/opt/ros/humble/share/rosidl_generator_c/cmake)
[1.346s] -- Found rosidl_adapter: 3.1.4 (/opt/ros/humble/share/rosidl_adapter/cmake)
[1.367s] -- Found rosidl_generator_cpp: 3.1.4 (/opt/ros/humble/share/rosidl_generator_cpp/cmake)
[1.403s] -- Using all available rosidl_typesupport_c: rosidl_typesupport_fastrtps_c;rosidl_typesupport_introspection_c
[1.464s] -- Using all available rosidl_typesupport_cpp: rosidl_typesupport_fastrtps_cpp;rosidl_typesupport_introspection_cpp
[1.783s] -- Found rosidl_default_generators: 1.2.0 (/opt/ros/humble/share/rosidl_default_generators/cmake)
[2.443s] -- Found ament_cmake_ros: 0.10.0 (/opt/ros/humble/share/ament_cmake_ros/cmake)
[3.404s] -- Using all available rosidl_typesupport_c: rosidl_typesupport_fastrtps_c;rosidl_typesupport_introspection_c
[3.816s] -- Using all available rosidl_typesupport_cpp: rosidl_typesupport_fastrtps_cpp;rosidl_typesupport_introspection_cpp
[3.867s] -- Found PythonInterp: /usr/bin/python3 (found suitable version "3.10.6", minimum required is "3.6") 
[3.871s] -- Found python_cmake_module: 0.10.0 (/opt/ros/humble/share/python_cmake_module/cmake)
[3.932s] -- Found PythonLibs: /usr/lib/x86_64-linux-gnu/libpython3.10.so (found suitable version "3.10.6", minimum required is "3.5") 
[3.933s] -- Using PYTHON_EXECUTABLE: /usr/bin/python3
[3.933s] -- Using PYTHON_INCLUDE_DIRS: /usr/include/python3.10
[3.934s] -- Using PYTHON_LIBRARIES: /usr/lib/x86_64-linux-gnu/libpython3.10.so
[3.982s] -- Found PythonExtra: .so  
[4.155s] -- Found ament_lint_auto: 0.12.4 (/opt/ros/humble/share/ament_lint_auto/cmake)
[4.198s] -- Added test 'lint_cmake' to check CMake code style
[4.201s] -- Added test 'xmllint' to check XML markup files
[4.207s] -- Configuring done
[4.293s] -- Generating done
[4.300s] -- Build files have been written to: /home/azp/ROS2/workspace/build/tutorial_interfaces
[4.317s] Invoked command in '/home/azp/ROS2/workspace/build/tutorial_interfaces' returned '0': CMAKE_PREFIX_PATH=${CMAKE_PREFIX_PATH}:/opt/ros/humble /usr/bin/cmake /home/azp/ROS2/workspace/src/tutorial_interfaces -DCMAKE_INSTALL_PREFIX=/home/azp/ROS2/workspace/install/tutorial_interfaces
[4.320s] Invoking command in '/home/azp/ROS2/workspace/build/tutorial_interfaces': CMAKE_PREFIX_PATH=${CMAKE_PREFIX_PATH}:/opt/ros/humble /usr/bin/cmake --build /home/azp/ROS2/workspace/build/tutorial_interfaces -- -j4 -l4
[4.425s] [  2%] [34m[1mGenerating C code for ROS interfaces[0m
[4.459s] [  4%] [34m[1mGenerating C++ code for ROS interfaces[0m
[4.546s] [  4%] Built target ament_cmake_python_copy_tutorial_interfaces
[5.390s] running egg_info
[5.391s] creating tutorial_interfaces.egg-info
[5.391s] writing tutorial_interfaces.egg-info/PKG-INFO
[5.392s] writing dependency_links to tutorial_interfaces.egg-info/dependency_links.txt
[5.392s] writing top-level names to tutorial_interfaces.egg-info/top_level.txt
[5.392s] writing manifest file 'tutorial_interfaces.egg-info/SOURCES.txt'
[5.397s] reading manifest file 'tutorial_interfaces.egg-info/SOURCES.txt'
[5.398s] writing manifest file 'tutorial_interfaces.egg-info/SOURCES.txt'
[5.452s] [  4%] Built target ament_cmake_python_build_tutorial_interfaces_egg
[5.857s] [  6%] [32mBuilding C object CMakeFiles/tutorial_interfaces__rosidl_generator_c.dir/rosidl_generator_c/tutorial_interfaces/msg/detail/num__functions.c.o[0m
[5.876s] [  6%] Built target tutorial_interfaces__cpp
[5.880s] [  8%] [32mBuilding C object CMakeFiles/tutorial_interfaces__rosidl_generator_c.dir/rosidl_generator_c/tutorial_interfaces/srv/detail/add_three_int__functions.c.o[0m
[5.889s] [ 10%] [32mBuilding C object CMakeFiles/tutorial_interfaces__rosidl_generator_c.dir/rosidl_generator_c/tutorial_interfaces/msg/detail/sphere__functions.c.o[0m
[5.933s] [ 12%] [34m[1mGenerating C++ type support dispatch for ROS interfaces[0m
[6.020s] [ 14%] [34m[1mGenerating C++ type support for eProsima Fast-RTPS[0m
[6.119s] [ 19%] [32m[1mLinking C shared library libtutorial_interfaces__rosidl_generator_c.so[0m
[6.130s] [ 19%] [34m[1mGenerating C++ introspection for ROS interfaces[0m
[6.313s] [ 19%] Built target tutorial_interfaces__rosidl_generator_c
[6.403s] [ 21%] [34m[1mGenerating C type support for eProsima Fast-RTPS[0m
[6.963s] [ 23%] [32mBuilding CXX object CMakeFiles/tutorial_interfaces__rosidl_typesupport_cpp.dir/rosidl_typesupport_cpp/tutorial_interfaces/msg/num__type_support.cpp.o[0m
[7.281s] [ 25%] [32mBuilding CXX object CMakeFiles/tutorial_interfaces__rosidl_typesupport_fastrtps_cpp.dir/rosidl_typesupport_fastrtps_cpp/tutorial_interfaces/msg/detail/dds_fastrtps/num__type_support.cpp.o[0m
[7.455s] [ 27%] [32mBuilding CXX object CMakeFiles/tutorial_interfaces__rosidl_typesupport_introspection_cpp.dir/rosidl_typesupport_introspection_cpp/tutorial_interfaces/msg/detail/num__type_support.cpp.o[0m
[7.844s] [ 29%] [32mBuilding CXX object CMakeFiles/tutorial_interfaces__rosidl_typesupport_cpp.dir/rosidl_typesupport_cpp/tutorial_interfaces/msg/sphere__type_support.cpp.o[0m
[8.130s] [ 31%] [32mBuilding CXX object CMakeFiles/tutorial_interfaces__rosidl_typesupport_fastrtps_c.dir/rosidl_typesupport_fastrtps_c/tutorial_interfaces/msg/detail/num__type_support_c.cpp.o[0m
[8.828s] [ 34%] [32mBuilding CXX object CMakeFiles/tutorial_interfaces__rosidl_typesupport_cpp.dir/rosidl_typesupport_cpp/tutorial_interfaces/srv/add_three_int__type_support.cpp.o[0m
[8.998s] [ 36%] [32mBuilding CXX object CMakeFiles/tutorial_interfaces__rosidl_typesupport_fastrtps_cpp.dir/rosidl_typesupport_fastrtps_cpp/tutorial_interfaces/msg/detail/dds_fastrtps/sphere__type_support.cpp.o[0m
[9.105s] [ 38%] [32mBuilding CXX object CMakeFiles/tutorial_interfaces__rosidl_typesupport_introspection_cpp.dir/rosidl_typesupport_introspection_cpp/tutorial_interfaces/msg/detail/sphere__type_support.cpp.o[0m
[9.728s] [ 40%] [32mBuilding CXX object CMakeFiles/tutorial_interfaces__rosidl_typesupport_fastrtps_c.dir/rosidl_typesupport_fastrtps_c/tutorial_interfaces/msg/detail/sphere__type_support_c.cpp.o[0m
[10.105s] [ 42%] [32m[1mLinking CXX shared library libtutorial_interfaces__rosidl_typesupport_cpp.so[0m
[10.273s] [ 42%] Built target tutorial_interfaces__rosidl_typesupport_cpp
[10.313s] [ 44%] [34m[1mGenerating C introspection for ROS interfaces[0m
[10.671s] [ 46%] [32mBuilding CXX object CMakeFiles/tutorial_interfaces__rosidl_typesupport_fastrtps_cpp.dir/rosidl_typesupport_fastrtps_cpp/tutorial_interfaces/srv/detail/dds_fastrtps/add_three_int__type_support.cpp.o[0m
[10.940s] [ 48%] [32mBuilding CXX object CMakeFiles/tutorial_interfaces__rosidl_typesupport_introspection_cpp.dir/rosidl_typesupport_introspection_cpp/tutorial_interfaces/srv/detail/add_three_int__type_support.cpp.o[0m
[11.030s] [ 51%] [32mBuilding CXX object CMakeFiles/tutorial_interfaces__rosidl_typesupport_fastrtps_c.dir/rosidl_typesupport_fastrtps_c/tutorial_interfaces/srv/detail/add_three_int__type_support_c.cpp.o[0m
[11.940s] [ 53%] [32mBuilding C object CMakeFiles/tutorial_interfaces__rosidl_typesupport_introspection_c.dir/rosidl_typesupport_introspection_c/tutorial_interfaces/msg/detail/num__type_support.c.o[0m
[12.069s] [ 55%] [32mBuilding C object CMakeFiles/tutorial_interfaces__rosidl_typesupport_introspection_c.dir/rosidl_typesupport_introspection_c/tutorial_interfaces/msg/detail/sphere__type_support.c.o[0m
[12.136s] [ 57%] [32m[1mLinking CXX shared library libtutorial_interfaces__rosidl_typesupport_fastrtps_c.so[0m
[12.251s] [ 59%] [32mBuilding C object CMakeFiles/tutorial_interfaces__rosidl_typesupport_introspection_c.dir/rosidl_typesupport_introspection_c/tutorial_interfaces/srv/detail/add_three_int__type_support.c.o[0m
[12.332s] [ 61%] [32m[1mLinking C shared library libtutorial_interfaces__rosidl_typesupport_introspection_c.so[0m
[12.375s] [ 63%] [32m[1mLinking CXX shared library libtutorial_interfaces__rosidl_typesupport_fastrtps_cpp.so[0m
[12.471s] [ 63%] Built target tutorial_interfaces__rosidl_typesupport_introspection_c
[12.511s] [ 65%] [32m[1mLinking CXX shared library libtutorial_interfaces__rosidl_typesupport_introspection_cpp.so[0m
[12.528s] [ 65%] Built target tutorial_interfaces__rosidl_typesupport_fastrtps_c
[12.529s] [ 68%] [34m[1mGenerating C type support dispatch for ROS interfaces[0m
[12.575s] [ 68%] Built target tutorial_interfaces__rosidl_typesupport_fastrtps_cpp
[12.803s] [ 68%] Built target tutorial_interfaces__rosidl_typesupport_introspection_cpp
[13.260s] [ 70%] [32mBuilding CXX object CMakeFiles/tutorial_interfaces__rosidl_typesupport_c.dir/rosidl_typesupport_c/tutorial_interfaces/msg/num__type_support.cpp.o[0m
[13.283s] [ 72%] [32mBuilding CXX object CMakeFiles/tutorial_interfaces__rosidl_typesupport_c.dir/rosidl_typesupport_c/tutorial_interfaces/msg/sphere__type_support.cpp.o[0m
[13.298s] [ 74%] [32mBuilding CXX object CMakeFiles/tutorial_interfaces__rosidl_typesupport_c.dir/rosidl_typesupport_c/tutorial_interfaces/srv/add_three_int__type_support.cpp.o[0m
[13.463s] [ 76%] [32m[1mLinking CXX shared library libtutorial_interfaces__rosidl_typesupport_c.so[0m
[13.679s] [ 76%] Built target tutorial_interfaces__rosidl_typesupport_c
[13.815s] [ 76%] Built target tutorial_interfaces
[13.858s] [ 78%] [34m[1mGenerating Python code for ROS interfaces[0m
[15.547s] [ 78%] Built target tutorial_interfaces__py
[15.593s] [ 80%] [32mBuilding C object CMakeFiles/tutorial_interfaces__rosidl_generator_py.dir/rosidl_generator_py/tutorial_interfaces/msg/_num_s.c.o[0m
[15.618s] [ 82%] [32mBuilding C object CMakeFiles/tutorial_interfaces__rosidl_generator_py.dir/rosidl_generator_py/tutorial_interfaces/msg/_sphere_s.c.o[0m
[15.632s] [ 85%] [32mBuilding C object CMakeFiles/tutorial_interfaces__rosidl_generator_py.dir/rosidl_generator_py/tutorial_interfaces/srv/_add_three_int_s.c.o[0m
[16.136s] [ 87%] [32m[1mLinking C shared library rosidl_generator_py/tutorial_interfaces/libtutorial_interfaces__rosidl_generator_py.so[0m
[16.269s] [ 87%] Built target tutorial_interfaces__rosidl_generator_py
[16.315s] [ 89%] [32mBuilding C object CMakeFiles/tutorial_interfaces__rosidl_typesupport_introspection_c__pyext.dir/rosidl_generator_py/tutorial_interfaces/_tutorial_interfaces_s.ep.rosidl_typesupport_introspection_c.c.o[0m
[16.392s] [ 91%] [32mBuilding C object CMakeFiles/tutorial_interfaces__rosidl_typesupport_fastrtps_c__pyext.dir/rosidl_generator_py/tutorial_interfaces/_tutorial_interfaces_s.ep.rosidl_typesupport_fastrtps_c.c.o[0m
[16.407s] [ 93%] [32mBuilding C object CMakeFiles/tutorial_interfaces__rosidl_typesupport_c__pyext.dir/rosidl_generator_py/tutorial_interfaces/_tutorial_interfaces_s.ep.rosidl_typesupport_c.c.o[0m
[16.826s] [ 95%] [32m[1mLinking C shared library rosidl_generator_py/tutorial_interfaces/tutorial_interfaces_s__rosidl_typesupport_introspection_c.cpython-310-x86_64-linux-gnu.so[0m
[16.918s] [ 97%] [32m[1mLinking C shared library rosidl_generator_py/tutorial_interfaces/tutorial_interfaces_s__rosidl_typesupport_fastrtps_c.cpython-310-x86_64-linux-gnu.so[0m
[16.991s] [100%] [32m[1mLinking C shared library rosidl_generator_py/tutorial_interfaces/tutorial_interfaces_s__rosidl_typesupport_c.cpython-310-x86_64-linux-gnu.so[0m
[17.086s] [100%] Built target tutorial_interfaces__rosidl_typesupport_introspection_c__pyext
[17.155s] [100%] Built target tutorial_interfaces__rosidl_typesupport_fastrtps_c__pyext
[17.228s] [100%] Built target tutorial_interfaces__rosidl_typesupport_c__pyext
[17.268s] Invoked command in '/home/azp/ROS2/workspace/build/tutorial_interfaces' returned '0': CMAKE_PREFIX_PATH=${CMAKE_PREFIX_PATH}:/opt/ros/humble /usr/bin/cmake --build /home/azp/ROS2/workspace/build/tutorial_interfaces -- -j4 -l4
[17.531s] Invoking command in '/home/azp/ROS2/workspace/build/tutorial_interfaces': CMAKE_PREFIX_PATH=${CMAKE_PREFIX_PATH}:/opt/ros/humble /usr/bin/cmake --install /home/azp/ROS2/workspace/build/tutorial_interfaces
[17.554s] -- Install configuration: ""
[17.554s] -- Installing: /home/azp/ROS2/workspace/install/tutorial_interfaces/share/ament_index/resource_index/rosidl_interfaces/tutorial_interfaces
[17.555s] -- Installing: /home/azp/ROS2/workspace/install/tutorial_interfaces/include/tutorial_interfaces/tutorial_interfaces
[17.555s] -- Installing: /home/azp/ROS2/workspace/install/tutorial_interfaces/include/tutorial_interfaces/tutorial_interfaces/msg
[17.555s] -- Installing: /home/azp/ROS2/workspace/install/tutorial_interfaces/include/tutorial_interfaces/tutorial_interfaces/msg/detail
[17.555s] -- Installing: /home/azp/ROS2/workspace/install/tutorial_interfaces/include/tutorial_interfaces/tutorial_interfaces/msg/detail/num__type_support.h
[17.555s] -- Installing: /home/azp/ROS2/workspace/install/tutorial_interfaces/include/tutorial_interfaces/tutorial_interfaces/msg/detail/sphere__functions.h
[17.556s] -- Installing: /home/azp/ROS2/workspace/install/tutorial_interfaces/include/tutorial_interfaces/tutorial_interfaces/msg/detail/sphere__struct.h
[17.566s] -- Installing: /home/azp/ROS2/workspace/install/tutorial_interfaces/include/tutorial_interfaces/tutorial_interfaces/msg/detail/num__functions.c
[17.566s] -- Installing: /home/azp/ROS2/workspace/install/tutorial_interfaces/include/tutorial_interfaces/tutorial_interfaces/msg/detail/num__struct.h
[17.566s] -- Installing: /home/azp/ROS2/workspace/install/tutorial_interfaces/include/tutorial_interfaces/tutorial_interfaces/msg/detail/sphere__type_support.h
[17.566s] -- Installing: /home/azp/ROS2/workspace/install/tutorial_interfaces/include/tutorial_interfaces/tutorial_interfaces/msg/detail/sphere__functions.c
[17.566s] -- Installing: /home/azp/ROS2/workspace/install/tutorial_interfaces/include/tutorial_interfaces/tutorial_interfaces/msg/detail/num__functions.h
[17.567s] -- Installing: /home/azp/ROS2/workspace/install/tutorial_interfaces/include/tutorial_interfaces/tutorial_interfaces/msg/num.h
[17.567s] -- Installing: /home/azp/ROS2/workspace/install/tutorial_interfaces/include/tutorial_interfaces/tutorial_interfaces/msg/rosidl_generator_c__visibility_control.h
[17.567s] -- Installing: /home/azp/ROS2/workspace/install/tutorial_interfaces/include/tutorial_interfaces/tutorial_interfaces/msg/sphere.h
[17.567s] -- Installing: /home/azp/ROS2/workspace/install/tutorial_interfaces/include/tutorial_interfaces/tutorial_interfaces/srv
[17.568s] -- Installing: /home/azp/ROS2/workspace/install/tutorial_interfaces/include/tutorial_interfaces/tutorial_interfaces/srv/add_three_int.h
[17.568s] -- Installing: /home/azp/ROS2/workspace/install/tutorial_interfaces/include/tutorial_interfaces/tutorial_interfaces/srv/detail
[17.568s] -- Installing: /home/azp/ROS2/workspace/install/tutorial_interfaces/include/tutorial_interfaces/tutorial_interfaces/srv/detail/add_three_int__struct.h
[17.568s] -- Installing: /home/azp/ROS2/workspace/install/tutorial_interfaces/include/tutorial_interfaces/tutorial_interfaces/srv/detail/add_three_int__type_support.h
[17.568s] -- Installing: /home/azp/ROS2/workspace/install/tutorial_interfaces/include/tutorial_interfaces/tutorial_interfaces/srv/detail/add_three_int__functions.c
[17.568s] -- Installing: /home/azp/ROS2/workspace/install/tutorial_interfaces/include/tutorial_interfaces/tutorial_interfaces/srv/detail/add_three_int__functions.h
[17.569s] -- Installing: /home/azp/ROS2/workspace/install/tutorial_interfaces/share/tutorial_interfaces/environment/library_path.sh
[17.569s] -- Installing: /home/azp/ROS2/workspace/install/tutorial_interfaces/share/tutorial_interfaces/environment/library_path.dsv
[17.573s] -- Installing: /home/azp/ROS2/workspace/install/tutorial_interfaces/lib/libtutorial_interfaces__rosidl_generator_c.so
[17.574s] -- Set runtime path of "/home/azp/ROS2/workspace/install/tutorial_interfaces/lib/libtutorial_interfaces__rosidl_generator_c.so" to ""
[17.574s] -- Up-to-date: /home/azp/ROS2/workspace/install/tutorial_interfaces/include/tutorial_interfaces/tutorial_interfaces
[17.574s] -- Up-to-date: /home/azp/ROS2/workspace/install/tutorial_interfaces/include/tutorial_interfaces/tutorial_interfaces/msg
[17.574s] -- Up-to-date: /home/azp/ROS2/workspace/install/tutorial_interfaces/include/tutorial_interfaces/tutorial_interfaces/msg/detail
[17.575s] -- Installing: /home/azp/ROS2/workspace/install/tutorial_interfaces/include/tutorial_interfaces/tutorial_interfaces/msg/detail/num__rosidl_typesupport_fastrtps_c.h
[17.575s] -- Installing: /home/azp/ROS2/workspace/install/tutorial_interfaces/include/tutorial_interfaces/tutorial_interfaces/msg/detail/sphere__rosidl_typesupport_fastrtps_c.h
[17.575s] -- Installing: /home/azp/ROS2/workspace/install/tutorial_interfaces/include/tutorial_interfaces/tutorial_interfaces/msg/rosidl_typesupport_fastrtps_c__visibility_control.h
[17.575s] -- Up-to-date: /home/azp/ROS2/workspace/install/tutorial_interfaces/include/tutorial_interfaces/tutorial_interfaces/srv
[17.575s] -- Up-to-date: /home/azp/ROS2/workspace/install/tutorial_interfaces/include/tutorial_interfaces/tutorial_interfaces/srv/detail
[17.576s] -- Installing: /home/azp/ROS2/workspace/install/tutorial_interfaces/include/tutorial_interfaces/tutorial_interfaces/srv/detail/add_three_int__rosidl_typesupport_fastrtps_c.h
[17.576s] -- Installing: /home/azp/ROS2/workspace/install/tutorial_interfaces/lib/libtutorial_interfaces__rosidl_typesupport_fastrtps_c.so
[17.576s] -- Set runtime path of "/home/azp/ROS2/workspace/install/tutorial_interfaces/lib/libtutorial_interfaces__rosidl_typesupport_fastrtps_c.so" to ""
[17.577s] -- Up-to-date: /home/azp/ROS2/workspace/install/tutorial_interfaces/include/tutorial_interfaces/tutorial_interfaces
[17.577s] -- Up-to-date: /home/azp/ROS2/workspace/install/tutorial_interfaces/include/tutorial_interfaces/tutorial_interfaces/msg
[17.577s] -- Up-to-date: /home/azp/ROS2/workspace/install/tutorial_interfaces/include/tutorial_interfaces/tutorial_interfaces/msg/detail
[17.577s] -- Installing: /home/azp/ROS2/workspace/install/tutorial_interfaces/include/tutorial_interfaces/tutorial_interfaces/msg/detail/num__traits.hpp
[17.578s] -- Installing: /home/azp/ROS2/workspace/install/tutorial_interfaces/include/tutorial_interfaces/tutorial_interfaces/msg/detail/sphere__struct.hpp
[17.578s] -- Installing: /home/azp/ROS2/workspace/install/tutorial_interfaces/include/tutorial_interfaces/tutorial_interfaces/msg/detail/num__builder.hpp
[17.578s] -- Installing: /home/azp/ROS2/workspace/install/tutorial_interfaces/include/tutorial_interfaces/tutorial_interfaces/msg/detail/num__struct.hpp
[17.578s] -- Installing: /home/azp/ROS2/workspace/install/tutorial_interfaces/include/tutorial_interfaces/tutorial_interfaces/msg/detail/sphere__builder.hpp
[17.579s] -- Installing: /home/azp/ROS2/workspace/install/tutorial_interfaces/include/tutorial_interfaces/tutorial_interfaces/msg/detail/sphere__traits.hpp
[17.579s] -- Installing: /home/azp/ROS2/workspace/install/tutorial_interfaces/include/tutorial_interfaces/tutorial_interfaces/msg/num.hpp
[17.579s] -- Installing: /home/azp/ROS2/workspace/install/tutorial_interfaces/include/tutorial_interfaces/tutorial_interfaces/msg/sphere.hpp
[17.579s] -- Up-to-date: /home/azp/ROS2/workspace/install/tutorial_interfaces/include/tutorial_interfaces/tutorial_interfaces/srv
[17.579s] -- Up-to-date: /home/azp/ROS2/workspace/install/tutorial_interfaces/include/tutorial_interfaces/tutorial_interfaces/srv/detail
[17.580s] -- Installing: /home/azp/ROS2/workspace/install/tutorial_interfaces/include/tutorial_interfaces/tutorial_interfaces/srv/detail/add_three_int__struct.hpp
[17.580s] -- Installing: /home/azp/ROS2/workspace/install/tutorial_interfaces/include/tutorial_interfaces/tutorial_interfaces/srv/detail/add_three_int__builder.hpp
[17.580s] -- Installing: /home/azp/ROS2/workspace/install/tutorial_interfaces/include/tutorial_interfaces/tutorial_interfaces/srv/detail/add_three_int__traits.hpp
[17.580s] -- Installing: /home/azp/ROS2/workspace/install/tutorial_interfaces/include/tutorial_interfaces/tutorial_interfaces/srv/add_three_int.hpp
[17.580s] -- Up-to-date: /home/azp/ROS2/workspace/install/tutorial_interfaces/include/tutorial_interfaces/tutorial_interfaces
[17.581s] -- Up-to-date: /home/azp/ROS2/workspace/install/tutorial_interfaces/include/tutorial_interfaces/tutorial_interfaces/msg
[17.581s] -- Up-to-date: /home/azp/ROS2/workspace/install/tutorial_interfaces/include/tutorial_interfaces/tutorial_interfaces/msg/detail
[17.581s] -- Installing: /home/azp/ROS2/workspace/install/tutorial_interfaces/include/tutorial_interfaces/tutorial_interfaces/msg/detail/num__rosidl_typesupport_fastrtps_cpp.hpp
[17.581s] -- Installing: /home/azp/ROS2/workspace/install/tutorial_interfaces/include/tutorial_interfaces/tutorial_interfaces/msg/detail/sphere__rosidl_typesupport_fastrtps_cpp.hpp
[17.581s] -- Installing: /home/azp/ROS2/workspace/install/tutorial_interfaces/include/tutorial_interfaces/tutorial_interfaces/msg/detail/dds_fastrtps
[17.582s] -- Installing: /home/azp/ROS2/workspace/install/tutorial_interfaces/include/tutorial_interfaces/tutorial_interfaces/msg/rosidl_typesupport_fastrtps_cpp__visibility_control.h
[17.582s] -- Up-to-date: /home/azp/ROS2/workspace/install/tutorial_interfaces/include/tutorial_interfaces/tutorial_interfaces/srv
[17.582s] -- Up-to-date: /home/azp/ROS2/workspace/install/tutorial_interfaces/include/tutorial_interfaces/tutorial_interfaces/srv/detail
[17.582s] -- Installing: /home/azp/ROS2/workspace/install/tutorial_interfaces/include/tutorial_interfaces/tutorial_interfaces/srv/detail/add_three_int__rosidl_typesupport_fastrtps_cpp.hpp
[17.582s] -- Installing: /home/azp/ROS2/workspace/install/tutorial_interfaces/include/tutorial_interfaces/tutorial_interfaces/srv/detail/dds_fastrtps
[17.582s] -- Installing: /home/azp/ROS2/workspace/install/tutorial_interfaces/lib/libtutorial_interfaces__rosidl_typesupport_fastrtps_cpp.so
[17.595s] -- Set runtime path of "/home/azp/ROS2/workspace/install/tutorial_interfaces/lib/libtutorial_interfaces__rosidl_typesupport_fastrtps_cpp.so" to ""
[17.595s] -- Up-to-date: /home/azp/ROS2/workspace/install/tutorial_interfaces/include/tutorial_interfaces/tutorial_interfaces
[17.595s] -- Up-to-date: /home/azp/ROS2/workspace/install/tutorial_interfaces/include/tutorial_interfaces/tutorial_interfaces/msg
[17.595s] -- Up-to-date: /home/azp/ROS2/workspace/install/tutorial_interfaces/include/tutorial_interfaces/tutorial_interfaces/msg/detail
[17.596s] -- Installing: /home/azp/ROS2/workspace/install/tutorial_interfaces/include/tutorial_interfaces/tutorial_interfaces/msg/detail/num__type_support.c
[17.596s] -- Installing: /home/azp/ROS2/workspace/install/tutorial_interfaces/include/tutorial_interfaces/tutorial_interfaces/msg/detail/sphere__rosidl_typesupport_introspection_c.h
[17.596s] -- Installing: /home/azp/ROS2/workspace/install/tutorial_interfaces/include/tutorial_interfaces/tutorial_interfaces/msg/detail/sphere__type_support.c
[17.596s] -- Installing: /home/azp/ROS2/workspace/install/tutorial_interfaces/include/tutorial_interfaces/tutorial_interfaces/msg/detail/num__rosidl_typesupport_introspection_c.h
[17.596s] -- Installing: /home/azp/ROS2/workspace/install/tutorial_interfaces/include/tutorial_interfaces/tutorial_interfaces/msg/rosidl_typesupport_introspection_c__visibility_control.h
[17.597s] -- Up-to-date: /home/azp/ROS2/workspace/install/tutorial_interfaces/include/tutorial_interfaces/tutorial_interfaces/srv
[17.597s] -- Up-to-date: /home/azp/ROS2/workspace/install/tutorial_interfaces/include/tutorial_interfaces/tutorial_interfaces/srv/detail
[17.597s] -- Installing: /home/azp/ROS2/workspace/install/tutorial_interfaces/include/tutorial_interfaces/tutorial_interfaces/srv/detail/add_three_int__type_support.c
[17.597s] -- Installing: /home/azp/ROS2/workspace/install/tutorial_interfaces/include/tutorial_interfaces/tutorial_interfaces/srv/detail/add_three_int__rosidl_typesupport_introspection_c.h
[17.597s] -- Installing: /home/azp/ROS2/workspace/install/tutorial_interfaces/lib/libtutorial_interfaces__rosidl_typesupport_introspection_c.so
[17.598s] -- Set runtime path of "/home/azp/ROS2/workspace/install/tutorial_interfaces/lib/libtutorial_interfaces__rosidl_typesupport_introspection_c.so" to ""
[17.598s] -- Installing: /home/azp/ROS2/workspace/install/tutorial_interfaces/lib/libtutorial_interfaces__rosidl_typesupport_c.so
[17.599s] -- Set runtime path of "/home/azp/ROS2/workspace/install/tutorial_interfaces/lib/libtutorial_interfaces__rosidl_typesupport_c.so" to ""
[17.599s] -- Up-to-date: /home/azp/ROS2/workspace/install/tutorial_interfaces/include/tutorial_interfaces/tutorial_interfaces
[17.599s] -- Up-to-date: /home/azp/ROS2/workspace/install/tutorial_interfaces/include/tutorial_interfaces/tutorial_interfaces/msg
[17.599s] -- Up-to-date: /home/azp/ROS2/workspace/install/tutorial_interfaces/include/tutorial_interfaces/tutorial_interfaces/msg/detail
[17.600s] -- Installing: /home/azp/ROS2/workspace/install/tutorial_interfaces/include/tutorial_interfaces/tutorial_interfaces/msg/detail/sphere__type_support.cpp
[17.600s] -- Installing: /home/azp/ROS2/workspace/install/tutorial_interfaces/include/tutorial_interfaces/tutorial_interfaces/msg/detail/num__rosidl_typesupport_introspection_cpp.hpp
[17.600s] -- Installing: /home/azp/ROS2/workspace/install/tutorial_interfaces/include/tutorial_interfaces/tutorial_interfaces/msg/detail/sphere__rosidl_typesupport_introspection_cpp.hpp
[17.600s] -- Installing: /home/azp/ROS2/workspace/install/tutorial_interfaces/include/tutorial_interfaces/tutorial_interfaces/msg/detail/num__type_support.cpp
[17.600s] -- Up-to-date: /home/azp/ROS2/workspace/install/tutorial_interfaces/include/tutorial_interfaces/tutorial_interfaces/srv
[17.601s] -- Up-to-date: /home/azp/ROS2/workspace/install/tutorial_interfaces/include/tutorial_interfaces/tutorial_interfaces/srv/detail
[17.601s] -- Installing: /home/azp/ROS2/workspace/install/tutorial_interfaces/include/tutorial_interfaces/tutorial_interfaces/srv/detail/add_three_int__rosidl_typesupport_introspection_cpp.hpp
[17.601s] -- Installing: /home/azp/ROS2/workspace/install/tutorial_interfaces/include/tutorial_interfaces/tutorial_interfaces/srv/detail/add_three_int__type_support.cpp
[17.601s] -- Installing: /home/azp/ROS2/workspace/install/tutorial_interfaces/lib/libtutorial_interfaces__rosidl_typesupport_introspection_cpp.so
[17.602s] -- Set runtime path of "/home/azp/ROS2/workspace/install/tutorial_interfaces/lib/libtutorial_interfaces__rosidl_typesupport_introspection_cpp.so" to ""
[17.602s] -- Installing: /home/azp/ROS2/workspace/install/tutorial_interfaces/lib/libtutorial_interfaces__rosidl_typesupport_cpp.so
[17.603s] -- Set runtime path of "/home/azp/ROS2/workspace/install/tutorial_interfaces/lib/libtutorial_interfaces__rosidl_typesupport_cpp.so" to ""
[17.603s] -- Installing: /home/azp/ROS2/workspace/install/tutorial_interfaces/share/tutorial_interfaces/environment/pythonpath.sh
[17.603s] -- Installing: /home/azp/ROS2/workspace/install/tutorial_interfaces/share/tutorial_interfaces/environment/pythonpath.dsv
[17.603s] -- Installing: /home/azp/ROS2/workspace/install/tutorial_interfaces/local/lib/python3.10/dist-packages/tutorial_interfaces-0.0.0-py3.10.egg-info
[17.603s] -- Installing: /home/azp/ROS2/workspace/install/tutorial_interfaces/local/lib/python3.10/dist-packages/tutorial_interfaces-0.0.0-py3.10.egg-info/PKG-INFO
[17.604s] -- Installing: /home/azp/ROS2/workspace/install/tutorial_interfaces/local/lib/python3.10/dist-packages/tutorial_interfaces-0.0.0-py3.10.egg-info/top_level.txt
[17.604s] -- Installing: /home/azp/ROS2/workspace/install/tutorial_interfaces/local/lib/python3.10/dist-packages/tutorial_interfaces-0.0.0-py3.10.egg-info/dependency_links.txt
[17.604s] -- Installing: /home/azp/ROS2/workspace/install/tutorial_interfaces/local/lib/python3.10/dist-packages/tutorial_interfaces-0.0.0-py3.10.egg-info/SOURCES.txt
[17.604s] -- Installing: /home/azp/ROS2/workspace/install/tutorial_interfaces/local/lib/python3.10/dist-packages/tutorial_interfaces
[17.605s] -- Installing: /home/azp/ROS2/workspace/install/tutorial_interfaces/local/lib/python3.10/dist-packages/tutorial_interfaces/_tutorial_interfaces_s.ep.rosidl_typesupport_introspection_c.c
[17.605s] -- Installing: /home/azp/ROS2/workspace/install/tutorial_interfaces/local/lib/python3.10/dist-packages/tutorial_interfaces/__init__.py
[17.605s] -- Installing: /home/azp/ROS2/workspace/install/tutorial_interfaces/local/lib/python3.10/dist-packages/tutorial_interfaces/tutorial_interfaces_s__rosidl_typesupport_fastrtps_c.cpython-310-x86_64-linux-gnu.so
[17.622s] -- Installing: /home/azp/ROS2/workspace/install/tutorial_interfaces/local/lib/python3.10/dist-packages/tutorial_interfaces/msg
[17.622s] -- Installing: /home/azp/ROS2/workspace/install/tutorial_interfaces/local/lib/python3.10/dist-packages/tutorial_interfaces/msg/_sphere_s.c
[17.622s] -- Installing: /home/azp/ROS2/workspace/install/tutorial_interfaces/local/lib/python3.10/dist-packages/tutorial_interfaces/msg/_num.py
[17.622s] -- Installing: /home/azp/ROS2/workspace/install/tutorial_interfaces/local/lib/python3.10/dist-packages/tutorial_interfaces/msg/__init__.py
[17.623s] -- Installing: /home/azp/ROS2/workspace/install/tutorial_interfaces/local/lib/python3.10/dist-packages/tutorial_interfaces/msg/_sphere.py
[17.623s] -- Installing: /home/azp/ROS2/workspace/install/tutorial_interfaces/local/lib/python3.10/dist-packages/tutorial_interfaces/msg/_num_s.c
[17.623s] -- Installing: /home/azp/ROS2/workspace/install/tutorial_interfaces/local/lib/python3.10/dist-packages/tutorial_interfaces/libtutorial_interfaces__rosidl_generator_py.so
[17.623s] -- Installing: /home/azp/ROS2/workspace/install/tutorial_interfaces/local/lib/python3.10/dist-packages/tutorial_interfaces/_tutorial_interfaces_s.ep.rosidl_typesupport_c.c
[17.623s] -- Installing: /home/azp/ROS2/workspace/install/tutorial_interfaces/local/lib/python3.10/dist-packages/tutorial_interfaces/tutorial_interfaces_s__rosidl_typesupport_c.cpython-310-x86_64-linux-gnu.so
[17.624s] -- Installing: /home/azp/ROS2/workspace/install/tutorial_interfaces/local/lib/python3.10/dist-packages/tutorial_interfaces/tutorial_interfaces_s__rosidl_typesupport_introspection_c.cpython-310-x86_64-linux-gnu.so
[17.624s] -- Installing: /home/azp/ROS2/workspace/install/tutorial_interfaces/local/lib/python3.10/dist-packages/tutorial_interfaces/_tutorial_interfaces_s.ep.rosidl_typesupport_fastrtps_c.c
[17.624s] -- Installing: /home/azp/ROS2/workspace/install/tutorial_interfaces/local/lib/python3.10/dist-packages/tutorial_interfaces/srv
[17.624s] -- Installing: /home/azp/ROS2/workspace/install/tutorial_interfaces/local/lib/python3.10/dist-packages/tutorial_interfaces/srv/__init__.py
[17.625s] -- Installing: /home/azp/ROS2/workspace/install/tutorial_interfaces/local/lib/python3.10/dist-packages/tutorial_interfaces/srv/_add_three_int.py
[17.625s] -- Installing: /home/azp/ROS2/workspace/install/tutorial_interfaces/local/lib/python3.10/dist-packages/tutorial_interfaces/srv/_add_three_int_s.c
[17.748s] Listing '/home/azp/ROS2/workspace/install/tutorial_interfaces/local/lib/python3.10/dist-packages/tutorial_interfaces'...
[17.749s] Compiling '/home/azp/ROS2/workspace/install/tutorial_interfaces/local/lib/python3.10/dist-packages/tutorial_interfaces/__init__.py'...
[17.749s] Listing '/home/azp/ROS2/workspace/install/tutorial_interfaces/local/lib/python3.10/dist-packages/tutorial_interfaces/msg'...
[17.749s] Compiling '/home/azp/ROS2/workspace/install/tutorial_interfaces/local/lib/python3.10/dist-packages/tutorial_interfaces/msg/__init__.py'...
[17.749s] Compiling '/home/azp/ROS2/workspace/install/tutorial_interfaces/local/lib/python3.10/dist-packages/tutorial_interfaces/msg/_num.py'...
[17.749s] Compiling '/home/azp/ROS2/workspace/install/tutorial_interfaces/local/lib/python3.10/dist-packages/tutorial_interfaces/msg/_sphere.py'...
[17.750s] Listing '/home/azp/ROS2/workspace/install/tutorial_interfaces/local/lib/python3.10/dist-packages/tutorial_interfaces/srv'...
[17.750s] Compiling '/home/azp/ROS2/workspace/install/tutorial_interfaces/local/lib/python3.10/dist-packages/tutorial_interfaces/srv/__init__.py'...
[17.750s] Compiling '/home/azp/ROS2/workspace/install/tutorial_interfaces/local/lib/python3.10/dist-packages/tutorial_interfaces/srv/_add_three_int.py'...
[17.782s] -- Installing: /home/azp/ROS2/workspace/install/tutorial_interfaces/local/lib/python3.10/dist-packages/tutorial_interfaces/tutorial_interfaces_s__rosidl_typesupport_fastrtps_c.cpython-310-x86_64-linux-gnu.so
[17.783s] -- Set runtime path of "/home/azp/ROS2/workspace/install/tutorial_interfaces/local/lib/python3.10/dist-packages/tutorial_interfaces/tutorial_interfaces_s__rosidl_typesupport_fastrtps_c.cpython-310-x86_64-linux-gnu.so" to ""
[17.784s] -- Installing: /home/azp/ROS2/workspace/install/tutorial_interfaces/local/lib/python3.10/dist-packages/tutorial_interfaces/tutorial_interfaces_s__rosidl_typesupport_introspection_c.cpython-310-x86_64-linux-gnu.so
[17.785s] -- Set runtime path of "/home/azp/ROS2/workspace/install/tutorial_interfaces/local/lib/python3.10/dist-packages/tutorial_interfaces/tutorial_interfaces_s__rosidl_typesupport_introspection_c.cpython-310-x86_64-linux-gnu.so" to ""
[17.785s] -- Installing: /home/azp/ROS2/workspace/install/tutorial_interfaces/local/lib/python3.10/dist-packages/tutorial_interfaces/tutorial_interfaces_s__rosidl_typesupport_c.cpython-310-x86_64-linux-gnu.so
[17.786s] -- Set runtime path of "/home/azp/ROS2/workspace/install/tutorial_interfaces/local/lib/python3.10/dist-packages/tutorial_interfaces/tutorial_interfaces_s__rosidl_typesupport_c.cpython-310-x86_64-linux-gnu.so" to ""
[17.787s] -- Installing: /home/azp/ROS2/workspace/install/tutorial_interfaces/lib/libtutorial_interfaces__rosidl_generator_py.so
[17.788s] -- Set runtime path of "/home/azp/ROS2/workspace/install/tutorial_interfaces/lib/libtutorial_interfaces__rosidl_generator_py.so" to ""
[17.788s] -- Installing: /home/azp/ROS2/workspace/install/tutorial_interfaces/share/tutorial_interfaces/msg/Num.idl
[17.788s] -- Installing: /home/azp/ROS2/workspace/install/tutorial_interfaces/share/tutorial_interfaces/msg/Sphere.idl
[17.789s] -- Installing: /home/azp/ROS2/workspace/install/tutorial_interfaces/share/tutorial_interfaces/srv/AddThreeInt.idl
[17.789s] -- Installing: /home/azp/ROS2/workspace/install/tutorial_interfaces/share/tutorial_interfaces/msg/Num.msg
[17.790s] -- Installing: /home/azp/ROS2/workspace/install/tutorial_interfaces/share/tutorial_interfaces/msg/Sphere.msg
[17.790s] -- Installing: /home/azp/ROS2/workspace/install/tutorial_interfaces/share/tutorial_interfaces/srv/AddThreeInt.srv
[17.791s] -- Installing: /home/azp/ROS2/workspace/install/tutorial_interfaces/share/tutorial_interfaces/srv/AddThreeInt_Request.msg
[17.791s] -- Installing: /home/azp/ROS2/workspace/install/tutorial_interfaces/share/tutorial_interfaces/srv/AddThreeInt_Response.msg
[17.798s] -- Installing: /home/azp/ROS2/workspace/install/tutorial_interfaces/share/ament_index/resource_index/package_run_dependencies/tutorial_interfaces
[17.798s] -- Installing: /home/azp/ROS2/workspace/install/tutorial_interfaces/share/ament_index/resource_index/parent_prefix_path/tutorial_interfaces
[17.798s] -- Installing: /home/azp/ROS2/workspace/install/tutorial_interfaces/share/tutorial_interfaces/environment/ament_prefix_path.sh
[17.799s] -- Installing: /home/azp/ROS2/workspace/install/tutorial_interfaces/share/tutorial_interfaces/environment/ament_prefix_path.dsv
[17.799s] -- Installing: /home/azp/ROS2/workspace/install/tutorial_interfaces/share/tutorial_interfaces/environment/path.sh
[17.800s] -- Installing: /home/azp/ROS2/workspace/install/tutorial_interfaces/share/tutorial_interfaces/environment/path.dsv
[17.800s] -- Installing: /home/azp/ROS2/workspace/install/tutorial_interfaces/share/tutorial_interfaces/local_setup.bash
[17.801s] -- Installing: /home/azp/ROS2/workspace/install/tutorial_interfaces/share/tutorial_interfaces/local_setup.sh
[17.801s] -- Installing: /home/azp/ROS2/workspace/install/tutorial_interfaces/share/tutorial_interfaces/local_setup.zsh
[17.801s] -- Installing: /home/azp/ROS2/workspace/install/tutorial_interfaces/share/tutorial_interfaces/local_setup.dsv
[17.802s] -- Installing: /home/azp/ROS2/workspace/install/tutorial_interfaces/share/tutorial_interfaces/package.dsv
[17.802s] -- Installing: /home/azp/ROS2/workspace/install/tutorial_interfaces/share/ament_index/resource_index/packages/tutorial_interfaces
[17.803s] -- Installing: /home/azp/ROS2/workspace/install/tutorial_interfaces/share/tutorial_interfaces/cmake/export_tutorial_interfaces__rosidl_generator_cExport.cmake
[17.803s] -- Installing: /home/azp/ROS2/workspace/install/tutorial_interfaces/share/tutorial_interfaces/cmake/export_tutorial_interfaces__rosidl_generator_cExport-noconfig.cmake
[17.804s] -- Installing: /home/azp/ROS2/workspace/install/tutorial_interfaces/share/tutorial_interfaces/cmake/export_tutorial_interfaces__rosidl_typesupport_fastrtps_cExport.cmake
[17.804s] -- Installing: /home/azp/ROS2/workspace/install/tutorial_interfaces/share/tutorial_interfaces/cmake/export_tutorial_interfaces__rosidl_typesupport_fastrtps_cExport-noconfig.cmake
[17.805s] -- Installing: /home/azp/ROS2/workspace/install/tutorial_interfaces/share/tutorial_interfaces/cmake/export_tutorial_interfaces__rosidl_generator_cppExport.cmake
[17.805s] -- Installing: /home/azp/ROS2/workspace/install/tutorial_interfaces/share/tutorial_interfaces/cmake/export_tutorial_interfaces__rosidl_typesupport_fastrtps_cppExport.cmake
[17.818s] -- Installing: /home/azp/ROS2/workspace/install/tutorial_interfaces/share/tutorial_interfaces/cmake/export_tutorial_interfaces__rosidl_typesupport_fastrtps_cppExport-noconfig.cmake
[17.818s] -- Installing: /home/azp/ROS2/workspace/install/tutorial_interfaces/share/tutorial_interfaces/cmake/tutorial_interfaces__rosidl_typesupport_introspection_cExport.cmake
[17.819s] -- Installing: /home/azp/ROS2/workspace/install/tutorial_interfaces/share/tutorial_interfaces/cmake/tutorial_interfaces__rosidl_typesupport_introspection_cExport-noconfig.cmake
[17.819s] -- Installing: /home/azp/ROS2/workspace/install/tutorial_interfaces/share/tutorial_interfaces/cmake/tutorial_interfaces__rosidl_typesupport_cExport.cmake
[17.820s] -- Installing: /home/azp/ROS2/workspace/install/tutorial_interfaces/share/tutorial_interfaces/cmake/tutorial_interfaces__rosidl_typesupport_cExport-noconfig.cmake
[17.820s] -- Installing: /home/azp/ROS2/workspace/install/tutorial_interfaces/share/tutorial_interfaces/cmake/tutorial_interfaces__rosidl_typesupport_introspection_cppExport.cmake
[17.821s] -- Installing: /home/azp/ROS2/workspace/install/tutorial_interfaces/share/tutorial_interfaces/cmake/tutorial_interfaces__rosidl_typesupport_introspection_cppExport-noconfig.cmake
[17.821s] -- Installing: /home/azp/ROS2/workspace/install/tutorial_interfaces/share/tutorial_interfaces/cmake/tutorial_interfaces__rosidl_typesupport_cppExport.cmake
[17.822s] -- Installing: /home/azp/ROS2/workspace/install/tutorial_interfaces/share/tutorial_interfaces/cmake/tutorial_interfaces__rosidl_typesupport_cppExport-noconfig.cmake
[17.822s] -- Installing: /home/azp/ROS2/workspace/install/tutorial_interfaces/share/tutorial_interfaces/cmake/export_tutorial_interfaces__rosidl_generator_pyExport.cmake
[17.823s] -- Installing: /home/azp/ROS2/workspace/install/tutorial_interfaces/share/tutorial_interfaces/cmake/export_tutorial_interfaces__rosidl_generator_pyExport-noconfig.cmake
[17.823s] -- Installing: /home/azp/ROS2/workspace/install/tutorial_interfaces/share/tutorial_interfaces/cmake/rosidl_cmake-extras.cmake
[17.823s] -- Installing: /home/azp/ROS2/workspace/install/tutorial_interfaces/share/tutorial_interfaces/cmake/ament_cmake_export_dependencies-extras.cmake
[17.824s] -- Installing: /home/azp/ROS2/workspace/install/tutorial_interfaces/share/tutorial_interfaces/cmake/ament_cmake_export_include_directories-extras.cmake
[17.824s] -- Installing: /home/azp/ROS2/workspace/install/tutorial_interfaces/share/tutorial_interfaces/cmake/ament_cmake_export_libraries-extras.cmake
[17.825s] -- Installing: /home/azp/ROS2/workspace/install/tutorial_interfaces/share/tutorial_interfaces/cmake/ament_cmake_export_targets-extras.cmake
[17.825s] -- Installing: /home/azp/ROS2/workspace/install/tutorial_interfaces/share/tutorial_interfaces/cmake/rosidl_cmake_export_typesupport_targets-extras.cmake
[17.825s] -- Installing: /home/azp/ROS2/workspace/install/tutorial_interfaces/share/tutorial_interfaces/cmake/rosidl_cmake_export_typesupport_libraries-extras.cmake
[17.826s] -- Installing: /home/azp/ROS2/workspace/install/tutorial_interfaces/share/tutorial_interfaces/cmake/tutorial_interfacesConfig.cmake
[17.826s] -- Installing: /home/azp/ROS2/workspace/install/tutorial_interfaces/share/tutorial_interfaces/cmake/tutorial_interfacesConfig-version.cmake
[17.826s] -- Installing: /home/azp/ROS2/workspace/install/tutorial_interfaces/share/tutorial_interfaces/package.xml
[17.835s] Invoked command in '/home/azp/ROS2/workspace/build/tutorial_interfaces' returned '0': CMAKE_PREFIX_PATH=${CMAKE_PREFIX_PATH}:/opt/ros/humble /usr/bin/cmake --install /home/azp/ROS2/workspace/build/tutorial_interfaces
