[0.145s] Invoking command in '/home/azp/ros2_ws/build/champ_navigation': CMAKE_PREFIX_PATH=${CMAKE_PREFIX_PATH}:/opt/ros/humble /usr/bin/cmake --build /home/azp/ros2_ws/build/champ_navigation -- -j4 -l4
[0.212s] Invoked command in '/home/azp/ros2_ws/build/champ_navigation' returned '0': CMAKE_PREFIX_PATH=${CMAKE_PREFIX_PATH}:/opt/ros/humble /usr/bin/cmake --build /home/azp/ros2_ws/build/champ_navigation -- -j4 -l4
[0.256s] Invoking command in '/home/azp/ros2_ws/build/champ_navigation': CMAKE_PREFIX_PATH=${CMAKE_PREFIX_PATH}:/opt/ros/humble /usr/bin/cmake --install /home/azp/ros2_ws/build/champ_navigation
[0.275s] -- Install configuration: ""
[0.277s] -- Execute custom install script
[0.278s] -- Up-to-date symlink: /home/azp/ros2_ws/install/champ_navigation/share/champ_navigation/launch/navigate.launch.py
[0.279s] -- Up-to-date symlink: /home/azp/ros2_ws/install/champ_navigation/share/champ_navigation/launch/slam.launch.py
[0.280s] -- Up-to-date symlink: /home/azp/ros2_ws/install/champ_navigation/share/champ_navigation/rviz/navigation.rviz
[0.281s] -- Up-to-date symlink: /home/azp/ros2_ws/install/champ_navigation/share/champ_navigation/rviz/navigation_minimal.rviz
[0.282s] -- Up-to-date symlink: /home/azp/ros2_ws/install/champ_navigation/share/champ_navigation/rviz/slam.rviz
[0.282s] -- Up-to-date symlink: /home/azp/ros2_ws/install/champ_navigation/share/ament_index/resource_index/package_run_dependencies/champ_navigation
[0.284s] -- Up-to-date symlink: /home/azp/ros2_ws/install/champ_navigation/share/ament_index/resource_index/parent_prefix_path/champ_navigation
[0.285s] -- Up-to-date symlink: /home/azp/ros2_ws/install/champ_navigation/share/champ_navigation/environment/ament_prefix_path.sh
[0.287s] -- Up-to-date symlink: /home/azp/ros2_ws/install/champ_navigation/share/champ_navigation/environment/ament_prefix_path.dsv
[0.287s] -- Up-to-date symlink: /home/azp/ros2_ws/install/champ_navigation/share/champ_navigation/environment/path.sh
[0.288s] -- Up-to-date symlink: /home/azp/ros2_ws/install/champ_navigation/share/champ_navigation/environment/path.dsv
[0.288s] -- Up-to-date symlink: /home/azp/ros2_ws/install/champ_navigation/share/champ_navigation/local_setup.bash
[0.288s] -- Up-to-date symlink: /home/azp/ros2_ws/install/champ_navigation/share/champ_navigation/local_setup.sh
[0.289s] -- Up-to-date symlink: /home/azp/ros2_ws/install/champ_navigation/share/champ_navigation/local_setup.zsh
[0.290s] -- Up-to-date symlink: /home/azp/ros2_ws/install/champ_navigation/share/champ_navigation/local_setup.dsv
[0.290s] -- Symlinking: /home/azp/ros2_ws/install/champ_navigation/share/champ_navigation/package.dsv
[0.305s] -- Up-to-date symlink: /home/azp/ros2_ws/install/champ_navigation/share/ament_index/resource_index/packages/champ_navigation
[0.307s] -- Up-to-date symlink: /home/azp/ros2_ws/install/champ_navigation/share/champ_navigation/cmake/champ_navigationConfig.cmake
[0.307s] -- Up-to-date symlink: /home/azp/ros2_ws/install/champ_navigation/share/champ_navigation/cmake/champ_navigationConfig-version.cmake
[0.308s] -- Up-to-date symlink: /home/azp/ros2_ws/install/champ_navigation/share/champ_navigation/package.xml
[0.342s] Invoked command in '/home/azp/ros2_ws/build/champ_navigation' returned '0': CMAKE_PREFIX_PATH=${CMAKE_PREFIX_PATH}:/opt/ros/humble /usr/bin/cmake --install /home/azp/ros2_ws/build/champ_navigation
