[0.101s] Invoking command in '/home/azp/ros2_ws/build/champ_base': AMENT_PREFIX_PATH=/home/azp/ros2_ws/install/champ_msgs:/home/azp/ros2_ws/install/champ:${AMENT_PREFIX_PATH} CMAKE_PREFIX_PATH=/home/azp/ros2_ws/install/champ_msgs:/home/azp/ros2_ws/install/champ:/home/azp/ROS2/workspace/install/test:/home/azp/ROS2/workspace/install/service_test:/home/azp/ROS2/workspace/install/tutorial_interfaces:/home/azp/ROS2/workspace/install/static_tf2_maincpp:/home/azp/ROS2/workspace/install/static_frame:/home/azp/ROS2/workspace/install/my_package:/home/azp/ROS2/workspace/install/moving_robot:/home/azp/ROS2/workspace/install/launch_example_package:/home/azp/ROS2/workspace/install/basic_mobile_robot:/opt/ros/humble LD_LIBRARY_PATH=/home/azp/ros2_ws/install/champ_msgs/lib:/home/azp/ROS2/workspace/install/tutorial_interfaces/lib:/usr/lib/x86_64-linux-gnu/gazebo-11/plugins:/opt/ros/humble/opt/rviz_ogre_vendor/lib:/opt/ros/humble/lib/x86_64-linux-gnu:/opt/ros/humble/lib:/usr/share/gazebo/../../lib/x86_64-linux-gnu/gazebo-11/plugins:/usr/share/gazebo/../../lib/x86_64-linux-gnu/gazebo-11/plugins:/usr/share/gazebo/../../lib/x86_64-linux-gnu/gazebo-11/plugins PYTHONPATH=/home/azp/ros2_ws/install/champ_msgs/local/lib/python3.10/dist-packages:${PYTHONPATH} /usr/bin/cmake /home/azp/ros2_ws/src/champ/champ/champ_base -DAMENT_CMAKE_SYMLINK_INSTALL=1 -DCMAKE_INSTALL_PREFIX=/home/azp/ros2_ws/install/champ_base
[0.246s] -- Found ament_cmake: 1.3.3 (/opt/ros/humble/share/ament_cmake/cmake)
[0.664s] -- Override CMake install command with custom implementation using symlinks instead of copying resources
[0.705s] -- Found rclcpp: 16.0.2 (/opt/ros/humble/share/rclcpp/cmake)
[0.764s] -- Found rosidl_generator_c: 3.1.4 (/opt/ros/humble/share/rosidl_generator_c/cmake)
[0.770s] -- Found rosidl_adapter: 3.1.4 (/opt/ros/humble/share/rosidl_adapter/cmake)
[0.781s] -- Found rosidl_generator_cpp: 3.1.4 (/opt/ros/humble/share/rosidl_generator_cpp/cmake)
[0.897s] -- Using all available rosidl_typesupport_c: rosidl_typesupport_fastrtps_c;rosidl_typesupport_introspection_c
[0.940s] -- Using all available rosidl_typesupport_cpp: rosidl_typesupport_fastrtps_cpp;rosidl_typesupport_introspection_cpp
[1.096s] -- Found rmw_implementation_cmake: 6.1.1 (/opt/ros/humble/share/rmw_implementation_cmake/cmake)
[1.100s] -- Found rmw_fastrtps_cpp: 6.2.2 (/opt/ros/humble/share/rmw_fastrtps_cpp/cmake)
[1.407s] -- Using RMW implementation 'rmw_fastrtps_cpp' as default
[1.935s] -- Found rclpy: 3.3.5 (/opt/ros/humble/share/rclpy/cmake)
[1.937s] -- Found champ_msgs: 0.1.0 (/home/azp/ros2_ws/install/champ_msgs/share/champ_msgs/cmake)
[2.383s] -- Found visualization_msgs: 4.2.2 (/opt/ros/humble/share/visualization_msgs/cmake)
[3.591s] -- Found trajectory_msgs: 4.2.2 (/opt/ros/humble/share/trajectory_msgs/cmake)
[4.245s] -- Found nav_msgs: 4.2.2 (/opt/ros/humble/share/nav_msgs/cmake)
[4.845s] -- Found tf2_ros: 0.25.1 (/opt/ros/humble/share/tf2_ros/cmake)
[6.461s] -- Found urdf: 2.6.0 (/opt/ros/humble/share/urdf/cmake)
[6.496s] -- Found champ: 0.1.0 (/home/azp/ros2_ws/install/champ/share/champ/cmake)
[6.707s] -- Configuring done
[6.830s] -- Generating done
[6.836s] -- Build files have been written to: /home/azp/ros2_ws/build/champ_base
[6.852s] Invoked command in '/home/azp/ros2_ws/build/champ_base' returned '0': AMENT_PREFIX_PATH=/home/azp/ros2_ws/install/champ_msgs:/home/azp/ros2_ws/install/champ:${AMENT_PREFIX_PATH} CMAKE_PREFIX_PATH=/home/azp/ros2_ws/install/champ_msgs:/home/azp/ros2_ws/install/champ:/home/azp/ROS2/workspace/install/test:/home/azp/ROS2/workspace/install/service_test:/home/azp/ROS2/workspace/install/tutorial_interfaces:/home/azp/ROS2/workspace/install/static_tf2_maincpp:/home/azp/ROS2/workspace/install/static_frame:/home/azp/ROS2/workspace/install/my_package:/home/azp/ROS2/workspace/install/moving_robot:/home/azp/ROS2/workspace/install/launch_example_package:/home/azp/ROS2/workspace/install/basic_mobile_robot:/opt/ros/humble LD_LIBRARY_PATH=/home/azp/ros2_ws/install/champ_msgs/lib:/home/azp/ROS2/workspace/install/tutorial_interfaces/lib:/usr/lib/x86_64-linux-gnu/gazebo-11/plugins:/opt/ros/humble/opt/rviz_ogre_vendor/lib:/opt/ros/humble/lib/x86_64-linux-gnu:/opt/ros/humble/lib:/usr/share/gazebo/../../lib/x86_64-linux-gnu/gazebo-11/plugins:/usr/share/gazebo/../../lib/x86_64-linux-gnu/gazebo-11/plugins:/usr/share/gazebo/../../lib/x86_64-linux-gnu/gazebo-11/plugins PYTHONPATH=/home/azp/ros2_ws/install/champ_msgs/local/lib/python3.10/dist-packages:${PYTHONPATH} /usr/bin/cmake /home/azp/ros2_ws/src/champ/champ/champ_base -DAMENT_CMAKE_SYMLINK_INSTALL=1 -DCMAKE_INSTALL_PREFIX=/home/azp/ros2_ws/install/champ_base
[6.854s] Invoking command in '/home/azp/ros2_ws/build/champ_base': AMENT_PREFIX_PATH=/home/azp/ros2_ws/install/champ_msgs:/home/azp/ros2_ws/install/champ:${AMENT_PREFIX_PATH} CMAKE_PREFIX_PATH=/home/azp/ros2_ws/install/champ_msgs:/home/azp/ros2_ws/install/champ:/home/azp/ROS2/workspace/install/test:/home/azp/ROS2/workspace/install/service_test:/home/azp/ROS2/workspace/install/tutorial_interfaces:/home/azp/ROS2/workspace/install/static_tf2_maincpp:/home/azp/ROS2/workspace/install/static_frame:/home/azp/ROS2/workspace/install/my_package:/home/azp/ROS2/workspace/install/moving_robot:/home/azp/ROS2/workspace/install/launch_example_package:/home/azp/ROS2/workspace/install/basic_mobile_robot:/opt/ros/humble LD_LIBRARY_PATH=/home/azp/ros2_ws/install/champ_msgs/lib:/home/azp/ROS2/workspace/install/tutorial_interfaces/lib:/usr/lib/x86_64-linux-gnu/gazebo-11/plugins:/opt/ros/humble/opt/rviz_ogre_vendor/lib:/opt/ros/humble/lib/x86_64-linux-gnu:/opt/ros/humble/lib:/usr/share/gazebo/../../lib/x86_64-linux-gnu/gazebo-11/plugins:/usr/share/gazebo/../../lib/x86_64-linux-gnu/gazebo-11/plugins:/usr/share/gazebo/../../lib/x86_64-linux-gnu/gazebo-11/plugins PYTHONPATH=/home/azp/ros2_ws/install/champ_msgs/local/lib/python3.10/dist-packages:${PYTHONPATH} /usr/bin/cmake --build /home/azp/ros2_ws/build/champ_base -- -j4 -l4
[6.944s] [35m[1mConsolidate compiler generated dependencies of target quadruped_controller[0m
[6.950s] [35m[1mConsolidate compiler generated dependencies of target state_estimation[0m
[6.963s] [35m[1mConsolidate compiler generated dependencies of target message_relay[0m
[6.996s] [  8%] [32mBuilding CXX object CMakeFiles/state_estimation.dir/src/state_estimation.cpp.o[0m
[7.001s] [ 16%] [32mBuilding CXX object CMakeFiles/quadruped_controller.dir/src/quadruped_controller.cpp.o[0m
[7.019s] [ 25%] [32mBuilding CXX object CMakeFiles/message_relay.dir/src/message_relay.cpp.o[0m
[41.878s] [ 33%] [32m[1mLinking CXX shared library libquadruped_controller.so[0m
[45.008s] [ 41%] [32m[1mLinking CXX shared library libmessage_relay.so[0m
[47.267s] [ 41%] Built target quadruped_controller
[47.455s] [35m[1mConsolidate compiler generated dependencies of target quadruped_controller_node[0m
[47.567s] [ 41%] Built target message_relay
[47.721s] [35m[1mConsolidate compiler generated dependencies of target message_relay_node[0m
[48.024s] [ 50%] [32m[1mLinking CXX shared library libstate_estimation.so[0m
[48.401s] [ 66%] [32mBuilding CXX object CMakeFiles/quadruped_controller_node.dir/src/quadruped_controller_node.cpp.o[0m
[48.401s] [ 66%] [32mBuilding CXX object CMakeFiles/message_relay_node.dir/src/message_relay_node.cpp.o[0m
[50.330s] [ 66%] Built target state_estimation
[50.525s] [35m[1mConsolidate compiler generated dependencies of target state_estimation_node[0m
[50.664s] [ 75%] [32mBuilding CXX object CMakeFiles/state_estimation_node.dir/src/state_estimation_node.cpp.o[0m
[58.940s] [ 83%] [32m[1mLinking CXX executable quadruped_controller_node[0m
[59.760s] [ 83%] Built target quadruped_controller_node
[60.282s] [ 91%] [32m[1mLinking CXX executable message_relay_node[0m
[61.298s] [ 91%] Built target message_relay_node
[64.245s] [100%] [32m[1mLinking CXX executable state_estimation_node[0m
[65.172s] [100%] Built target state_estimation_node
[65.228s] Invoked command in '/home/azp/ros2_ws/build/champ_base' returned '0': AMENT_PREFIX_PATH=/home/azp/ros2_ws/install/champ_msgs:/home/azp/ros2_ws/install/champ:${AMENT_PREFIX_PATH} CMAKE_PREFIX_PATH=/home/azp/ros2_ws/install/champ_msgs:/home/azp/ros2_ws/install/champ:/home/azp/ROS2/workspace/install/test:/home/azp/ROS2/workspace/install/service_test:/home/azp/ROS2/workspace/install/tutorial_interfaces:/home/azp/ROS2/workspace/install/static_tf2_maincpp:/home/azp/ROS2/workspace/install/static_frame:/home/azp/ROS2/workspace/install/my_package:/home/azp/ROS2/workspace/install/moving_robot:/home/azp/ROS2/workspace/install/launch_example_package:/home/azp/ROS2/workspace/install/basic_mobile_robot:/opt/ros/humble LD_LIBRARY_PATH=/home/azp/ros2_ws/install/champ_msgs/lib:/home/azp/ROS2/workspace/install/tutorial_interfaces/lib:/usr/lib/x86_64-linux-gnu/gazebo-11/plugins:/opt/ros/humble/opt/rviz_ogre_vendor/lib:/opt/ros/humble/lib/x86_64-linux-gnu:/opt/ros/humble/lib:/usr/share/gazebo/../../lib/x86_64-linux-gnu/gazebo-11/plugins:/usr/share/gazebo/../../lib/x86_64-linux-gnu/gazebo-11/plugins:/usr/share/gazebo/../../lib/x86_64-linux-gnu/gazebo-11/plugins PYTHONPATH=/home/azp/ros2_ws/install/champ_msgs/local/lib/python3.10/dist-packages:${PYTHONPATH} /usr/bin/cmake --build /home/azp/ros2_ws/build/champ_base -- -j4 -l4
[65.295s] Invoking command in '/home/azp/ros2_ws/build/champ_base': AMENT_PREFIX_PATH=/home/azp/ros2_ws/install/champ_msgs:/home/azp/ros2_ws/install/champ:${AMENT_PREFIX_PATH} CMAKE_PREFIX_PATH=/home/azp/ros2_ws/install/champ_msgs:/home/azp/ros2_ws/install/champ:/home/azp/ROS2/workspace/install/test:/home/azp/ROS2/workspace/install/service_test:/home/azp/ROS2/workspace/install/tutorial_interfaces:/home/azp/ROS2/workspace/install/static_tf2_maincpp:/home/azp/ROS2/workspace/install/static_frame:/home/azp/ROS2/workspace/install/my_package:/home/azp/ROS2/workspace/install/moving_robot:/home/azp/ROS2/workspace/install/launch_example_package:/home/azp/ROS2/workspace/install/basic_mobile_robot:/opt/ros/humble LD_LIBRARY_PATH=/home/azp/ros2_ws/install/champ_msgs/lib:/home/azp/ROS2/workspace/install/tutorial_interfaces/lib:/usr/lib/x86_64-linux-gnu/gazebo-11/plugins:/opt/ros/humble/opt/rviz_ogre_vendor/lib:/opt/ros/humble/lib/x86_64-linux-gnu:/opt/ros/humble/lib:/usr/share/gazebo/../../lib/x86_64-linux-gnu/gazebo-11/plugins:/usr/share/gazebo/../../lib/x86_64-linux-gnu/gazebo-11/plugins:/usr/share/gazebo/../../lib/x86_64-linux-gnu/gazebo-11/plugins PYTHONPATH=/home/azp/ros2_ws/install/champ_msgs/local/lib/python3.10/dist-packages:${PYTHONPATH} /usr/bin/cmake --install /home/azp/ros2_ws/build/champ_base
[65.305s] -- Install configuration: ""
[65.305s] -- Execute custom install script
[65.331s] -- Up-to-date symlink: /home/azp/ros2_ws/install/champ_base/share/champ_base/config/ekf/base_to_footprint.yaml
[65.331s] -- Up-to-date symlink: /home/azp/ros2_ws/install/champ_base/share/champ_base/config/ekf/footprint_to_odom.yaml
[65.332s] -- Up-to-date symlink: /home/azp/ros2_ws/install/champ_base/share/champ_base/config/velocity_smoother/velocity_smoother.yaml
[65.343s] -- Up-to-date symlink: /home/azp/ros2_ws/install/champ_base/lib/libquadruped_controller.so
[65.344s] -- Up-to-date symlink: /home/azp/ros2_ws/install/champ_base/bin/quadruped_controller_node
[65.344s] -- Up-to-date symlink: /home/azp/ros2_ws/install/champ_base/lib/libmessage_relay.so
[65.344s] -- Up-to-date symlink: /home/azp/ros2_ws/install/champ_base/bin/message_relay_node
[65.344s] -- Up-to-date symlink: /home/azp/ros2_ws/install/champ_base/lib/libstate_estimation.so
[65.345s] -- Up-to-date symlink: /home/azp/ros2_ws/install/champ_base/bin/state_estimation_node
[65.346s] -- Up-to-date symlink: /home/azp/ros2_ws/install/champ_base/lib/champ_base/quadruped_controller_node
[65.346s] -- Up-to-date symlink: /home/azp/ros2_ws/install/champ_base/lib/champ_base/message_relay_node
[65.346s] -- Up-to-date symlink: /home/azp/ros2_ws/install/champ_base/lib/champ_base/state_estimation_node
[65.347s] -- Up-to-date symlink: /home/azp/ros2_ws/install/champ_base/share/ament_index/resource_index/package_run_dependencies/champ_base
[65.348s] -- Up-to-date symlink: /home/azp/ros2_ws/install/champ_base/share/ament_index/resource_index/parent_prefix_path/champ_base
[65.348s] -- Up-to-date symlink: /home/azp/ros2_ws/install/champ_base/share/champ_base/environment/ament_prefix_path.sh
[65.360s] -- Up-to-date symlink: /home/azp/ros2_ws/install/champ_base/share/champ_base/environment/ament_prefix_path.dsv
[65.360s] -- Up-to-date symlink: /home/azp/ros2_ws/install/champ_base/share/champ_base/environment/path.sh
[65.361s] -- Up-to-date symlink: /home/azp/ros2_ws/install/champ_base/share/champ_base/environment/path.dsv
[65.361s] -- Up-to-date symlink: /home/azp/ros2_ws/install/champ_base/share/champ_base/local_setup.bash
[65.361s] -- Up-to-date symlink: /home/azp/ros2_ws/install/champ_base/share/champ_base/local_setup.sh
[65.362s] -- Up-to-date symlink: /home/azp/ros2_ws/install/champ_base/share/champ_base/local_setup.zsh
[65.362s] -- Up-to-date symlink: /home/azp/ros2_ws/install/champ_base/share/champ_base/local_setup.dsv
[65.363s] -- Symlinking: /home/azp/ros2_ws/install/champ_base/share/champ_base/package.dsv
[65.374s] -- Up-to-date symlink: /home/azp/ros2_ws/install/champ_base/share/ament_index/resource_index/packages/champ_base
[65.374s] -- Up-to-date symlink: /home/azp/ros2_ws/install/champ_base/share/champ_base/cmake/ament_cmake_export_include_directories-extras.cmake
[65.375s] -- Up-to-date symlink: /home/azp/ros2_ws/install/champ_base/share/champ_base/cmake/ament_cmake_export_dependencies-extras.cmake
[65.375s] -- Up-to-date symlink: /home/azp/ros2_ws/install/champ_base/share/champ_base/cmake/champ_baseConfig.cmake
[65.376s] -- Up-to-date symlink: /home/azp/ros2_ws/install/champ_base/share/champ_base/cmake/champ_baseConfig-version.cmake
[65.376s] -- Up-to-date symlink: /home/azp/ros2_ws/install/champ_base/share/champ_base/package.xml
[65.381s] Invoked command in '/home/azp/ros2_ws/build/champ_base' returned '0': AMENT_PREFIX_PATH=/home/azp/ros2_ws/install/champ_msgs:/home/azp/ros2_ws/install/champ:${AMENT_PREFIX_PATH} CMAKE_PREFIX_PATH=/home/azp/ros2_ws/install/champ_msgs:/home/azp/ros2_ws/install/champ:/home/azp/ROS2/workspace/install/test:/home/azp/ROS2/workspace/install/service_test:/home/azp/ROS2/workspace/install/tutorial_interfaces:/home/azp/ROS2/workspace/install/static_tf2_maincpp:/home/azp/ROS2/workspace/install/static_frame:/home/azp/ROS2/workspace/install/my_package:/home/azp/ROS2/workspace/install/moving_robot:/home/azp/ROS2/workspace/install/launch_example_package:/home/azp/ROS2/workspace/install/basic_mobile_robot:/opt/ros/humble LD_LIBRARY_PATH=/home/azp/ros2_ws/install/champ_msgs/lib:/home/azp/ROS2/workspace/install/tutorial_interfaces/lib:/usr/lib/x86_64-linux-gnu/gazebo-11/plugins:/opt/ros/humble/opt/rviz_ogre_vendor/lib:/opt/ros/humble/lib/x86_64-linux-gnu:/opt/ros/humble/lib:/usr/share/gazebo/../../lib/x86_64-linux-gnu/gazebo-11/plugins:/usr/share/gazebo/../../lib/x86_64-linux-gnu/gazebo-11/plugins:/usr/share/gazebo/../../lib/x86_64-linux-gnu/gazebo-11/plugins PYTHONPATH=/home/azp/ros2_ws/install/champ_msgs/local/lib/python3.10/dist-packages:${PYTHONPATH} /usr/bin/cmake --install /home/azp/ros2_ws/build/champ_base
