[0.069s] Invoking command in '/home/azp/ROS2/workspace/build/my_package': CMAKE_PREFIX_PATH=${CMAKE_PREFIX_PATH}:/opt/ros/humble /usr/bin/cmake --build /home/azp/ROS2/workspace/build/my_package -- -j4 -l4
[0.207s] Invoked command in '/home/azp/ROS2/workspace/build/my_package' returned '0': CMAKE_PREFIX_PATH=${CMAKE_PREFIX_PATH}:/opt/ros/humble /usr/bin/cmake --build /home/azp/ROS2/workspace/build/my_package -- -j4 -l4
[0.266s] Invoking command in '/home/azp/ROS2/workspace/build/my_package': CMAKE_PREFIX_PATH=${CMAKE_PREFIX_PATH}:/opt/ros/humble /usr/bin/cmake --install /home/azp/ROS2/workspace/build/my_package
[0.286s] -- Install configuration: ""
[0.286s] -- Up-to-date: /home/azp/ROS2/workspace/install/my_package/share/my_package//launch
[0.286s] -- Up-to-date: /home/azp/ROS2/workspace/install/my_package/share/my_package//launch/dolly.launch.py
[0.286s] -- Up-to-date: /home/azp/ROS2/workspace/install/my_package/share/ament_index/resource_index/package_run_dependencies/my_package
[0.286s] -- Up-to-date: /home/azp/ROS2/workspace/install/my_package/share/ament_index/resource_index/parent_prefix_path/my_package
[0.286s] -- Up-to-date: /home/azp/ROS2/workspace/install/my_package/share/my_package/environment/ament_prefix_path.sh
[0.287s] -- Up-to-date: /home/azp/ROS2/workspace/install/my_package/share/my_package/environment/ament_prefix_path.dsv
[0.287s] -- Up-to-date: /home/azp/ROS2/workspace/install/my_package/share/my_package/environment/path.sh
[0.287s] -- Up-to-date: /home/azp/ROS2/workspace/install/my_package/share/my_package/environment/path.dsv
[0.287s] -- Up-to-date: /home/azp/ROS2/workspace/install/my_package/share/my_package/local_setup.bash
[0.287s] -- Up-to-date: /home/azp/ROS2/workspace/install/my_package/share/my_package/local_setup.sh
[0.287s] -- Up-to-date: /home/azp/ROS2/workspace/install/my_package/share/my_package/local_setup.zsh
[0.287s] -- Up-to-date: /home/azp/ROS2/workspace/install/my_package/share/my_package/local_setup.dsv
[0.288s] -- Up-to-date: /home/azp/ROS2/workspace/install/my_package/share/my_package/package.dsv
[0.288s] -- Up-to-date: /home/azp/ROS2/workspace/install/my_package/share/ament_index/resource_index/packages/my_package
[0.288s] -- Up-to-date: /home/azp/ROS2/workspace/install/my_package/share/my_package/cmake/my_packageConfig.cmake
[0.288s] -- Up-to-date: /home/azp/ROS2/workspace/install/my_package/share/my_package/cmake/my_packageConfig-version.cmake
[0.288s] -- Up-to-date: /home/azp/ROS2/workspace/install/my_package/share/my_package/package.xml
[0.295s] Invoked command in '/home/azp/ROS2/workspace/build/my_package' returned '0': CMAKE_PREFIX_PATH=${CMAKE_PREFIX_PATH}:/opt/ros/humble /usr/bin/cmake --install /home/azp/ROS2/workspace/build/my_package
