[0.897s] DEBUG:colcon:Command line arguments: ['/usr/bin/colcon', 'list', '-p', '--base-paths', '/home/azp/ros2_ws']
[0.897s] DEBUG:colcon:Parsed command line arguments: Namespace(log_base=None, log_level=None, verb_name='list', build_base='build', ignore_user_meta=False, metas=['./colcon.meta'], base_paths=['/home/azp/ros2_ws'], packages_ignore=None, packages_ignore_regex=None, paths=None, packages_up_to=None, packages_up_to_regex=None, packages_above=None, packages_above_and_dependencies=None, packages_above_depth=None, packages_select_by_dep=None, packages_skip_by_dep=None, packages_skip_up_to=None, packages_select_build_failed=False, packages_skip_build_finished=False, packages_select_test_failures=False, packages_skip_test_passed=False, packages_select=None, packages_skip=None, packages_select_regex=None, packages_skip_regex=None, packages_start=None, packages_end=None, allow_overriding=[], topological_order=False, names_only=False, paths_only=True, topological_graph=False, topological_graph_dot=False, topological_graph_density=False, topological_graph_legend=False, topological_graph_dot_cluster=False, topological_graph_dot_include_skipped=False, verb_parser=<colcon_defaults.argument_parser.defaults.DefaultArgumentsDecorator object at 0x7f03eb50e2f0>, verb_extension=<colcon_package_information.verb.list.ListVerb object at 0x7f03eb71d4b0>, main=<bound method ListVerb.main of <colcon_package_information.verb.list.ListVerb object at 0x7f03eb71d4b0>>)
[0.951s] Level 1:colcon.colcon_core.package_discovery:discover_packages(colcon_meta) check parameters
[0.951s] Level 1:colcon.colcon_core.package_discovery:discover_packages(recursive) check parameters
[0.951s] Level 1:colcon.colcon_core.package_discovery:discover_packages(ignore) check parameters
[0.951s] Level 1:colcon.colcon_core.package_discovery:discover_packages(path) check parameters
[0.951s] Level 1:colcon.colcon_core.package_discovery:discover_packages(recursive) discover
[0.952s] INFO:colcon.colcon_core.package_discovery:Crawling recursively for packages in '/home/azp/ros2_ws'
[0.952s] Level 1:colcon.colcon_core.package_identification:_identify(/home/azp/ros2_ws) by extensions ['ignore', 'ignore_ament_install']
[0.952s] Level 1:colcon.colcon_core.package_identification:_identify(/home/azp/ros2_ws) by extension 'ignore'
[0.953s] Level 1:colcon.colcon_core.package_identification:_identify(/home/azp/ros2_ws) by extension 'ignore_ament_install'
[0.953s] Level 1:colcon.colcon_core.package_identification:_identify(/home/azp/ros2_ws) by extensions ['colcon_pkg']
[0.953s] Level 1:colcon.colcon_core.package_identification:_identify(/home/azp/ros2_ws) by extension 'colcon_pkg'
[0.953s] Level 1:colcon.colcon_core.package_identification:_identify(/home/azp/ros2_ws) by extensions ['colcon_meta']
[0.953s] Level 1:colcon.colcon_core.package_identification:_identify(/home/azp/ros2_ws) by extension 'colcon_meta'
[0.954s] Level 1:colcon.colcon_core.package_identification:_identify(/home/azp/ros2_ws) by extensions ['ros']
[0.954s] Level 1:colcon.colcon_core.package_identification:_identify(/home/azp/ros2_ws) by extension 'ros'
[0.988s] Level 1:colcon.colcon_core.package_identification:_identify(/home/azp/ros2_ws) by extensions ['cmake', 'python']
[0.988s] Level 1:colcon.colcon_core.package_identification:_identify(/home/azp/ros2_ws) by extension 'cmake'
[0.988s] Level 1:colcon.colcon_core.package_identification:_identify(/home/azp/ros2_ws) by extension 'python'
[0.988s] Level 1:colcon.colcon_core.package_identification:_identify(/home/azp/ros2_ws) by extensions ['python_setup_py']
[0.989s] Level 1:colcon.colcon_core.package_identification:_identify(/home/azp/ros2_ws) by extension 'python_setup_py'
[0.989s] Level 1:colcon.colcon_core.package_identification:_identify(/home/azp/ros2_ws/build) by extensions ['ignore', 'ignore_ament_install']
[0.989s] Level 1:colcon.colcon_core.package_identification:_identify(/home/azp/ros2_ws/build) by extension 'ignore'
[0.989s] Level 1:colcon.colcon_core.package_identification:_identify(/home/azp/ros2_ws/build) ignored
[0.990s] Level 1:colcon.colcon_core.package_identification:_identify(/home/azp/ros2_ws/install) by extensions ['ignore', 'ignore_ament_install']
[0.990s] Level 1:colcon.colcon_core.package_identification:_identify(/home/azp/ros2_ws/install) by extension 'ignore'
[0.990s] Level 1:colcon.colcon_core.package_identification:_identify(/home/azp/ros2_ws/install) ignored
[0.990s] Level 1:colcon.colcon_core.package_identification:_identify(/home/azp/ros2_ws/log) by extensions ['ignore', 'ignore_ament_install']
[0.991s] Level 1:colcon.colcon_core.package_identification:_identify(/home/azp/ros2_ws/log) by extension 'ignore'
[0.991s] Level 1:colcon.colcon_core.package_identification:_identify(/home/azp/ros2_ws/log) ignored
[0.991s] Level 1:colcon.colcon_core.package_identification:_identify(/home/azp/ros2_ws/src) by extensions ['ignore', 'ignore_ament_install']
[0.991s] Level 1:colcon.colcon_core.package_identification:_identify(/home/azp/ros2_ws/src) by extension 'ignore'
[0.991s] Level 1:colcon.colcon_core.package_identification:_identify(/home/azp/ros2_ws/src) by extension 'ignore_ament_install'
[0.991s] Level 1:colcon.colcon_core.package_identification:_identify(/home/azp/ros2_ws/src) by extensions ['colcon_pkg']
[0.991s] Level 1:colcon.colcon_core.package_identification:_identify(/home/azp/ros2_ws/src) by extension 'colcon_pkg'
[0.991s] Level 1:colcon.colcon_core.package_identification:_identify(/home/azp/ros2_ws/src) by extensions ['colcon_meta']
[0.992s] Level 1:colcon.colcon_core.package_identification:_identify(/home/azp/ros2_ws/src) by extension 'colcon_meta'
[0.992s] Level 1:colcon.colcon_core.package_identification:_identify(/home/azp/ros2_ws/src) by extensions ['ros']
[0.992s] Level 1:colcon.colcon_core.package_identification:_identify(/home/azp/ros2_ws/src) by extension 'ros'
[0.992s] Level 1:colcon.colcon_core.package_identification:_identify(/home/azp/ros2_ws/src) by extensions ['cmake', 'python']
[0.992s] Level 1:colcon.colcon_core.package_identification:_identify(/home/azp/ros2_ws/src) by extension 'cmake'
[0.992s] Level 1:colcon.colcon_core.package_identification:_identify(/home/azp/ros2_ws/src) by extension 'python'
[0.992s] Level 1:colcon.colcon_core.package_identification:_identify(/home/azp/ros2_ws/src) by extensions ['python_setup_py']
[0.992s] Level 1:colcon.colcon_core.package_identification:_identify(/home/azp/ros2_ws/src) by extension 'python_setup_py'
[0.992s] Level 1:colcon.colcon_core.package_identification:_identify(/home/azp/ros2_ws/src/champ) by extensions ['ignore', 'ignore_ament_install']
[0.993s] Level 1:colcon.colcon_core.package_identification:_identify(/home/azp/ros2_ws/src/champ) by extension 'ignore'
[0.993s] Level 1:colcon.colcon_core.package_identification:_identify(/home/azp/ros2_ws/src/champ) by extension 'ignore_ament_install'
[0.993s] Level 1:colcon.colcon_core.package_identification:_identify(/home/azp/ros2_ws/src/champ) by extensions ['colcon_pkg']
[0.993s] Level 1:colcon.colcon_core.package_identification:_identify(/home/azp/ros2_ws/src/champ) by extension 'colcon_pkg'
[0.993s] Level 1:colcon.colcon_core.package_identification:_identify(/home/azp/ros2_ws/src/champ) by extensions ['colcon_meta']
[0.993s] Level 1:colcon.colcon_core.package_identification:_identify(/home/azp/ros2_ws/src/champ) by extension 'colcon_meta'
[0.993s] Level 1:colcon.colcon_core.package_identification:_identify(/home/azp/ros2_ws/src/champ) by extensions ['ros']
[0.993s] Level 1:colcon.colcon_core.package_identification:_identify(/home/azp/ros2_ws/src/champ) by extension 'ros'
[0.993s] Level 1:colcon.colcon_core.package_identification:_identify(/home/azp/ros2_ws/src/champ) by extensions ['cmake', 'python']
[0.994s] Level 1:colcon.colcon_core.package_identification:_identify(/home/azp/ros2_ws/src/champ) by extension 'cmake'
[0.994s] Level 1:colcon.colcon_core.package_identification:_identify(/home/azp/ros2_ws/src/champ) by extension 'python'
[0.994s] Level 1:colcon.colcon_core.package_identification:_identify(/home/azp/ros2_ws/src/champ) by extensions ['python_setup_py']
[0.994s] Level 1:colcon.colcon_core.package_identification:_identify(/home/azp/ros2_ws/src/champ) by extension 'python_setup_py'
[0.994s] Level 1:colcon.colcon_core.package_identification:_identify(/home/azp/ros2_ws/src/champ/champ) by extensions ['ignore', 'ignore_ament_install']
[0.994s] Level 1:colcon.colcon_core.package_identification:_identify(/home/azp/ros2_ws/src/champ/champ) by extension 'ignore'
[0.994s] Level 1:colcon.colcon_core.package_identification:_identify(/home/azp/ros2_ws/src/champ/champ) by extension 'ignore_ament_install'
[0.994s] Level 1:colcon.colcon_core.package_identification:_identify(/home/azp/ros2_ws/src/champ/champ) by extensions ['colcon_pkg']
[0.995s] Level 1:colcon.colcon_core.package_identification:_identify(/home/azp/ros2_ws/src/champ/champ) by extension 'colcon_pkg'
[0.995s] Level 1:colcon.colcon_core.package_identification:_identify(/home/azp/ros2_ws/src/champ/champ) by extensions ['colcon_meta']
[0.995s] Level 1:colcon.colcon_core.package_identification:_identify(/home/azp/ros2_ws/src/champ/champ) by extension 'colcon_meta'
[0.995s] Level 1:colcon.colcon_core.package_identification:_identify(/home/azp/ros2_ws/src/champ/champ) by extensions ['ros']
[0.995s] Level 1:colcon.colcon_core.package_identification:_identify(/home/azp/ros2_ws/src/champ/champ) by extension 'ros'
[0.995s] Level 1:colcon.colcon_core.package_identification:_identify(/home/azp/ros2_ws/src/champ/champ) by extensions ['cmake', 'python']
[0.995s] Level 1:colcon.colcon_core.package_identification:_identify(/home/azp/ros2_ws/src/champ/champ) by extension 'cmake'
[0.995s] Level 1:colcon.colcon_core.package_identification:_identify(/home/azp/ros2_ws/src/champ/champ) by extension 'python'
[0.995s] Level 1:colcon.colcon_core.package_identification:_identify(/home/azp/ros2_ws/src/champ/champ) by extensions ['python_setup_py']
[0.995s] Level 1:colcon.colcon_core.package_identification:_identify(/home/azp/ros2_ws/src/champ/champ) by extension 'python_setup_py'
[0.996s] Level 1:colcon.colcon_core.package_identification:_identify(/home/azp/ros2_ws/src/champ/champ/champ) by extensions ['ignore', 'ignore_ament_install']
[0.996s] Level 1:colcon.colcon_core.package_identification:_identify(/home/azp/ros2_ws/src/champ/champ/champ) by extension 'ignore'
[0.996s] Level 1:colcon.colcon_core.package_identification:_identify(/home/azp/ros2_ws/src/champ/champ/champ) by extension 'ignore_ament_install'
[0.996s] Level 1:colcon.colcon_core.package_identification:_identify(/home/azp/ros2_ws/src/champ/champ/champ) by extensions ['colcon_pkg']
[0.996s] Level 1:colcon.colcon_core.package_identification:_identify(/home/azp/ros2_ws/src/champ/champ/champ) by extension 'colcon_pkg'
[0.996s] Level 1:colcon.colcon_core.package_identification:_identify(/home/azp/ros2_ws/src/champ/champ/champ) by extensions ['colcon_meta']
[0.996s] Level 1:colcon.colcon_core.package_identification:_identify(/home/azp/ros2_ws/src/champ/champ/champ) by extension 'colcon_meta'
[0.997s] Level 1:colcon.colcon_core.package_identification:_identify(/home/azp/ros2_ws/src/champ/champ/champ) by extensions ['ros']
[0.997s] Level 1:colcon.colcon_core.package_identification:_identify(/home/azp/ros2_ws/src/champ/champ/champ) by extension 'ros'
[1.001s] DEBUG:colcon.colcon_core.package_identification:Package '/home/azp/ros2_ws/src/champ/champ/champ' with type 'ros.ament_cmake' and name 'champ'
[1.001s] Level 1:colcon.colcon_core.package_identification:_identify(/home/azp/ros2_ws/src/champ/champ/champ_base) by extensions ['ignore', 'ignore_ament_install']
[1.001s] Level 1:colcon.colcon_core.package_identification:_identify(/home/azp/ros2_ws/src/champ/champ/champ_base) by extension 'ignore'
[1.001s] Level 1:colcon.colcon_core.package_identification:_identify(/home/azp/ros2_ws/src/champ/champ/champ_base) by extension 'ignore_ament_install'
[1.001s] Level 1:colcon.colcon_core.package_identification:_identify(/home/azp/ros2_ws/src/champ/champ/champ_base) by extensions ['colcon_pkg']
[1.002s] Level 1:colcon.colcon_core.package_identification:_identify(/home/azp/ros2_ws/src/champ/champ/champ_base) by extension 'colcon_pkg'
[1.002s] Level 1:colcon.colcon_core.package_identification:_identify(/home/azp/ros2_ws/src/champ/champ/champ_base) by extensions ['colcon_meta']
[1.002s] Level 1:colcon.colcon_core.package_identification:_identify(/home/azp/ros2_ws/src/champ/champ/champ_base) by extension 'colcon_meta'
[1.002s] Level 1:colcon.colcon_core.package_identification:_identify(/home/azp/ros2_ws/src/champ/champ/champ_base) by extensions ['ros']
[1.002s] Level 1:colcon.colcon_core.package_identification:_identify(/home/azp/ros2_ws/src/champ/champ/champ_base) by extension 'ros'
[1.004s] DEBUG:colcon.colcon_core.package_identification:Package '/home/azp/ros2_ws/src/champ/champ/champ_base' with type 'ros.ament_cmake' and name 'champ_base'
[1.004s] Level 1:colcon.colcon_core.package_identification:_identify(/home/azp/ros2_ws/src/champ/champ/champ_bringup) by extensions ['ignore', 'ignore_ament_install']
[1.005s] Level 1:colcon.colcon_core.package_identification:_identify(/home/azp/ros2_ws/src/champ/champ/champ_bringup) by extension 'ignore'
[1.005s] Level 1:colcon.colcon_core.package_identification:_identify(/home/azp/ros2_ws/src/champ/champ/champ_bringup) by extension 'ignore_ament_install'
[1.005s] Level 1:colcon.colcon_core.package_identification:_identify(/home/azp/ros2_ws/src/champ/champ/champ_bringup) by extensions ['colcon_pkg']
[1.005s] Level 1:colcon.colcon_core.package_identification:_identify(/home/azp/ros2_ws/src/champ/champ/champ_bringup) by extension 'colcon_pkg'
[1.005s] Level 1:colcon.colcon_core.package_identification:_identify(/home/azp/ros2_ws/src/champ/champ/champ_bringup) by extensions ['colcon_meta']
[1.005s] Level 1:colcon.colcon_core.package_identification:_identify(/home/azp/ros2_ws/src/champ/champ/champ_bringup) by extension 'colcon_meta'
[1.005s] Level 1:colcon.colcon_core.package_identification:_identify(/home/azp/ros2_ws/src/champ/champ/champ_bringup) by extensions ['ros']
[1.005s] Level 1:colcon.colcon_core.package_identification:_identify(/home/azp/ros2_ws/src/champ/champ/champ_bringup) by extension 'ros'
[1.007s] DEBUG:colcon.colcon_core.package_identification:Package '/home/azp/ros2_ws/src/champ/champ/champ_bringup' with type 'ros.ament_cmake' and name 'champ_bringup'
[1.007s] Level 1:colcon.colcon_core.package_identification:_identify(/home/azp/ros2_ws/src/champ/champ/champ_config) by extensions ['ignore', 'ignore_ament_install']
[1.007s] Level 1:colcon.colcon_core.package_identification:_identify(/home/azp/ros2_ws/src/champ/champ/champ_config) by extension 'ignore'
[1.007s] Level 1:colcon.colcon_core.package_identification:_identify(/home/azp/ros2_ws/src/champ/champ/champ_config) by extension 'ignore_ament_install'
[1.007s] Level 1:colcon.colcon_core.package_identification:_identify(/home/azp/ros2_ws/src/champ/champ/champ_config) by extensions ['colcon_pkg']
[1.007s] Level 1:colcon.colcon_core.package_identification:_identify(/home/azp/ros2_ws/src/champ/champ/champ_config) by extension 'colcon_pkg'
[1.008s] Level 1:colcon.colcon_core.package_identification:_identify(/home/azp/ros2_ws/src/champ/champ/champ_config) by extensions ['colcon_meta']
[1.008s] Level 1:colcon.colcon_core.package_identification:_identify(/home/azp/ros2_ws/src/champ/champ/champ_config) by extension 'colcon_meta'
[1.008s] Level 1:colcon.colcon_core.package_identification:_identify(/home/azp/ros2_ws/src/champ/champ/champ_config) by extensions ['ros']
[1.008s] Level 1:colcon.colcon_core.package_identification:_identify(/home/azp/ros2_ws/src/champ/champ/champ_config) by extension 'ros'
[1.009s] DEBUG:colcon.colcon_core.package_identification:Package '/home/azp/ros2_ws/src/champ/champ/champ_config' with type 'ros.ament_cmake' and name 'champ_config'
[1.009s] Level 1:colcon.colcon_core.package_identification:_identify(/home/azp/ros2_ws/src/champ/champ/champ_description) by extensions ['ignore', 'ignore_ament_install']
[1.009s] Level 1:colcon.colcon_core.package_identification:_identify(/home/azp/ros2_ws/src/champ/champ/champ_description) by extension 'ignore'
[1.010s] Level 1:colcon.colcon_core.package_identification:_identify(/home/azp/ros2_ws/src/champ/champ/champ_description) by extension 'ignore_ament_install'
[1.010s] Level 1:colcon.colcon_core.package_identification:_identify(/home/azp/ros2_ws/src/champ/champ/champ_description) by extensions ['colcon_pkg']
[1.010s] Level 1:colcon.colcon_core.package_identification:_identify(/home/azp/ros2_ws/src/champ/champ/champ_description) by extension 'colcon_pkg'
[1.010s] Level 1:colcon.colcon_core.package_identification:_identify(/home/azp/ros2_ws/src/champ/champ/champ_description) by extensions ['colcon_meta']
[1.010s] Level 1:colcon.colcon_core.package_identification:_identify(/home/azp/ros2_ws/src/champ/champ/champ_description) by extension 'colcon_meta'
[1.010s] Level 1:colcon.colcon_core.package_identification:_identify(/home/azp/ros2_ws/src/champ/champ/champ_description) by extensions ['ros']
[1.010s] Level 1:colcon.colcon_core.package_identification:_identify(/home/azp/ros2_ws/src/champ/champ/champ_description) by extension 'ros'
[1.012s] DEBUG:colcon.colcon_core.package_identification:Package '/home/azp/ros2_ws/src/champ/champ/champ_description' with type 'ros.ament_cmake' and name 'champ_description'
[1.012s] Level 1:colcon.colcon_core.package_identification:_identify(/home/azp/ros2_ws/src/champ/champ/champ_gazebo) by extensions ['ignore', 'ignore_ament_install']
[1.012s] Level 1:colcon.colcon_core.package_identification:_identify(/home/azp/ros2_ws/src/champ/champ/champ_gazebo) by extension 'ignore'
[1.012s] Level 1:colcon.colcon_core.package_identification:_identify(/home/azp/ros2_ws/src/champ/champ/champ_gazebo) by extension 'ignore_ament_install'
[1.012s] Level 1:colcon.colcon_core.package_identification:_identify(/home/azp/ros2_ws/src/champ/champ/champ_gazebo) by extensions ['colcon_pkg']
[1.012s] Level 1:colcon.colcon_core.package_identification:_identify(/home/azp/ros2_ws/src/champ/champ/champ_gazebo) by extension 'colcon_pkg'
[1.012s] Level 1:colcon.colcon_core.package_identification:_identify(/home/azp/ros2_ws/src/champ/champ/champ_gazebo) by extensions ['colcon_meta']
[1.012s] Level 1:colcon.colcon_core.package_identification:_identify(/home/azp/ros2_ws/src/champ/champ/champ_gazebo) by extension 'colcon_meta'
[1.013s] Level 1:colcon.colcon_core.package_identification:_identify(/home/azp/ros2_ws/src/champ/champ/champ_gazebo) by extensions ['ros']
[1.013s] Level 1:colcon.colcon_core.package_identification:_identify(/home/azp/ros2_ws/src/champ/champ/champ_gazebo) by extension 'ros'
[1.015s] DEBUG:colcon.colcon_core.package_identification:Package '/home/azp/ros2_ws/src/champ/champ/champ_gazebo' with type 'ros.ament_cmake' and name 'champ_gazebo'
[1.015s] Level 1:colcon.colcon_core.package_identification:_identify(/home/azp/ros2_ws/src/champ/champ/champ_msgs) by extensions ['ignore', 'ignore_ament_install']
[1.015s] Level 1:colcon.colcon_core.package_identification:_identify(/home/azp/ros2_ws/src/champ/champ/champ_msgs) by extension 'ignore'
[1.015s] Level 1:colcon.colcon_core.package_identification:_identify(/home/azp/ros2_ws/src/champ/champ/champ_msgs) by extension 'ignore_ament_install'
[1.015s] Level 1:colcon.colcon_core.package_identification:_identify(/home/azp/ros2_ws/src/champ/champ/champ_msgs) by extensions ['colcon_pkg']
[1.016s] Level 1:colcon.colcon_core.package_identification:_identify(/home/azp/ros2_ws/src/champ/champ/champ_msgs) by extension 'colcon_pkg'
[1.016s] Level 1:colcon.colcon_core.package_identification:_identify(/home/azp/ros2_ws/src/champ/champ/champ_msgs) by extensions ['colcon_meta']
[1.016s] Level 1:colcon.colcon_core.package_identification:_identify(/home/azp/ros2_ws/src/champ/champ/champ_msgs) by extension 'colcon_meta'
[1.016s] Level 1:colcon.colcon_core.package_identification:_identify(/home/azp/ros2_ws/src/champ/champ/champ_msgs) by extensions ['ros']
[1.016s] Level 1:colcon.colcon_core.package_identification:_identify(/home/azp/ros2_ws/src/champ/champ/champ_msgs) by extension 'ros'
[1.017s] DEBUG:colcon.colcon_core.package_identification:Package '/home/azp/ros2_ws/src/champ/champ/champ_msgs' with type 'ros.ament_cmake' and name 'champ_msgs'
[1.018s] Level 1:colcon.colcon_core.package_identification:_identify(/home/azp/ros2_ws/src/champ/champ/champ_navigation) by extensions ['ignore', 'ignore_ament_install']
[1.018s] Level 1:colcon.colcon_core.package_identification:_identify(/home/azp/ros2_ws/src/champ/champ/champ_navigation) by extension 'ignore'
[1.018s] Level 1:colcon.colcon_core.package_identification:_identify(/home/azp/ros2_ws/src/champ/champ/champ_navigation) by extension 'ignore_ament_install'
[1.018s] Level 1:colcon.colcon_core.package_identification:_identify(/home/azp/ros2_ws/src/champ/champ/champ_navigation) by extensions ['colcon_pkg']
[1.018s] Level 1:colcon.colcon_core.package_identification:_identify(/home/azp/ros2_ws/src/champ/champ/champ_navigation) by extension 'colcon_pkg'
[1.019s] Level 1:colcon.colcon_core.package_identification:_identify(/home/azp/ros2_ws/src/champ/champ/champ_navigation) by extensions ['colcon_meta']
[1.019s] Level 1:colcon.colcon_core.package_identification:_identify(/home/azp/ros2_ws/src/champ/champ/champ_navigation) by extension 'colcon_meta'
[1.019s] Level 1:colcon.colcon_core.package_identification:_identify(/home/azp/ros2_ws/src/champ/champ/champ_navigation) by extensions ['ros']
[1.019s] Level 1:colcon.colcon_core.package_identification:_identify(/home/azp/ros2_ws/src/champ/champ/champ_navigation) by extension 'ros'
[1.020s] DEBUG:colcon.colcon_core.package_identification:Package '/home/azp/ros2_ws/src/champ/champ/champ_navigation' with type 'ros.ament_cmake' and name 'champ_navigation'
[1.020s] Level 1:colcon.colcon_core.package_identification:_identify(/home/azp/ros2_ws/src/champ/champ/docs) by extensions ['ignore', 'ignore_ament_install']
[1.020s] Level 1:colcon.colcon_core.package_identification:_identify(/home/azp/ros2_ws/src/champ/champ/docs) by extension 'ignore'
[1.020s] Level 1:colcon.colcon_core.package_identification:_identify(/home/azp/ros2_ws/src/champ/champ/docs) by extension 'ignore_ament_install'
[1.020s] Level 1:colcon.colcon_core.package_identification:_identify(/home/azp/ros2_ws/src/champ/champ/docs) by extensions ['colcon_pkg']
[1.020s] Level 1:colcon.colcon_core.package_identification:_identify(/home/azp/ros2_ws/src/champ/champ/docs) by extension 'colcon_pkg'
[1.020s] Level 1:colcon.colcon_core.package_identification:_identify(/home/azp/ros2_ws/src/champ/champ/docs) by extensions ['colcon_meta']
[1.021s] Level 1:colcon.colcon_core.package_identification:_identify(/home/azp/ros2_ws/src/champ/champ/docs) by extension 'colcon_meta'
[1.021s] Level 1:colcon.colcon_core.package_identification:_identify(/home/azp/ros2_ws/src/champ/champ/docs) by extensions ['ros']
[1.021s] Level 1:colcon.colcon_core.package_identification:_identify(/home/azp/ros2_ws/src/champ/champ/docs) by extension 'ros'
[1.021s] Level 1:colcon.colcon_core.package_identification:_identify(/home/azp/ros2_ws/src/champ/champ/docs) by extensions ['cmake', 'python']
[1.021s] Level 1:colcon.colcon_core.package_identification:_identify(/home/azp/ros2_ws/src/champ/champ/docs) by extension 'cmake'
[1.021s] Level 1:colcon.colcon_core.package_identification:_identify(/home/azp/ros2_ws/src/champ/champ/docs) by extension 'python'
[1.021s] Level 1:colcon.colcon_core.package_identification:_identify(/home/azp/ros2_ws/src/champ/champ/docs) by extensions ['python_setup_py']
[1.021s] Level 1:colcon.colcon_core.package_identification:_identify(/home/azp/ros2_ws/src/champ/champ/docs) by extension 'python_setup_py'
[1.021s] Level 1:colcon.colcon_core.package_identification:_identify(/home/azp/ros2_ws/src/champ/champ/docs/images) by extensions ['ignore', 'ignore_ament_install']
[1.022s] Level 1:colcon.colcon_core.package_identification:_identify(/home/azp/ros2_ws/src/champ/champ/docs/images) by extension 'ignore'
[1.022s] Level 1:colcon.colcon_core.package_identification:_identify(/home/azp/ros2_ws/src/champ/champ/docs/images) by extension 'ignore_ament_install'
[1.022s] Level 1:colcon.colcon_core.package_identification:_identify(/home/azp/ros2_ws/src/champ/champ/docs/images) by extensions ['colcon_pkg']
[1.022s] Level 1:colcon.colcon_core.package_identification:_identify(/home/azp/ros2_ws/src/champ/champ/docs/images) by extension 'colcon_pkg'
[1.022s] Level 1:colcon.colcon_core.package_identification:_identify(/home/azp/ros2_ws/src/champ/champ/docs/images) by extensions ['colcon_meta']
[1.022s] Level 1:colcon.colcon_core.package_identification:_identify(/home/azp/ros2_ws/src/champ/champ/docs/images) by extension 'colcon_meta'
[1.022s] Level 1:colcon.colcon_core.package_identification:_identify(/home/azp/ros2_ws/src/champ/champ/docs/images) by extensions ['ros']
[1.022s] Level 1:colcon.colcon_core.package_identification:_identify(/home/azp/ros2_ws/src/champ/champ/docs/images) by extension 'ros'
[1.023s] Level 1:colcon.colcon_core.package_identification:_identify(/home/azp/ros2_ws/src/champ/champ/docs/images) by extensions ['cmake', 'python']
[1.023s] Level 1:colcon.colcon_core.package_identification:_identify(/home/azp/ros2_ws/src/champ/champ/docs/images) by extension 'cmake'
[1.023s] Level 1:colcon.colcon_core.package_identification:_identify(/home/azp/ros2_ws/src/champ/champ/docs/images) by extension 'python'
[1.023s] Level 1:colcon.colcon_core.package_identification:_identify(/home/azp/ros2_ws/src/champ/champ/docs/images) by extensions ['python_setup_py']
[1.023s] Level 1:colcon.colcon_core.package_identification:_identify(/home/azp/ros2_ws/src/champ/champ/docs/images) by extension 'python_setup_py'
[1.023s] Level 1:colcon.colcon_core.package_identification:_identify(/home/azp/ros2_ws/src/champ/champ_teleop) by extensions ['ignore', 'ignore_ament_install']
[1.023s] Level 1:colcon.colcon_core.package_identification:_identify(/home/azp/ros2_ws/src/champ/champ_teleop) by extension 'ignore'
[1.023s] Level 1:colcon.colcon_core.package_identification:_identify(/home/azp/ros2_ws/src/champ/champ_teleop) by extension 'ignore_ament_install'
[1.024s] Level 1:colcon.colcon_core.package_identification:_identify(/home/azp/ros2_ws/src/champ/champ_teleop) by extensions ['colcon_pkg']
[1.024s] Level 1:colcon.colcon_core.package_identification:_identify(/home/azp/ros2_ws/src/champ/champ_teleop) by extension 'colcon_pkg'
[1.024s] Level 1:colcon.colcon_core.package_identification:_identify(/home/azp/ros2_ws/src/champ/champ_teleop) by extensions ['colcon_meta']
[1.024s] Level 1:colcon.colcon_core.package_identification:_identify(/home/azp/ros2_ws/src/champ/champ_teleop) by extension 'colcon_meta'
[1.024s] Level 1:colcon.colcon_core.package_identification:_identify(/home/azp/ros2_ws/src/champ/champ_teleop) by extensions ['ros']
[1.024s] Level 1:colcon.colcon_core.package_identification:_identify(/home/azp/ros2_ws/src/champ/champ_teleop) by extension 'ros'
[1.026s] DEBUG:colcon.colcon_core.package_identification:Package '/home/azp/ros2_ws/src/champ/champ_teleop' with type 'ros.ament_cmake' and name 'champ_teleop'
[1.026s] Level 1:colcon.colcon_core.package_identification:_identify(/home/azp/ros2_ws/src/ldlidar_stl_ros) by extensions ['ignore', 'ignore_ament_install']
[1.026s] Level 1:colcon.colcon_core.package_identification:_identify(/home/azp/ros2_ws/src/ldlidar_stl_ros) by extension 'ignore'
[1.026s] Level 1:colcon.colcon_core.package_identification:_identify(/home/azp/ros2_ws/src/ldlidar_stl_ros) by extension 'ignore_ament_install'
[1.027s] Level 1:colcon.colcon_core.package_identification:_identify(/home/azp/ros2_ws/src/ldlidar_stl_ros) by extensions ['colcon_pkg']
[1.027s] Level 1:colcon.colcon_core.package_identification:_identify(/home/azp/ros2_ws/src/ldlidar_stl_ros) by extension 'colcon_pkg'
[1.027s] Level 1:colcon.colcon_core.package_identification:_identify(/home/azp/ros2_ws/src/ldlidar_stl_ros) by extensions ['colcon_meta']
[1.027s] Level 1:colcon.colcon_core.package_identification:_identify(/home/azp/ros2_ws/src/ldlidar_stl_ros) by extension 'colcon_meta'
[1.027s] Level 1:colcon.colcon_core.package_identification:_identify(/home/azp/ros2_ws/src/ldlidar_stl_ros) by extensions ['ros']
[1.027s] Level 1:colcon.colcon_core.package_identification:_identify(/home/azp/ros2_ws/src/ldlidar_stl_ros) by extension 'ros'
[1.029s] DEBUG:colcon.colcon_core.package_identification:Package '/home/azp/ros2_ws/src/ldlidar_stl_ros' with type 'ros.ament_cmake' and name 'ldlidar_stl_ros2'
[1.029s] Level 1:colcon.colcon_core.package_identification:_identify(/home/azp/ros2_ws/src/mini_pupper_ros) by extensions ['ignore', 'ignore_ament_install']
[1.029s] Level 1:colcon.colcon_core.package_identification:_identify(/home/azp/ros2_ws/src/mini_pupper_ros) by extension 'ignore'
[1.029s] Level 1:colcon.colcon_core.package_identification:_identify(/home/azp/ros2_ws/src/mini_pupper_ros) by extension 'ignore_ament_install'
[1.030s] Level 1:colcon.colcon_core.package_identification:_identify(/home/azp/ros2_ws/src/mini_pupper_ros) by extensions ['colcon_pkg']
[1.030s] Level 1:colcon.colcon_core.package_identification:_identify(/home/azp/ros2_ws/src/mini_pupper_ros) by extension 'colcon_pkg'
[1.030s] Level 1:colcon.colcon_core.package_identification:_identify(/home/azp/ros2_ws/src/mini_pupper_ros) by extensions ['colcon_meta']
[1.030s] Level 1:colcon.colcon_core.package_identification:_identify(/home/azp/ros2_ws/src/mini_pupper_ros) by extension 'colcon_meta'
[1.030s] Level 1:colcon.colcon_core.package_identification:_identify(/home/azp/ros2_ws/src/mini_pupper_ros) by extensions ['ros']
[1.030s] Level 1:colcon.colcon_core.package_identification:_identify(/home/azp/ros2_ws/src/mini_pupper_ros) by extension 'ros'
[1.030s] Level 1:colcon.colcon_core.package_identification:_identify(/home/azp/ros2_ws/src/mini_pupper_ros) by extensions ['cmake', 'python']
[1.031s] Level 1:colcon.colcon_core.package_identification:_identify(/home/azp/ros2_ws/src/mini_pupper_ros) by extension 'cmake'
[1.031s] Level 1:colcon.colcon_core.package_identification:_identify(/home/azp/ros2_ws/src/mini_pupper_ros) by extension 'python'
[1.031s] Level 1:colcon.colcon_core.package_identification:_identify(/home/azp/ros2_ws/src/mini_pupper_ros) by extensions ['python_setup_py']
[1.031s] Level 1:colcon.colcon_core.package_identification:_identify(/home/azp/ros2_ws/src/mini_pupper_ros) by extension 'python_setup_py'
[1.031s] Level 1:colcon.colcon_core.package_identification:_identify(/home/azp/ros2_ws/src/mini_pupper_ros/mini_pupper_bringup) by extensions ['ignore', 'ignore_ament_install']
[1.031s] Level 1:colcon.colcon_core.package_identification:_identify(/home/azp/ros2_ws/src/mini_pupper_ros/mini_pupper_bringup) by extension 'ignore'
[1.032s] Level 1:colcon.colcon_core.package_identification:_identify(/home/azp/ros2_ws/src/mini_pupper_ros/mini_pupper_bringup) by extension 'ignore_ament_install'
[1.032s] Level 1:colcon.colcon_core.package_identification:_identify(/home/azp/ros2_ws/src/mini_pupper_ros/mini_pupper_bringup) by extensions ['colcon_pkg']
[1.032s] Level 1:colcon.colcon_core.package_identification:_identify(/home/azp/ros2_ws/src/mini_pupper_ros/mini_pupper_bringup) by extension 'colcon_pkg'
[1.032s] Level 1:colcon.colcon_core.package_identification:_identify(/home/azp/ros2_ws/src/mini_pupper_ros/mini_pupper_bringup) by extensions ['colcon_meta']
[1.032s] Level 1:colcon.colcon_core.package_identification:_identify(/home/azp/ros2_ws/src/mini_pupper_ros/mini_pupper_bringup) by extension 'colcon_meta'
[1.032s] Level 1:colcon.colcon_core.package_identification:_identify(/home/azp/ros2_ws/src/mini_pupper_ros/mini_pupper_bringup) by extensions ['ros']
[1.032s] Level 1:colcon.colcon_core.package_identification:_identify(/home/azp/ros2_ws/src/mini_pupper_ros/mini_pupper_bringup) by extension 'ros'
[1.034s] DEBUG:colcon.colcon_core.package_identification:Package '/home/azp/ros2_ws/src/mini_pupper_ros/mini_pupper_bringup' with type 'ros.ament_cmake' and name 'mini_pupper_bringup'
[1.034s] Level 1:colcon.colcon_core.package_identification:_identify(/home/azp/ros2_ws/src/mini_pupper_ros/mini_pupper_control) by extensions ['ignore', 'ignore_ament_install']
[1.034s] Level 1:colcon.colcon_core.package_identification:_identify(/home/azp/ros2_ws/src/mini_pupper_ros/mini_pupper_control) by extension 'ignore'
[1.034s] Level 1:colcon.colcon_core.package_identification:_identify(/home/azp/ros2_ws/src/mini_pupper_ros/mini_pupper_control) by extension 'ignore_ament_install'
[1.035s] Level 1:colcon.colcon_core.package_identification:_identify(/home/azp/ros2_ws/src/mini_pupper_ros/mini_pupper_control) by extensions ['colcon_pkg']
[1.035s] Level 1:colcon.colcon_core.package_identification:_identify(/home/azp/ros2_ws/src/mini_pupper_ros/mini_pupper_control) by extension 'colcon_pkg'
[1.035s] Level 1:colcon.colcon_core.package_identification:_identify(/home/azp/ros2_ws/src/mini_pupper_ros/mini_pupper_control) by extensions ['colcon_meta']
[1.035s] Level 1:colcon.colcon_core.package_identification:_identify(/home/azp/ros2_ws/src/mini_pupper_ros/mini_pupper_control) by extension 'colcon_meta'
[1.035s] Level 1:colcon.colcon_core.package_identification:_identify(/home/azp/ros2_ws/src/mini_pupper_ros/mini_pupper_control) by extensions ['ros']
[1.035s] Level 1:colcon.colcon_core.package_identification:_identify(/home/azp/ros2_ws/src/mini_pupper_ros/mini_pupper_control) by extension 'ros'
[1.037s] DEBUG:colcon.colcon_core.package_identification:Package '/home/azp/ros2_ws/src/mini_pupper_ros/mini_pupper_control' with type 'ros.ament_python' and name 'mini_pupper_control'
[1.038s] Level 1:colcon.colcon_core.package_identification:_identify(/home/azp/ros2_ws/src/mini_pupper_ros/mini_pupper_description) by extensions ['ignore', 'ignore_ament_install']
[1.038s] Level 1:colcon.colcon_core.package_identification:_identify(/home/azp/ros2_ws/src/mini_pupper_ros/mini_pupper_description) by extension 'ignore'
[1.038s] Level 1:colcon.colcon_core.package_identification:_identify(/home/azp/ros2_ws/src/mini_pupper_ros/mini_pupper_description) by extension 'ignore_ament_install'
[1.039s] Level 1:colcon.colcon_core.package_identification:_identify(/home/azp/ros2_ws/src/mini_pupper_ros/mini_pupper_description) by extensions ['colcon_pkg']
[1.039s] Level 1:colcon.colcon_core.package_identification:_identify(/home/azp/ros2_ws/src/mini_pupper_ros/mini_pupper_description) by extension 'colcon_pkg'
[1.039s] Level 1:colcon.colcon_core.package_identification:_identify(/home/azp/ros2_ws/src/mini_pupper_ros/mini_pupper_description) by extensions ['colcon_meta']
[1.039s] Level 1:colcon.colcon_core.package_identification:_identify(/home/azp/ros2_ws/src/mini_pupper_ros/mini_pupper_description) by extension 'colcon_meta'
[1.039s] Level 1:colcon.colcon_core.package_identification:_identify(/home/azp/ros2_ws/src/mini_pupper_ros/mini_pupper_description) by extensions ['ros']
[1.039s] Level 1:colcon.colcon_core.package_identification:_identify(/home/azp/ros2_ws/src/mini_pupper_ros/mini_pupper_description) by extension 'ros'
[1.040s] DEBUG:colcon.colcon_core.package_identification:Package '/home/azp/ros2_ws/src/mini_pupper_ros/mini_pupper_description' with type 'ros.ament_cmake' and name 'mini_pupper_description'
[1.041s] Level 1:colcon.colcon_core.package_identification:_identify(/home/azp/ros2_ws/src/mini_pupper_ros/mini_pupper_gazebo) by extensions ['ignore', 'ignore_ament_install']
[1.041s] Level 1:colcon.colcon_core.package_identification:_identify(/home/azp/ros2_ws/src/mini_pupper_ros/mini_pupper_gazebo) by extension 'ignore'
[1.041s] Level 1:colcon.colcon_core.package_identification:_identify(/home/azp/ros2_ws/src/mini_pupper_ros/mini_pupper_gazebo) by extension 'ignore_ament_install'
[1.041s] Level 1:colcon.colcon_core.package_identification:_identify(/home/azp/ros2_ws/src/mini_pupper_ros/mini_pupper_gazebo) by extensions ['colcon_pkg']
[1.041s] Level 1:colcon.colcon_core.package_identification:_identify(/home/azp/ros2_ws/src/mini_pupper_ros/mini_pupper_gazebo) by extension 'colcon_pkg'
[1.041s] Level 1:colcon.colcon_core.package_identification:_identify(/home/azp/ros2_ws/src/mini_pupper_ros/mini_pupper_gazebo) by extensions ['colcon_meta']
[1.041s] Level 1:colcon.colcon_core.package_identification:_identify(/home/azp/ros2_ws/src/mini_pupper_ros/mini_pupper_gazebo) by extension 'colcon_meta'
[1.042s] Level 1:colcon.colcon_core.package_identification:_identify(/home/azp/ros2_ws/src/mini_pupper_ros/mini_pupper_gazebo) by extensions ['ros']
[1.042s] Level 1:colcon.colcon_core.package_identification:_identify(/home/azp/ros2_ws/src/mini_pupper_ros/mini_pupper_gazebo) by extension 'ros'
[1.043s] DEBUG:colcon.colcon_core.package_identification:Package '/home/azp/ros2_ws/src/mini_pupper_ros/mini_pupper_gazebo' with type 'ros.ament_cmake' and name 'mini_pupper_gazebo'
[1.043s] Level 1:colcon.colcon_core.package_identification:_identify(/home/azp/ros2_ws/src/mini_pupper_ros/mini_pupper_navigation) by extensions ['ignore', 'ignore_ament_install']
[1.043s] Level 1:colcon.colcon_core.package_identification:_identify(/home/azp/ros2_ws/src/mini_pupper_ros/mini_pupper_navigation) by extension 'ignore'
[1.044s] Level 1:colcon.colcon_core.package_identification:_identify(/home/azp/ros2_ws/src/mini_pupper_ros/mini_pupper_navigation) by extension 'ignore_ament_install'
[1.044s] Level 1:colcon.colcon_core.package_identification:_identify(/home/azp/ros2_ws/src/mini_pupper_ros/mini_pupper_navigation) by extensions ['colcon_pkg']
[1.044s] Level 1:colcon.colcon_core.package_identification:_identify(/home/azp/ros2_ws/src/mini_pupper_ros/mini_pupper_navigation) by extension 'colcon_pkg'
[1.044s] Level 1:colcon.colcon_core.package_identification:_identify(/home/azp/ros2_ws/src/mini_pupper_ros/mini_pupper_navigation) by extensions ['colcon_meta']
[1.044s] Level 1:colcon.colcon_core.package_identification:_identify(/home/azp/ros2_ws/src/mini_pupper_ros/mini_pupper_navigation) by extension 'colcon_meta'
[1.044s] Level 1:colcon.colcon_core.package_identification:_identify(/home/azp/ros2_ws/src/mini_pupper_ros/mini_pupper_navigation) by extensions ['ros']
[1.044s] Level 1:colcon.colcon_core.package_identification:_identify(/home/azp/ros2_ws/src/mini_pupper_ros/mini_pupper_navigation) by extension 'ros'
[1.046s] DEBUG:colcon.colcon_core.package_identification:Package '/home/azp/ros2_ws/src/mini_pupper_ros/mini_pupper_navigation' with type 'ros.ament_cmake' and name 'mini_pupper_navigation'
[1.046s] Level 1:colcon.colcon_core.package_discovery:discover_packages(recursive) using defaults
