[0.019s] Invoking command in '/home/azp/ros2_ws/build/champ_teleop': CMAKE_PREFIX_PATH=${CMAKE_PREFIX_PATH}:/opt/ros/humble /usr/bin/cmake /home/azp/ros2_ws/src/champ/champ_teleop -DAMENT_CMAKE_SYMLINK_INSTALL=1 -DCMAKE_INSTALL_PREFIX=/home/azp/ros2_ws/install/champ_teleop
[0.250s] -- The C compiler identification is GNU 11.3.0
[0.447s] -- The CXX compiler identification is GNU 11.3.0
[0.461s] -- Detecting C compiler ABI info
[0.577s] -- Detecting C compiler ABI info - done
[0.594s] -- Check for working C compiler: /usr/bin/cc - skipped
[0.595s] -- Detecting C compile features
[0.596s] -- Detecting C compile features - done
[0.603s] -- Detecting CXX compiler ABI info
[0.752s] -- Detecting CXX compiler ABI info - done
[0.774s] -- Check for working CXX compiler: /usr/bin/c++ - skipped
[0.775s] -- Detecting CXX compile features
[0.776s] -- Detecting CXX compile features - done
[0.785s] -- Found ament_cmake: 1.3.3 (/opt/ros/humble/share/ament_cmake/cmake)
[1.139s] -- Found Python3: /usr/bin/python3.10 (found version "3.10.6") found components: Interpreter 
[1.259s] -- Override CMake install command with custom implementation using symlinks instead of copying resources
[1.448s] -- Configuring done
[1.452s] -- Generating done
[1.453s] -- Build files have been written to: /home/azp/ros2_ws/build/champ_teleop
[1.460s] Invoked command in '/home/azp/ros2_ws/build/champ_teleop' returned '0': CMAKE_PREFIX_PATH=${CMAKE_PREFIX_PATH}:/opt/ros/humble /usr/bin/cmake /home/azp/ros2_ws/src/champ/champ_teleop -DAMENT_CMAKE_SYMLINK_INSTALL=1 -DCMAKE_INSTALL_PREFIX=/home/azp/ros2_ws/install/champ_teleop
[1.463s] Invoking command in '/home/azp/ros2_ws/build/champ_teleop': CMAKE_PREFIX_PATH=${CMAKE_PREFIX_PATH}:/opt/ros/humble /usr/bin/cmake --build /home/azp/ros2_ws/build/champ_teleop -- -j4 -l4
[1.530s] Invoked command in '/home/azp/ros2_ws/build/champ_teleop' returned '0': CMAKE_PREFIX_PATH=${CMAKE_PREFIX_PATH}:/opt/ros/humble /usr/bin/cmake --build /home/azp/ros2_ws/build/champ_teleop -- -j4 -l4
[1.583s] Invoking command in '/home/azp/ros2_ws/build/champ_teleop': CMAKE_PREFIX_PATH=${CMAKE_PREFIX_PATH}:/opt/ros/humble /usr/bin/cmake --install /home/azp/ros2_ws/build/champ_teleop
[1.594s] -- Install configuration: ""
[1.595s] -- Execute custom install script
[1.596s] -- Symlinking: /home/azp/ros2_ws/install/champ_teleop/share/champ_teleop/launch/teleop.launch.py
[1.611s] -- Symlinking: /home/azp/ros2_ws/install/champ_teleop/lib/champ_teleop/champ_teleop.py
[1.622s] -- Symlinking: /home/azp/ros2_ws/install/champ_teleop/share/ament_index/resource_index/package_run_dependencies/champ_teleop
[1.635s] -- Symlinking: /home/azp/ros2_ws/install/champ_teleop/share/ament_index/resource_index/parent_prefix_path/champ_teleop
[1.650s] -- Symlinking: /home/azp/ros2_ws/install/champ_teleop/share/champ_teleop/environment/ament_prefix_path.sh
[1.664s] -- Symlinking: /home/azp/ros2_ws/install/champ_teleop/share/champ_teleop/environment/ament_prefix_path.dsv
[1.677s] -- Symlinking: /home/azp/ros2_ws/install/champ_teleop/share/champ_teleop/environment/path.sh
[1.688s] -- Symlinking: /home/azp/ros2_ws/install/champ_teleop/share/champ_teleop/environment/path.dsv
[1.700s] -- Symlinking: /home/azp/ros2_ws/install/champ_teleop/share/champ_teleop/local_setup.bash
[1.711s] -- Symlinking: /home/azp/ros2_ws/install/champ_teleop/share/champ_teleop/local_setup.sh
[1.721s] -- Symlinking: /home/azp/ros2_ws/install/champ_teleop/share/champ_teleop/local_setup.zsh
[1.732s] -- Symlinking: /home/azp/ros2_ws/install/champ_teleop/share/champ_teleop/local_setup.dsv
[1.742s] -- Symlinking: /home/azp/ros2_ws/install/champ_teleop/share/champ_teleop/package.dsv
[1.753s] -- Symlinking: /home/azp/ros2_ws/install/champ_teleop/share/ament_index/resource_index/packages/champ_teleop
[1.764s] -- Symlinking: /home/azp/ros2_ws/install/champ_teleop/share/champ_teleop/cmake/champ_teleopConfig.cmake
[1.774s] -- Symlinking: /home/azp/ros2_ws/install/champ_teleop/share/champ_teleop/cmake/champ_teleopConfig-version.cmake
[1.784s] -- Symlinking: /home/azp/ros2_ws/install/champ_teleop/share/champ_teleop/package.xml
[1.800s] Invoked command in '/home/azp/ros2_ws/build/champ_teleop' returned '0': CMAKE_PREFIX_PATH=${CMAKE_PREFIX_PATH}:/opt/ros/humble /usr/bin/cmake --install /home/azp/ros2_ws/build/champ_teleop
