[0.152s] Invoking command in '/home/azp/ros2_ws/build/champ_msgs': CMAKE_PREFIX_PATH=${CMAKE_PREFIX_PATH}:/opt/ros/humble /usr/bin/cmake /home/azp/ros2_ws/src/champ/champ/champ_msgs -DCMAKE_INSTALL_PREFIX=/home/azp/ros2_ws/install/champ_msgs
[0.349s] -- Found ament_cmake: 1.3.3 (/opt/ros/humble/share/ament_cmake/cmake)
[0.646s] -- Override CMake install command with custom implementation using symlinks instead of copying resources
[0.735s] -- Found rosidl_default_generators: 1.2.0 (/opt/ros/humble/share/rosidl_default_generators/cmake)
[0.791s] -- Using all available rosidl_typesupport_c: rosidl_typesupport_fastrtps_c;rosidl_typesupport_introspection_c
[0.802s] -- Found rosidl_adapter: 3.1.4 (/opt/ros/humble/share/rosidl_adapter/cmake)
[0.873s] -- Using all available rosidl_typesupport_cpp: rosidl_typesupport_fastrtps_cpp;rosidl_typesupport_introspection_cpp
[1.008s] -- Found std_msgs: 4.2.2 (/opt/ros/humble/share/std_msgs/cmake)
[1.218s] -- Found geometry_msgs: 4.2.2 (/opt/ros/humble/share/geometry_msgs/cmake)
[2.162s] -- Found ament_cmake_ros: 0.10.0 (/opt/ros/humble/share/ament_cmake_ros/cmake)
[2.771s] -- Using all available rosidl_typesupport_c: rosidl_typesupport_fastrtps_c;rosidl_typesupport_introspection_c
[3.549s] -- Using all available rosidl_typesupport_cpp: rosidl_typesupport_fastrtps_cpp;rosidl_typesupport_introspection_cpp
[3.662s] -- Found python_cmake_module: 0.10.0 (/opt/ros/humble/share/python_cmake_module/cmake)
[3.793s] -- Using PYTHON_EXECUTABLE: /usr/bin/python3
[3.793s] -- Using PYTHON_INCLUDE_DIRS: /usr/include/python3.10
[3.793s] -- Using PYTHON_LIBRARIES: /usr/lib/x86_64-linux-gnu/libpython3.10.so
[3.950s] -- Found ament_lint_auto: 0.12.4 (/opt/ros/humble/share/ament_lint_auto/cmake)
[4.146s] -- Configuring done
[5.359s] -- Generating done
[5.366s] -- Build files have been written to: /home/azp/ros2_ws/build/champ_msgs
[5.381s] Invoked command in '/home/azp/ros2_ws/build/champ_msgs' returned '0': CMAKE_PREFIX_PATH=${CMAKE_PREFIX_PATH}:/opt/ros/humble /usr/bin/cmake /home/azp/ros2_ws/src/champ/champ/champ_msgs -DCMAKE_INSTALL_PREFIX=/home/azp/ros2_ws/install/champ_msgs
[5.384s] Invoking command in '/home/azp/ros2_ws/build/champ_msgs': CMAKE_PREFIX_PATH=${CMAKE_PREFIX_PATH}:/opt/ros/humble /usr/bin/cmake --build /home/azp/ros2_ws/build/champ_msgs -- -j4 -l4
[5.542s] [  1%] Built target champ_msgs__cpp
[5.573s] [35m[1mConsolidate compiler generated dependencies of target champ_msgs__rosidl_generator_c[0m
[5.594s] [35m[1mConsolidate compiler generated dependencies of target champ_msgs__rosidl_typesupport_cpp[0m
[5.598s] [  1%] Built target ament_cmake_python_symlink_champ_msgs
[5.602s] [35m[1mConsolidate compiler generated dependencies of target champ_msgs__rosidl_typesupport_fastrtps_cpp[0m
[5.632s] [ 12%] Built target champ_msgs__rosidl_generator_c
[5.649s] [ 24%] Built target champ_msgs__rosidl_typesupport_cpp
[5.659s] [ 35%] Built target champ_msgs__rosidl_typesupport_fastrtps_cpp
[5.691s] [35m[1mConsolidate compiler generated dependencies of target champ_msgs__rosidl_typesupport_fastrtps_c[0m
[5.691s] [35m[1mConsolidate compiler generated dependencies of target champ_msgs__rosidl_typesupport_introspection_cpp[0m
[5.726s] [35m[1mConsolidate compiler generated dependencies of target champ_msgs__rosidl_typesupport_introspection_c[0m
[5.729s] [ 47%] Built target champ_msgs__rosidl_typesupport_introspection_cpp
[5.748s] [ 58%] Built target champ_msgs__rosidl_typesupport_fastrtps_c
[5.766s] [35m[1mConsolidate compiler generated dependencies of target champ_msgs__rosidl_typesupport_c[0m
[5.770s] [ 70%] Built target champ_msgs__rosidl_typesupport_introspection_c
[5.792s] [ 82%] Built target champ_msgs__rosidl_typesupport_c
[5.853s] [ 82%] Built target champ_msgs
[5.897s] [ 83%] Built target champ_msgs__py
[5.977s] [35m[1mConsolidate compiler generated dependencies of target champ_msgs__rosidl_generator_py[0m
[6.005s] [ 93%] Built target champ_msgs__rosidl_generator_py
[6.030s] [35m[1mConsolidate compiler generated dependencies of target champ_msgs__rosidl_typesupport_fastrtps_c__pyext[0m
[6.031s] [35m[1mConsolidate compiler generated dependencies of target champ_msgs__rosidl_typesupport_introspection_c__pyext[0m
[6.045s] [35m[1mConsolidate compiler generated dependencies of target champ_msgs__rosidl_typesupport_c__pyext[0m
[6.060s] [ 95%] Built target champ_msgs__rosidl_typesupport_fastrtps_c__pyext
[6.063s] [ 97%] Built target champ_msgs__rosidl_typesupport_introspection_c__pyext
[6.073s] [100%] Built target champ_msgs__rosidl_typesupport_c__pyext
[6.238s] running egg_info
[6.239s] writing champ_msgs.egg-info/PKG-INFO
[6.239s] writing dependency_links to champ_msgs.egg-info/dependency_links.txt
[6.239s] writing top-level names to champ_msgs.egg-info/top_level.txt
[6.243s] reading manifest file 'champ_msgs.egg-info/SOURCES.txt'
[6.245s] writing manifest file 'champ_msgs.egg-info/SOURCES.txt'
[6.290s] [100%] Built target ament_cmake_python_build_champ_msgs_egg
[6.307s] Invoked command in '/home/azp/ros2_ws/build/champ_msgs' returned '0': CMAKE_PREFIX_PATH=${CMAKE_PREFIX_PATH}:/opt/ros/humble /usr/bin/cmake --build /home/azp/ros2_ws/build/champ_msgs -- -j4 -l4
[6.640s] Invoking command in '/home/azp/ros2_ws/build/champ_msgs': CMAKE_PREFIX_PATH=${CMAKE_PREFIX_PATH}:/opt/ros/humble /usr/bin/cmake --install /home/azp/ros2_ws/build/champ_msgs
[6.650s] -- Install configuration: ""
[6.651s] -- Execute custom install script
[6.652s] -- Up-to-date symlink: /home/azp/ros2_ws/install/champ_msgs/share/ament_index/resource_index/rosidl_interfaces/champ_msgs
[6.654s] -- Up-to-date symlink: /home/azp/ros2_ws/install/champ_msgs/include/champ_msgs/champ_msgs/msg/contacts.h
[6.654s] -- Up-to-date symlink: /home/azp/ros2_ws/install/champ_msgs/include/champ_msgs/champ_msgs/msg/contacts_stamped.h
[6.655s] -- Up-to-date symlink: /home/azp/ros2_ws/install/champ_msgs/include/champ_msgs/champ_msgs/msg/detail/contacts__functions.h
[6.655s] -- Up-to-date symlink: /home/azp/ros2_ws/install/champ_msgs/include/champ_msgs/champ_msgs/msg/detail/contacts__struct.h
[6.656s] -- Up-to-date symlink: /home/azp/ros2_ws/install/champ_msgs/include/champ_msgs/champ_msgs/msg/detail/contacts__type_support.h
[6.656s] -- Up-to-date symlink: /home/azp/ros2_ws/install/champ_msgs/include/champ_msgs/champ_msgs/msg/detail/contacts_stamped__functions.h
[6.657s] -- Up-to-date symlink: /home/azp/ros2_ws/install/champ_msgs/include/champ_msgs/champ_msgs/msg/detail/contacts_stamped__struct.h
[6.657s] -- Up-to-date symlink: /home/azp/ros2_ws/install/champ_msgs/include/champ_msgs/champ_msgs/msg/detail/contacts_stamped__type_support.h
[6.658s] -- Up-to-date symlink: /home/azp/ros2_ws/install/champ_msgs/include/champ_msgs/champ_msgs/msg/detail/imu__functions.h
[6.658s] -- Up-to-date symlink: /home/azp/ros2_ws/install/champ_msgs/include/champ_msgs/champ_msgs/msg/detail/imu__struct.h
[6.658s] -- Up-to-date symlink: /home/azp/ros2_ws/install/champ_msgs/include/champ_msgs/champ_msgs/msg/detail/imu__type_support.h
[6.659s] -- Up-to-date symlink: /home/azp/ros2_ws/install/champ_msgs/include/champ_msgs/champ_msgs/msg/detail/joints__functions.h
[6.659s] -- Up-to-date symlink: /home/azp/ros2_ws/install/champ_msgs/include/champ_msgs/champ_msgs/msg/detail/joints__struct.h
[6.660s] -- Up-to-date symlink: /home/azp/ros2_ws/install/champ_msgs/include/champ_msgs/champ_msgs/msg/detail/joints__type_support.h
[6.660s] -- Up-to-date symlink: /home/azp/ros2_ws/install/champ_msgs/include/champ_msgs/champ_msgs/msg/detail/pid__functions.h
[6.660s] -- Up-to-date symlink: /home/azp/ros2_ws/install/champ_msgs/include/champ_msgs/champ_msgs/msg/detail/pid__struct.h
[6.661s] -- Up-to-date symlink: /home/azp/ros2_ws/install/champ_msgs/include/champ_msgs/champ_msgs/msg/detail/pid__type_support.h
[6.661s] -- Up-to-date symlink: /home/azp/ros2_ws/install/champ_msgs/include/champ_msgs/champ_msgs/msg/detail/point__functions.h
[6.662s] -- Up-to-date symlink: /home/azp/ros2_ws/install/champ_msgs/include/champ_msgs/champ_msgs/msg/detail/point__struct.h
[6.662s] -- Up-to-date symlink: /home/azp/ros2_ws/install/champ_msgs/include/champ_msgs/champ_msgs/msg/detail/point__type_support.h
[6.662s] -- Up-to-date symlink: /home/azp/ros2_ws/install/champ_msgs/include/champ_msgs/champ_msgs/msg/detail/point_array__functions.h
[6.663s] -- Up-to-date symlink: /home/azp/ros2_ws/install/champ_msgs/include/champ_msgs/champ_msgs/msg/detail/point_array__struct.h
[6.663s] -- Up-to-date symlink: /home/azp/ros2_ws/install/champ_msgs/include/champ_msgs/champ_msgs/msg/detail/point_array__type_support.h
[6.664s] -- Up-to-date symlink: /home/azp/ros2_ws/install/champ_msgs/include/champ_msgs/champ_msgs/msg/detail/pose__functions.h
[6.664s] -- Up-to-date symlink: /home/azp/ros2_ws/install/champ_msgs/include/champ_msgs/champ_msgs/msg/detail/pose__struct.h
[6.664s] -- Up-to-date symlink: /home/azp/ros2_ws/install/champ_msgs/include/champ_msgs/champ_msgs/msg/detail/pose__type_support.h
[6.665s] -- Up-to-date symlink: /home/azp/ros2_ws/install/champ_msgs/include/champ_msgs/champ_msgs/msg/detail/velocities__functions.h
[6.665s] -- Up-to-date symlink: /home/azp/ros2_ws/install/champ_msgs/include/champ_msgs/champ_msgs/msg/detail/velocities__struct.h
[6.666s] -- Up-to-date symlink: /home/azp/ros2_ws/install/champ_msgs/include/champ_msgs/champ_msgs/msg/detail/velocities__type_support.h
[6.666s] -- Up-to-date symlink: /home/azp/ros2_ws/install/champ_msgs/include/champ_msgs/champ_msgs/msg/imu.h
[6.666s] -- Up-to-date symlink: /home/azp/ros2_ws/install/champ_msgs/include/champ_msgs/champ_msgs/msg/joints.h
[6.667s] -- Up-to-date symlink: /home/azp/ros2_ws/install/champ_msgs/include/champ_msgs/champ_msgs/msg/pid.h
[6.667s] -- Up-to-date symlink: /home/azp/ros2_ws/install/champ_msgs/include/champ_msgs/champ_msgs/msg/point.h
[6.668s] -- Up-to-date symlink: /home/azp/ros2_ws/install/champ_msgs/include/champ_msgs/champ_msgs/msg/point_array.h
[6.668s] -- Up-to-date symlink: /home/azp/ros2_ws/install/champ_msgs/include/champ_msgs/champ_msgs/msg/pose.h
[6.668s] -- Up-to-date symlink: /home/azp/ros2_ws/install/champ_msgs/include/champ_msgs/champ_msgs/msg/rosidl_generator_c__visibility_control.h
[6.669s] -- Up-to-date symlink: /home/azp/ros2_ws/install/champ_msgs/include/champ_msgs/champ_msgs/msg/velocities.h
[6.670s] -- Up-to-date symlink: /home/azp/ros2_ws/install/champ_msgs/share/champ_msgs/environment/library_path.sh
[6.670s] -- Up-to-date symlink: /home/azp/ros2_ws/install/champ_msgs/share/champ_msgs/environment/library_path.dsv
[6.671s] -- Up-to-date symlink: /home/azp/ros2_ws/install/champ_msgs/include/champ_msgs/champ_msgs/msg/detail/contacts__rosidl_typesupport_fastrtps_c.h
[6.672s] -- Up-to-date symlink: /home/azp/ros2_ws/install/champ_msgs/include/champ_msgs/champ_msgs/msg/detail/contacts_stamped__rosidl_typesupport_fastrtps_c.h
[6.672s] -- Up-to-date symlink: /home/azp/ros2_ws/install/champ_msgs/include/champ_msgs/champ_msgs/msg/detail/imu__rosidl_typesupport_fastrtps_c.h
[6.673s] -- Up-to-date symlink: /home/azp/ros2_ws/install/champ_msgs/include/champ_msgs/champ_msgs/msg/detail/joints__rosidl_typesupport_fastrtps_c.h
[6.673s] -- Up-to-date symlink: /home/azp/ros2_ws/install/champ_msgs/include/champ_msgs/champ_msgs/msg/detail/pid__rosidl_typesupport_fastrtps_c.h
[6.673s] -- Up-to-date symlink: /home/azp/ros2_ws/install/champ_msgs/include/champ_msgs/champ_msgs/msg/detail/point__rosidl_typesupport_fastrtps_c.h
[6.674s] -- Up-to-date symlink: /home/azp/ros2_ws/install/champ_msgs/include/champ_msgs/champ_msgs/msg/detail/point_array__rosidl_typesupport_fastrtps_c.h
[6.674s] -- Up-to-date symlink: /home/azp/ros2_ws/install/champ_msgs/include/champ_msgs/champ_msgs/msg/detail/pose__rosidl_typesupport_fastrtps_c.h
[6.674s] -- Up-to-date symlink: /home/azp/ros2_ws/install/champ_msgs/include/champ_msgs/champ_msgs/msg/detail/velocities__rosidl_typesupport_fastrtps_c.h
[6.675s] -- Up-to-date symlink: /home/azp/ros2_ws/install/champ_msgs/include/champ_msgs/champ_msgs/msg/rosidl_typesupport_fastrtps_c__visibility_control.h
[6.726s] -- Up-to-date symlink: /home/azp/ros2_ws/install/champ_msgs/include/champ_msgs/champ_msgs/msg/detail/contacts__rosidl_typesupport_introspection_c.h
[6.726s] -- Up-to-date symlink: /home/azp/ros2_ws/install/champ_msgs/include/champ_msgs/champ_msgs/msg/detail/contacts_stamped__rosidl_typesupport_introspection_c.h
[6.727s] -- Up-to-date symlink: /home/azp/ros2_ws/install/champ_msgs/include/champ_msgs/champ_msgs/msg/detail/imu__rosidl_typesupport_introspection_c.h
[6.727s] -- Up-to-date symlink: /home/azp/ros2_ws/install/champ_msgs/include/champ_msgs/champ_msgs/msg/detail/joints__rosidl_typesupport_introspection_c.h
[6.727s] -- Up-to-date symlink: /home/azp/ros2_ws/install/champ_msgs/include/champ_msgs/champ_msgs/msg/detail/pid__rosidl_typesupport_introspection_c.h
[6.728s] -- Up-to-date symlink: /home/azp/ros2_ws/install/champ_msgs/include/champ_msgs/champ_msgs/msg/detail/point__rosidl_typesupport_introspection_c.h
[6.728s] -- Up-to-date symlink: /home/azp/ros2_ws/install/champ_msgs/include/champ_msgs/champ_msgs/msg/detail/point_array__rosidl_typesupport_introspection_c.h
[6.729s] -- Up-to-date symlink: /home/azp/ros2_ws/install/champ_msgs/include/champ_msgs/champ_msgs/msg/detail/pose__rosidl_typesupport_introspection_c.h
[6.729s] -- Up-to-date symlink: /home/azp/ros2_ws/install/champ_msgs/include/champ_msgs/champ_msgs/msg/detail/velocities__rosidl_typesupport_introspection_c.h
[6.730s] -- Up-to-date symlink: /home/azp/ros2_ws/install/champ_msgs/include/champ_msgs/champ_msgs/msg/rosidl_typesupport_introspection_c__visibility_control.h
[6.731s] -- Up-to-date symlink: /home/azp/ros2_ws/install/champ_msgs/include/champ_msgs/champ_msgs/msg/contacts.hpp
[6.731s] -- Up-to-date symlink: /home/azp/ros2_ws/install/champ_msgs/include/champ_msgs/champ_msgs/msg/contacts_stamped.hpp
[6.731s] -- Up-to-date symlink: /home/azp/ros2_ws/install/champ_msgs/include/champ_msgs/champ_msgs/msg/detail/contacts__builder.hpp
[6.732s] -- Up-to-date symlink: /home/azp/ros2_ws/install/champ_msgs/include/champ_msgs/champ_msgs/msg/detail/contacts__struct.hpp
[6.732s] -- Up-to-date symlink: /home/azp/ros2_ws/install/champ_msgs/include/champ_msgs/champ_msgs/msg/detail/contacts__traits.hpp
[6.735s] -- Up-to-date symlink: /home/azp/ros2_ws/install/champ_msgs/include/champ_msgs/champ_msgs/msg/detail/contacts_stamped__builder.hpp
[6.735s] -- Up-to-date symlink: /home/azp/ros2_ws/install/champ_msgs/include/champ_msgs/champ_msgs/msg/detail/contacts_stamped__struct.hpp
[6.736s] -- Up-to-date symlink: /home/azp/ros2_ws/install/champ_msgs/include/champ_msgs/champ_msgs/msg/detail/contacts_stamped__traits.hpp
[6.736s] -- Up-to-date symlink: /home/azp/ros2_ws/install/champ_msgs/include/champ_msgs/champ_msgs/msg/detail/imu__builder.hpp
[6.736s] -- Up-to-date symlink: /home/azp/ros2_ws/install/champ_msgs/include/champ_msgs/champ_msgs/msg/detail/imu__struct.hpp
[6.736s] -- Up-to-date symlink: /home/azp/ros2_ws/install/champ_msgs/include/champ_msgs/champ_msgs/msg/detail/imu__traits.hpp
[6.736s] -- Up-to-date symlink: /home/azp/ros2_ws/install/champ_msgs/include/champ_msgs/champ_msgs/msg/detail/joints__builder.hpp
[6.737s] -- Up-to-date symlink: /home/azp/ros2_ws/install/champ_msgs/include/champ_msgs/champ_msgs/msg/detail/joints__struct.hpp
[6.737s] -- Up-to-date symlink: /home/azp/ros2_ws/install/champ_msgs/include/champ_msgs/champ_msgs/msg/detail/joints__traits.hpp
[6.737s] -- Up-to-date symlink: /home/azp/ros2_ws/install/champ_msgs/include/champ_msgs/champ_msgs/msg/detail/pid__builder.hpp
[6.737s] -- Up-to-date symlink: /home/azp/ros2_ws/install/champ_msgs/include/champ_msgs/champ_msgs/msg/detail/pid__struct.hpp
[6.737s] -- Up-to-date symlink: /home/azp/ros2_ws/install/champ_msgs/include/champ_msgs/champ_msgs/msg/detail/pid__traits.hpp
[6.738s] -- Up-to-date symlink: /home/azp/ros2_ws/install/champ_msgs/include/champ_msgs/champ_msgs/msg/detail/point__builder.hpp
[6.738s] -- Up-to-date symlink: /home/azp/ros2_ws/install/champ_msgs/include/champ_msgs/champ_msgs/msg/detail/point__struct.hpp
[6.738s] -- Up-to-date symlink: /home/azp/ros2_ws/install/champ_msgs/include/champ_msgs/champ_msgs/msg/detail/point__traits.hpp
[6.739s] -- Up-to-date symlink: /home/azp/ros2_ws/install/champ_msgs/include/champ_msgs/champ_msgs/msg/detail/point_array__builder.hpp
[6.739s] -- Up-to-date symlink: /home/azp/ros2_ws/install/champ_msgs/include/champ_msgs/champ_msgs/msg/detail/point_array__struct.hpp
[6.739s] -- Up-to-date symlink: /home/azp/ros2_ws/install/champ_msgs/include/champ_msgs/champ_msgs/msg/detail/point_array__traits.hpp
[6.740s] -- Up-to-date symlink: /home/azp/ros2_ws/install/champ_msgs/include/champ_msgs/champ_msgs/msg/detail/pose__builder.hpp
[6.740s] -- Up-to-date symlink: /home/azp/ros2_ws/install/champ_msgs/include/champ_msgs/champ_msgs/msg/detail/pose__struct.hpp
[6.740s] -- Up-to-date symlink: /home/azp/ros2_ws/install/champ_msgs/include/champ_msgs/champ_msgs/msg/detail/pose__traits.hpp
[6.741s] -- Up-to-date symlink: /home/azp/ros2_ws/install/champ_msgs/include/champ_msgs/champ_msgs/msg/detail/velocities__builder.hpp
[6.741s] -- Up-to-date symlink: /home/azp/ros2_ws/install/champ_msgs/include/champ_msgs/champ_msgs/msg/detail/velocities__struct.hpp
[6.741s] -- Up-to-date symlink: /home/azp/ros2_ws/install/champ_msgs/include/champ_msgs/champ_msgs/msg/detail/velocities__traits.hpp
[6.741s] -- Up-to-date symlink: /home/azp/ros2_ws/install/champ_msgs/include/champ_msgs/champ_msgs/msg/imu.hpp
[6.742s] -- Up-to-date symlink: /home/azp/ros2_ws/install/champ_msgs/include/champ_msgs/champ_msgs/msg/joints.hpp
[6.742s] -- Up-to-date symlink: /home/azp/ros2_ws/install/champ_msgs/include/champ_msgs/champ_msgs/msg/pid.hpp
[6.742s] -- Up-to-date symlink: /home/azp/ros2_ws/install/champ_msgs/include/champ_msgs/champ_msgs/msg/point.hpp
[6.743s] -- Up-to-date symlink: /home/azp/ros2_ws/install/champ_msgs/include/champ_msgs/champ_msgs/msg/point_array.hpp
[6.743s] -- Up-to-date symlink: /home/azp/ros2_ws/install/champ_msgs/include/champ_msgs/champ_msgs/msg/pose.hpp
[6.752s] -- Up-to-date symlink: /home/azp/ros2_ws/install/champ_msgs/include/champ_msgs/champ_msgs/msg/velocities.hpp
[6.753s] -- Up-to-date symlink: /home/azp/ros2_ws/install/champ_msgs/include/champ_msgs/champ_msgs/msg/detail/contacts__rosidl_typesupport_fastrtps_cpp.hpp
[6.753s] -- Up-to-date symlink: /home/azp/ros2_ws/install/champ_msgs/include/champ_msgs/champ_msgs/msg/detail/contacts_stamped__rosidl_typesupport_fastrtps_cpp.hpp
[6.754s] -- Up-to-date symlink: /home/azp/ros2_ws/install/champ_msgs/include/champ_msgs/champ_msgs/msg/detail/imu__rosidl_typesupport_fastrtps_cpp.hpp
[6.754s] -- Up-to-date symlink: /home/azp/ros2_ws/install/champ_msgs/include/champ_msgs/champ_msgs/msg/detail/joints__rosidl_typesupport_fastrtps_cpp.hpp
[6.754s] -- Up-to-date symlink: /home/azp/ros2_ws/install/champ_msgs/include/champ_msgs/champ_msgs/msg/detail/pid__rosidl_typesupport_fastrtps_cpp.hpp
[6.755s] -- Up-to-date symlink: /home/azp/ros2_ws/install/champ_msgs/include/champ_msgs/champ_msgs/msg/detail/point__rosidl_typesupport_fastrtps_cpp.hpp
[6.755s] -- Up-to-date symlink: /home/azp/ros2_ws/install/champ_msgs/include/champ_msgs/champ_msgs/msg/detail/point_array__rosidl_typesupport_fastrtps_cpp.hpp
[6.755s] -- Up-to-date symlink: /home/azp/ros2_ws/install/champ_msgs/include/champ_msgs/champ_msgs/msg/detail/pose__rosidl_typesupport_fastrtps_cpp.hpp
[6.756s] -- Up-to-date symlink: /home/azp/ros2_ws/install/champ_msgs/include/champ_msgs/champ_msgs/msg/detail/velocities__rosidl_typesupport_fastrtps_cpp.hpp
[6.756s] -- Up-to-date symlink: /home/azp/ros2_ws/install/champ_msgs/include/champ_msgs/champ_msgs/msg/rosidl_typesupport_fastrtps_cpp__visibility_control.h
[6.757s] -- Up-to-date symlink: /home/azp/ros2_ws/install/champ_msgs/include/champ_msgs/champ_msgs/msg/detail/contacts__rosidl_typesupport_introspection_cpp.hpp
[6.757s] -- Up-to-date symlink: /home/azp/ros2_ws/install/champ_msgs/include/champ_msgs/champ_msgs/msg/detail/contacts_stamped__rosidl_typesupport_introspection_cpp.hpp
[6.758s] -- Up-to-date symlink: /home/azp/ros2_ws/install/champ_msgs/include/champ_msgs/champ_msgs/msg/detail/imu__rosidl_typesupport_introspection_cpp.hpp
[6.778s] -- Up-to-date symlink: /home/azp/ros2_ws/install/champ_msgs/include/champ_msgs/champ_msgs/msg/detail/joints__rosidl_typesupport_introspection_cpp.hpp
[6.778s] -- Up-to-date symlink: /home/azp/ros2_ws/install/champ_msgs/include/champ_msgs/champ_msgs/msg/detail/pid__rosidl_typesupport_introspection_cpp.hpp
[6.779s] -- Up-to-date symlink: /home/azp/ros2_ws/install/champ_msgs/include/champ_msgs/champ_msgs/msg/detail/point__rosidl_typesupport_introspection_cpp.hpp
[6.779s] -- Up-to-date symlink: /home/azp/ros2_ws/install/champ_msgs/include/champ_msgs/champ_msgs/msg/detail/point_array__rosidl_typesupport_introspection_cpp.hpp
[6.780s] -- Up-to-date symlink: /home/azp/ros2_ws/install/champ_msgs/include/champ_msgs/champ_msgs/msg/detail/pose__rosidl_typesupport_introspection_cpp.hpp
[6.780s] -- Up-to-date symlink: /home/azp/ros2_ws/install/champ_msgs/include/champ_msgs/champ_msgs/msg/detail/velocities__rosidl_typesupport_introspection_cpp.hpp
[6.780s] -- Up-to-date symlink: /home/azp/ros2_ws/install/champ_msgs/share/champ_msgs/environment/pythonpath.sh
[6.781s] -- Up-to-date symlink: /home/azp/ros2_ws/install/champ_msgs/share/champ_msgs/environment/pythonpath.dsv
[6.782s] -- Up-to-date symlink: /home/azp/ros2_ws/install/champ_msgs/local/lib/python3.10/dist-packages/champ_msgs-0.1.0-py3.10.egg-info/PKG-INFO
[6.782s] -- Up-to-date symlink: /home/azp/ros2_ws/install/champ_msgs/local/lib/python3.10/dist-packages/champ_msgs-0.1.0-py3.10.egg-info/SOURCES.txt
[6.782s] -- Up-to-date symlink: /home/azp/ros2_ws/install/champ_msgs/local/lib/python3.10/dist-packages/champ_msgs-0.1.0-py3.10.egg-info/dependency_links.txt
[6.783s] -- Up-to-date symlink: /home/azp/ros2_ws/install/champ_msgs/local/lib/python3.10/dist-packages/champ_msgs-0.1.0-py3.10.egg-info/top_level.txt
[6.784s] -- Up-to-date symlink: /home/azp/ros2_ws/install/champ_msgs/local/lib/python3.10/dist-packages/champ_msgs/__init__.py
[6.784s] -- Up-to-date symlink: /home/azp/ros2_ws/install/champ_msgs/local/lib/python3.10/dist-packages/champ_msgs/_champ_msgs_s.ep.rosidl_typesupport_c.c
[6.785s] -- Up-to-date symlink: /home/azp/ros2_ws/install/champ_msgs/local/lib/python3.10/dist-packages/champ_msgs/_champ_msgs_s.ep.rosidl_typesupport_fastrtps_c.c
[6.785s] -- Up-to-date symlink: /home/azp/ros2_ws/install/champ_msgs/local/lib/python3.10/dist-packages/champ_msgs/_champ_msgs_s.ep.rosidl_typesupport_introspection_c.c
[6.785s] -- Up-to-date symlink: /home/azp/ros2_ws/install/champ_msgs/local/lib/python3.10/dist-packages/champ_msgs/champ_msgs_s__rosidl_typesupport_c.cpython-310-x86_64-linux-gnu.so
[6.785s] -- Up-to-date symlink: /home/azp/ros2_ws/install/champ_msgs/local/lib/python3.10/dist-packages/champ_msgs/champ_msgs_s__rosidl_typesupport_fastrtps_c.cpython-310-x86_64-linux-gnu.so
[6.786s] -- Up-to-date symlink: /home/azp/ros2_ws/install/champ_msgs/local/lib/python3.10/dist-packages/champ_msgs/champ_msgs_s__rosidl_typesupport_introspection_c.cpython-310-x86_64-linux-gnu.so
[6.786s] -- Up-to-date symlink: /home/azp/ros2_ws/install/champ_msgs/local/lib/python3.10/dist-packages/champ_msgs/libchamp_msgs__rosidl_generator_py.so
[6.786s] -- Up-to-date symlink: /home/azp/ros2_ws/install/champ_msgs/local/lib/python3.10/dist-packages/champ_msgs/msg/__init__.py
[6.787s] -- Up-to-date symlink: /home/azp/ros2_ws/install/champ_msgs/local/lib/python3.10/dist-packages/champ_msgs/msg/_contacts.py
[6.787s] -- Up-to-date symlink: /home/azp/ros2_ws/install/champ_msgs/local/lib/python3.10/dist-packages/champ_msgs/msg/_contacts_s.c
[6.787s] -- Up-to-date symlink: /home/azp/ros2_ws/install/champ_msgs/local/lib/python3.10/dist-packages/champ_msgs/msg/_contacts_stamped.py
[6.788s] -- Up-to-date symlink: /home/azp/ros2_ws/install/champ_msgs/local/lib/python3.10/dist-packages/champ_msgs/msg/_contacts_stamped_s.c
[6.788s] -- Up-to-date symlink: /home/azp/ros2_ws/install/champ_msgs/local/lib/python3.10/dist-packages/champ_msgs/msg/_imu.py
[6.788s] -- Up-to-date symlink: /home/azp/ros2_ws/install/champ_msgs/local/lib/python3.10/dist-packages/champ_msgs/msg/_imu_s.c
[6.789s] -- Up-to-date symlink: /home/azp/ros2_ws/install/champ_msgs/local/lib/python3.10/dist-packages/champ_msgs/msg/_joints.py
[6.789s] -- Up-to-date symlink: /home/azp/ros2_ws/install/champ_msgs/local/lib/python3.10/dist-packages/champ_msgs/msg/_joints_s.c
[6.789s] -- Up-to-date symlink: /home/azp/ros2_ws/install/champ_msgs/local/lib/python3.10/dist-packages/champ_msgs/msg/_pid.py
[6.790s] -- Up-to-date symlink: /home/azp/ros2_ws/install/champ_msgs/local/lib/python3.10/dist-packages/champ_msgs/msg/_pid_s.c
[6.790s] -- Up-to-date symlink: /home/azp/ros2_ws/install/champ_msgs/local/lib/python3.10/dist-packages/champ_msgs/msg/_point.py
[6.790s] -- Up-to-date symlink: /home/azp/ros2_ws/install/champ_msgs/local/lib/python3.10/dist-packages/champ_msgs/msg/_point_array.py
[6.791s] -- Up-to-date symlink: /home/azp/ros2_ws/install/champ_msgs/local/lib/python3.10/dist-packages/champ_msgs/msg/_point_array_s.c
[6.791s] -- Up-to-date symlink: /home/azp/ros2_ws/install/champ_msgs/local/lib/python3.10/dist-packages/champ_msgs/msg/_point_s.c
[6.791s] -- Up-to-date symlink: /home/azp/ros2_ws/install/champ_msgs/local/lib/python3.10/dist-packages/champ_msgs/msg/_pose.py
[6.792s] -- Up-to-date symlink: /home/azp/ros2_ws/install/champ_msgs/local/lib/python3.10/dist-packages/champ_msgs/msg/_pose_s.c
[6.792s] -- Up-to-date symlink: /home/azp/ros2_ws/install/champ_msgs/local/lib/python3.10/dist-packages/champ_msgs/msg/_velocities.py
[6.792s] -- Up-to-date symlink: /home/azp/ros2_ws/install/champ_msgs/local/lib/python3.10/dist-packages/champ_msgs/msg/_velocities_s.c
[6.793s] -- Up-to-date symlink: /home/azp/ros2_ws/install/champ_msgs/local/lib/python3.10/dist-packages/champ_msgs/champ_msgs_s__rosidl_typesupport_fastrtps_c.cpython-310-x86_64-linux-gnu.so
[6.793s] -- Up-to-date symlink: /home/azp/ros2_ws/install/champ_msgs/local/lib/python3.10/dist-packages/champ_msgs/champ_msgs_s__rosidl_typesupport_introspection_c.cpython-310-x86_64-linux-gnu.so
[6.793s] -- Up-to-date symlink: /home/azp/ros2_ws/install/champ_msgs/local/lib/python3.10/dist-packages/champ_msgs/champ_msgs_s__rosidl_typesupport_c.cpython-310-x86_64-linux-gnu.so
[6.794s] -- Up-to-date symlink: /home/azp/ros2_ws/install/champ_msgs/share/champ_msgs/msg/Velocities.idl
[6.794s] -- Up-to-date symlink: /home/azp/ros2_ws/install/champ_msgs/share/champ_msgs/msg/PID.idl
[6.795s] -- Up-to-date symlink: /home/azp/ros2_ws/install/champ_msgs/share/champ_msgs/msg/Imu.idl
[6.795s] -- Up-to-date symlink: /home/azp/ros2_ws/install/champ_msgs/share/champ_msgs/msg/Point.idl
[6.795s] -- Up-to-date symlink: /home/azp/ros2_ws/install/champ_msgs/share/champ_msgs/msg/PointArray.idl
[6.796s] -- Up-to-date symlink: /home/azp/ros2_ws/install/champ_msgs/share/champ_msgs/msg/Joints.idl
[6.796s] -- Up-to-date symlink: /home/azp/ros2_ws/install/champ_msgs/share/champ_msgs/msg/Contacts.idl
[6.797s] -- Up-to-date symlink: /home/azp/ros2_ws/install/champ_msgs/share/champ_msgs/msg/ContactsStamped.idl
[6.797s] -- Up-to-date symlink: /home/azp/ros2_ws/install/champ_msgs/share/champ_msgs/msg/Pose.idl
[6.798s] -- Up-to-date symlink: /home/azp/ros2_ws/install/champ_msgs/share/champ_msgs/msg/Velocities.msg
[6.798s] -- Up-to-date symlink: /home/azp/ros2_ws/install/champ_msgs/share/champ_msgs/msg/PID.msg
[6.798s] -- Up-to-date symlink: /home/azp/ros2_ws/install/champ_msgs/share/champ_msgs/msg/Imu.msg
[6.799s] -- Up-to-date symlink: /home/azp/ros2_ws/install/champ_msgs/share/champ_msgs/msg/Point.msg
[6.799s] -- Up-to-date symlink: /home/azp/ros2_ws/install/champ_msgs/share/champ_msgs/msg/PointArray.msg
[6.800s] -- Up-to-date symlink: /home/azp/ros2_ws/install/champ_msgs/share/champ_msgs/msg/Joints.msg
[6.800s] -- Up-to-date symlink: /home/azp/ros2_ws/install/champ_msgs/share/champ_msgs/msg/Contacts.msg
[6.800s] -- Up-to-date symlink: /home/azp/ros2_ws/install/champ_msgs/share/champ_msgs/msg/ContactsStamped.msg
[6.801s] -- Up-to-date symlink: /home/azp/ros2_ws/install/champ_msgs/share/champ_msgs/msg/Pose.msg
[6.801s] -- Up-to-date symlink: /home/azp/ros2_ws/install/champ_msgs/share/ament_index/resource_index/package_run_dependencies/champ_msgs
[6.802s] -- Up-to-date symlink: /home/azp/ros2_ws/install/champ_msgs/share/ament_index/resource_index/parent_prefix_path/champ_msgs
[6.802s] -- Up-to-date symlink: /home/azp/ros2_ws/install/champ_msgs/share/champ_msgs/environment/ament_prefix_path.sh
[6.803s] -- Up-to-date symlink: /home/azp/ros2_ws/install/champ_msgs/share/champ_msgs/environment/ament_prefix_path.dsv
[6.803s] -- Up-to-date symlink: /home/azp/ros2_ws/install/champ_msgs/share/champ_msgs/environment/path.sh
[6.804s] -- Up-to-date symlink: /home/azp/ros2_ws/install/champ_msgs/share/champ_msgs/environment/path.dsv
[6.804s] -- Up-to-date symlink: /home/azp/ros2_ws/install/champ_msgs/share/champ_msgs/local_setup.bash
[6.805s] -- Up-to-date symlink: /home/azp/ros2_ws/install/champ_msgs/share/champ_msgs/local_setup.sh
[6.805s] -- Up-to-date symlink: /home/azp/ros2_ws/install/champ_msgs/share/champ_msgs/local_setup.zsh
[6.806s] -- Up-to-date symlink: /home/azp/ros2_ws/install/champ_msgs/share/champ_msgs/local_setup.dsv
[6.806s] -- Symlinking: /home/azp/ros2_ws/install/champ_msgs/share/champ_msgs/package.dsv
[6.818s] -- Up-to-date symlink: /home/azp/ros2_ws/install/champ_msgs/share/ament_index/resource_index/packages/champ_msgs
[6.819s] -- Up-to-date symlink: /home/azp/ros2_ws/install/champ_msgs/share/champ_msgs/cmake/rosidl_cmake-extras.cmake
[6.819s] -- Up-to-date symlink: /home/azp/ros2_ws/install/champ_msgs/share/champ_msgs/cmake/ament_cmake_export_dependencies-extras.cmake
[6.820s] -- Up-to-date symlink: /home/azp/ros2_ws/install/champ_msgs/share/champ_msgs/cmake/ament_cmake_export_include_directories-extras.cmake
[6.820s] -- Up-to-date symlink: /home/azp/ros2_ws/install/champ_msgs/share/champ_msgs/cmake/ament_cmake_export_libraries-extras.cmake
[6.820s] -- Up-to-date symlink: /home/azp/ros2_ws/install/champ_msgs/share/champ_msgs/cmake/ament_cmake_export_targets-extras.cmake
[6.821s] -- Up-to-date symlink: /home/azp/ros2_ws/install/champ_msgs/share/champ_msgs/cmake/rosidl_cmake_export_typesupport_targets-extras.cmake
[6.821s] -- Up-to-date symlink: /home/azp/ros2_ws/install/champ_msgs/share/champ_msgs/cmake/rosidl_cmake_export_typesupport_libraries-extras.cmake
[6.821s] -- Up-to-date symlink: /home/azp/ros2_ws/install/champ_msgs/share/champ_msgs/cmake/champ_msgsConfig.cmake
[6.822s] -- Up-to-date symlink: /home/azp/ros2_ws/install/champ_msgs/share/champ_msgs/cmake/champ_msgsConfig-version.cmake
[6.822s] -- Up-to-date symlink: /home/azp/ros2_ws/install/champ_msgs/share/champ_msgs/package.xml
[6.836s] -- Up-to-date: /home/azp/ros2_ws/install/champ_msgs/lib/libchamp_msgs__rosidl_generator_c.so
[6.837s] -- Up-to-date: /home/azp/ros2_ws/install/champ_msgs/lib/libchamp_msgs__rosidl_typesupport_fastrtps_c.so
[6.838s] -- Up-to-date: /home/azp/ros2_ws/install/champ_msgs/lib/libchamp_msgs__rosidl_typesupport_introspection_c.so
[6.850s] -- Up-to-date: /home/azp/ros2_ws/install/champ_msgs/lib/libchamp_msgs__rosidl_typesupport_c.so
[6.879s] -- Up-to-date: /home/azp/ros2_ws/install/champ_msgs/lib/libchamp_msgs__rosidl_typesupport_fastrtps_cpp.so
[6.890s] -- Up-to-date: /home/azp/ros2_ws/install/champ_msgs/lib/libchamp_msgs__rosidl_typesupport_introspection_cpp.so
[6.962s] -- Up-to-date: /home/azp/ros2_ws/install/champ_msgs/lib/libchamp_msgs__rosidl_typesupport_cpp.so
[7.108s] Listing '/home/azp/ros2_ws/install/champ_msgs/local/lib/python3.10/dist-packages/champ_msgs'...
[7.108s] Compiling '/home/azp/ros2_ws/install/champ_msgs/local/lib/python3.10/dist-packages/champ_msgs/__init__.py'...
[7.108s] Listing '/home/azp/ros2_ws/install/champ_msgs/local/lib/python3.10/dist-packages/champ_msgs/msg'...
[7.133s] -- Up-to-date: /home/azp/ros2_ws/install/champ_msgs/lib/libchamp_msgs__rosidl_generator_py.so
[7.134s] -- Up-to-date: /home/azp/ros2_ws/install/champ_msgs/share/champ_msgs/cmake/export_champ_msgs__rosidl_generator_cExport.cmake
[7.134s] -- Up-to-date: /home/azp/ros2_ws/install/champ_msgs/share/champ_msgs/cmake/export_champ_msgs__rosidl_generator_cExport-noconfig.cmake
[7.135s] -- Up-to-date: /home/azp/ros2_ws/install/champ_msgs/share/champ_msgs/cmake/export_champ_msgs__rosidl_typesupport_fastrtps_cExport.cmake
[7.135s] -- Up-to-date: /home/azp/ros2_ws/install/champ_msgs/share/champ_msgs/cmake/export_champ_msgs__rosidl_typesupport_fastrtps_cExport-noconfig.cmake
[7.135s] -- Up-to-date: /home/azp/ros2_ws/install/champ_msgs/share/champ_msgs/cmake/champ_msgs__rosidl_typesupport_introspection_cExport.cmake
[7.135s] -- Up-to-date: /home/azp/ros2_ws/install/champ_msgs/share/champ_msgs/cmake/champ_msgs__rosidl_typesupport_introspection_cExport-noconfig.cmake
[7.135s] -- Up-to-date: /home/azp/ros2_ws/install/champ_msgs/share/champ_msgs/cmake/champ_msgs__rosidl_typesupport_cExport.cmake
[7.136s] -- Up-to-date: /home/azp/ros2_ws/install/champ_msgs/share/champ_msgs/cmake/champ_msgs__rosidl_typesupport_cExport-noconfig.cmake
[7.136s] -- Up-to-date: /home/azp/ros2_ws/install/champ_msgs/share/champ_msgs/cmake/export_champ_msgs__rosidl_generator_cppExport.cmake
[7.136s] -- Up-to-date: /home/azp/ros2_ws/install/champ_msgs/share/champ_msgs/cmake/export_champ_msgs__rosidl_typesupport_fastrtps_cppExport.cmake
[7.136s] -- Up-to-date: /home/azp/ros2_ws/install/champ_msgs/share/champ_msgs/cmake/export_champ_msgs__rosidl_typesupport_fastrtps_cppExport-noconfig.cmake
[7.137s] -- Up-to-date: /home/azp/ros2_ws/install/champ_msgs/share/champ_msgs/cmake/champ_msgs__rosidl_typesupport_introspection_cppExport.cmake
[7.137s] -- Up-to-date: /home/azp/ros2_ws/install/champ_msgs/share/champ_msgs/cmake/champ_msgs__rosidl_typesupport_introspection_cppExport-noconfig.cmake
[7.137s] -- Up-to-date: /home/azp/ros2_ws/install/champ_msgs/share/champ_msgs/cmake/champ_msgs__rosidl_typesupport_cppExport.cmake
[7.137s] -- Up-to-date: /home/azp/ros2_ws/install/champ_msgs/share/champ_msgs/cmake/champ_msgs__rosidl_typesupport_cppExport-noconfig.cmake
[7.138s] -- Up-to-date: /home/azp/ros2_ws/install/champ_msgs/share/champ_msgs/cmake/export_champ_msgs__rosidl_generator_pyExport.cmake
[7.138s] -- Up-to-date: /home/azp/ros2_ws/install/champ_msgs/share/champ_msgs/cmake/export_champ_msgs__rosidl_generator_pyExport-noconfig.cmake
[7.143s] Invoked command in '/home/azp/ros2_ws/build/champ_msgs' returned '0': CMAKE_PREFIX_PATH=${CMAKE_PREFIX_PATH}:/opt/ros/humble /usr/bin/cmake --install /home/azp/ros2_ws/build/champ_msgs
