[0.016s] Invoking command in '/home/azp/ros2_ws/build/mini_pupper_gazebo': CMAKE_PREFIX_PATH=${CMAKE_PREFIX_PATH}:/opt/ros/humble /usr/bin/cmake /home/azp/ros2_ws/src/mini_pupper_ros/mini_pupper_gazebo -DAMENT_CMAKE_SYMLINK_INSTALL=1 -DCMAKE_INSTALL_PREFIX=/home/azp/ros2_ws/install/mini_pupper_gazebo
[0.156s] -- Found ament_cmake: 1.3.3 (/opt/ros/humble/share/ament_cmake/cmake)
[0.501s] -- Override CMake install command with custom implementation using symlinks instead of copying resources
[0.801s] -- Configuring done
[0.880s] -- Generating done
[0.883s] -- Build files have been written to: /home/azp/ros2_ws/build/mini_pupper_gazebo
[0.954s] Invoked command in '/home/azp/ros2_ws/build/mini_pupper_gazebo' returned '0': CMAKE_PREFIX_PATH=${CMAKE_PREFIX_PATH}:/opt/ros/humble /usr/bin/cmake /home/azp/ros2_ws/src/mini_pupper_ros/mini_pupper_gazebo -DAMENT_CMAKE_SYMLINK_INSTALL=1 -DCMAKE_INSTALL_PREFIX=/home/azp/ros2_ws/install/mini_pupper_gazebo
[0.966s] Invoking command in '/home/azp/ros2_ws/build/mini_pupper_gazebo': CMAKE_PREFIX_PATH=${CMAKE_PREFIX_PATH}:/opt/ros/humble /usr/bin/cmake --build /home/azp/ros2_ws/build/mini_pupper_gazebo -- -j4 -l4
[1.090s] Invoked command in '/home/azp/ros2_ws/build/mini_pupper_gazebo' returned '0': CMAKE_PREFIX_PATH=${CMAKE_PREFIX_PATH}:/opt/ros/humble /usr/bin/cmake --build /home/azp/ros2_ws/build/mini_pupper_gazebo -- -j4 -l4
[1.136s] Invoking command in '/home/azp/ros2_ws/build/mini_pupper_gazebo': CMAKE_PREFIX_PATH=${CMAKE_PREFIX_PATH}:/opt/ros/humble /usr/bin/cmake --install /home/azp/ros2_ws/build/mini_pupper_gazebo
[1.155s] -- Install configuration: ""
[1.155s] -- Execute custom install script
[1.155s] -- Up-to-date symlink: /home/azp/ros2_ws/install/mini_pupper_gazebo/share/mini_pupper_gazebo/launch/gazebo.launch.py
[1.155s] -- Up-to-date symlink: /home/azp/ros2_ws/install/mini_pupper_gazebo/share/mini_pupper_gazebo/worlds/default.world
[1.156s] -- Up-to-date symlink: /home/azp/ros2_ws/install/mini_pupper_gazebo/share/mini_pupper_gazebo/worlds/outdoor.world
[1.156s] -- Up-to-date symlink: /home/azp/ros2_ws/install/mini_pupper_gazebo/share/mini_pupper_gazebo/worlds/playground.world
[1.158s] -- Up-to-date symlink: /home/azp/ros2_ws/install/mini_pupper_gazebo/share/ament_index/resource_index/package_run_dependencies/mini_pupper_gazebo
[1.159s] -- Up-to-date symlink: /home/azp/ros2_ws/install/mini_pupper_gazebo/share/ament_index/resource_index/parent_prefix_path/mini_pupper_gazebo
[1.159s] -- Up-to-date symlink: /home/azp/ros2_ws/install/mini_pupper_gazebo/share/mini_pupper_gazebo/environment/ament_prefix_path.sh
[1.170s] -- Up-to-date symlink: /home/azp/ros2_ws/install/mini_pupper_gazebo/share/mini_pupper_gazebo/environment/ament_prefix_path.dsv
[1.170s] -- Up-to-date symlink: /home/azp/ros2_ws/install/mini_pupper_gazebo/share/mini_pupper_gazebo/environment/path.sh
[1.170s] -- Up-to-date symlink: /home/azp/ros2_ws/install/mini_pupper_gazebo/share/mini_pupper_gazebo/environment/path.dsv
[1.170s] -- Up-to-date symlink: /home/azp/ros2_ws/install/mini_pupper_gazebo/share/mini_pupper_gazebo/local_setup.bash
[1.170s] -- Up-to-date symlink: /home/azp/ros2_ws/install/mini_pupper_gazebo/share/mini_pupper_gazebo/local_setup.sh
[1.171s] -- Up-to-date symlink: /home/azp/ros2_ws/install/mini_pupper_gazebo/share/mini_pupper_gazebo/local_setup.zsh
[1.171s] -- Up-to-date symlink: /home/azp/ros2_ws/install/mini_pupper_gazebo/share/mini_pupper_gazebo/local_setup.dsv
[1.171s] -- Symlinking: /home/azp/ros2_ws/install/mini_pupper_gazebo/share/mini_pupper_gazebo/package.dsv
[1.180s] -- Up-to-date symlink: /home/azp/ros2_ws/install/mini_pupper_gazebo/share/ament_index/resource_index/packages/mini_pupper_gazebo
[1.180s] -- Up-to-date symlink: /home/azp/ros2_ws/install/mini_pupper_gazebo/share/mini_pupper_gazebo/cmake/mini_pupper_gazeboConfig.cmake
[1.181s] -- Up-to-date symlink: /home/azp/ros2_ws/install/mini_pupper_gazebo/share/mini_pupper_gazebo/cmake/mini_pupper_gazeboConfig-version.cmake
[1.181s] -- Up-to-date symlink: /home/azp/ros2_ws/install/mini_pupper_gazebo/share/mini_pupper_gazebo/package.xml
[1.191s] Invoked command in '/home/azp/ros2_ws/build/mini_pupper_gazebo' returned '0': CMAKE_PREFIX_PATH=${CMAKE_PREFIX_PATH}:/opt/ros/humble /usr/bin/cmake --install /home/azp/ros2_ws/build/mini_pupper_gazebo
