[0.051s] Invoking command in '/home/azp/ros2_ws/build/champ_teleop': CMAKE_PREFIX_PATH=${CMAKE_PREFIX_PATH}:/opt/ros/humble /usr/bin/cmake /home/azp/ros2_ws/src/champ/champ_teleop -DCMAKE_INSTALL_PREFIX=/home/azp/ros2_ws/install/champ_teleop
[0.120s] -- Found ament_cmake: 1.3.3 (/opt/ros/humble/share/ament_cmake/cmake)
[0.408s] -- Override CMake install command with custom implementation using symlinks instead of copying resources
[0.567s] -- Configuring done
[0.574s] -- Generating done
[0.576s] -- Build files have been written to: /home/azp/ros2_ws/build/champ_teleop
[0.580s] Invoked command in '/home/azp/ros2_ws/build/champ_teleop' returned '0': CMAKE_PREFIX_PATH=${CMAKE_PREFIX_PATH}:/opt/ros/humble /usr/bin/cmake /home/azp/ros2_ws/src/champ/champ_teleop -DCMAKE_INSTALL_PREFIX=/home/azp/ros2_ws/install/champ_teleop
[0.582s] Invoking command in '/home/azp/ros2_ws/build/champ_teleop': CMAKE_PREFIX_PATH=${CMAKE_PREFIX_PATH}:/opt/ros/humble /usr/bin/cmake --build /home/azp/ros2_ws/build/champ_teleop -- -j4 -l4
[0.660s] Invoked command in '/home/azp/ros2_ws/build/champ_teleop' returned '0': CMAKE_PREFIX_PATH=${CMAKE_PREFIX_PATH}:/opt/ros/humble /usr/bin/cmake --build /home/azp/ros2_ws/build/champ_teleop -- -j4 -l4
[0.711s] Invoking command in '/home/azp/ros2_ws/build/champ_teleop': CMAKE_PREFIX_PATH=${CMAKE_PREFIX_PATH}:/opt/ros/humble /usr/bin/cmake --install /home/azp/ros2_ws/build/champ_teleop
[0.728s] -- Install configuration: ""
[0.729s] -- Execute custom install script
[0.730s] -- Up-to-date symlink: /home/azp/ros2_ws/install/champ_teleop/share/champ_teleop/launch/teleop.launch.py
[0.730s] -- Up-to-date symlink: /home/azp/ros2_ws/install/champ_teleop/lib/champ_teleop/champ_teleop.py
[0.731s] -- Up-to-date symlink: /home/azp/ros2_ws/install/champ_teleop/share/ament_index/resource_index/package_run_dependencies/champ_teleop
[0.732s] -- Up-to-date symlink: /home/azp/ros2_ws/install/champ_teleop/share/ament_index/resource_index/parent_prefix_path/champ_teleop
[0.733s] -- Up-to-date symlink: /home/azp/ros2_ws/install/champ_teleop/share/champ_teleop/environment/ament_prefix_path.sh
[0.733s] -- Up-to-date symlink: /home/azp/ros2_ws/install/champ_teleop/share/champ_teleop/environment/ament_prefix_path.dsv
[0.734s] -- Up-to-date symlink: /home/azp/ros2_ws/install/champ_teleop/share/champ_teleop/environment/path.sh
[0.734s] -- Up-to-date symlink: /home/azp/ros2_ws/install/champ_teleop/share/champ_teleop/environment/path.dsv
[0.735s] -- Up-to-date symlink: /home/azp/ros2_ws/install/champ_teleop/share/champ_teleop/local_setup.bash
[0.735s] -- Up-to-date symlink: /home/azp/ros2_ws/install/champ_teleop/share/champ_teleop/local_setup.sh
[0.735s] -- Up-to-date symlink: /home/azp/ros2_ws/install/champ_teleop/share/champ_teleop/local_setup.zsh
[0.736s] -- Up-to-date symlink: /home/azp/ros2_ws/install/champ_teleop/share/champ_teleop/local_setup.dsv
[0.736s] -- Symlinking: /home/azp/ros2_ws/install/champ_teleop/share/champ_teleop/package.dsv
[0.751s] -- Up-to-date symlink: /home/azp/ros2_ws/install/champ_teleop/share/ament_index/resource_index/packages/champ_teleop
[0.752s] -- Up-to-date symlink: /home/azp/ros2_ws/install/champ_teleop/share/champ_teleop/cmake/champ_teleopConfig.cmake
[0.753s] -- Up-to-date symlink: /home/azp/ros2_ws/install/champ_teleop/share/champ_teleop/cmake/champ_teleopConfig-version.cmake
[0.753s] -- Up-to-date symlink: /home/azp/ros2_ws/install/champ_teleop/share/champ_teleop/package.xml
[0.762s] Invoked command in '/home/azp/ros2_ws/build/champ_teleop' returned '0': CMAKE_PREFIX_PATH=${CMAKE_PREFIX_PATH}:/opt/ros/humble /usr/bin/cmake --install /home/azp/ros2_ws/build/champ_teleop
