[35m[1mConsolidate compiler generated dependencies of target moving_robot[0m
[100%] Built target moving_robot
-- Install configuration: ""
-- Up-to-date: /home/azp/ROS2/workspace/install/moving_robot/lib/moving_robot/moving_robot
-- Up-to-date: /home/azp/ROS2/workspace/install/moving_robot/share/moving_robot/launch
-- Up-to-date: /home/azp/ROS2/workspace/install/moving_robot/share/moving_robot/launch/basic_mobile_bot_v1.launch.py
-- Up-to-date: /home/azp/ROS2/workspace/install/moving_robot/share/moving_robot/launch/moving.launch.py
-- Up-to-date: /home/azp/ROS2/workspace/install/moving_robot/share/moving_robot/models
-- Up-to-date: /home/azp/ROS2/workspace/install/moving_robot/share/moving_robot/models/basic_mobile_bot_description
-- Up-to-date: /home/azp/ROS2/workspace/install/moving_robot/share/moving_robot/models/basic_mobile_bot_description/model.sdf
-- Up-to-date: /home/azp/ROS2/workspace/install/moving_robot/share/moving_robot/models/basic_mobile_bot_description/model.config
-- Up-to-date: /home/azp/ROS2/workspace/install/moving_robot/share/moving_robot/models/basic_mobile_bot_description/meshes
-- Up-to-date: /home/azp/ROS2/workspace/install/moving_robot/share/moving_robot/models/basic_mobile_bot_description/meshes/wrist.stl
-- Up-to-date: /home/azp/ROS2/workspace/install/moving_robot/share/moving_robot/models/basic_mobile_bot_description/meshes/elbow.stl
-- Up-to-date: /home/azp/ROS2/workspace/install/moving_robot/share/moving_robot/models/basic_mobile_bot_description/meshes/robot_base.stl
-- Up-to-date: /home/azp/ROS2/workspace/install/moving_robot/share/moving_robot/models/basic_mobile_bot_description/meshes/wheel.stl
-- Up-to-date: /home/azp/ROS2/workspace/install/moving_robot/share/moving_robot/models/basic_mobile_bot_v1.urdf
-- Up-to-date: /home/azp/ROS2/workspace/install/moving_robot/share/moving_robot/meshes
-- Up-to-date: /home/azp/ROS2/workspace/install/moving_robot/share/moving_robot/meshes/wrist.stl
-- Up-to-date: /home/azp/ROS2/workspace/install/moving_robot/share/moving_robot/meshes/elbow.stl
-- Up-to-date: /home/azp/ROS2/workspace/install/moving_robot/share/moving_robot/meshes/robot_base.stl
-- Up-to-date: /home/azp/ROS2/workspace/install/moving_robot/share/moving_robot/meshes/wheel.stl
-- Up-to-date: /home/azp/ROS2/workspace/install/moving_robot/share/ament_index/resource_index/package_run_dependencies/moving_robot
-- Up-to-date: /home/azp/ROS2/workspace/install/moving_robot/share/ament_index/resource_index/parent_prefix_path/moving_robot
-- Up-to-date: /home/azp/ROS2/workspace/install/moving_robot/share/moving_robot/environment/ament_prefix_path.sh
-- Up-to-date: /home/azp/ROS2/workspace/install/moving_robot/share/moving_robot/environment/ament_prefix_path.dsv
-- Up-to-date: /home/azp/ROS2/workspace/install/moving_robot/share/moving_robot/environment/path.sh
-- Up-to-date: /home/azp/ROS2/workspace/install/moving_robot/share/moving_robot/environment/path.dsv
-- Up-to-date: /home/azp/ROS2/workspace/install/moving_robot/share/moving_robot/local_setup.bash
-- Up-to-date: /home/azp/ROS2/workspace/install/moving_robot/share/moving_robot/local_setup.sh
-- Up-to-date: /home/azp/ROS2/workspace/install/moving_robot/share/moving_robot/local_setup.zsh
-- Up-to-date: /home/azp/ROS2/workspace/install/moving_robot/share/moving_robot/local_setup.dsv
-- Installing: /home/azp/ROS2/workspace/install/moving_robot/share/moving_robot/package.dsv
-- Up-to-date: /home/azp/ROS2/workspace/install/moving_robot/share/ament_index/resource_index/packages/moving_robot
-- Up-to-date: /home/azp/ROS2/workspace/install/moving_robot/share/moving_robot/cmake/moving_robotConfig.cmake
-- Up-to-date: /home/azp/ROS2/workspace/install/moving_robot/share/moving_robot/cmake/moving_robotConfig-version.cmake
-- Up-to-date: /home/azp/ROS2/workspace/install/moving_robot/share/moving_robot/package.xml
