[0.058s] Invoking command in '/home/azp/ROS2/workspace/build/moving_robot': CMAKE_PREFIX_PATH=${CMAKE_PREFIX_PATH}:/opt/ros/humble /usr/bin/cmake --build /home/azp/ROS2/workspace/build/moving_robot -- -j4 -l4
[0.206s] [35m[1mConsolidate compiler generated dependencies of target moving_robot[0m
[0.276s] [100%] Built target moving_robot
[0.330s] Invoked command in '/home/azp/ROS2/workspace/build/moving_robot' returned '0': CMAKE_PREFIX_PATH=${CMAKE_PREFIX_PATH}:/opt/ros/humble /usr/bin/cmake --build /home/azp/ROS2/workspace/build/moving_robot -- -j4 -l4
[0.449s] Invoking command in '/home/azp/ROS2/workspace/build/moving_robot': CMAKE_PREFIX_PATH=${CMAKE_PREFIX_PATH}:/opt/ros/humble /usr/bin/cmake --install /home/azp/ROS2/workspace/build/moving_robot
[0.473s] -- Install configuration: ""
[0.474s] -- Up-to-date: /home/azp/ROS2/workspace/install/moving_robot/lib/moving_robot/moving_robot
[0.474s] -- Up-to-date: /home/azp/ROS2/workspace/install/moving_robot/share/moving_robot/launch
[0.475s] -- Up-to-date: /home/azp/ROS2/workspace/install/moving_robot/share/moving_robot/launch/basic_mobile_bot_v1.launch.py
[0.475s] -- Up-to-date: /home/azp/ROS2/workspace/install/moving_robot/share/moving_robot/launch/moving.launch.py
[0.475s] -- Up-to-date: /home/azp/ROS2/workspace/install/moving_robot/share/moving_robot/models
[0.475s] -- Up-to-date: /home/azp/ROS2/workspace/install/moving_robot/share/moving_robot/models/basic_mobile_bot_description
[0.476s] -- Up-to-date: /home/azp/ROS2/workspace/install/moving_robot/share/moving_robot/models/basic_mobile_bot_description/model.sdf
[0.476s] -- Up-to-date: /home/azp/ROS2/workspace/install/moving_robot/share/moving_robot/models/basic_mobile_bot_description/model.config
[0.476s] -- Up-to-date: /home/azp/ROS2/workspace/install/moving_robot/share/moving_robot/models/basic_mobile_bot_description/meshes
[0.477s] -- Up-to-date: /home/azp/ROS2/workspace/install/moving_robot/share/moving_robot/models/basic_mobile_bot_description/meshes/wrist.stl
[0.477s] -- Up-to-date: /home/azp/ROS2/workspace/install/moving_robot/share/moving_robot/models/basic_mobile_bot_description/meshes/elbow.stl
[0.477s] -- Up-to-date: /home/azp/ROS2/workspace/install/moving_robot/share/moving_robot/models/basic_mobile_bot_description/meshes/robot_base.stl
[0.477s] -- Up-to-date: /home/azp/ROS2/workspace/install/moving_robot/share/moving_robot/models/basic_mobile_bot_description/meshes/wheel.stl
[0.477s] -- Up-to-date: /home/azp/ROS2/workspace/install/moving_robot/share/moving_robot/models/basic_mobile_bot_v1.urdf
[0.478s] -- Up-to-date: /home/azp/ROS2/workspace/install/moving_robot/share/moving_robot/meshes
[0.478s] -- Up-to-date: /home/azp/ROS2/workspace/install/moving_robot/share/moving_robot/meshes/wrist.stl
[0.478s] -- Up-to-date: /home/azp/ROS2/workspace/install/moving_robot/share/moving_robot/meshes/elbow.stl
[0.478s] -- Up-to-date: /home/azp/ROS2/workspace/install/moving_robot/share/moving_robot/meshes/robot_base.stl
[0.478s] -- Up-to-date: /home/azp/ROS2/workspace/install/moving_robot/share/moving_robot/meshes/wheel.stl
[0.478s] -- Up-to-date: /home/azp/ROS2/workspace/install/moving_robot/share/ament_index/resource_index/package_run_dependencies/moving_robot
[0.478s] -- Up-to-date: /home/azp/ROS2/workspace/install/moving_robot/share/ament_index/resource_index/parent_prefix_path/moving_robot
[0.479s] -- Up-to-date: /home/azp/ROS2/workspace/install/moving_robot/share/moving_robot/environment/ament_prefix_path.sh
[0.497s] -- Up-to-date: /home/azp/ROS2/workspace/install/moving_robot/share/moving_robot/environment/ament_prefix_path.dsv
[0.497s] -- Up-to-date: /home/azp/ROS2/workspace/install/moving_robot/share/moving_robot/environment/path.sh
[0.497s] -- Up-to-date: /home/azp/ROS2/workspace/install/moving_robot/share/moving_robot/environment/path.dsv
[0.497s] -- Up-to-date: /home/azp/ROS2/workspace/install/moving_robot/share/moving_robot/local_setup.bash
[0.497s] -- Up-to-date: /home/azp/ROS2/workspace/install/moving_robot/share/moving_robot/local_setup.sh
[0.497s] -- Up-to-date: /home/azp/ROS2/workspace/install/moving_robot/share/moving_robot/local_setup.zsh
[0.498s] -- Up-to-date: /home/azp/ROS2/workspace/install/moving_robot/share/moving_robot/local_setup.dsv
[0.498s] -- Installing: /home/azp/ROS2/workspace/install/moving_robot/share/moving_robot/package.dsv
[0.498s] -- Up-to-date: /home/azp/ROS2/workspace/install/moving_robot/share/ament_index/resource_index/packages/moving_robot
[0.498s] -- Up-to-date: /home/azp/ROS2/workspace/install/moving_robot/share/moving_robot/cmake/moving_robotConfig.cmake
[0.498s] -- Up-to-date: /home/azp/ROS2/workspace/install/moving_robot/share/moving_robot/cmake/moving_robotConfig-version.cmake
[0.498s] -- Up-to-date: /home/azp/ROS2/workspace/install/moving_robot/share/moving_robot/package.xml
[0.499s] Invoked command in '/home/azp/ROS2/workspace/build/moving_robot' returned '0': CMAKE_PREFIX_PATH=${CMAKE_PREFIX_PATH}:/opt/ros/humble /usr/bin/cmake --install /home/azp/ROS2/workspace/build/moving_robot
