[1.846s] DEBUG:colcon:Command line arguments: ['/usr/bin/colcon', 'list', '-p', '--base-paths', '/home/azp/ros2_ws']
[1.846s] DEBUG:colcon:Parsed command line arguments: Namespace(log_base=None, log_level=None, verb_name='list', build_base='build', ignore_user_meta=False, metas=['./colcon.meta'], base_paths=['/home/azp/ros2_ws'], packages_ignore=None, packages_ignore_regex=None, paths=None, packages_up_to=None, packages_up_to_regex=None, packages_above=None, packages_above_and_dependencies=None, packages_above_depth=None, packages_select_by_dep=None, packages_skip_by_dep=None, packages_skip_up_to=None, packages_select_build_failed=False, packages_skip_build_finished=False, packages_select_test_failures=False, packages_skip_test_passed=False, packages_select=None, packages_skip=None, packages_select_regex=None, packages_skip_regex=None, packages_start=None, packages_end=None, allow_overriding=[], topological_order=False, names_only=False, paths_only=True, topological_graph=False, topological_graph_dot=False, topological_graph_density=False, topological_graph_legend=False, topological_graph_dot_cluster=False, topological_graph_dot_include_skipped=False, verb_parser=<colcon_defaults.argument_parser.defaults.DefaultArgumentsDecorator object at 0x7fcf74a7e5f0>, verb_extension=<colcon_package_information.verb.list.ListVerb object at 0x7fcf74c86350>, main=<bound method ListVerb.main of <colcon_package_information.verb.list.ListVerb object at 0x7fcf74c86350>>)
[1.985s] Level 1:colcon.colcon_core.package_discovery:discover_packages(colcon_meta) check parameters
[1.986s] Level 1:colcon.colcon_core.package_discovery:discover_packages(recursive) check parameters
[1.986s] Level 1:colcon.colcon_core.package_discovery:discover_packages(ignore) check parameters
[1.986s] Level 1:colcon.colcon_core.package_discovery:discover_packages(path) check parameters
[1.986s] Level 1:colcon.colcon_core.package_discovery:discover_packages(recursive) discover
[1.986s] INFO:colcon.colcon_core.package_discovery:Crawling recursively for packages in '/home/azp/ros2_ws'
[1.987s] Level 1:colcon.colcon_core.package_identification:_identify(/home/azp/ros2_ws) by extensions ['ignore', 'ignore_ament_install']
[1.987s] Level 1:colcon.colcon_core.package_identification:_identify(/home/azp/ros2_ws) by extension 'ignore'
[1.988s] Level 1:colcon.colcon_core.package_identification:_identify(/home/azp/ros2_ws) by extension 'ignore_ament_install'
[1.988s] Level 1:colcon.colcon_core.package_identification:_identify(/home/azp/ros2_ws) by extensions ['colcon_pkg']
[1.988s] Level 1:colcon.colcon_core.package_identification:_identify(/home/azp/ros2_ws) by extension 'colcon_pkg'
[1.988s] Level 1:colcon.colcon_core.package_identification:_identify(/home/azp/ros2_ws) by extensions ['colcon_meta']
[1.988s] Level 1:colcon.colcon_core.package_identification:_identify(/home/azp/ros2_ws) by extension 'colcon_meta'
[1.989s] Level 1:colcon.colcon_core.package_identification:_identify(/home/azp/ros2_ws) by extensions ['ros']
[1.989s] Level 1:colcon.colcon_core.package_identification:_identify(/home/azp/ros2_ws) by extension 'ros'
[2.078s] Level 1:colcon.colcon_core.package_identification:_identify(/home/azp/ros2_ws) by extensions ['cmake', 'python']
[2.079s] Level 1:colcon.colcon_core.package_identification:_identify(/home/azp/ros2_ws) by extension 'cmake'
[2.079s] Level 1:colcon.colcon_core.package_identification:_identify(/home/azp/ros2_ws) by extension 'python'
[2.079s] Level 1:colcon.colcon_core.package_identification:_identify(/home/azp/ros2_ws) by extensions ['python_setup_py']
[2.079s] Level 1:colcon.colcon_core.package_identification:_identify(/home/azp/ros2_ws) by extension 'python_setup_py'
[2.079s] Level 1:colcon.colcon_core.package_identification:_identify(/home/azp/ros2_ws/build) by extensions ['ignore', 'ignore_ament_install']
[2.079s] Level 1:colcon.colcon_core.package_identification:_identify(/home/azp/ros2_ws/build) by extension 'ignore'
[2.079s] Level 1:colcon.colcon_core.package_identification:_identify(/home/azp/ros2_ws/build) ignored
[2.080s] Level 1:colcon.colcon_core.package_identification:_identify(/home/azp/ros2_ws/install) by extensions ['ignore', 'ignore_ament_install']
[2.080s] Level 1:colcon.colcon_core.package_identification:_identify(/home/azp/ros2_ws/install) by extension 'ignore'
[2.080s] Level 1:colcon.colcon_core.package_identification:_identify(/home/azp/ros2_ws/install) ignored
[2.086s] Level 1:colcon.colcon_core.package_identification:_identify(/home/azp/ros2_ws/log) by extensions ['ignore', 'ignore_ament_install']
[2.086s] Level 1:colcon.colcon_core.package_identification:_identify(/home/azp/ros2_ws/log) by extension 'ignore'
[2.087s] Level 1:colcon.colcon_core.package_identification:_identify(/home/azp/ros2_ws/log) ignored
[2.087s] Level 1:colcon.colcon_core.package_identification:_identify(/home/azp/ros2_ws/src) by extensions ['ignore', 'ignore_ament_install']
[2.088s] Level 1:colcon.colcon_core.package_identification:_identify(/home/azp/ros2_ws/src) by extension 'ignore'
[2.088s] Level 1:colcon.colcon_core.package_identification:_identify(/home/azp/ros2_ws/src) by extension 'ignore_ament_install'
[2.090s] Level 1:colcon.colcon_core.package_identification:_identify(/home/azp/ros2_ws/src) by extensions ['colcon_pkg']
[2.091s] Level 1:colcon.colcon_core.package_identification:_identify(/home/azp/ros2_ws/src) by extension 'colcon_pkg'
[2.091s] Level 1:colcon.colcon_core.package_identification:_identify(/home/azp/ros2_ws/src) by extensions ['colcon_meta']
[2.091s] Level 1:colcon.colcon_core.package_identification:_identify(/home/azp/ros2_ws/src) by extension 'colcon_meta'
[2.091s] Level 1:colcon.colcon_core.package_identification:_identify(/home/azp/ros2_ws/src) by extensions ['ros']
[2.091s] Level 1:colcon.colcon_core.package_identification:_identify(/home/azp/ros2_ws/src) by extension 'ros'
[2.091s] Level 1:colcon.colcon_core.package_identification:_identify(/home/azp/ros2_ws/src) by extensions ['cmake', 'python']
[2.091s] Level 1:colcon.colcon_core.package_identification:_identify(/home/azp/ros2_ws/src) by extension 'cmake'
[2.092s] Level 1:colcon.colcon_core.package_identification:_identify(/home/azp/ros2_ws/src) by extension 'python'
[2.092s] Level 1:colcon.colcon_core.package_identification:_identify(/home/azp/ros2_ws/src) by extensions ['python_setup_py']
[2.092s] Level 1:colcon.colcon_core.package_identification:_identify(/home/azp/ros2_ws/src) by extension 'python_setup_py'
[2.093s] Level 1:colcon.colcon_core.package_identification:_identify(/home/azp/ros2_ws/src/champ) by extensions ['ignore', 'ignore_ament_install']
[2.093s] Level 1:colcon.colcon_core.package_identification:_identify(/home/azp/ros2_ws/src/champ) by extension 'ignore'
[2.093s] Level 1:colcon.colcon_core.package_identification:_identify(/home/azp/ros2_ws/src/champ) by extension 'ignore_ament_install'
[2.093s] Level 1:colcon.colcon_core.package_identification:_identify(/home/azp/ros2_ws/src/champ) by extensions ['colcon_pkg']
[2.093s] Level 1:colcon.colcon_core.package_identification:_identify(/home/azp/ros2_ws/src/champ) by extension 'colcon_pkg'
[2.093s] Level 1:colcon.colcon_core.package_identification:_identify(/home/azp/ros2_ws/src/champ) by extensions ['colcon_meta']
[2.093s] Level 1:colcon.colcon_core.package_identification:_identify(/home/azp/ros2_ws/src/champ) by extension 'colcon_meta'
[2.093s] Level 1:colcon.colcon_core.package_identification:_identify(/home/azp/ros2_ws/src/champ) by extensions ['ros']
[2.094s] Level 1:colcon.colcon_core.package_identification:_identify(/home/azp/ros2_ws/src/champ) by extension 'ros'
[2.096s] Level 1:colcon.colcon_core.package_identification:_identify(/home/azp/ros2_ws/src/champ) by extensions ['cmake', 'python']
[2.096s] Level 1:colcon.colcon_core.package_identification:_identify(/home/azp/ros2_ws/src/champ) by extension 'cmake'
[2.096s] Level 1:colcon.colcon_core.package_identification:_identify(/home/azp/ros2_ws/src/champ) by extension 'python'
[2.096s] Level 1:colcon.colcon_core.package_identification:_identify(/home/azp/ros2_ws/src/champ) by extensions ['python_setup_py']
[2.096s] Level 1:colcon.colcon_core.package_identification:_identify(/home/azp/ros2_ws/src/champ) by extension 'python_setup_py'
[2.097s] Level 1:colcon.colcon_core.package_identification:_identify(/home/azp/ros2_ws/src/champ/champ) by extensions ['ignore', 'ignore_ament_install']
[2.097s] Level 1:colcon.colcon_core.package_identification:_identify(/home/azp/ros2_ws/src/champ/champ) by extension 'ignore'
[2.097s] Level 1:colcon.colcon_core.package_identification:_identify(/home/azp/ros2_ws/src/champ/champ) by extension 'ignore_ament_install'
[2.097s] Level 1:colcon.colcon_core.package_identification:_identify(/home/azp/ros2_ws/src/champ/champ) by extensions ['colcon_pkg']
[2.097s] Level 1:colcon.colcon_core.package_identification:_identify(/home/azp/ros2_ws/src/champ/champ) by extension 'colcon_pkg'
[2.097s] Level 1:colcon.colcon_core.package_identification:_identify(/home/azp/ros2_ws/src/champ/champ) by extensions ['colcon_meta']
[2.097s] Level 1:colcon.colcon_core.package_identification:_identify(/home/azp/ros2_ws/src/champ/champ) by extension 'colcon_meta'
[2.097s] Level 1:colcon.colcon_core.package_identification:_identify(/home/azp/ros2_ws/src/champ/champ) by extensions ['ros']
[2.097s] Level 1:colcon.colcon_core.package_identification:_identify(/home/azp/ros2_ws/src/champ/champ) by extension 'ros'
[2.097s] Level 1:colcon.colcon_core.package_identification:_identify(/home/azp/ros2_ws/src/champ/champ) by extensions ['cmake', 'python']
[2.098s] Level 1:colcon.colcon_core.package_identification:_identify(/home/azp/ros2_ws/src/champ/champ) by extension 'cmake'
[2.098s] Level 1:colcon.colcon_core.package_identification:_identify(/home/azp/ros2_ws/src/champ/champ) by extension 'python'
[2.098s] Level 1:colcon.colcon_core.package_identification:_identify(/home/azp/ros2_ws/src/champ/champ) by extensions ['python_setup_py']
[2.098s] Level 1:colcon.colcon_core.package_identification:_identify(/home/azp/ros2_ws/src/champ/champ) by extension 'python_setup_py'
[2.098s] Level 1:colcon.colcon_core.package_identification:_identify(/home/azp/ros2_ws/src/champ/champ/champ) by extensions ['ignore', 'ignore_ament_install']
[2.098s] Level 1:colcon.colcon_core.package_identification:_identify(/home/azp/ros2_ws/src/champ/champ/champ) by extension 'ignore'
[2.098s] Level 1:colcon.colcon_core.package_identification:_identify(/home/azp/ros2_ws/src/champ/champ/champ) by extension 'ignore_ament_install'
[2.098s] Level 1:colcon.colcon_core.package_identification:_identify(/home/azp/ros2_ws/src/champ/champ/champ) by extensions ['colcon_pkg']
[2.099s] Level 1:colcon.colcon_core.package_identification:_identify(/home/azp/ros2_ws/src/champ/champ/champ) by extension 'colcon_pkg'
[2.099s] Level 1:colcon.colcon_core.package_identification:_identify(/home/azp/ros2_ws/src/champ/champ/champ) by extensions ['colcon_meta']
[2.099s] Level 1:colcon.colcon_core.package_identification:_identify(/home/azp/ros2_ws/src/champ/champ/champ) by extension 'colcon_meta'
[2.106s] Level 1:colcon.colcon_core.package_identification:_identify(/home/azp/ros2_ws/src/champ/champ/champ) by extensions ['ros']
[2.106s] Level 1:colcon.colcon_core.package_identification:_identify(/home/azp/ros2_ws/src/champ/champ/champ) by extension 'ros'
[2.115s] DEBUG:colcon.colcon_core.package_identification:Package '/home/azp/ros2_ws/src/champ/champ/champ' with type 'ros.ament_cmake' and name 'champ'
[2.116s] Level 1:colcon.colcon_core.package_identification:_identify(/home/azp/ros2_ws/src/champ/champ/champ_base) by extensions ['ignore', 'ignore_ament_install']
[2.116s] Level 1:colcon.colcon_core.package_identification:_identify(/home/azp/ros2_ws/src/champ/champ/champ_base) by extension 'ignore'
[2.116s] Level 1:colcon.colcon_core.package_identification:_identify(/home/azp/ros2_ws/src/champ/champ/champ_base) by extension 'ignore_ament_install'
[2.116s] Level 1:colcon.colcon_core.package_identification:_identify(/home/azp/ros2_ws/src/champ/champ/champ_base) by extensions ['colcon_pkg']
[2.116s] Level 1:colcon.colcon_core.package_identification:_identify(/home/azp/ros2_ws/src/champ/champ/champ_base) by extension 'colcon_pkg'
[2.117s] Level 1:colcon.colcon_core.package_identification:_identify(/home/azp/ros2_ws/src/champ/champ/champ_base) by extensions ['colcon_meta']
[2.117s] Level 1:colcon.colcon_core.package_identification:_identify(/home/azp/ros2_ws/src/champ/champ/champ_base) by extension 'colcon_meta'
[2.117s] Level 1:colcon.colcon_core.package_identification:_identify(/home/azp/ros2_ws/src/champ/champ/champ_base) by extensions ['ros']
[2.117s] Level 1:colcon.colcon_core.package_identification:_identify(/home/azp/ros2_ws/src/champ/champ/champ_base) by extension 'ros'
[2.122s] DEBUG:colcon.colcon_core.package_identification:Package '/home/azp/ros2_ws/src/champ/champ/champ_base' with type 'ros.ament_cmake' and name 'champ_base'
[2.122s] Level 1:colcon.colcon_core.package_identification:_identify(/home/azp/ros2_ws/src/champ/champ/champ_bringup) by extensions ['ignore', 'ignore_ament_install']
[2.122s] Level 1:colcon.colcon_core.package_identification:_identify(/home/azp/ros2_ws/src/champ/champ/champ_bringup) by extension 'ignore'
[2.123s] Level 1:colcon.colcon_core.package_identification:_identify(/home/azp/ros2_ws/src/champ/champ/champ_bringup) by extension 'ignore_ament_install'
[2.123s] Level 1:colcon.colcon_core.package_identification:_identify(/home/azp/ros2_ws/src/champ/champ/champ_bringup) by extensions ['colcon_pkg']
[2.123s] Level 1:colcon.colcon_core.package_identification:_identify(/home/azp/ros2_ws/src/champ/champ/champ_bringup) by extension 'colcon_pkg'
[2.123s] Level 1:colcon.colcon_core.package_identification:_identify(/home/azp/ros2_ws/src/champ/champ/champ_bringup) by extensions ['colcon_meta']
[2.123s] Level 1:colcon.colcon_core.package_identification:_identify(/home/azp/ros2_ws/src/champ/champ/champ_bringup) by extension 'colcon_meta'
[2.123s] Level 1:colcon.colcon_core.package_identification:_identify(/home/azp/ros2_ws/src/champ/champ/champ_bringup) by extensions ['ros']
[2.123s] Level 1:colcon.colcon_core.package_identification:_identify(/home/azp/ros2_ws/src/champ/champ/champ_bringup) by extension 'ros'
[2.125s] DEBUG:colcon.colcon_core.package_identification:Package '/home/azp/ros2_ws/src/champ/champ/champ_bringup' with type 'ros.ament_cmake' and name 'champ_bringup'
[2.125s] Level 1:colcon.colcon_core.package_identification:_identify(/home/azp/ros2_ws/src/champ/champ/champ_config) by extensions ['ignore', 'ignore_ament_install']
[2.125s] Level 1:colcon.colcon_core.package_identification:_identify(/home/azp/ros2_ws/src/champ/champ/champ_config) by extension 'ignore'
[2.133s] Level 1:colcon.colcon_core.package_identification:_identify(/home/azp/ros2_ws/src/champ/champ/champ_config) by extension 'ignore_ament_install'
[2.133s] Level 1:colcon.colcon_core.package_identification:_identify(/home/azp/ros2_ws/src/champ/champ/champ_config) by extensions ['colcon_pkg']
[2.133s] Level 1:colcon.colcon_core.package_identification:_identify(/home/azp/ros2_ws/src/champ/champ/champ_config) by extension 'colcon_pkg'
[2.134s] Level 1:colcon.colcon_core.package_identification:_identify(/home/azp/ros2_ws/src/champ/champ/champ_config) by extensions ['colcon_meta']
[2.134s] Level 1:colcon.colcon_core.package_identification:_identify(/home/azp/ros2_ws/src/champ/champ/champ_config) by extension 'colcon_meta'
[2.134s] Level 1:colcon.colcon_core.package_identification:_identify(/home/azp/ros2_ws/src/champ/champ/champ_config) by extensions ['ros']
[2.134s] Level 1:colcon.colcon_core.package_identification:_identify(/home/azp/ros2_ws/src/champ/champ/champ_config) by extension 'ros'
[2.141s] DEBUG:colcon.colcon_core.package_identification:Package '/home/azp/ros2_ws/src/champ/champ/champ_config' with type 'ros.ament_cmake' and name 'champ_config'
[2.141s] Level 1:colcon.colcon_core.package_identification:_identify(/home/azp/ros2_ws/src/champ/champ/champ_description) by extensions ['ignore', 'ignore_ament_install']
[2.141s] Level 1:colcon.colcon_core.package_identification:_identify(/home/azp/ros2_ws/src/champ/champ/champ_description) by extension 'ignore'
[2.141s] Level 1:colcon.colcon_core.package_identification:_identify(/home/azp/ros2_ws/src/champ/champ/champ_description) by extension 'ignore_ament_install'
[2.142s] Level 1:colcon.colcon_core.package_identification:_identify(/home/azp/ros2_ws/src/champ/champ/champ_description) by extensions ['colcon_pkg']
[2.142s] Level 1:colcon.colcon_core.package_identification:_identify(/home/azp/ros2_ws/src/champ/champ/champ_description) by extension 'colcon_pkg'
[2.142s] Level 1:colcon.colcon_core.package_identification:_identify(/home/azp/ros2_ws/src/champ/champ/champ_description) by extensions ['colcon_meta']
[2.142s] Level 1:colcon.colcon_core.package_identification:_identify(/home/azp/ros2_ws/src/champ/champ/champ_description) by extension 'colcon_meta'
[2.142s] Level 1:colcon.colcon_core.package_identification:_identify(/home/azp/ros2_ws/src/champ/champ/champ_description) by extensions ['ros']
[2.142s] Level 1:colcon.colcon_core.package_identification:_identify(/home/azp/ros2_ws/src/champ/champ/champ_description) by extension 'ros'
[2.143s] DEBUG:colcon.colcon_core.package_identification:Package '/home/azp/ros2_ws/src/champ/champ/champ_description' with type 'ros.ament_cmake' and name 'champ_description'
[2.144s] Level 1:colcon.colcon_core.package_identification:_identify(/home/azp/ros2_ws/src/champ/champ/champ_gazebo) by extensions ['ignore', 'ignore_ament_install']
[2.144s] Level 1:colcon.colcon_core.package_identification:_identify(/home/azp/ros2_ws/src/champ/champ/champ_gazebo) by extension 'ignore'
[2.144s] Level 1:colcon.colcon_core.package_identification:_identify(/home/azp/ros2_ws/src/champ/champ/champ_gazebo) by extension 'ignore_ament_install'
[2.144s] Level 1:colcon.colcon_core.package_identification:_identify(/home/azp/ros2_ws/src/champ/champ/champ_gazebo) by extensions ['colcon_pkg']
[2.144s] Level 1:colcon.colcon_core.package_identification:_identify(/home/azp/ros2_ws/src/champ/champ/champ_gazebo) by extension 'colcon_pkg'
[2.144s] Level 1:colcon.colcon_core.package_identification:_identify(/home/azp/ros2_ws/src/champ/champ/champ_gazebo) by extensions ['colcon_meta']
[2.144s] Level 1:colcon.colcon_core.package_identification:_identify(/home/azp/ros2_ws/src/champ/champ/champ_gazebo) by extension 'colcon_meta'
[2.144s] Level 1:colcon.colcon_core.package_identification:_identify(/home/azp/ros2_ws/src/champ/champ/champ_gazebo) by extensions ['ros']
[2.144s] Level 1:colcon.colcon_core.package_identification:_identify(/home/azp/ros2_ws/src/champ/champ/champ_gazebo) by extension 'ros'
[2.152s] DEBUG:colcon.colcon_core.package_identification:Package '/home/azp/ros2_ws/src/champ/champ/champ_gazebo' with type 'ros.ament_cmake' and name 'champ_gazebo'
[2.152s] Level 1:colcon.colcon_core.package_identification:_identify(/home/azp/ros2_ws/src/champ/champ/champ_msgs) by extensions ['ignore', 'ignore_ament_install']
[2.153s] Level 1:colcon.colcon_core.package_identification:_identify(/home/azp/ros2_ws/src/champ/champ/champ_msgs) by extension 'ignore'
[2.153s] Level 1:colcon.colcon_core.package_identification:_identify(/home/azp/ros2_ws/src/champ/champ/champ_msgs) by extension 'ignore_ament_install'
[2.153s] Level 1:colcon.colcon_core.package_identification:_identify(/home/azp/ros2_ws/src/champ/champ/champ_msgs) by extensions ['colcon_pkg']
[2.153s] Level 1:colcon.colcon_core.package_identification:_identify(/home/azp/ros2_ws/src/champ/champ/champ_msgs) by extension 'colcon_pkg'
[2.153s] Level 1:colcon.colcon_core.package_identification:_identify(/home/azp/ros2_ws/src/champ/champ/champ_msgs) by extensions ['colcon_meta']
[2.153s] Level 1:colcon.colcon_core.package_identification:_identify(/home/azp/ros2_ws/src/champ/champ/champ_msgs) by extension 'colcon_meta'
[2.153s] Level 1:colcon.colcon_core.package_identification:_identify(/home/azp/ros2_ws/src/champ/champ/champ_msgs) by extensions ['ros']
[2.153s] Level 1:colcon.colcon_core.package_identification:_identify(/home/azp/ros2_ws/src/champ/champ/champ_msgs) by extension 'ros'
[2.155s] DEBUG:colcon.colcon_core.package_identification:Package '/home/azp/ros2_ws/src/champ/champ/champ_msgs' with type 'ros.ament_cmake' and name 'champ_msgs'
[2.155s] Level 1:colcon.colcon_core.package_identification:_identify(/home/azp/ros2_ws/src/champ/champ/champ_navigation) by extensions ['ignore', 'ignore_ament_install']
[2.156s] Level 1:colcon.colcon_core.package_identification:_identify(/home/azp/ros2_ws/src/champ/champ/champ_navigation) by extension 'ignore'
[2.156s] Level 1:colcon.colcon_core.package_identification:_identify(/home/azp/ros2_ws/src/champ/champ/champ_navigation) by extension 'ignore_ament_install'
[2.156s] Level 1:colcon.colcon_core.package_identification:_identify(/home/azp/ros2_ws/src/champ/champ/champ_navigation) by extensions ['colcon_pkg']
[2.156s] Level 1:colcon.colcon_core.package_identification:_identify(/home/azp/ros2_ws/src/champ/champ/champ_navigation) by extension 'colcon_pkg'
[2.156s] Level 1:colcon.colcon_core.package_identification:_identify(/home/azp/ros2_ws/src/champ/champ/champ_navigation) by extensions ['colcon_meta']
[2.156s] Level 1:colcon.colcon_core.package_identification:_identify(/home/azp/ros2_ws/src/champ/champ/champ_navigation) by extension 'colcon_meta'
[2.156s] Level 1:colcon.colcon_core.package_identification:_identify(/home/azp/ros2_ws/src/champ/champ/champ_navigation) by extensions ['ros']
[2.156s] Level 1:colcon.colcon_core.package_identification:_identify(/home/azp/ros2_ws/src/champ/champ/champ_navigation) by extension 'ros'
[2.157s] DEBUG:colcon.colcon_core.package_identification:Package '/home/azp/ros2_ws/src/champ/champ/champ_navigation' with type 'ros.ament_cmake' and name 'champ_navigation'
[2.158s] Level 1:colcon.colcon_core.package_identification:_identify(/home/azp/ros2_ws/src/champ/champ/docs) by extensions ['ignore', 'ignore_ament_install']
[2.158s] Level 1:colcon.colcon_core.package_identification:_identify(/home/azp/ros2_ws/src/champ/champ/docs) by extension 'ignore'
[2.158s] Level 1:colcon.colcon_core.package_identification:_identify(/home/azp/ros2_ws/src/champ/champ/docs) by extension 'ignore_ament_install'
[2.158s] Level 1:colcon.colcon_core.package_identification:_identify(/home/azp/ros2_ws/src/champ/champ/docs) by extensions ['colcon_pkg']
[2.158s] Level 1:colcon.colcon_core.package_identification:_identify(/home/azp/ros2_ws/src/champ/champ/docs) by extension 'colcon_pkg'
[2.158s] Level 1:colcon.colcon_core.package_identification:_identify(/home/azp/ros2_ws/src/champ/champ/docs) by extensions ['colcon_meta']
[2.158s] Level 1:colcon.colcon_core.package_identification:_identify(/home/azp/ros2_ws/src/champ/champ/docs) by extension 'colcon_meta'
[2.159s] Level 1:colcon.colcon_core.package_identification:_identify(/home/azp/ros2_ws/src/champ/champ/docs) by extensions ['ros']
[2.159s] Level 1:colcon.colcon_core.package_identification:_identify(/home/azp/ros2_ws/src/champ/champ/docs) by extension 'ros'
[2.159s] Level 1:colcon.colcon_core.package_identification:_identify(/home/azp/ros2_ws/src/champ/champ/docs) by extensions ['cmake', 'python']
[2.166s] Level 1:colcon.colcon_core.package_identification:_identify(/home/azp/ros2_ws/src/champ/champ/docs) by extension 'cmake'
[2.166s] Level 1:colcon.colcon_core.package_identification:_identify(/home/azp/ros2_ws/src/champ/champ/docs) by extension 'python'
[2.166s] Level 1:colcon.colcon_core.package_identification:_identify(/home/azp/ros2_ws/src/champ/champ/docs) by extensions ['python_setup_py']
[2.166s] Level 1:colcon.colcon_core.package_identification:_identify(/home/azp/ros2_ws/src/champ/champ/docs) by extension 'python_setup_py'
[2.166s] Level 1:colcon.colcon_core.package_identification:_identify(/home/azp/ros2_ws/src/champ/champ/docs/images) by extensions ['ignore', 'ignore_ament_install']
[2.167s] Level 1:colcon.colcon_core.package_identification:_identify(/home/azp/ros2_ws/src/champ/champ/docs/images) by extension 'ignore'
[2.167s] Level 1:colcon.colcon_core.package_identification:_identify(/home/azp/ros2_ws/src/champ/champ/docs/images) by extension 'ignore_ament_install'
[2.167s] Level 1:colcon.colcon_core.package_identification:_identify(/home/azp/ros2_ws/src/champ/champ/docs/images) by extensions ['colcon_pkg']
[2.167s] Level 1:colcon.colcon_core.package_identification:_identify(/home/azp/ros2_ws/src/champ/champ/docs/images) by extension 'colcon_pkg'
[2.167s] Level 1:colcon.colcon_core.package_identification:_identify(/home/azp/ros2_ws/src/champ/champ/docs/images) by extensions ['colcon_meta']
[2.167s] Level 1:colcon.colcon_core.package_identification:_identify(/home/azp/ros2_ws/src/champ/champ/docs/images) by extension 'colcon_meta'
[2.168s] Level 1:colcon.colcon_core.package_identification:_identify(/home/azp/ros2_ws/src/champ/champ/docs/images) by extensions ['ros']
[2.168s] Level 1:colcon.colcon_core.package_identification:_identify(/home/azp/ros2_ws/src/champ/champ/docs/images) by extension 'ros'
[2.168s] Level 1:colcon.colcon_core.package_identification:_identify(/home/azp/ros2_ws/src/champ/champ/docs/images) by extensions ['cmake', 'python']
[2.168s] Level 1:colcon.colcon_core.package_identification:_identify(/home/azp/ros2_ws/src/champ/champ/docs/images) by extension 'cmake'
[2.168s] Level 1:colcon.colcon_core.package_identification:_identify(/home/azp/ros2_ws/src/champ/champ/docs/images) by extension 'python'
[2.168s] Level 1:colcon.colcon_core.package_identification:_identify(/home/azp/ros2_ws/src/champ/champ/docs/images) by extensions ['python_setup_py']
[2.168s] Level 1:colcon.colcon_core.package_identification:_identify(/home/azp/ros2_ws/src/champ/champ/docs/images) by extension 'python_setup_py'
[2.169s] Level 1:colcon.colcon_core.package_identification:_identify(/home/azp/ros2_ws/src/champ/champ_teleop) by extensions ['ignore', 'ignore_ament_install']
[2.169s] Level 1:colcon.colcon_core.package_identification:_identify(/home/azp/ros2_ws/src/champ/champ_teleop) by extension 'ignore'
[2.169s] Level 1:colcon.colcon_core.package_identification:_identify(/home/azp/ros2_ws/src/champ/champ_teleop) by extension 'ignore_ament_install'
[2.169s] Level 1:colcon.colcon_core.package_identification:_identify(/home/azp/ros2_ws/src/champ/champ_teleop) by extensions ['colcon_pkg']
[2.169s] Level 1:colcon.colcon_core.package_identification:_identify(/home/azp/ros2_ws/src/champ/champ_teleop) by extension 'colcon_pkg'
[2.169s] Level 1:colcon.colcon_core.package_identification:_identify(/home/azp/ros2_ws/src/champ/champ_teleop) by extensions ['colcon_meta']
[2.169s] Level 1:colcon.colcon_core.package_identification:_identify(/home/azp/ros2_ws/src/champ/champ_teleop) by extension 'colcon_meta'
[2.169s] Level 1:colcon.colcon_core.package_identification:_identify(/home/azp/ros2_ws/src/champ/champ_teleop) by extensions ['ros']
[2.169s] Level 1:colcon.colcon_core.package_identification:_identify(/home/azp/ros2_ws/src/champ/champ_teleop) by extension 'ros'
[2.177s] DEBUG:colcon.colcon_core.package_identification:Package '/home/azp/ros2_ws/src/champ/champ_teleop' with type 'ros.ament_cmake' and name 'champ_teleop'
[2.177s] Level 1:colcon.colcon_core.package_identification:_identify(/home/azp/ros2_ws/src/ldlidar_stl_ros) by extensions ['ignore', 'ignore_ament_install']
[2.177s] Level 1:colcon.colcon_core.package_identification:_identify(/home/azp/ros2_ws/src/ldlidar_stl_ros) by extension 'ignore'
[2.177s] Level 1:colcon.colcon_core.package_identification:_identify(/home/azp/ros2_ws/src/ldlidar_stl_ros) by extension 'ignore_ament_install'
[2.177s] Level 1:colcon.colcon_core.package_identification:_identify(/home/azp/ros2_ws/src/ldlidar_stl_ros) by extensions ['colcon_pkg']
[2.177s] Level 1:colcon.colcon_core.package_identification:_identify(/home/azp/ros2_ws/src/ldlidar_stl_ros) by extension 'colcon_pkg'
[2.177s] Level 1:colcon.colcon_core.package_identification:_identify(/home/azp/ros2_ws/src/ldlidar_stl_ros) by extensions ['colcon_meta']
[2.178s] Level 1:colcon.colcon_core.package_identification:_identify(/home/azp/ros2_ws/src/ldlidar_stl_ros) by extension 'colcon_meta'
[2.178s] Level 1:colcon.colcon_core.package_identification:_identify(/home/azp/ros2_ws/src/ldlidar_stl_ros) by extensions ['ros']
[2.178s] Level 1:colcon.colcon_core.package_identification:_identify(/home/azp/ros2_ws/src/ldlidar_stl_ros) by extension 'ros'
[2.181s] DEBUG:colcon.colcon_core.package_identification:Package '/home/azp/ros2_ws/src/ldlidar_stl_ros' with type 'ros.ament_cmake' and name 'ldlidar_stl_ros2'
[2.181s] Level 1:colcon.colcon_core.package_identification:_identify(/home/azp/ros2_ws/src/mini_pupper_ros) by extensions ['ignore', 'ignore_ament_install']
[2.181s] Level 1:colcon.colcon_core.package_identification:_identify(/home/azp/ros2_ws/src/mini_pupper_ros) by extension 'ignore'
[2.182s] Level 1:colcon.colcon_core.package_identification:_identify(/home/azp/ros2_ws/src/mini_pupper_ros) by extension 'ignore_ament_install'
[2.182s] Level 1:colcon.colcon_core.package_identification:_identify(/home/azp/ros2_ws/src/mini_pupper_ros) by extensions ['colcon_pkg']
[2.182s] Level 1:colcon.colcon_core.package_identification:_identify(/home/azp/ros2_ws/src/mini_pupper_ros) by extension 'colcon_pkg'
[2.182s] Level 1:colcon.colcon_core.package_identification:_identify(/home/azp/ros2_ws/src/mini_pupper_ros) by extensions ['colcon_meta']
[2.182s] Level 1:colcon.colcon_core.package_identification:_identify(/home/azp/ros2_ws/src/mini_pupper_ros) by extension 'colcon_meta'
[2.182s] Level 1:colcon.colcon_core.package_identification:_identify(/home/azp/ros2_ws/src/mini_pupper_ros) by extensions ['ros']
[2.182s] Level 1:colcon.colcon_core.package_identification:_identify(/home/azp/ros2_ws/src/mini_pupper_ros) by extension 'ros'
[2.182s] Level 1:colcon.colcon_core.package_identification:_identify(/home/azp/ros2_ws/src/mini_pupper_ros) by extensions ['cmake', 'python']
[2.182s] Level 1:colcon.colcon_core.package_identification:_identify(/home/azp/ros2_ws/src/mini_pupper_ros) by extension 'cmake'
[2.182s] Level 1:colcon.colcon_core.package_identification:_identify(/home/azp/ros2_ws/src/mini_pupper_ros) by extension 'python'
[2.183s] Level 1:colcon.colcon_core.package_identification:_identify(/home/azp/ros2_ws/src/mini_pupper_ros) by extensions ['python_setup_py']
[2.183s] Level 1:colcon.colcon_core.package_identification:_identify(/home/azp/ros2_ws/src/mini_pupper_ros) by extension 'python_setup_py'
[2.185s] Level 1:colcon.colcon_core.package_identification:_identify(/home/azp/ros2_ws/src/mini_pupper_ros/mini_pupper_bringup) by extensions ['ignore', 'ignore_ament_install']
[2.186s] Level 1:colcon.colcon_core.package_identification:_identify(/home/azp/ros2_ws/src/mini_pupper_ros/mini_pupper_bringup) by extension 'ignore'
[2.186s] Level 1:colcon.colcon_core.package_identification:_identify(/home/azp/ros2_ws/src/mini_pupper_ros/mini_pupper_bringup) by extension 'ignore_ament_install'
[2.186s] Level 1:colcon.colcon_core.package_identification:_identify(/home/azp/ros2_ws/src/mini_pupper_ros/mini_pupper_bringup) by extensions ['colcon_pkg']
[2.186s] Level 1:colcon.colcon_core.package_identification:_identify(/home/azp/ros2_ws/src/mini_pupper_ros/mini_pupper_bringup) by extension 'colcon_pkg'
[2.186s] Level 1:colcon.colcon_core.package_identification:_identify(/home/azp/ros2_ws/src/mini_pupper_ros/mini_pupper_bringup) by extensions ['colcon_meta']
[2.186s] Level 1:colcon.colcon_core.package_identification:_identify(/home/azp/ros2_ws/src/mini_pupper_ros/mini_pupper_bringup) by extension 'colcon_meta'
[2.186s] Level 1:colcon.colcon_core.package_identification:_identify(/home/azp/ros2_ws/src/mini_pupper_ros/mini_pupper_bringup) by extensions ['ros']
[2.186s] Level 1:colcon.colcon_core.package_identification:_identify(/home/azp/ros2_ws/src/mini_pupper_ros/mini_pupper_bringup) by extension 'ros'
[2.187s] DEBUG:colcon.colcon_core.package_identification:Package '/home/azp/ros2_ws/src/mini_pupper_ros/mini_pupper_bringup' with type 'ros.ament_cmake' and name 'mini_pupper_bringup'
[2.188s] Level 1:colcon.colcon_core.package_identification:_identify(/home/azp/ros2_ws/src/mini_pupper_ros/mini_pupper_control) by extensions ['ignore', 'ignore_ament_install']
[2.188s] Level 1:colcon.colcon_core.package_identification:_identify(/home/azp/ros2_ws/src/mini_pupper_ros/mini_pupper_control) by extension 'ignore'
[2.188s] Level 1:colcon.colcon_core.package_identification:_identify(/home/azp/ros2_ws/src/mini_pupper_ros/mini_pupper_control) by extension 'ignore_ament_install'
[2.188s] Level 1:colcon.colcon_core.package_identification:_identify(/home/azp/ros2_ws/src/mini_pupper_ros/mini_pupper_control) by extensions ['colcon_pkg']
[2.188s] Level 1:colcon.colcon_core.package_identification:_identify(/home/azp/ros2_ws/src/mini_pupper_ros/mini_pupper_control) by extension 'colcon_pkg'
[2.188s] Level 1:colcon.colcon_core.package_identification:_identify(/home/azp/ros2_ws/src/mini_pupper_ros/mini_pupper_control) by extensions ['colcon_meta']
[2.188s] Level 1:colcon.colcon_core.package_identification:_identify(/home/azp/ros2_ws/src/mini_pupper_ros/mini_pupper_control) by extension 'colcon_meta'
[2.189s] Level 1:colcon.colcon_core.package_identification:_identify(/home/azp/ros2_ws/src/mini_pupper_ros/mini_pupper_control) by extensions ['ros']
[2.189s] Level 1:colcon.colcon_core.package_identification:_identify(/home/azp/ros2_ws/src/mini_pupper_ros/mini_pupper_control) by extension 'ros'
[2.193s] DEBUG:colcon.colcon_core.package_identification:Package '/home/azp/ros2_ws/src/mini_pupper_ros/mini_pupper_control' with type 'ros.ament_python' and name 'mini_pupper_control'
[2.193s] Level 1:colcon.colcon_core.package_identification:_identify(/home/azp/ros2_ws/src/mini_pupper_ros/mini_pupper_description) by extensions ['ignore', 'ignore_ament_install']
[2.193s] Level 1:colcon.colcon_core.package_identification:_identify(/home/azp/ros2_ws/src/mini_pupper_ros/mini_pupper_description) by extension 'ignore'
[2.194s] Level 1:colcon.colcon_core.package_identification:_identify(/home/azp/ros2_ws/src/mini_pupper_ros/mini_pupper_description) by extension 'ignore_ament_install'
[2.194s] Level 1:colcon.colcon_core.package_identification:_identify(/home/azp/ros2_ws/src/mini_pupper_ros/mini_pupper_description) by extensions ['colcon_pkg']
[2.194s] Level 1:colcon.colcon_core.package_identification:_identify(/home/azp/ros2_ws/src/mini_pupper_ros/mini_pupper_description) by extension 'colcon_pkg'
[2.194s] Level 1:colcon.colcon_core.package_identification:_identify(/home/azp/ros2_ws/src/mini_pupper_ros/mini_pupper_description) by extensions ['colcon_meta']
[2.194s] Level 1:colcon.colcon_core.package_identification:_identify(/home/azp/ros2_ws/src/mini_pupper_ros/mini_pupper_description) by extension 'colcon_meta'
[2.194s] Level 1:colcon.colcon_core.package_identification:_identify(/home/azp/ros2_ws/src/mini_pupper_ros/mini_pupper_description) by extensions ['ros']
[2.194s] Level 1:colcon.colcon_core.package_identification:_identify(/home/azp/ros2_ws/src/mini_pupper_ros/mini_pupper_description) by extension 'ros'
[2.196s] DEBUG:colcon.colcon_core.package_identification:Package '/home/azp/ros2_ws/src/mini_pupper_ros/mini_pupper_description' with type 'ros.ament_cmake' and name 'mini_pupper_description'
[2.205s] Level 1:colcon.colcon_core.package_identification:_identify(/home/azp/ros2_ws/src/mini_pupper_ros/mini_pupper_gazebo) by extensions ['ignore', 'ignore_ament_install']
[2.206s] Level 1:colcon.colcon_core.package_identification:_identify(/home/azp/ros2_ws/src/mini_pupper_ros/mini_pupper_gazebo) by extension 'ignore'
[2.206s] Level 1:colcon.colcon_core.package_identification:_identify(/home/azp/ros2_ws/src/mini_pupper_ros/mini_pupper_gazebo) by extension 'ignore_ament_install'
[2.206s] Level 1:colcon.colcon_core.package_identification:_identify(/home/azp/ros2_ws/src/mini_pupper_ros/mini_pupper_gazebo) by extensions ['colcon_pkg']
[2.206s] Level 1:colcon.colcon_core.package_identification:_identify(/home/azp/ros2_ws/src/mini_pupper_ros/mini_pupper_gazebo) by extension 'colcon_pkg'
[2.206s] Level 1:colcon.colcon_core.package_identification:_identify(/home/azp/ros2_ws/src/mini_pupper_ros/mini_pupper_gazebo) by extensions ['colcon_meta']
[2.206s] Level 1:colcon.colcon_core.package_identification:_identify(/home/azp/ros2_ws/src/mini_pupper_ros/mini_pupper_gazebo) by extension 'colcon_meta'
[2.206s] Level 1:colcon.colcon_core.package_identification:_identify(/home/azp/ros2_ws/src/mini_pupper_ros/mini_pupper_gazebo) by extensions ['ros']
[2.207s] Level 1:colcon.colcon_core.package_identification:_identify(/home/azp/ros2_ws/src/mini_pupper_ros/mini_pupper_gazebo) by extension 'ros'
[2.207s] DEBUG:colcon.colcon_core.package_identification:Package '/home/azp/ros2_ws/src/mini_pupper_ros/mini_pupper_gazebo' with type 'ros.ament_cmake' and name 'mini_pupper_gazebo'
[2.208s] Level 1:colcon.colcon_core.package_identification:_identify(/home/azp/ros2_ws/src/mini_pupper_ros/mini_pupper_navigation) by extensions ['ignore', 'ignore_ament_install']
[2.208s] Level 1:colcon.colcon_core.package_identification:_identify(/home/azp/ros2_ws/src/mini_pupper_ros/mini_pupper_navigation) by extension 'ignore'
[2.208s] Level 1:colcon.colcon_core.package_identification:_identify(/home/azp/ros2_ws/src/mini_pupper_ros/mini_pupper_navigation) by extension 'ignore_ament_install'
[2.208s] Level 1:colcon.colcon_core.package_identification:_identify(/home/azp/ros2_ws/src/mini_pupper_ros/mini_pupper_navigation) by extensions ['colcon_pkg']
[2.208s] Level 1:colcon.colcon_core.package_identification:_identify(/home/azp/ros2_ws/src/mini_pupper_ros/mini_pupper_navigation) by extension 'colcon_pkg'
[2.208s] Level 1:colcon.colcon_core.package_identification:_identify(/home/azp/ros2_ws/src/mini_pupper_ros/mini_pupper_navigation) by extensions ['colcon_meta']
[2.209s] Level 1:colcon.colcon_core.package_identification:_identify(/home/azp/ros2_ws/src/mini_pupper_ros/mini_pupper_navigation) by extension 'colcon_meta'
[2.209s] Level 1:colcon.colcon_core.package_identification:_identify(/home/azp/ros2_ws/src/mini_pupper_ros/mini_pupper_navigation) by extensions ['ros']
[2.209s] Level 1:colcon.colcon_core.package_identification:_identify(/home/azp/ros2_ws/src/mini_pupper_ros/mini_pupper_navigation) by extension 'ros'
[2.210s] DEBUG:colcon.colcon_core.package_identification:Package '/home/azp/ros2_ws/src/mini_pupper_ros/mini_pupper_navigation' with type 'ros.ament_cmake' and name 'mini_pupper_navigation'
[2.210s] Level 1:colcon.colcon_core.package_discovery:discover_packages(recursive) using defaults
