[0.085s] Invoking command in '/home/azp/ros2_ws/build/rom2109_description': CMAKE_PREFIX_PATH=${CMAKE_PREFIX_PATH}:/opt/ros/humble /usr/bin/cmake /home/azp/ros2_ws/src/mini_pupper_ros/rom2109_description -DCMAKE_INSTALL_PREFIX=/home/azp/ros2_ws/install/rom2109_description
[1.010s] -- The C compiler identification is GNU 11.3.0
[1.732s] -- The CXX compiler identification is GNU 11.3.0
[1.822s] -- Detecting C compiler ABI info
[2.209s] -- Detecting C compiler ABI info - done
[2.223s] -- Check for working C compiler: /usr/bin/cc - skipped
[2.224s] -- Detecting C compile features
[2.245s] -- Detecting C compile features - done
[2.259s] -- Detecting CXX compiler ABI info
[2.443s] -- Detecting CXX compiler ABI info - done
[2.460s] -- Check for working CXX compiler: /usr/bin/c++ - skipped
[2.460s] -- Detecting CXX compile features
[2.462s] -- Detecting CXX compile features - done
[2.597s] -- Found ament_cmake: 1.3.3 (/opt/ros/humble/share/ament_cmake/cmake)
[3.546s] -- Found Python3: /usr/bin/python3.10 (found version "3.10.6") found components: Interpreter 
[4.703s] -- Found ament_lint_auto: 0.12.4 (/opt/ros/humble/share/ament_lint_auto/cmake)
[4.991s] -- Added test 'flake8' to check Python code syntax and style conventions
[4.993s] -- Added test 'lint_cmake' to check CMake code style
[4.994s] -- Added test 'pep257' to check Python code against some of the docstring style conventions in PEP 257
[4.999s] -- Added test 'xmllint' to check XML markup files
[5.020s] -- Configuring done
[5.025s] -- Generating done
[5.026s] -- Build files have been written to: /home/azp/ros2_ws/build/rom2109_description
[5.034s] Invoked command in '/home/azp/ros2_ws/build/rom2109_description' returned '0': CMAKE_PREFIX_PATH=${CMAKE_PREFIX_PATH}:/opt/ros/humble /usr/bin/cmake /home/azp/ros2_ws/src/mini_pupper_ros/rom2109_description -DCMAKE_INSTALL_PREFIX=/home/azp/ros2_ws/install/rom2109_description
[5.037s] Invoking command in '/home/azp/ros2_ws/build/rom2109_description': CMAKE_PREFIX_PATH=${CMAKE_PREFIX_PATH}:/opt/ros/humble /usr/bin/cmake --build /home/azp/ros2_ws/build/rom2109_description -- -j4 -l4
[5.092s] Invoked command in '/home/azp/ros2_ws/build/rom2109_description' returned '0': CMAKE_PREFIX_PATH=${CMAKE_PREFIX_PATH}:/opt/ros/humble /usr/bin/cmake --build /home/azp/ros2_ws/build/rom2109_description -- -j4 -l4
[5.139s] Invoking command in '/home/azp/ros2_ws/build/rom2109_description': CMAKE_PREFIX_PATH=${CMAKE_PREFIX_PATH}:/opt/ros/humble /usr/bin/cmake --install /home/azp/ros2_ws/build/rom2109_description
[5.150s] -- Install configuration: ""
[5.150s] -- Installing: /home/azp/ros2_ws/install/rom2109_description/share/rom2109_description/launch
[5.151s] -- Installing: /home/azp/ros2_ws/install/rom2109_description/share/rom2109_description/launch/description.launch.py
[5.151s] -- Installing: /home/azp/ros2_ws/install/rom2109_description/share/rom2109_description/urdf
[5.151s] -- Installing: /home/azp/ros2_ws/install/rom2109_description/share/rom2109_description/urdf/rom2109_bot_gazebo.urdf
[5.151s] -- Installing: /home/azp/ros2_ws/install/rom2109_description/share/rom2109_description/urdf/rom2109_tall.config
[5.168s] -- Installing: /home/azp/ros2_ws/install/rom2109_description/share/rom2109_description/urdf/rom2109_tall_gazebo.urdf
[5.168s] -- Installing: /home/azp/ros2_ws/install/rom2109_description/share/rom2109_description/urdf/rom2109_short_gazebo.urdf
[5.179s] -- Installing: /home/azp/ros2_ws/install/rom2109_description/share/rom2109_description/urdf/rom2109_bot_gazebo11.urdf
[5.179s] -- Installing: /home/azp/ros2_ws/install/rom2109_description/share/rom2109_description/urdf/rom2109_short.urdf
[5.179s] -- Installing: /home/azp/ros2_ws/install/rom2109_description/share/rom2109_description/urdf/rom2109_tall.urdf
[5.180s] -- Installing: /home/azp/ros2_ws/install/rom2109_description/share/rom2109_description/urdf/rom2109_bot.urdf
[5.180s] -- Installing: /home/azp/ros2_ws/install/rom2109_description/share/rom2109_description/urdf/rom2109_tall.sdf
[5.180s] -- Installing: /home/azp/ros2_ws/install/rom2109_description/share/rom2109_description/meshes
[5.181s] -- Installing: /home/azp/ros2_ws/install/rom2109_description/share/rom2109_description/meshes/bot
[5.181s] -- Installing: /home/azp/ros2_ws/install/rom2109_description/share/rom2109_description/meshes/bot/base_link.STL
[5.218s] -- Installing: /home/azp/ros2_ws/install/rom2109_description/share/rom2109_description/meshes/bot/right_wheel.STL
[5.317s] -- Installing: /home/azp/ros2_ws/install/rom2109_description/share/rom2109_description/meshes/bot/wifi.STL
[5.332s] -- Installing: /home/azp/ros2_ws/install/rom2109_description/share/rom2109_description/meshes/bot/left_wheel.STL
[5.411s] -- Installing: /home/azp/ros2_ws/install/rom2109_description/share/rom2109_description/meshes/bot/frame_link.STL
[5.432s] -- Installing: /home/azp/ros2_ws/install/rom2109_description/share/rom2109_description/meshes/bot/rp_lidar.STL
[5.449s] -- Installing: /home/azp/ros2_ws/install/rom2109_description/share/rom2109_description/meshes/base_link.STL
[5.522s] -- Installing: /home/azp/ros2_ws/install/rom2109_description/share/rom2109_description/meshes/right_wheel.STL
[5.620s] -- Installing: /home/azp/ros2_ws/install/rom2109_description/share/rom2109_description/meshes/lidar.STL
[5.632s] -- Installing: /home/azp/ros2_ws/install/rom2109_description/share/rom2109_description/meshes/short
[5.633s] -- Installing: /home/azp/ros2_ws/install/rom2109_description/share/rom2109_description/meshes/short/base_link.STL
[5.709s] -- Installing: /home/azp/ros2_ws/install/rom2109_description/share/rom2109_description/meshes/short/right_wheel.STL
[5.818s] -- Installing: /home/azp/ros2_ws/install/rom2109_description/share/rom2109_description/meshes/short/lidar.STL
[5.820s] -- Installing: /home/azp/ros2_ws/install/rom2109_description/share/rom2109_description/meshes/short/camera.STL
[5.846s] -- Installing: /home/azp/ros2_ws/install/rom2109_description/share/rom2109_description/meshes/short/left_wheel.STL
[5.953s] -- Installing: /home/azp/ros2_ws/install/rom2109_description/share/rom2109_description/meshes/short/plate1.STL
[5.971s] -- Installing: /home/azp/ros2_ws/install/rom2109_description/share/rom2109_description/meshes/camera.STL
[5.990s] -- Installing: /home/azp/ros2_ws/install/rom2109_description/share/rom2109_description/meshes/plate3.STL
[5.991s] -- Installing: /home/azp/ros2_ws/install/rom2109_description/share/rom2109_description/meshes/left_wheel.STL
[6.076s] -- Installing: /home/azp/ros2_ws/install/rom2109_description/share/rom2109_description/meshes/tall
[6.076s] -- Installing: /home/azp/ros2_ws/install/rom2109_description/share/rom2109_description/meshes/tall/base_link.STL
[6.143s] -- Installing: /home/azp/ros2_ws/install/rom2109_description/share/rom2109_description/meshes/tall/right_wheel.STL
[6.242s] -- Installing: /home/azp/ros2_ws/install/rom2109_description/share/rom2109_description/meshes/tall/lidar.STL
[6.256s] -- Installing: /home/azp/ros2_ws/install/rom2109_description/share/rom2109_description/meshes/tall/camera.STL
[6.270s] -- Installing: /home/azp/ros2_ws/install/rom2109_description/share/rom2109_description/meshes/tall/plate3.STL
[6.279s] -- Installing: /home/azp/ros2_ws/install/rom2109_description/share/rom2109_description/meshes/tall/left_wheel.STL
[6.365s] -- Installing: /home/azp/ros2_ws/install/rom2109_description/share/rom2109_description/meshes/tall/plate1.STL
[6.389s] -- Installing: /home/azp/ros2_ws/install/rom2109_description/share/rom2109_description/meshes/tall/plate2.STL
[6.404s] -- Installing: /home/azp/ros2_ws/install/rom2109_description/share/rom2109_description/meshes/plate1.STL
[6.413s] -- Installing: /home/azp/ros2_ws/install/rom2109_description/share/rom2109_description/meshes/plate2.STL
[6.423s] -- Installing: /home/azp/ros2_ws/install/rom2109_description/share/ament_index/resource_index/package_run_dependencies/rom2109_description
[6.434s] -- Installing: /home/azp/ros2_ws/install/rom2109_description/share/ament_index/resource_index/parent_prefix_path/rom2109_description
[6.434s] -- Installing: /home/azp/ros2_ws/install/rom2109_description/share/rom2109_description/environment/ament_prefix_path.sh
[6.435s] -- Installing: /home/azp/ros2_ws/install/rom2109_description/share/rom2109_description/environment/ament_prefix_path.dsv
[6.435s] -- Installing: /home/azp/ros2_ws/install/rom2109_description/share/rom2109_description/environment/path.sh
[6.436s] -- Installing: /home/azp/ros2_ws/install/rom2109_description/share/rom2109_description/environment/path.dsv
[6.437s] -- Installing: /home/azp/ros2_ws/install/rom2109_description/share/rom2109_description/local_setup.bash
[6.438s] -- Installing: /home/azp/ros2_ws/install/rom2109_description/share/rom2109_description/local_setup.sh
[6.439s] -- Installing: /home/azp/ros2_ws/install/rom2109_description/share/rom2109_description/local_setup.zsh
[6.439s] -- Installing: /home/azp/ros2_ws/install/rom2109_description/share/rom2109_description/local_setup.dsv
[6.440s] -- Installing: /home/azp/ros2_ws/install/rom2109_description/share/rom2109_description/package.dsv
[6.440s] -- Installing: /home/azp/ros2_ws/install/rom2109_description/share/ament_index/resource_index/packages/rom2109_description
[6.441s] -- Installing: /home/azp/ros2_ws/install/rom2109_description/share/rom2109_description/cmake/rom2109_descriptionConfig.cmake
[6.441s] -- Installing: /home/azp/ros2_ws/install/rom2109_description/share/rom2109_description/cmake/rom2109_descriptionConfig-version.cmake
[6.449s] -- Installing: /home/azp/ros2_ws/install/rom2109_description/share/rom2109_description/package.xml
[6.456s] Invoked command in '/home/azp/ros2_ws/build/rom2109_description' returned '0': CMAKE_PREFIX_PATH=${CMAKE_PREFIX_PATH}:/opt/ros/humble /usr/bin/cmake --install /home/azp/ros2_ws/build/rom2109_description
